[0.139s] Invoking command in '/home/ajval/Digital-Twin-Cybersecurity/x500_model/build/px4_ros_com': AMENT_PREFIX_PATH=/home/ajval/Digital-Twin-Cybersecurity/x500_model/install/px4_msgs:${AMENT_PREFIX_PATH} CMAKE_PREFIX_PATH=/home/ajval/Digital-Twin-Cybersecurity/x500_model/install/px4_msgs:/home/ajval/px4_ros_com_ros2/install/px4_ros_com:/home/ajval/px4_ros_com_ros2/install/px4_msgs:/opt/ros/jazzy/opt/gz_sim_vendor:/opt/ros/jazzy/opt/gz_sensors_vendor:/opt/ros/jazzy/opt/gz_physics_vendor:/opt/ros/jazzy/opt/sdformat_vendor:/opt/ros/jazzy/opt/gz_gui_vendor:/opt/ros/jazzy/opt/gz_transport_vendor:/opt/ros/jazzy/opt/gz_rendering_vendor:/opt/ros/jazzy/opt/gz_plugin_vendor:/opt/ros/jazzy/opt/gz_fuel_tools_vendor:/opt/ros/jazzy/opt/gz_msgs_vendor:/opt/ros/jazzy/opt/gz_common_vendor:/opt/ros/jazzy/opt/gz_math_vendor:/opt/ros/jazzy/opt/gz_utils_vendor:/opt/ros/jazzy/opt/gz_tools_vendor:/opt/ros/jazzy/opt/gz_ogre_next_vendor:/opt/ros/jazzy/opt/gz_dartsim_vendor:/opt/ros/jazzy/opt/gz_cmake_vendor:/opt/ros/jazzy DEBUGINFOD_URLS=https://debuginfod.ubuntu.com LD_LIBRARY_PATH=/home/ajval/Digital-Twin-Cybersecurity/x500_model/install/px4_msgs/lib:${LD_LIBRARY_PATH} PYTHONPATH=/home/ajval/Digital-Twin-Cybersecurity/x500_model/install/px4_msgs/lib/python3.12/site-packages:${PYTHONPATH} /usr/bin/cmake /home/ajval/Digital-Twin-Cybersecurity/x500_model/src/x500-Drone-Twin/px4_ros_com -DCMAKE_INSTALL_PREFIX=/home/ajval/Digital-Twin-Cybersecurity/x500_model/install/px4_ros_com
[0.187s] -- The C compiler identification is GNU 13.3.0
[0.231s] -- The CXX compiler identification is GNU 13.3.0
[0.246s] -- Detecting C compiler ABI info
[0.325s] -- Detecting C compiler ABI info - done
[0.331s] -- Check for working C compiler: /usr/bin/cc - skipped
[0.331s] -- Detecting C compile features
[0.331s] -- Detecting C compile features - done
[0.340s] -- Detecting CXX compiler ABI info
[0.419s] -- Detecting CXX compiler ABI info - done
[0.425s] -- Check for working CXX compiler: /usr/bin/c++ - skipped
[0.425s] -- Detecting CXX compile features
[0.426s] -- Detecting CXX compile features - done
[0.428s] -- Found ament_cmake: 2.5.3 (/opt/ros/jazzy/share/ament_cmake/cmake)
[0.548s] -- Found Python3: /usr/bin/python3 (found version "3.12.3") found components: Interpreter 
[0.632s] -- Found builtin_interfaces: 2.0.2 (/opt/ros/jazzy/share/builtin_interfaces/cmake)
[0.663s] -- Found rosidl_generator_c: 4.6.5 (/opt/ros/jazzy/share/rosidl_generator_c/cmake)
[0.673s] -- Found rosidl_generator_cpp: 4.6.5 (/opt/ros/jazzy/share/rosidl_generator_cpp/cmake)
[0.684s] -- Using all available rosidl_typesupport_c: rosidl_typesupport_fastrtps_c;rosidl_typesupport_introspection_c
[0.697s] -- Using all available rosidl_typesupport_cpp: rosidl_typesupport_fastrtps_cpp;rosidl_typesupport_introspection_cpp
[0.717s] -- Found eigen3_cmake_module: 0.3.0 (/opt/ros/jazzy/share/eigen3_cmake_module/cmake)
[0.725s] -- Found Eigen3: TRUE (found version "3.4.0") 
[0.726s] -- Found geometry_msgs: 5.3.5 (/opt/ros/jazzy/share/geometry_msgs/cmake)
[0.753s] -- Found px4_msgs: 2.0.1 (/home/ajval/Digital-Twin-Cybersecurity/x500_model/install/px4_msgs/share/px4_msgs/cmake)
[0.777s] -- Found rclcpp: 28.1.6 (/opt/ros/jazzy/share/rclcpp/cmake)
[0.817s] -- Found rmw_implementation_cmake: 7.3.1 (/opt/ros/jazzy/share/rmw_implementation_cmake/cmake)
[0.820s] -- Found rmw_fastrtps_cpp: 8.4.1 (/opt/ros/jazzy/share/rmw_fastrtps_cpp/cmake)
[0.903s] -- Found OpenSSL: /usr/lib/x86_64-linux-gnu/libcrypto.so (found version "3.0.13")  
[0.924s] -- Found FastRTPS: /opt/ros/jazzy/include (Required is at least version "2.13") 
[0.940s] -- Using RMW implementation 'rmw_fastrtps_cpp' as default
[1.000s] -- Found sensor_msgs: 5.3.5 (/opt/ros/jazzy/share/sensor_msgs/cmake)
[1.021s] -- Found rclpy: 7.1.3 (/opt/ros/jazzy/share/rclpy/cmake)
[1.027s] -- Found ament_lint_auto: 0.17.1 (/opt/ros/jazzy/share/ament_lint_auto/cmake)
[1.126s] -- Added test 'copyright' to check source files copyright and LICENSE
[1.128s] -- Added test 'cppcheck' to perform static code analysis on C / C++ code
[1.129s] -- Configured cppcheck include dirs: /home/ajval/Digital-Twin-Cybersecurity/x500_model/src/x500-Drone-Twin/px4_ros_com/include;$<BUILD_INTERFACE:/home/ajval/Digital-Twin-Cybersecurity/x500_model/src/x500-Drone-Twin/px4_ros_com/include/px4_ros_com>
[1.129s] -- Configured cppcheck exclude dirs and/or files: 
[1.131s] -- Added test 'cpplint' to check C / C++ code against the Google style
[1.131s] -- Configured cpplint exclude dirs and/or files: 
[1.132s] -- Added test 'flake8' to check Python code syntax and style conventions
[1.132s] -- Configured 'flake8' exclude dirs and/or files: 
[1.133s] -- Added test 'lint_cmake' to check CMake code style
[1.134s] -- Added test 'pep257' to check Python code against some of the docstring style conventions in PEP 257
[1.135s] -- Added test 'uncrustify' to check C / C++ code style
[1.136s] -- Configured uncrustify additional arguments: 
[1.136s] -- Added test 'xmllint' to check XML markup files
[1.138s] -- Configuring done (1.0s)
[1.154s] -- Generating done (0.0s)
[1.159s] -- Build files have been written to: /home/ajval/Digital-Twin-Cybersecurity/x500_model/build/px4_ros_com
[1.169s] Invoked command in '/home/ajval/Digital-Twin-Cybersecurity/x500_model/build/px4_ros_com' returned '0': AMENT_PREFIX_PATH=/home/ajval/Digital-Twin-Cybersecurity/x500_model/install/px4_msgs:${AMENT_PREFIX_PATH} CMAKE_PREFIX_PATH=/home/ajval/Digital-Twin-Cybersecurity/x500_model/install/px4_msgs:/home/ajval/px4_ros_com_ros2/install/px4_ros_com:/home/ajval/px4_ros_com_ros2/install/px4_msgs:/opt/ros/jazzy/opt/gz_sim_vendor:/opt/ros/jazzy/opt/gz_sensors_vendor:/opt/ros/jazzy/opt/gz_physics_vendor:/opt/ros/jazzy/opt/sdformat_vendor:/opt/ros/jazzy/opt/gz_gui_vendor:/opt/ros/jazzy/opt/gz_transport_vendor:/opt/ros/jazzy/opt/gz_rendering_vendor:/opt/ros/jazzy/opt/gz_plugin_vendor:/opt/ros/jazzy/opt/gz_fuel_tools_vendor:/opt/ros/jazzy/opt/gz_msgs_vendor:/opt/ros/jazzy/opt/gz_common_vendor:/opt/ros/jazzy/opt/gz_math_vendor:/opt/ros/jazzy/opt/gz_utils_vendor:/opt/ros/jazzy/opt/gz_tools_vendor:/opt/ros/jazzy/opt/gz_ogre_next_vendor:/opt/ros/jazzy/opt/gz_dartsim_vendor:/opt/ros/jazzy/opt/gz_cmake_vendor:/opt/ros/jazzy DEBUGINFOD_URLS=https://debuginfod.ubuntu.com LD_LIBRARY_PATH=/home/ajval/Digital-Twin-Cybersecurity/x500_model/install/px4_msgs/lib:${LD_LIBRARY_PATH} PYTHONPATH=/home/ajval/Digital-Twin-Cybersecurity/x500_model/install/px4_msgs/lib/python3.12/site-packages:${PYTHONPATH} /usr/bin/cmake /home/ajval/Digital-Twin-Cybersecurity/x500_model/src/x500-Drone-Twin/px4_ros_com -DCMAKE_INSTALL_PREFIX=/home/ajval/Digital-Twin-Cybersecurity/x500_model/install/px4_ros_com
[1.170s] Invoking command in '/home/ajval/Digital-Twin-Cybersecurity/x500_model/build/px4_ros_com': AMENT_PREFIX_PATH=/home/ajval/Digital-Twin-Cybersecurity/x500_model/install/px4_msgs:${AMENT_PREFIX_PATH} CMAKE_PREFIX_PATH=/home/ajval/Digital-Twin-Cybersecurity/x500_model/install/px4_msgs:/home/ajval/px4_ros_com_ros2/install/px4_ros_com:/home/ajval/px4_ros_com_ros2/install/px4_msgs:/opt/ros/jazzy/opt/gz_sim_vendor:/opt/ros/jazzy/opt/gz_sensors_vendor:/opt/ros/jazzy/opt/gz_physics_vendor:/opt/ros/jazzy/opt/sdformat_vendor:/opt/ros/jazzy/opt/gz_gui_vendor:/opt/ros/jazzy/opt/gz_transport_vendor:/opt/ros/jazzy/opt/gz_rendering_vendor:/opt/ros/jazzy/opt/gz_plugin_vendor:/opt/ros/jazzy/opt/gz_fuel_tools_vendor:/opt/ros/jazzy/opt/gz_msgs_vendor:/opt/ros/jazzy/opt/gz_common_vendor:/opt/ros/jazzy/opt/gz_math_vendor:/opt/ros/jazzy/opt/gz_utils_vendor:/opt/ros/jazzy/opt/gz_tools_vendor:/opt/ros/jazzy/opt/gz_ogre_next_vendor:/opt/ros/jazzy/opt/gz_dartsim_vendor:/opt/ros/jazzy/opt/gz_cmake_vendor:/opt/ros/jazzy DEBUGINFOD_URLS=https://debuginfod.ubuntu.com LD_LIBRARY_PATH=/home/ajval/Digital-Twin-Cybersecurity/x500_model/install/px4_msgs/lib:${LD_LIBRARY_PATH} PYTHONPATH=/home/ajval/Digital-Twin-Cybersecurity/x500_model/install/px4_msgs/lib/python3.12/site-packages:${PYTHONPATH} /usr/bin/cmake --build /home/ajval/Digital-Twin-Cybersecurity/x500_model/build/px4_ros_com -- -j22 -l22
[1.212s] [ 16%] [32mBuilding CXX object CMakeFiles/offboard_control.dir/src/examples/offboard/offboard_control.cpp.o[0m
[1.212s] [ 16%] [32mBuilding CXX object CMakeFiles/offboard_control_srv.dir/src/examples/offboard/offboard_control_srv.cpp.o[0m
[1.212s] [ 25%] [32mBuilding CXX object CMakeFiles/vehicle_gps_position_listener.dir/src/examples/listeners/vehicle_gps_position_listener.cpp.o[0m
[1.212s] [ 33%] [32mBuilding CXX object CMakeFiles/frame_transforms.dir/src/lib/frame_transforms.cpp.o[0m
[1.214s] [ 41%] [32mBuilding CXX object CMakeFiles/debug_vect_advertiser.dir/src/examples/advertisers/debug_vect_advertiser.cpp.o[0m
[1.216s] [ 50%] [32mBuilding CXX object CMakeFiles/sensor_combined_listener.dir/src/examples/listeners/sensor_combined_listener.cpp.o[0m
[1.219s] [ 50%] Built target ament_cmake_python_copy_px4_ros_com
[1.363s] running egg_info
[1.363s] creating px4_ros_com.egg-info
[1.375s] writing px4_ros_com.egg-info/PKG-INFO
[1.375s] writing dependency_links to px4_ros_com.egg-info/dependency_links.txt
[1.375s] writing top-level names to px4_ros_com.egg-info/top_level.txt
[1.375s] writing manifest file 'px4_ros_com.egg-info/SOURCES.txt'
[1.409s] reading manifest file 'px4_ros_com.egg-info/SOURCES.txt'
[1.409s] writing manifest file 'px4_ros_com.egg-info/SOURCES.txt'
[1.436s] [ 50%] Built target ament_cmake_python_build_px4_ros_com_egg
[4.802s] [ 58%] [32m[1mLinking CXX executable debug_vect_advertiser[0m
[5.014s] [ 58%] Built target debug_vect_advertiser
[6.173s] [ 66%] [32m[1mLinking CXX executable offboard_control[0m
[6.234s] [ 75%] [32m[1mLinking CXX executable offboard_control_srv[0m
[6.380s] [ 75%] Built target offboard_control
[6.413s] [ 75%] Built target offboard_control_srv
[7.051s] [ 83%] [32m[1mLinking CXX shared library libframe_transforms.so[0m
[7.162s] [ 91%] [32m[1mLinking CXX executable vehicle_gps_position_listener[0m
[7.222s] [ 91%] Built target frame_transforms
[7.361s] [ 91%] Built target vehicle_gps_position_listener
[7.496s] [100%] [32m[1mLinking CXX executable sensor_combined_listener[0m
[7.682s] [100%] Built target sensor_combined_listener
[7.691s] Invoked command in '/home/ajval/Digital-Twin-Cybersecurity/x500_model/build/px4_ros_com' returned '0': AMENT_PREFIX_PATH=/home/ajval/Digital-Twin-Cybersecurity/x500_model/install/px4_msgs:${AMENT_PREFIX_PATH} CMAKE_PREFIX_PATH=/home/ajval/Digital-Twin-Cybersecurity/x500_model/install/px4_msgs:/home/ajval/px4_ros_com_ros2/install/px4_ros_com:/home/ajval/px4_ros_com_ros2/install/px4_msgs:/opt/ros/jazzy/opt/gz_sim_vendor:/opt/ros/jazzy/opt/gz_sensors_vendor:/opt/ros/jazzy/opt/gz_physics_vendor:/opt/ros/jazzy/opt/sdformat_vendor:/opt/ros/jazzy/opt/gz_gui_vendor:/opt/ros/jazzy/opt/gz_transport_vendor:/opt/ros/jazzy/opt/gz_rendering_vendor:/opt/ros/jazzy/opt/gz_plugin_vendor:/opt/ros/jazzy/opt/gz_fuel_tools_vendor:/opt/ros/jazzy/opt/gz_msgs_vendor:/opt/ros/jazzy/opt/gz_common_vendor:/opt/ros/jazzy/opt/gz_math_vendor:/opt/ros/jazzy/opt/gz_utils_vendor:/opt/ros/jazzy/opt/gz_tools_vendor:/opt/ros/jazzy/opt/gz_ogre_next_vendor:/opt/ros/jazzy/opt/gz_dartsim_vendor:/opt/ros/jazzy/opt/gz_cmake_vendor:/opt/ros/jazzy DEBUGINFOD_URLS=https://debuginfod.ubuntu.com LD_LIBRARY_PATH=/home/ajval/Digital-Twin-Cybersecurity/x500_model/install/px4_msgs/lib:${LD_LIBRARY_PATH} PYTHONPATH=/home/ajval/Digital-Twin-Cybersecurity/x500_model/install/px4_msgs/lib/python3.12/site-packages:${PYTHONPATH} /usr/bin/cmake --build /home/ajval/Digital-Twin-Cybersecurity/x500_model/build/px4_ros_com -- -j22 -l22
[7.693s] Invoking command in '/home/ajval/Digital-Twin-Cybersecurity/x500_model/build/px4_ros_com': AMENT_PREFIX_PATH=/home/ajval/Digital-Twin-Cybersecurity/x500_model/install/px4_msgs:${AMENT_PREFIX_PATH} CMAKE_PREFIX_PATH=/home/ajval/Digital-Twin-Cybersecurity/x500_model/install/px4_msgs:/home/ajval/px4_ros_com_ros2/install/px4_ros_com:/home/ajval/px4_ros_com_ros2/install/px4_msgs:/opt/ros/jazzy/opt/gz_sim_vendor:/opt/ros/jazzy/opt/gz_sensors_vendor:/opt/ros/jazzy/opt/gz_physics_vendor:/opt/ros/jazzy/opt/sdformat_vendor:/opt/ros/jazzy/opt/gz_gui_vendor:/opt/ros/jazzy/opt/gz_transport_vendor:/opt/ros/jazzy/opt/gz_rendering_vendor:/opt/ros/jazzy/opt/gz_plugin_vendor:/opt/ros/jazzy/opt/gz_fuel_tools_vendor:/opt/ros/jazzy/opt/gz_msgs_vendor:/opt/ros/jazzy/opt/gz_common_vendor:/opt/ros/jazzy/opt/gz_math_vendor:/opt/ros/jazzy/opt/gz_utils_vendor:/opt/ros/jazzy/opt/gz_tools_vendor:/opt/ros/jazzy/opt/gz_ogre_next_vendor:/opt/ros/jazzy/opt/gz_dartsim_vendor:/opt/ros/jazzy/opt/gz_cmake_vendor:/opt/ros/jazzy DEBUGINFOD_URLS=https://debuginfod.ubuntu.com LD_LIBRARY_PATH=/home/ajval/Digital-Twin-Cybersecurity/x500_model/install/px4_msgs/lib:${LD_LIBRARY_PATH} PYTHONPATH=/home/ajval/Digital-Twin-Cybersecurity/x500_model/install/px4_msgs/lib/python3.12/site-packages:${PYTHONPATH} /usr/bin/cmake --install /home/ajval/Digital-Twin-Cybersecurity/x500_model/build/px4_ros_com
[7.700s] -- Install configuration: ""
[7.700s] -- Installing: /home/ajval/Digital-Twin-Cybersecurity/x500_model/install/px4_ros_com/lib/px4_ros_com/sensor_combined_listener
[7.702s] -- Set non-toolchain portion of runtime path of "/home/ajval/Digital-Twin-Cybersecurity/x500_model/install/px4_ros_com/lib/px4_ros_com/sensor_combined_listener" to ""
[7.702s] -- Installing: /home/ajval/Digital-Twin-Cybersecurity/x500_model/install/px4_ros_com/lib/px4_ros_com/vehicle_gps_position_listener
[7.704s] -- Set non-toolchain portion of runtime path of "/home/ajval/Digital-Twin-Cybersecurity/x500_model/install/px4_ros_com/lib/px4_ros_com/vehicle_gps_position_listener" to ""
[7.704s] -- Installing: /home/ajval/Digital-Twin-Cybersecurity/x500_model/install/px4_ros_com/lib/px4_ros_com/debug_vect_advertiser
[7.705s] -- Set non-toolchain portion of runtime path of "/home/ajval/Digital-Twin-Cybersecurity/x500_model/install/px4_ros_com/lib/px4_ros_com/debug_vect_advertiser" to ""
[7.705s] -- Installing: /home/ajval/Digital-Twin-Cybersecurity/x500_model/install/px4_ros_com/lib/px4_ros_com/offboard_control
[7.706s] -- Set non-toolchain portion of runtime path of "/home/ajval/Digital-Twin-Cybersecurity/x500_model/install/px4_ros_com/lib/px4_ros_com/offboard_control" to ""
[7.706s] -- Installing: /home/ajval/Digital-Twin-Cybersecurity/x500_model/install/px4_ros_com/lib/px4_ros_com/offboard_control_srv
[7.707s] -- Set non-toolchain portion of runtime path of "/home/ajval/Digital-Twin-Cybersecurity/x500_model/install/px4_ros_com/lib/px4_ros_com/offboard_control_srv" to ""
[7.708s] -- Installing: /home/ajval/Digital-Twin-Cybersecurity/x500_model/install/px4_ros_com/share/px4_ros_com/environment/library_path.sh
[7.708s] -- Installing: /home/ajval/Digital-Twin-Cybersecurity/x500_model/install/px4_ros_com/share/px4_ros_com/environment/library_path.dsv
[7.708s] -- Installing: /home/ajval/Digital-Twin-Cybersecurity/x500_model/install/px4_ros_com/include/px4_ros_com
[7.708s] -- Installing: /home/ajval/Digital-Twin-Cybersecurity/x500_model/install/px4_ros_com/include/px4_ros_com/frame_transforms.h
[7.708s] -- Installing: /home/ajval/Digital-Twin-Cybersecurity/x500_model/install/px4_ros_com/lib/libframe_transforms.so
[7.709s] -- Set non-toolchain portion of runtime path of "/home/ajval/Digital-Twin-Cybersecurity/x500_model/install/px4_ros_com/lib/libframe_transforms.so" to ""
[7.709s] -- Installing: /home/ajval/Digital-Twin-Cybersecurity/x500_model/install/px4_ros_com/share/px4_ros_com//launch
[7.710s] -- Installing: /home/ajval/Digital-Twin-Cybersecurity/x500_model/install/px4_ros_com/share/px4_ros_com//launch/offboard_control_launch.yaml
[7.710s] -- Installing: /home/ajval/Digital-Twin-Cybersecurity/x500_model/install/px4_ros_com/share/px4_ros_com//launch/sensor_combined_listener.launch.py
[7.710s] -- Installing: /home/ajval/Digital-Twin-Cybersecurity/x500_model/install/px4_ros_com/share/px4_ros_com//test
[7.710s] -- Installing: /home/ajval/Digital-Twin-Cybersecurity/x500_model/install/px4_ros_com/share/px4_ros_com//test/test_output.py
[7.710s] -- Installing: /home/ajval/Digital-Twin-Cybersecurity/x500_model/install/px4_ros_com/share/px4_ros_com//test/pipeline_io_test.py
[7.710s] -- Installing: /home/ajval/Digital-Twin-Cybersecurity/x500_model/install/px4_ros_com/share/px4_ros_com//test/__init__.py
[7.710s] -- Installing: /home/ajval/Digital-Twin-Cybersecurity/x500_model/install/px4_ros_com/share/px4_ros_com//test/test_input.py
[7.710s] -- Installing: /home/ajval/Digital-Twin-Cybersecurity/x500_model/install/px4_ros_com/share/px4_ros_com/environment/pythonpath.sh
[7.710s] -- Installing: /home/ajval/Digital-Twin-Cybersecurity/x500_model/install/px4_ros_com/share/px4_ros_com/environment/pythonpath.dsv
[7.710s] -- Installing: /home/ajval/Digital-Twin-Cybersecurity/x500_model/install/px4_ros_com/lib/python3.12/site-packages/px4_ros_com-0.1.0-py3.12.egg-info
[7.710s] -- Installing: /home/ajval/Digital-Twin-Cybersecurity/x500_model/install/px4_ros_com/lib/python3.12/site-packages/px4_ros_com-0.1.0-py3.12.egg-info/PKG-INFO
[7.710s] -- Installing: /home/ajval/Digital-Twin-Cybersecurity/x500_model/install/px4_ros_com/lib/python3.12/site-packages/px4_ros_com-0.1.0-py3.12.egg-info/top_level.txt
[7.710s] -- Installing: /home/ajval/Digital-Twin-Cybersecurity/x500_model/install/px4_ros_com/lib/python3.12/site-packages/px4_ros_com-0.1.0-py3.12.egg-info/dependency_links.txt
[7.710s] -- Installing: /home/ajval/Digital-Twin-Cybersecurity/x500_model/install/px4_ros_com/lib/python3.12/site-packages/px4_ros_com-0.1.0-py3.12.egg-info/SOURCES.txt
[7.710s] -- Installing: /home/ajval/Digital-Twin-Cybersecurity/x500_model/install/px4_ros_com/lib/python3.12/site-packages/px4_ros_com
[7.710s] -- Installing: /home/ajval/Digital-Twin-Cybersecurity/x500_model/install/px4_ros_com/lib/python3.12/site-packages/px4_ros_com/module_to_import.py
[7.710s] -- Installing: /home/ajval/Digital-Twin-Cybersecurity/x500_model/install/px4_ros_com/lib/python3.12/site-packages/px4_ros_com/__init__.py
[7.739s] Listing '/home/ajval/Digital-Twin-Cybersecurity/x500_model/install/px4_ros_com/lib/python3.12/site-packages/px4_ros_com'...
[7.739s] Compiling '/home/ajval/Digital-Twin-Cybersecurity/x500_model/install/px4_ros_com/lib/python3.12/site-packages/px4_ros_com/__init__.py'...
[7.739s] Compiling '/home/ajval/Digital-Twin-Cybersecurity/x500_model/install/px4_ros_com/lib/python3.12/site-packages/px4_ros_com/module_to_import.py'...
[7.743s] -- Installing: /home/ajval/Digital-Twin-Cybersecurity/x500_model/install/px4_ros_com/lib/px4_ros_com/offboard_control.py
[7.743s] -- Installing: /home/ajval/Digital-Twin-Cybersecurity/x500_model/install/px4_ros_com/share/ament_index/resource_index/package_run_dependencies/px4_ros_com
[7.743s] -- Installing: /home/ajval/Digital-Twin-Cybersecurity/x500_model/install/px4_ros_com/share/ament_index/resource_index/parent_prefix_path/px4_ros_com
[7.743s] -- Installing: /home/ajval/Digital-Twin-Cybersecurity/x500_model/install/px4_ros_com/share/px4_ros_com/environment/ament_prefix_path.sh
[7.743s] -- Installing: /home/ajval/Digital-Twin-Cybersecurity/x500_model/install/px4_ros_com/share/px4_ros_com/environment/ament_prefix_path.dsv
[7.743s] -- Installing: /home/ajval/Digital-Twin-Cybersecurity/x500_model/install/px4_ros_com/share/px4_ros_com/environment/path.sh
[7.743s] -- Installing: /home/ajval/Digital-Twin-Cybersecurity/x500_model/install/px4_ros_com/share/px4_ros_com/environment/path.dsv
[7.743s] -- Installing: /home/ajval/Digital-Twin-Cybersecurity/x500_model/install/px4_ros_com/share/px4_ros_com/local_setup.bash
[7.743s] -- Installing: /home/ajval/Digital-Twin-Cybersecurity/x500_model/install/px4_ros_com/share/px4_ros_com/local_setup.sh
[7.743s] -- Installing: /home/ajval/Digital-Twin-Cybersecurity/x500_model/install/px4_ros_com/share/px4_ros_com/local_setup.zsh
[7.743s] -- Installing: /home/ajval/Digital-Twin-Cybersecurity/x500_model/install/px4_ros_com/share/px4_ros_com/local_setup.dsv
[7.743s] -- Installing: /home/ajval/Digital-Twin-Cybersecurity/x500_model/install/px4_ros_com/share/px4_ros_com/package.dsv
[7.744s] -- Installing: /home/ajval/Digital-Twin-Cybersecurity/x500_model/install/px4_ros_com/share/ament_index/resource_index/packages/px4_ros_com
[7.744s] -- Installing: /home/ajval/Digital-Twin-Cybersecurity/x500_model/install/px4_ros_com/share/px4_ros_com/cmake/export_frame_transformsExport.cmake
[7.744s] -- Installing: /home/ajval/Digital-Twin-Cybersecurity/x500_model/install/px4_ros_com/share/px4_ros_com/cmake/export_frame_transformsExport-noconfig.cmake
[7.744s] -- Installing: /home/ajval/Digital-Twin-Cybersecurity/x500_model/install/px4_ros_com/share/px4_ros_com/cmake/ament_cmake_export_dependencies-extras.cmake
[7.744s] -- Installing: /home/ajval/Digital-Twin-Cybersecurity/x500_model/install/px4_ros_com/share/px4_ros_com/cmake/ament_cmake_export_targets-extras.cmake
[7.744s] -- Installing: /home/ajval/Digital-Twin-Cybersecurity/x500_model/install/px4_ros_com/share/px4_ros_com/cmake/ament_cmake_export_include_directories-extras.cmake
[7.744s] -- Installing: /home/ajval/Digital-Twin-Cybersecurity/x500_model/install/px4_ros_com/share/px4_ros_com/cmake/ament_cmake_export_libraries-extras.cmake
[7.744s] -- Installing: /home/ajval/Digital-Twin-Cybersecurity/x500_model/install/px4_ros_com/share/px4_ros_com/cmake/px4_ros_comConfig.cmake
[7.744s] -- Installing: /home/ajval/Digital-Twin-Cybersecurity/x500_model/install/px4_ros_com/share/px4_ros_com/cmake/px4_ros_comConfig-version.cmake
[7.744s] -- Installing: /home/ajval/Digital-Twin-Cybersecurity/x500_model/install/px4_ros_com/share/px4_ros_com/package.xml
[7.745s] Invoked command in '/home/ajval/Digital-Twin-Cybersecurity/x500_model/build/px4_ros_com' returned '0': AMENT_PREFIX_PATH=/home/ajval/Digital-Twin-Cybersecurity/x500_model/install/px4_msgs:${AMENT_PREFIX_PATH} CMAKE_PREFIX_PATH=/home/ajval/Digital-Twin-Cybersecurity/x500_model/install/px4_msgs:/home/ajval/px4_ros_com_ros2/install/px4_ros_com:/home/ajval/px4_ros_com_ros2/install/px4_msgs:/opt/ros/jazzy/opt/gz_sim_vendor:/opt/ros/jazzy/opt/gz_sensors_vendor:/opt/ros/jazzy/opt/gz_physics_vendor:/opt/ros/jazzy/opt/sdformat_vendor:/opt/ros/jazzy/opt/gz_gui_vendor:/opt/ros/jazzy/opt/gz_transport_vendor:/opt/ros/jazzy/opt/gz_rendering_vendor:/opt/ros/jazzy/opt/gz_plugin_vendor:/opt/ros/jazzy/opt/gz_fuel_tools_vendor:/opt/ros/jazzy/opt/gz_msgs_vendor:/opt/ros/jazzy/opt/gz_common_vendor:/opt/ros/jazzy/opt/gz_math_vendor:/opt/ros/jazzy/opt/gz_utils_vendor:/opt/ros/jazzy/opt/gz_tools_vendor:/opt/ros/jazzy/opt/gz_ogre_next_vendor:/opt/ros/jazzy/opt/gz_dartsim_vendor:/opt/ros/jazzy/opt/gz_cmake_vendor:/opt/ros/jazzy DEBUGINFOD_URLS=https://debuginfod.ubuntu.com LD_LIBRARY_PATH=/home/ajval/Digital-Twin-Cybersecurity/x500_model/install/px4_msgs/lib:${LD_LIBRARY_PATH} PYTHONPATH=/home/ajval/Digital-Twin-Cybersecurity/x500_model/install/px4_msgs/lib/python3.12/site-packages:${PYTHONPATH} /usr/bin/cmake --install /home/ajval/Digital-Twin-Cybersecurity/x500_model/build/px4_ros_com
