[0.445s] Invoking command in '/home/ajval/Digital-Twin-Cybersecurity/src/my_ros2_bridge_package': DEBUGINFOD_URLS=https://debuginfod.ubuntu.com PS1=(venv) \[\e]0;\u@\h: \w\a\]${debian_chroot:+($debian_chroot)}\[\033[01;32m\]\u@\h\[\033[00m\]:\[\033[01;34m\]\w\[\033[00m\]\$ PYTHONPATH=/home/ajval/Digital-Twin-Cybersecurity/build/my_ros2_bridge_package/prefix_override:/usr/lib/python3/dist-packages/colcon_core/task/python/colcon_distutils_commands:/home/ajval/Digital-Twin-Cybersecurity/install/my_ros2_bridge_package/lib/python3.12/site-packages:${PYTHONPATH} VIRTUAL_ENV_PROMPT=(venv) /usr/bin/python3 -W ignore:setup.py install is deprecated -W ignore:easy_install command is deprecated setup.py egg_info --egg-base ../../build/my_ros2_bridge_package build --build-base /home/ajval/Digital-Twin-Cybersecurity/build/my_ros2_bridge_package/build install --record /home/ajval/Digital-Twin-Cybersecurity/build/my_ros2_bridge_package/install.log --single-version-externally-managed install_data
[0.595s] running egg_info
[0.604s] writing ../../build/my_ros2_bridge_package/my_ros2_bridge_package.egg-info/PKG-INFO
[0.604s] writing dependency_links to ../../build/my_ros2_bridge_package/my_ros2_bridge_package.egg-info/dependency_links.txt
[0.604s] writing entry points to ../../build/my_ros2_bridge_package/my_ros2_bridge_package.egg-info/entry_points.txt
[0.604s] writing requirements to ../../build/my_ros2_bridge_package/my_ros2_bridge_package.egg-info/requires.txt
[0.604s] writing top-level names to ../../build/my_ros2_bridge_package/my_ros2_bridge_package.egg-info/top_level.txt
[0.623s] reading manifest file '../../build/my_ros2_bridge_package/my_ros2_bridge_package.egg-info/SOURCES.txt'
[0.624s] writing manifest file '../../build/my_ros2_bridge_package/my_ros2_bridge_package.egg-info/SOURCES.txt'
[0.624s] running build
[0.624s] running build_py
[0.624s] copying my_ros2_bridge_package/ros2_bridge.py -> /home/ajval/Digital-Twin-Cybersecurity/build/my_ros2_bridge_package/build/lib/my_ros2_bridge_package
[0.624s] running install
[0.627s] running install_lib
[0.637s] copying /home/ajval/Digital-Twin-Cybersecurity/build/my_ros2_bridge_package/build/lib/my_ros2_bridge_package/ros2_bridge.py -> /home/ajval/Digital-Twin-Cybersecurity/install/my_ros2_bridge_package/lib/python3.12/site-packages/my_ros2_bridge_package
[0.637s] byte-compiling /home/ajval/Digital-Twin-Cybersecurity/install/my_ros2_bridge_package/lib/python3.12/site-packages/my_ros2_bridge_package/ros2_bridge.py to ros2_bridge.cpython-312.pyc
[0.637s] running install_data
[0.638s] running install_egg_info
[0.648s] removing '/home/ajval/Digital-Twin-Cybersecurity/install/my_ros2_bridge_package/lib/python3.12/site-packages/my_ros2_bridge_package-0.0.0-py3.12.egg-info' (and everything under it)
[0.648s] Copying ../../build/my_ros2_bridge_package/my_ros2_bridge_package.egg-info to /home/ajval/Digital-Twin-Cybersecurity/install/my_ros2_bridge_package/lib/python3.12/site-packages/my_ros2_bridge_package-0.0.0-py3.12.egg-info
[0.648s] running install_scripts
[0.713s] Installing ros2_bridge script to /home/ajval/Digital-Twin-Cybersecurity/install/my_ros2_bridge_package/lib/my_ros2_bridge_package
[0.713s] writing list of installed files to '/home/ajval/Digital-Twin-Cybersecurity/build/my_ros2_bridge_package/install.log'
[0.728s] Invoked command in '/home/ajval/Digital-Twin-Cybersecurity/src/my_ros2_bridge_package' returned '0': DEBUGINFOD_URLS=https://debuginfod.ubuntu.com PS1=(venv) \[\e]0;\u@\h: \w\a\]${debian_chroot:+($debian_chroot)}\[\033[01;32m\]\u@\h\[\033[00m\]:\[\033[01;34m\]\w\[\033[00m\]\$ PYTHONPATH=/home/ajval/Digital-Twin-Cybersecurity/build/my_ros2_bridge_package/prefix_override:/usr/lib/python3/dist-packages/colcon_core/task/python/colcon_distutils_commands:/home/ajval/Digital-Twin-Cybersecurity/install/my_ros2_bridge_package/lib/python3.12/site-packages:${PYTHONPATH} VIRTUAL_ENV_PROMPT=(venv) /usr/bin/python3 -W ignore:setup.py install is deprecated -W ignore:easy_install command is deprecated setup.py egg_info --egg-base ../../build/my_ros2_bridge_package build --build-base /home/ajval/Digital-Twin-Cybersecurity/build/my_ros2_bridge_package/build install --record /home/ajval/Digital-Twin-Cybersecurity/build/my_ros2_bridge_package/install.log --single-version-externally-managed install_data
