/home/ajval/Digital-Twin-Cybersecurity/x500_model/install/px4_offboard/lib/python3.12/site-packages/px4_offboard/offboard_control.py
/home/ajval/Digital-Twin-Cybersecurity/x500_model/install/px4_offboard/lib/python3.12/site-packages/px4_offboard/__init__.py
/home/ajval/Digital-Twin-Cybersecurity/x500_model/install/px4_offboard/lib/python3.12/site-packages/px4_offboard/tf_publisher.py
/home/ajval/Digital-Twin-Cybersecurity/x500_model/install/px4_offboard/lib/python3.12/site-packages/px4_offboard/rotor_joint_state_publisher.py
/home/ajval/Digital-Twin-Cybersecurity/x500_model/install/px4_offboard/lib/python3.12/site-packages/px4_offboard/visualizer.py
/home/ajval/Digital-Twin-Cybersecurity/x500_model/install/px4_offboard/lib/python3.12/site-packages/px4_offboard/__pycache__/offboard_control.cpython-312.pyc
/home/ajval/Digital-Twin-Cybersecurity/x500_model/install/px4_offboard/lib/python3.12/site-packages/px4_offboard/__pycache__/__init__.cpython-312.pyc
/home/ajval/Digital-Twin-Cybersecurity/x500_model/install/px4_offboard/lib/python3.12/site-packages/px4_offboard/__pycache__/tf_publisher.cpython-312.pyc
/home/ajval/Digital-Twin-Cybersecurity/x500_model/install/px4_offboard/lib/python3.12/site-packages/px4_offboard/__pycache__/rotor_joint_state_publisher.cpython-312.pyc
/home/ajval/Digital-Twin-Cybersecurity/x500_model/install/px4_offboard/lib/python3.12/site-packages/px4_offboard/__pycache__/visualizer.cpython-312.pyc
/home/ajval/Digital-Twin-Cybersecurity/x500_model/install/px4_offboard/share/ament_index/resource_index/packages/px4_offboard
/home/ajval/Digital-Twin-Cybersecurity/x500_model/install/px4_offboard/share/ament_index/resource_index/packages/visualize.rviz
/home/ajval/Digital-Twin-Cybersecurity/x500_model/install/px4_offboard/share/px4_offboard/package.xml
/home/ajval/Digital-Twin-Cybersecurity/x500_model/install/px4_offboard/share/px4_offboard/offboard_position_control.launch.py
/home/ajval/Digital-Twin-Cybersecurity/x500_model/install/px4_offboard/share/px4_offboard/visualize.launch.py
/home/ajval/Digital-Twin-Cybersecurity/x500_model/install/px4_offboard/share/px4_offboard/offboard_hardware_position_control.launch.py
/home/ajval/Digital-Twin-Cybersecurity/x500_model/install/px4_offboard/share/px4_offboard/visualize.rviz
/home/ajval/Digital-Twin-Cybersecurity/x500_model/install/px4_offboard/lib/python3.12/site-packages/px4_offboard-0.0.0-py3.12.egg-info/zip-safe
/home/ajval/Digital-Twin-Cybersecurity/x500_model/install/px4_offboard/lib/python3.12/site-packages/px4_offboard-0.0.0-py3.12.egg-info/PKG-INFO
/home/ajval/Digital-Twin-Cybersecurity/x500_model/install/px4_offboard/lib/python3.12/site-packages/px4_offboard-0.0.0-py3.12.egg-info/requires.txt
/home/ajval/Digital-Twin-Cybersecurity/x500_model/install/px4_offboard/lib/python3.12/site-packages/px4_offboard-0.0.0-py3.12.egg-info/top_level.txt
/home/ajval/Digital-Twin-Cybersecurity/x500_model/install/px4_offboard/lib/python3.12/site-packages/px4_offboard-0.0.0-py3.12.egg-info/dependency_links.txt
/home/ajval/Digital-Twin-Cybersecurity/x500_model/install/px4_offboard/lib/python3.12/site-packages/px4_offboard-0.0.0-py3.12.egg-info/entry_points.txt
/home/ajval/Digital-Twin-Cybersecurity/x500_model/install/px4_offboard/lib/python3.12/site-packages/px4_offboard-0.0.0-py3.12.egg-info/SOURCES.txt
/home/ajval/Digital-Twin-Cybersecurity/x500_model/install/px4_offboard/lib/px4_offboard/offboard_control
/home/ajval/Digital-Twin-Cybersecurity/x500_model/install/px4_offboard/lib/px4_offboard/rotor_joint_state_publisher
/home/ajval/Digital-Twin-Cybersecurity/x500_model/install/px4_offboard/lib/px4_offboard/tf_publisher
/home/ajval/Digital-Twin-Cybersecurity/x500_model/install/px4_offboard/lib/px4_offboard/visualizer
