[0.086s] DEBUG:colcon:Command line arguments: ['/usr/bin/colcon', 'build']
[0.086s] DEBUG:colcon:Parsed command line arguments: Namespace(log_base=None, log_level=None, verb_name='build', build_base='build', install_base='install', merge_install=False, symlink_install=False, test_result_base=None, continue_on_error=False, executor='parallel', parallel_workers=22, event_handlers=None, ignore_user_meta=False, metas=['./colcon.meta'], base_paths=['.'], packages_ignore=None, packages_ignore_regex=None, paths=None, packages_up_to=None, packages_up_to_regex=None, packages_above=None, packages_above_and_dependencies=None, packages_above_depth=None, packages_select_by_dep=None, packages_skip_by_dep=None, packages_skip_up_to=None, packages_select_build_failed=False, packages_skip_build_finished=False, packages_select_test_failures=False, packages_skip_test_passed=False, packages_select=None, packages_skip=None, packages_select_regex=None, packages_skip_regex=None, packages_start=None, packages_end=None, allow_overriding=[], cmake_args=None, cmake_target=None, cmake_target_skip_unavailable=False, cmake_clean_cache=False, cmake_clean_first=False, cmake_force_configure=False, ament_cmake_args=None, catkin_cmake_args=None, catkin_skip_building_tests=False, mixin_files=None, mixin=None, verb_parser=<colcon_mixin.mixin.mixin_argument.MixinArgumentDecorator object at 0x711e161a9670>, verb_extension=<colcon_core.verb.build.BuildVerb object at 0x711e167edc10>, main=<bound method BuildVerb.main of <colcon_core.verb.build.BuildVerb object at 0x711e167edc10>>, mixin_verb=('build',))
[0.117s] Level 1:colcon.colcon_core.package_discovery:discover_packages(colcon_meta) check parameters
[0.117s] Level 1:colcon.colcon_core.package_discovery:discover_packages(recursive) check parameters
[0.117s] Level 1:colcon.colcon_core.package_discovery:discover_packages(ignore) check parameters
[0.117s] Level 1:colcon.colcon_core.package_discovery:discover_packages(path) check parameters
[0.117s] Level 1:colcon.colcon_core.package_discovery:discover_packages(colcon_meta) discover
[0.117s] Level 1:colcon.colcon_core.package_discovery:discover_packages(recursive) discover
[0.117s] INFO:colcon.colcon_core.package_discovery:Crawling recursively for packages in '/home/ajval/Digital-Twin-Cybersecurity/x500_physical_model'
[0.117s] Level 1:colcon.colcon_core.package_identification:_identify(.) by extensions ['ignore', 'ignore_ament_install']
[0.118s] Level 1:colcon.colcon_core.package_identification:_identify(.) by extension 'ignore'
[0.118s] Level 1:colcon.colcon_core.package_identification:_identify(.) by extension 'ignore_ament_install'
[0.118s] Level 1:colcon.colcon_core.package_identification:_identify(.) by extensions ['colcon_pkg']
[0.118s] Level 1:colcon.colcon_core.package_identification:_identify(.) by extension 'colcon_pkg'
[0.118s] Level 1:colcon.colcon_core.package_identification:_identify(.) by extensions ['colcon_meta']
[0.118s] Level 1:colcon.colcon_core.package_identification:_identify(.) by extension 'colcon_meta'
[0.118s] Level 1:colcon.colcon_core.package_identification:_identify(.) by extensions ['ros']
[0.118s] Level 1:colcon.colcon_core.package_identification:_identify(.) by extension 'ros'
[0.132s] Level 1:colcon.colcon_core.package_identification:_identify(.) by extensions ['cmake', 'python']
[0.132s] Level 1:colcon.colcon_core.package_identification:_identify(.) by extension 'cmake'
[0.132s] Level 1:colcon.colcon_core.package_identification:_identify(.) by extension 'python'
[0.132s] Level 1:colcon.colcon_core.package_identification:_identify(.) by extensions ['python_setup_py']
[0.132s] Level 1:colcon.colcon_core.package_identification:_identify(.) by extension 'python_setup_py'
[0.132s] Level 1:colcon.colcon_core.package_identification:_identify(build) by extensions ['ignore', 'ignore_ament_install']
[0.132s] Level 1:colcon.colcon_core.package_identification:_identify(build) by extension 'ignore'
[0.132s] Level 1:colcon.colcon_core.package_identification:_identify(build) ignored
[0.132s] Level 1:colcon.colcon_core.package_identification:_identify(install) by extensions ['ignore', 'ignore_ament_install']
[0.132s] Level 1:colcon.colcon_core.package_identification:_identify(install) by extension 'ignore'
[0.132s] Level 1:colcon.colcon_core.package_identification:_identify(install) ignored
[0.132s] Level 1:colcon.colcon_core.package_identification:_identify(log) by extensions ['ignore', 'ignore_ament_install']
[0.132s] Level 1:colcon.colcon_core.package_identification:_identify(log) by extension 'ignore'
[0.132s] Level 1:colcon.colcon_core.package_identification:_identify(log) ignored
[0.132s] Level 1:colcon.colcon_core.package_identification:_identify(src) by extensions ['ignore', 'ignore_ament_install']
[0.132s] Level 1:colcon.colcon_core.package_identification:_identify(src) by extension 'ignore'
[0.132s] Level 1:colcon.colcon_core.package_identification:_identify(src) by extension 'ignore_ament_install'
[0.132s] Level 1:colcon.colcon_core.package_identification:_identify(src) by extensions ['colcon_pkg']
[0.132s] Level 1:colcon.colcon_core.package_identification:_identify(src) by extension 'colcon_pkg'
[0.132s] Level 1:colcon.colcon_core.package_identification:_identify(src) by extensions ['colcon_meta']
[0.133s] Level 1:colcon.colcon_core.package_identification:_identify(src) by extension 'colcon_meta'
[0.133s] Level 1:colcon.colcon_core.package_identification:_identify(src) by extensions ['ros']
[0.133s] Level 1:colcon.colcon_core.package_identification:_identify(src) by extension 'ros'
[0.133s] Level 1:colcon.colcon_core.package_identification:_identify(src) by extensions ['cmake', 'python']
[0.133s] Level 1:colcon.colcon_core.package_identification:_identify(src) by extension 'cmake'
[0.133s] Level 1:colcon.colcon_core.package_identification:_identify(src) by extension 'python'
[0.133s] Level 1:colcon.colcon_core.package_identification:_identify(src) by extensions ['python_setup_py']
[0.133s] Level 1:colcon.colcon_core.package_identification:_identify(src) by extension 'python_setup_py'
[0.133s] Level 1:colcon.colcon_core.package_identification:_identify(src/px4-offboard) by extensions ['ignore', 'ignore_ament_install']
[0.133s] Level 1:colcon.colcon_core.package_identification:_identify(src/px4-offboard) by extension 'ignore'
[0.133s] Level 1:colcon.colcon_core.package_identification:_identify(src/px4-offboard) by extension 'ignore_ament_install'
[0.133s] Level 1:colcon.colcon_core.package_identification:_identify(src/px4-offboard) by extensions ['colcon_pkg']
[0.133s] Level 1:colcon.colcon_core.package_identification:_identify(src/px4-offboard) by extension 'colcon_pkg'
[0.133s] Level 1:colcon.colcon_core.package_identification:_identify(src/px4-offboard) by extensions ['colcon_meta']
[0.133s] Level 1:colcon.colcon_core.package_identification:_identify(src/px4-offboard) by extension 'colcon_meta'
[0.133s] Level 1:colcon.colcon_core.package_identification:_identify(src/px4-offboard) by extensions ['ros']
[0.133s] Level 1:colcon.colcon_core.package_identification:_identify(src/px4-offboard) by extension 'ros'
[0.134s] DEBUG:colcon.colcon_core.package_identification:Package 'src/px4-offboard' with type 'ros.ament_python' and name 'px4_offboard'
[0.134s] Level 1:colcon.colcon_core.package_identification:_identify(src/px4_msgs) by extensions ['ignore', 'ignore_ament_install']
[0.134s] Level 1:colcon.colcon_core.package_identification:_identify(src/px4_msgs) by extension 'ignore'
[0.134s] Level 1:colcon.colcon_core.package_identification:_identify(src/px4_msgs) by extension 'ignore_ament_install'
[0.134s] Level 1:colcon.colcon_core.package_identification:_identify(src/px4_msgs) by extensions ['colcon_pkg']
[0.134s] Level 1:colcon.colcon_core.package_identification:_identify(src/px4_msgs) by extension 'colcon_pkg'
[0.135s] Level 1:colcon.colcon_core.package_identification:_identify(src/px4_msgs) by extensions ['colcon_meta']
[0.135s] Level 1:colcon.colcon_core.package_identification:_identify(src/px4_msgs) by extension 'colcon_meta'
[0.135s] Level 1:colcon.colcon_core.package_identification:_identify(src/px4_msgs) by extensions ['ros']
[0.135s] Level 1:colcon.colcon_core.package_identification:_identify(src/px4_msgs) by extension 'ros'
[0.135s] DEBUG:colcon.colcon_core.package_identification:Package 'src/px4_msgs' with type 'ros.ament_cmake' and name 'px4_msgs'
[0.135s] Level 1:colcon.colcon_core.package_identification:_identify(src/px4_ros_com) by extensions ['ignore', 'ignore_ament_install']
[0.135s] Level 1:colcon.colcon_core.package_identification:_identify(src/px4_ros_com) by extension 'ignore'
[0.135s] Level 1:colcon.colcon_core.package_identification:_identify(src/px4_ros_com) by extension 'ignore_ament_install'
[0.135s] Level 1:colcon.colcon_core.package_identification:_identify(src/px4_ros_com) by extensions ['colcon_pkg']
[0.135s] Level 1:colcon.colcon_core.package_identification:_identify(src/px4_ros_com) by extension 'colcon_pkg'
[0.135s] Level 1:colcon.colcon_core.package_identification:_identify(src/px4_ros_com) by extensions ['colcon_meta']
[0.135s] Level 1:colcon.colcon_core.package_identification:_identify(src/px4_ros_com) by extension 'colcon_meta'
[0.135s] Level 1:colcon.colcon_core.package_identification:_identify(src/px4_ros_com) by extensions ['ros']
[0.135s] Level 1:colcon.colcon_core.package_identification:_identify(src/px4_ros_com) by extension 'ros'
[0.136s] DEBUG:colcon.colcon_core.package_identification:Package 'src/px4_ros_com' with type 'ros.ament_cmake' and name 'px4_ros_com'
[0.136s] Level 1:colcon.colcon_core.package_identification:_identify(src/x500_drone_description) by extensions ['ignore', 'ignore_ament_install']
[0.136s] Level 1:colcon.colcon_core.package_identification:_identify(src/x500_drone_description) by extension 'ignore'
[0.136s] Level 1:colcon.colcon_core.package_identification:_identify(src/x500_drone_description) by extension 'ignore_ament_install'
[0.136s] Level 1:colcon.colcon_core.package_identification:_identify(src/x500_drone_description) by extensions ['colcon_pkg']
[0.136s] Level 1:colcon.colcon_core.package_identification:_identify(src/x500_drone_description) by extension 'colcon_pkg'
[0.136s] Level 1:colcon.colcon_core.package_identification:_identify(src/x500_drone_description) by extensions ['colcon_meta']
[0.136s] Level 1:colcon.colcon_core.package_identification:_identify(src/x500_drone_description) by extension 'colcon_meta'
[0.136s] Level 1:colcon.colcon_core.package_identification:_identify(src/x500_drone_description) by extensions ['ros']
[0.136s] Level 1:colcon.colcon_core.package_identification:_identify(src/x500_drone_description) by extension 'ros'
[0.136s] DEBUG:colcon.colcon_core.package_identification:Package 'src/x500_drone_description' with type 'ros.ament_cmake' and name 'x500_drone_description'
[0.136s] Level 1:colcon.colcon_core.package_discovery:discover_packages(recursive) using defaults
[0.136s] Level 1:colcon.colcon_core.package_discovery:discover_packages(ignore) discover
[0.136s] Level 1:colcon.colcon_core.package_discovery:discover_packages(ignore) using defaults
[0.136s] Level 1:colcon.colcon_core.package_discovery:discover_packages(path) discover
[0.136s] Level 1:colcon.colcon_core.package_discovery:discover_packages(path) using defaults
[0.148s] Level 1:colcon.colcon_core.package_discovery:discover_packages(prefix_path) check parameters
[0.148s] Level 1:colcon.colcon_core.package_discovery:discover_packages(prefix_path) discover
[0.150s] DEBUG:colcon.colcon_installed_package_information.package_discovery:Found 2 installed packages in /home/ajval/px4_ros_com_ros2/install
[0.151s] DEBUG:colcon.colcon_installed_package_information.package_discovery:Found 325 installed packages in /opt/ros/jazzy
[0.152s] Level 1:colcon.colcon_core.package_discovery:discover_packages(prefix_path) using defaults
[0.177s] Level 5:colcon.colcon_core.verb:set package 'px4_msgs' build argument 'cmake_args' from command line to 'None'
[0.177s] Level 5:colcon.colcon_core.verb:set package 'px4_msgs' build argument 'cmake_target' from command line to 'None'
[0.177s] Level 5:colcon.colcon_core.verb:set package 'px4_msgs' build argument 'cmake_target_skip_unavailable' from command line to 'False'
[0.177s] Level 5:colcon.colcon_core.verb:set package 'px4_msgs' build argument 'cmake_clean_cache' from command line to 'False'
[0.177s] Level 5:colcon.colcon_core.verb:set package 'px4_msgs' build argument 'cmake_clean_first' from command line to 'False'
[0.177s] Level 5:colcon.colcon_core.verb:set package 'px4_msgs' build argument 'cmake_force_configure' from command line to 'False'
[0.177s] Level 5:colcon.colcon_core.verb:set package 'px4_msgs' build argument 'ament_cmake_args' from command line to 'None'
[0.177s] Level 5:colcon.colcon_core.verb:set package 'px4_msgs' build argument 'catkin_cmake_args' from command line to 'None'
[0.178s] Level 5:colcon.colcon_core.verb:set package 'px4_msgs' build argument 'catkin_skip_building_tests' from command line to 'False'
[0.178s] DEBUG:colcon.colcon_core.verb:Building package 'px4_msgs' with the following arguments: {'ament_cmake_args': None, 'build_base': '/home/ajval/Digital-Twin-Cybersecurity/x500_physical_model/build/px4_msgs', 'catkin_cmake_args': None, 'catkin_skip_building_tests': False, 'cmake_args': None, 'cmake_clean_cache': False, 'cmake_clean_first': False, 'cmake_force_configure': False, 'cmake_target': None, 'cmake_target_skip_unavailable': False, 'install_base': '/home/ajval/Digital-Twin-Cybersecurity/x500_physical_model/install/px4_msgs', 'merge_install': False, 'path': '/home/ajval/Digital-Twin-Cybersecurity/x500_physical_model/src/px4_msgs', 'symlink_install': False, 'test_result_base': None}
[0.178s] Level 5:colcon.colcon_core.verb:set package 'x500_drone_description' build argument 'cmake_args' from command line to 'None'
[0.178s] Level 5:colcon.colcon_core.verb:set package 'x500_drone_description' build argument 'cmake_target' from command line to 'None'
[0.178s] Level 5:colcon.colcon_core.verb:set package 'x500_drone_description' build argument 'cmake_target_skip_unavailable' from command line to 'False'
[0.178s] Level 5:colcon.colcon_core.verb:set package 'x500_drone_description' build argument 'cmake_clean_cache' from command line to 'False'
[0.178s] Level 5:colcon.colcon_core.verb:set package 'x500_drone_description' build argument 'cmake_clean_first' from command line to 'False'
[0.178s] Level 5:colcon.colcon_core.verb:set package 'x500_drone_description' build argument 'cmake_force_configure' from command line to 'False'
[0.178s] Level 5:colcon.colcon_core.verb:set package 'x500_drone_description' build argument 'ament_cmake_args' from command line to 'None'
[0.178s] Level 5:colcon.colcon_core.verb:set package 'x500_drone_description' build argument 'catkin_cmake_args' from command line to 'None'
[0.178s] Level 5:colcon.colcon_core.verb:set package 'x500_drone_description' build argument 'catkin_skip_building_tests' from command line to 'False'
[0.178s] DEBUG:colcon.colcon_core.verb:Building package 'x500_drone_description' with the following arguments: {'ament_cmake_args': None, 'build_base': '/home/ajval/Digital-Twin-Cybersecurity/x500_physical_model/build/x500_drone_description', 'catkin_cmake_args': None, 'catkin_skip_building_tests': False, 'cmake_args': None, 'cmake_clean_cache': False, 'cmake_clean_first': False, 'cmake_force_configure': False, 'cmake_target': None, 'cmake_target_skip_unavailable': False, 'install_base': '/home/ajval/Digital-Twin-Cybersecurity/x500_physical_model/install/x500_drone_description', 'merge_install': False, 'path': '/home/ajval/Digital-Twin-Cybersecurity/x500_physical_model/src/x500_drone_description', 'symlink_install': False, 'test_result_base': None}
[0.178s] Level 5:colcon.colcon_core.verb:set package 'px4_offboard' build argument 'cmake_args' from command line to 'None'
[0.178s] Level 5:colcon.colcon_core.verb:set package 'px4_offboard' build argument 'cmake_target' from command line to 'None'
[0.178s] Level 5:colcon.colcon_core.verb:set package 'px4_offboard' build argument 'cmake_target_skip_unavailable' from command line to 'False'
[0.178s] Level 5:colcon.colcon_core.verb:set package 'px4_offboard' build argument 'cmake_clean_cache' from command line to 'False'
[0.178s] Level 5:colcon.colcon_core.verb:set package 'px4_offboard' build argument 'cmake_clean_first' from command line to 'False'
[0.178s] Level 5:colcon.colcon_core.verb:set package 'px4_offboard' build argument 'cmake_force_configure' from command line to 'False'
[0.178s] Level 5:colcon.colcon_core.verb:set package 'px4_offboard' build argument 'ament_cmake_args' from command line to 'None'
[0.178s] Level 5:colcon.colcon_core.verb:set package 'px4_offboard' build argument 'catkin_cmake_args' from command line to 'None'
[0.178s] Level 5:colcon.colcon_core.verb:set package 'px4_offboard' build argument 'catkin_skip_building_tests' from command line to 'False'
[0.178s] DEBUG:colcon.colcon_core.verb:Building package 'px4_offboard' with the following arguments: {'ament_cmake_args': None, 'build_base': '/home/ajval/Digital-Twin-Cybersecurity/x500_physical_model/build/px4_offboard', 'catkin_cmake_args': None, 'catkin_skip_building_tests': False, 'cmake_args': None, 'cmake_clean_cache': False, 'cmake_clean_first': False, 'cmake_force_configure': False, 'cmake_target': None, 'cmake_target_skip_unavailable': False, 'install_base': '/home/ajval/Digital-Twin-Cybersecurity/x500_physical_model/install/px4_offboard', 'merge_install': False, 'path': '/home/ajval/Digital-Twin-Cybersecurity/x500_physical_model/src/px4-offboard', 'symlink_install': False, 'test_result_base': None}
[0.178s] Level 5:colcon.colcon_core.verb:set package 'px4_ros_com' build argument 'cmake_args' from command line to 'None'
[0.178s] Level 5:colcon.colcon_core.verb:set package 'px4_ros_com' build argument 'cmake_target' from command line to 'None'
[0.178s] Level 5:colcon.colcon_core.verb:set package 'px4_ros_com' build argument 'cmake_target_skip_unavailable' from command line to 'False'
[0.178s] Level 5:colcon.colcon_core.verb:set package 'px4_ros_com' build argument 'cmake_clean_cache' from command line to 'False'
[0.178s] Level 5:colcon.colcon_core.verb:set package 'px4_ros_com' build argument 'cmake_clean_first' from command line to 'False'
[0.178s] Level 5:colcon.colcon_core.verb:set package 'px4_ros_com' build argument 'cmake_force_configure' from command line to 'False'
[0.178s] Level 5:colcon.colcon_core.verb:set package 'px4_ros_com' build argument 'ament_cmake_args' from command line to 'None'
[0.178s] Level 5:colcon.colcon_core.verb:set package 'px4_ros_com' build argument 'catkin_cmake_args' from command line to 'None'
[0.178s] Level 5:colcon.colcon_core.verb:set package 'px4_ros_com' build argument 'catkin_skip_building_tests' from command line to 'False'
[0.178s] DEBUG:colcon.colcon_core.verb:Building package 'px4_ros_com' with the following arguments: {'ament_cmake_args': None, 'build_base': '/home/ajval/Digital-Twin-Cybersecurity/x500_physical_model/build/px4_ros_com', 'catkin_cmake_args': None, 'catkin_skip_building_tests': False, 'cmake_args': None, 'cmake_clean_cache': False, 'cmake_clean_first': False, 'cmake_force_configure': False, 'cmake_target': None, 'cmake_target_skip_unavailable': False, 'install_base': '/home/ajval/Digital-Twin-Cybersecurity/x500_physical_model/install/px4_ros_com', 'merge_install': False, 'path': '/home/ajval/Digital-Twin-Cybersecurity/x500_physical_model/src/px4_ros_com', 'symlink_install': False, 'test_result_base': None}
[0.178s] INFO:colcon.colcon_core.executor:Executing jobs using 'parallel' executor
[0.179s] DEBUG:colcon.colcon_parallel_executor.executor.parallel:run_until_complete
[0.179s] INFO:colcon.colcon_ros.task.ament_cmake.build:Building ROS package in '/home/ajval/Digital-Twin-Cybersecurity/x500_physical_model/src/px4_msgs' with build type 'ament_cmake'
[0.179s] INFO:colcon.colcon_cmake.task.cmake.build:Building CMake package in '/home/ajval/Digital-Twin-Cybersecurity/x500_physical_model/src/px4_msgs'
[0.182s] INFO:colcon.colcon_core.plugin_system:Skipping extension 'colcon_core.shell.bat': Not used on non-Windows systems
[0.182s] INFO:colcon.colcon_core.shell:Skip shell extension 'powershell' for command environment: Not usable outside of PowerShell
[0.182s] DEBUG:colcon.colcon_core.shell:Skip shell extension 'dsv' for command environment
[0.184s] INFO:colcon.colcon_ros.task.ament_cmake.build:Building ROS package in '/home/ajval/Digital-Twin-Cybersecurity/x500_physical_model/src/x500_drone_description' with build type 'ament_cmake'
[0.184s] INFO:colcon.colcon_cmake.task.cmake.build:Building CMake package in '/home/ajval/Digital-Twin-Cybersecurity/x500_physical_model/src/x500_drone_description'
[0.184s] INFO:colcon.colcon_core.shell:Skip shell extension 'powershell' for command environment: Not usable outside of PowerShell
[0.184s] DEBUG:colcon.colcon_core.shell:Skip shell extension 'dsv' for command environment
[0.189s] DEBUG:colcon.colcon_core.event_handler.log_command:Invoking command in '/home/ajval/Digital-Twin-Cybersecurity/x500_physical_model/build/px4_msgs': CMAKE_PREFIX_PATH=${CMAKE_PREFIX_PATH}:/opt/ros/jazzy DEBUGINFOD_URLS=https://debuginfod.ubuntu.com /usr/bin/cmake /home/ajval/Digital-Twin-Cybersecurity/x500_physical_model/src/px4_msgs -DCMAKE_INSTALL_PREFIX=/home/ajval/Digital-Twin-Cybersecurity/x500_physical_model/install/px4_msgs
[0.192s] DEBUG:colcon.colcon_core.event_handler.log_command:Invoking command in '/home/ajval/Digital-Twin-Cybersecurity/x500_physical_model/build/x500_drone_description': CMAKE_PREFIX_PATH=${CMAKE_PREFIX_PATH}:/opt/ros/jazzy DEBUGINFOD_URLS=https://debuginfod.ubuntu.com /usr/bin/cmake /home/ajval/Digital-Twin-Cybersecurity/x500_physical_model/src/x500_drone_description -DCMAKE_INSTALL_PREFIX=/home/ajval/Digital-Twin-Cybersecurity/x500_physical_model/install/x500_drone_description
[0.785s] DEBUG:colcon.colcon_core.event_handler.log_command:Invoked command in '/home/ajval/Digital-Twin-Cybersecurity/x500_physical_model/build/x500_drone_description' returned '0': CMAKE_PREFIX_PATH=${CMAKE_PREFIX_PATH}:/opt/ros/jazzy DEBUGINFOD_URLS=https://debuginfod.ubuntu.com /usr/bin/cmake /home/ajval/Digital-Twin-Cybersecurity/x500_physical_model/src/x500_drone_description -DCMAKE_INSTALL_PREFIX=/home/ajval/Digital-Twin-Cybersecurity/x500_physical_model/install/x500_drone_description
[0.786s] DEBUG:colcon.colcon_core.event_handler.log_command:Invoking command in '/home/ajval/Digital-Twin-Cybersecurity/x500_physical_model/build/x500_drone_description': CMAKE_PREFIX_PATH=${CMAKE_PREFIX_PATH}:/opt/ros/jazzy DEBUGINFOD_URLS=https://debuginfod.ubuntu.com /usr/bin/cmake --build /home/ajval/Digital-Twin-Cybersecurity/x500_physical_model/build/x500_drone_description -- -j22 -l22
[0.827s] DEBUG:colcon.colcon_core.event_handler.log_command:Invoked command in '/home/ajval/Digital-Twin-Cybersecurity/x500_physical_model/build/x500_drone_description' returned '0': CMAKE_PREFIX_PATH=${CMAKE_PREFIX_PATH}:/opt/ros/jazzy DEBUGINFOD_URLS=https://debuginfod.ubuntu.com /usr/bin/cmake --build /home/ajval/Digital-Twin-Cybersecurity/x500_physical_model/build/x500_drone_description -- -j22 -l22
[0.836s] DEBUG:colcon.colcon_core.event_handler.log_command:Invoking command in '/home/ajval/Digital-Twin-Cybersecurity/x500_physical_model/build/x500_drone_description': CMAKE_PREFIX_PATH=${CMAKE_PREFIX_PATH}:/opt/ros/jazzy DEBUGINFOD_URLS=https://debuginfod.ubuntu.com /usr/bin/cmake --install /home/ajval/Digital-Twin-Cybersecurity/x500_physical_model/build/x500_drone_description
[0.846s] Level 1:colcon.colcon_core.environment:create_environment_scripts_only(x500_drone_description)
[0.846s] DEBUG:colcon.colcon_core.event_handler.log_command:Invoked command in '/home/ajval/Digital-Twin-Cybersecurity/x500_physical_model/build/x500_drone_description' returned '0': CMAKE_PREFIX_PATH=${CMAKE_PREFIX_PATH}:/opt/ros/jazzy DEBUGINFOD_URLS=https://debuginfod.ubuntu.com /usr/bin/cmake --install /home/ajval/Digital-Twin-Cybersecurity/x500_physical_model/build/x500_drone_description
[0.850s] Level 1:colcon.colcon_core.environment:checking '/home/ajval/Digital-Twin-Cybersecurity/x500_physical_model/install/x500_drone_description' for CMake module files
[0.851s] Level 1:colcon.colcon_core.environment:checking '/home/ajval/Digital-Twin-Cybersecurity/x500_physical_model/install/x500_drone_description' for CMake config files
[0.851s] Level 1:colcon.colcon_core.shell:create_environment_hook('x500_drone_description', 'cmake_prefix_path')
[0.851s] INFO:colcon.colcon_core.shell:Creating environment hook '/home/ajval/Digital-Twin-Cybersecurity/x500_physical_model/install/x500_drone_description/share/x500_drone_description/hook/cmake_prefix_path.ps1'
[0.852s] INFO:colcon.colcon_core.shell:Creating environment descriptor '/home/ajval/Digital-Twin-Cybersecurity/x500_physical_model/install/x500_drone_description/share/x500_drone_description/hook/cmake_prefix_path.dsv'
[0.852s] INFO:colcon.colcon_core.shell:Creating environment hook '/home/ajval/Digital-Twin-Cybersecurity/x500_physical_model/install/x500_drone_description/share/x500_drone_description/hook/cmake_prefix_path.sh'
[0.853s] Level 1:colcon.colcon_core.environment:checking '/home/ajval/Digital-Twin-Cybersecurity/x500_physical_model/install/x500_drone_description/bin'
[0.853s] Level 1:colcon.colcon_core.environment:checking '/home/ajval/Digital-Twin-Cybersecurity/x500_physical_model/install/x500_drone_description/lib/pkgconfig/x500_drone_description.pc'
[0.854s] Level 1:colcon.colcon_core.environment:checking '/home/ajval/Digital-Twin-Cybersecurity/x500_physical_model/install/x500_drone_description/lib/python3.12/site-packages'
[0.854s] Level 1:colcon.colcon_core.environment:checking '/home/ajval/Digital-Twin-Cybersecurity/x500_physical_model/install/x500_drone_description/bin'
[0.854s] INFO:colcon.colcon_core.shell:Creating package script '/home/ajval/Digital-Twin-Cybersecurity/x500_physical_model/install/x500_drone_description/share/x500_drone_description/package.ps1'
[0.855s] INFO:colcon.colcon_core.shell:Creating package descriptor '/home/ajval/Digital-Twin-Cybersecurity/x500_physical_model/install/x500_drone_description/share/x500_drone_description/package.dsv'
[0.856s] INFO:colcon.colcon_core.shell:Creating package script '/home/ajval/Digital-Twin-Cybersecurity/x500_physical_model/install/x500_drone_description/share/x500_drone_description/package.sh'
[0.857s] INFO:colcon.colcon_core.shell:Creating package script '/home/ajval/Digital-Twin-Cybersecurity/x500_physical_model/install/x500_drone_description/share/x500_drone_description/package.bash'
[0.858s] INFO:colcon.colcon_core.shell:Creating package script '/home/ajval/Digital-Twin-Cybersecurity/x500_physical_model/install/x500_drone_description/share/x500_drone_description/package.zsh'
[0.858s] Level 1:colcon.colcon_core.environment:create_file_with_runtime_dependencies(/home/ajval/Digital-Twin-Cybersecurity/x500_physical_model/install/x500_drone_description/share/colcon-core/packages/x500_drone_description)
[0.858s] Level 1:colcon.colcon_core.environment:create_environment_scripts_only(x500_drone_description)
[0.859s] Level 1:colcon.colcon_core.environment:checking '/home/ajval/Digital-Twin-Cybersecurity/x500_physical_model/install/x500_drone_description' for CMake module files
[0.859s] Level 1:colcon.colcon_core.environment:checking '/home/ajval/Digital-Twin-Cybersecurity/x500_physical_model/install/x500_drone_description' for CMake config files
[0.859s] Level 1:colcon.colcon_core.shell:create_environment_hook('x500_drone_description', 'cmake_prefix_path')
[0.859s] INFO:colcon.colcon_core.shell:Creating environment hook '/home/ajval/Digital-Twin-Cybersecurity/x500_physical_model/install/x500_drone_description/share/x500_drone_description/hook/cmake_prefix_path.ps1'
[0.859s] INFO:colcon.colcon_core.shell:Creating environment descriptor '/home/ajval/Digital-Twin-Cybersecurity/x500_physical_model/install/x500_drone_description/share/x500_drone_description/hook/cmake_prefix_path.dsv'
[0.859s] INFO:colcon.colcon_core.shell:Creating environment hook '/home/ajval/Digital-Twin-Cybersecurity/x500_physical_model/install/x500_drone_description/share/x500_drone_description/hook/cmake_prefix_path.sh'
[0.860s] Level 1:colcon.colcon_core.environment:checking '/home/ajval/Digital-Twin-Cybersecurity/x500_physical_model/install/x500_drone_description/bin'
[0.860s] Level 1:colcon.colcon_core.environment:checking '/home/ajval/Digital-Twin-Cybersecurity/x500_physical_model/install/x500_drone_description/lib/pkgconfig/x500_drone_description.pc'
[0.860s] Level 1:colcon.colcon_core.environment:checking '/home/ajval/Digital-Twin-Cybersecurity/x500_physical_model/install/x500_drone_description/lib/python3.12/site-packages'
[0.860s] Level 1:colcon.colcon_core.environment:checking '/home/ajval/Digital-Twin-Cybersecurity/x500_physical_model/install/x500_drone_description/bin'
[0.860s] INFO:colcon.colcon_core.shell:Creating package script '/home/ajval/Digital-Twin-Cybersecurity/x500_physical_model/install/x500_drone_description/share/x500_drone_description/package.ps1'
[0.860s] INFO:colcon.colcon_core.shell:Creating package descriptor '/home/ajval/Digital-Twin-Cybersecurity/x500_physical_model/install/x500_drone_description/share/x500_drone_description/package.dsv'
[0.861s] INFO:colcon.colcon_core.shell:Creating package script '/home/ajval/Digital-Twin-Cybersecurity/x500_physical_model/install/x500_drone_description/share/x500_drone_description/package.sh'
[0.861s] INFO:colcon.colcon_core.shell:Creating package script '/home/ajval/Digital-Twin-Cybersecurity/x500_physical_model/install/x500_drone_description/share/x500_drone_description/package.bash'
[0.861s] INFO:colcon.colcon_core.shell:Creating package script '/home/ajval/Digital-Twin-Cybersecurity/x500_physical_model/install/x500_drone_description/share/x500_drone_description/package.zsh'
[0.861s] Level 1:colcon.colcon_core.environment:create_file_with_runtime_dependencies(/home/ajval/Digital-Twin-Cybersecurity/x500_physical_model/install/x500_drone_description/share/colcon-core/packages/x500_drone_description)
[3.563s] DEBUG:colcon.colcon_core.event_handler.log_command:Invoked command in '/home/ajval/Digital-Twin-Cybersecurity/x500_physical_model/build/px4_msgs' returned '0': CMAKE_PREFIX_PATH=${CMAKE_PREFIX_PATH}:/opt/ros/jazzy DEBUGINFOD_URLS=https://debuginfod.ubuntu.com /usr/bin/cmake /home/ajval/Digital-Twin-Cybersecurity/x500_physical_model/src/px4_msgs -DCMAKE_INSTALL_PREFIX=/home/ajval/Digital-Twin-Cybersecurity/x500_physical_model/install/px4_msgs
[3.565s] DEBUG:colcon.colcon_core.event_handler.log_command:Invoking command in '/home/ajval/Digital-Twin-Cybersecurity/x500_physical_model/build/px4_msgs': CMAKE_PREFIX_PATH=${CMAKE_PREFIX_PATH}:/opt/ros/jazzy DEBUGINFOD_URLS=https://debuginfod.ubuntu.com /usr/bin/cmake --build /home/ajval/Digital-Twin-Cybersecurity/x500_physical_model/build/px4_msgs -- -j22 -l22
[118.241s] DEBUG:colcon.colcon_core.event_handler.log_command:Invoked command in '/home/ajval/Digital-Twin-Cybersecurity/x500_physical_model/build/px4_msgs' returned '0': CMAKE_PREFIX_PATH=${CMAKE_PREFIX_PATH}:/opt/ros/jazzy DEBUGINFOD_URLS=https://debuginfod.ubuntu.com /usr/bin/cmake --build /home/ajval/Digital-Twin-Cybersecurity/x500_physical_model/build/px4_msgs -- -j22 -l22
[118.242s] DEBUG:colcon.colcon_core.event_handler.log_command:Invoking command in '/home/ajval/Digital-Twin-Cybersecurity/x500_physical_model/build/px4_msgs': CMAKE_PREFIX_PATH=${CMAKE_PREFIX_PATH}:/opt/ros/jazzy DEBUGINFOD_URLS=https://debuginfod.ubuntu.com /usr/bin/cmake --install /home/ajval/Digital-Twin-Cybersecurity/x500_physical_model/build/px4_msgs
[118.931s] Level 1:colcon.colcon_core.environment:create_environment_scripts_only(px4_msgs)
[118.931s] DEBUG:colcon.colcon_core.event_handler.log_command:Invoked command in '/home/ajval/Digital-Twin-Cybersecurity/x500_physical_model/build/px4_msgs' returned '0': CMAKE_PREFIX_PATH=${CMAKE_PREFIX_PATH}:/opt/ros/jazzy DEBUGINFOD_URLS=https://debuginfod.ubuntu.com /usr/bin/cmake --install /home/ajval/Digital-Twin-Cybersecurity/x500_physical_model/build/px4_msgs
[118.931s] Level 1:colcon.colcon_core.environment:checking '/home/ajval/Digital-Twin-Cybersecurity/x500_physical_model/install/px4_msgs' for CMake module files
[118.932s] Level 1:colcon.colcon_core.environment:checking '/home/ajval/Digital-Twin-Cybersecurity/x500_physical_model/install/px4_msgs' for CMake config files
[118.932s] Level 1:colcon.colcon_core.shell:create_environment_hook('px4_msgs', 'cmake_prefix_path')
[118.932s] INFO:colcon.colcon_core.shell:Creating environment hook '/home/ajval/Digital-Twin-Cybersecurity/x500_physical_model/install/px4_msgs/share/px4_msgs/hook/cmake_prefix_path.ps1'
[118.932s] INFO:colcon.colcon_core.shell:Creating environment descriptor '/home/ajval/Digital-Twin-Cybersecurity/x500_physical_model/install/px4_msgs/share/px4_msgs/hook/cmake_prefix_path.dsv'
[118.932s] INFO:colcon.colcon_core.shell:Creating environment hook '/home/ajval/Digital-Twin-Cybersecurity/x500_physical_model/install/px4_msgs/share/px4_msgs/hook/cmake_prefix_path.sh'
[118.932s] Level 1:colcon.colcon_core.environment:checking '/home/ajval/Digital-Twin-Cybersecurity/x500_physical_model/install/px4_msgs/lib'
[118.933s] Level 1:colcon.colcon_core.shell:create_environment_hook('px4_msgs', 'ld_library_path_lib')
[118.933s] INFO:colcon.colcon_core.shell:Creating environment hook '/home/ajval/Digital-Twin-Cybersecurity/x500_physical_model/install/px4_msgs/share/px4_msgs/hook/ld_library_path_lib.ps1'
[118.933s] INFO:colcon.colcon_core.shell:Creating environment descriptor '/home/ajval/Digital-Twin-Cybersecurity/x500_physical_model/install/px4_msgs/share/px4_msgs/hook/ld_library_path_lib.dsv'
[118.933s] INFO:colcon.colcon_core.shell:Creating environment hook '/home/ajval/Digital-Twin-Cybersecurity/x500_physical_model/install/px4_msgs/share/px4_msgs/hook/ld_library_path_lib.sh'
[118.933s] Level 1:colcon.colcon_core.environment:checking '/home/ajval/Digital-Twin-Cybersecurity/x500_physical_model/install/px4_msgs/bin'
[118.933s] Level 1:colcon.colcon_core.environment:checking '/home/ajval/Digital-Twin-Cybersecurity/x500_physical_model/install/px4_msgs/lib/pkgconfig/px4_msgs.pc'
[118.933s] Level 1:colcon.colcon_core.environment:checking '/home/ajval/Digital-Twin-Cybersecurity/x500_physical_model/install/px4_msgs/lib/python3.12/site-packages'
[118.933s] Level 1:colcon.colcon_core.shell:create_environment_hook('px4_msgs', 'pythonpath')
[118.933s] INFO:colcon.colcon_core.shell:Creating environment hook '/home/ajval/Digital-Twin-Cybersecurity/x500_physical_model/install/px4_msgs/share/px4_msgs/hook/pythonpath.ps1'
[118.934s] INFO:colcon.colcon_core.shell:Creating environment descriptor '/home/ajval/Digital-Twin-Cybersecurity/x500_physical_model/install/px4_msgs/share/px4_msgs/hook/pythonpath.dsv'
[118.934s] INFO:colcon.colcon_core.shell:Creating environment hook '/home/ajval/Digital-Twin-Cybersecurity/x500_physical_model/install/px4_msgs/share/px4_msgs/hook/pythonpath.sh'
[118.934s] Level 1:colcon.colcon_core.environment:checking '/home/ajval/Digital-Twin-Cybersecurity/x500_physical_model/install/px4_msgs/bin'
[118.934s] INFO:colcon.colcon_core.shell:Creating package script '/home/ajval/Digital-Twin-Cybersecurity/x500_physical_model/install/px4_msgs/share/px4_msgs/package.ps1'
[118.934s] INFO:colcon.colcon_core.shell:Creating package descriptor '/home/ajval/Digital-Twin-Cybersecurity/x500_physical_model/install/px4_msgs/share/px4_msgs/package.dsv'
[118.935s] INFO:colcon.colcon_core.shell:Creating package script '/home/ajval/Digital-Twin-Cybersecurity/x500_physical_model/install/px4_msgs/share/px4_msgs/package.sh'
[118.935s] INFO:colcon.colcon_core.shell:Creating package script '/home/ajval/Digital-Twin-Cybersecurity/x500_physical_model/install/px4_msgs/share/px4_msgs/package.bash'
[118.935s] INFO:colcon.colcon_core.shell:Creating package script '/home/ajval/Digital-Twin-Cybersecurity/x500_physical_model/install/px4_msgs/share/px4_msgs/package.zsh'
[118.935s] Level 1:colcon.colcon_core.environment:create_file_with_runtime_dependencies(/home/ajval/Digital-Twin-Cybersecurity/x500_physical_model/install/px4_msgs/share/colcon-core/packages/px4_msgs)
[118.935s] Level 1:colcon.colcon_core.environment:create_environment_scripts_only(px4_msgs)
[118.935s] Level 1:colcon.colcon_core.environment:checking '/home/ajval/Digital-Twin-Cybersecurity/x500_physical_model/install/px4_msgs' for CMake module files
[118.936s] Level 1:colcon.colcon_core.environment:checking '/home/ajval/Digital-Twin-Cybersecurity/x500_physical_model/install/px4_msgs' for CMake config files
[118.936s] Level 1:colcon.colcon_core.shell:create_environment_hook('px4_msgs', 'cmake_prefix_path')
[118.936s] INFO:colcon.colcon_core.shell:Creating environment hook '/home/ajval/Digital-Twin-Cybersecurity/x500_physical_model/install/px4_msgs/share/px4_msgs/hook/cmake_prefix_path.ps1'
[118.936s] INFO:colcon.colcon_core.shell:Creating environment descriptor '/home/ajval/Digital-Twin-Cybersecurity/x500_physical_model/install/px4_msgs/share/px4_msgs/hook/cmake_prefix_path.dsv'
[118.936s] INFO:colcon.colcon_core.shell:Creating environment hook '/home/ajval/Digital-Twin-Cybersecurity/x500_physical_model/install/px4_msgs/share/px4_msgs/hook/cmake_prefix_path.sh'
[118.936s] Level 1:colcon.colcon_core.environment:checking '/home/ajval/Digital-Twin-Cybersecurity/x500_physical_model/install/px4_msgs/lib'
[118.936s] Level 1:colcon.colcon_core.shell:create_environment_hook('px4_msgs', 'ld_library_path_lib')
[118.937s] INFO:colcon.colcon_core.shell:Creating environment hook '/home/ajval/Digital-Twin-Cybersecurity/x500_physical_model/install/px4_msgs/share/px4_msgs/hook/ld_library_path_lib.ps1'
[118.937s] INFO:colcon.colcon_core.shell:Creating environment descriptor '/home/ajval/Digital-Twin-Cybersecurity/x500_physical_model/install/px4_msgs/share/px4_msgs/hook/ld_library_path_lib.dsv'
[118.937s] INFO:colcon.colcon_core.shell:Creating environment hook '/home/ajval/Digital-Twin-Cybersecurity/x500_physical_model/install/px4_msgs/share/px4_msgs/hook/ld_library_path_lib.sh'
[118.937s] Level 1:colcon.colcon_core.environment:checking '/home/ajval/Digital-Twin-Cybersecurity/x500_physical_model/install/px4_msgs/bin'
[118.937s] Level 1:colcon.colcon_core.environment:checking '/home/ajval/Digital-Twin-Cybersecurity/x500_physical_model/install/px4_msgs/lib/pkgconfig/px4_msgs.pc'
[118.937s] Level 1:colcon.colcon_core.environment:checking '/home/ajval/Digital-Twin-Cybersecurity/x500_physical_model/install/px4_msgs/lib/python3.12/site-packages'
[118.937s] Level 1:colcon.colcon_core.shell:create_environment_hook('px4_msgs', 'pythonpath')
[118.937s] INFO:colcon.colcon_core.shell:Creating environment hook '/home/ajval/Digital-Twin-Cybersecurity/x500_physical_model/install/px4_msgs/share/px4_msgs/hook/pythonpath.ps1'
[118.937s] INFO:colcon.colcon_core.shell:Creating environment descriptor '/home/ajval/Digital-Twin-Cybersecurity/x500_physical_model/install/px4_msgs/share/px4_msgs/hook/pythonpath.dsv'
[118.938s] INFO:colcon.colcon_core.shell:Creating environment hook '/home/ajval/Digital-Twin-Cybersecurity/x500_physical_model/install/px4_msgs/share/px4_msgs/hook/pythonpath.sh'
[118.938s] Level 1:colcon.colcon_core.environment:checking '/home/ajval/Digital-Twin-Cybersecurity/x500_physical_model/install/px4_msgs/bin'
[118.938s] INFO:colcon.colcon_core.shell:Creating package script '/home/ajval/Digital-Twin-Cybersecurity/x500_physical_model/install/px4_msgs/share/px4_msgs/package.ps1'
[118.938s] INFO:colcon.colcon_core.shell:Creating package descriptor '/home/ajval/Digital-Twin-Cybersecurity/x500_physical_model/install/px4_msgs/share/px4_msgs/package.dsv'
[118.942s] INFO:colcon.colcon_core.shell:Creating package script '/home/ajval/Digital-Twin-Cybersecurity/x500_physical_model/install/px4_msgs/share/px4_msgs/package.sh'
[118.942s] INFO:colcon.colcon_core.shell:Creating package script '/home/ajval/Digital-Twin-Cybersecurity/x500_physical_model/install/px4_msgs/share/px4_msgs/package.bash'
[118.943s] INFO:colcon.colcon_core.shell:Creating package script '/home/ajval/Digital-Twin-Cybersecurity/x500_physical_model/install/px4_msgs/share/px4_msgs/package.zsh'
[118.943s] Level 1:colcon.colcon_core.environment:create_file_with_runtime_dependencies(/home/ajval/Digital-Twin-Cybersecurity/x500_physical_model/install/px4_msgs/share/colcon-core/packages/px4_msgs)
[118.943s] INFO:colcon.colcon_ros.task.ament_python.build:Building ROS package in '/home/ajval/Digital-Twin-Cybersecurity/x500_physical_model/src/px4-offboard' with build type 'ament_python'
[118.943s] Level 1:colcon.colcon_core.shell:create_environment_hook('px4_offboard', 'ament_prefix_path')
[118.943s] INFO:colcon.colcon_core.shell:Creating environment hook '/home/ajval/Digital-Twin-Cybersecurity/x500_physical_model/install/px4_offboard/share/px4_offboard/hook/ament_prefix_path.ps1'
[118.944s] INFO:colcon.colcon_core.shell:Creating environment descriptor '/home/ajval/Digital-Twin-Cybersecurity/x500_physical_model/install/px4_offboard/share/px4_offboard/hook/ament_prefix_path.dsv'
[118.945s] INFO:colcon.colcon_core.shell:Creating environment hook '/home/ajval/Digital-Twin-Cybersecurity/x500_physical_model/install/px4_offboard/share/px4_offboard/hook/ament_prefix_path.sh'
[118.945s] INFO:colcon.colcon_core.shell:Skip shell extension 'powershell' for command environment: Not usable outside of PowerShell
[118.945s] DEBUG:colcon.colcon_core.shell:Skip shell extension 'dsv' for command environment
[118.948s] INFO:colcon.colcon_ros.task.ament_cmake.build:Building ROS package in '/home/ajval/Digital-Twin-Cybersecurity/x500_physical_model/src/px4_ros_com' with build type 'ament_cmake'
[118.948s] INFO:colcon.colcon_cmake.task.cmake.build:Building CMake package in '/home/ajval/Digital-Twin-Cybersecurity/x500_physical_model/src/px4_ros_com'
[118.948s] INFO:colcon.colcon_core.shell:Skip shell extension 'powershell' for command environment: Not usable outside of PowerShell
[118.948s] DEBUG:colcon.colcon_core.shell:Skip shell extension 'dsv' for command environment
[119.074s] INFO:colcon.colcon_core.task.python.build:Building Python package in '/home/ajval/Digital-Twin-Cybersecurity/x500_physical_model/src/px4-offboard'
[119.074s] INFO:colcon.colcon_core.shell:Skip shell extension 'powershell' for command environment: Not usable outside of PowerShell
[119.074s] DEBUG:colcon.colcon_core.shell:Skip shell extension 'dsv' for command environment
[119.078s] DEBUG:colcon.colcon_core.event_handler.log_command:Invoking command in '/home/ajval/Digital-Twin-Cybersecurity/x500_physical_model/build/px4_ros_com': AMENT_PREFIX_PATH=/home/ajval/Digital-Twin-Cybersecurity/x500_physical_model/install/px4_msgs:${AMENT_PREFIX_PATH} CMAKE_PREFIX_PATH=/home/ajval/Digital-Twin-Cybersecurity/x500_physical_model/install/px4_msgs:/home/ajval/px4_ros_com_ros2/install/px4_ros_com:/home/ajval/px4_ros_com_ros2/install/px4_msgs:/opt/ros/jazzy/opt/gz_sim_vendor:/opt/ros/jazzy/opt/gz_sensors_vendor:/opt/ros/jazzy/opt/gz_physics_vendor:/opt/ros/jazzy/opt/sdformat_vendor:/opt/ros/jazzy/opt/gz_gui_vendor:/opt/ros/jazzy/opt/gz_transport_vendor:/opt/ros/jazzy/opt/gz_rendering_vendor:/opt/ros/jazzy/opt/gz_plugin_vendor:/opt/ros/jazzy/opt/gz_fuel_tools_vendor:/opt/ros/jazzy/opt/gz_msgs_vendor:/opt/ros/jazzy/opt/gz_common_vendor:/opt/ros/jazzy/opt/gz_math_vendor:/opt/ros/jazzy/opt/gz_utils_vendor:/opt/ros/jazzy/opt/gz_tools_vendor:/opt/ros/jazzy/opt/gz_ogre_next_vendor:/opt/ros/jazzy/opt/gz_dartsim_vendor:/opt/ros/jazzy/opt/gz_cmake_vendor:/opt/ros/jazzy DEBUGINFOD_URLS=https://debuginfod.ubuntu.com LD_LIBRARY_PATH=/home/ajval/Digital-Twin-Cybersecurity/x500_physical_model/install/px4_msgs/lib:${LD_LIBRARY_PATH} PYTHONPATH=/home/ajval/Digital-Twin-Cybersecurity/x500_physical_model/install/px4_msgs/lib/python3.12/site-packages:${PYTHONPATH} /usr/bin/cmake /home/ajval/Digital-Twin-Cybersecurity/x500_physical_model/src/px4_ros_com -DCMAKE_INSTALL_PREFIX=/home/ajval/Digital-Twin-Cybersecurity/x500_physical_model/install/px4_ros_com
[119.470s] DEBUG:colcon.colcon_core.event_handler.log_command:Invoking command in '/home/ajval/Digital-Twin-Cybersecurity/x500_physical_model/src/px4-offboard': AMENT_PREFIX_PATH=/home/ajval/Digital-Twin-Cybersecurity/x500_physical_model/install/px4_msgs:${AMENT_PREFIX_PATH} CMAKE_PREFIX_PATH=/home/ajval/Digital-Twin-Cybersecurity/x500_physical_model/install/px4_msgs:${CMAKE_PREFIX_PATH} DEBUGINFOD_URLS=https://debuginfod.ubuntu.com LD_LIBRARY_PATH=/home/ajval/Digital-Twin-Cybersecurity/x500_physical_model/install/px4_msgs/lib:${LD_LIBRARY_PATH} PYTHONPATH=/home/ajval/Digital-Twin-Cybersecurity/x500_physical_model/build/px4_offboard/prefix_override:/usr/lib/python3/dist-packages/colcon_core/task/python/colcon_distutils_commands:/home/ajval/Digital-Twin-Cybersecurity/x500_physical_model/install/px4_offboard/lib/python3.12/site-packages:/home/ajval/Digital-Twin-Cybersecurity/x500_physical_model/install/px4_msgs/lib/python3.12/site-packages:${PYTHONPATH} /usr/bin/python3 -W ignore:setup.py install is deprecated -W ignore:easy_install command is deprecated setup.py egg_info --egg-base ../../build/px4_offboard build --build-base /home/ajval/Digital-Twin-Cybersecurity/x500_physical_model/build/px4_offboard/build install --record /home/ajval/Digital-Twin-Cybersecurity/x500_physical_model/build/px4_offboard/install.log --single-version-externally-managed install_data
[119.773s] Level 1:colcon.colcon_core.environment:checking '/home/ajval/Digital-Twin-Cybersecurity/x500_physical_model/install/px4_offboard' for CMake module files
[119.774s] DEBUG:colcon.colcon_core.event_handler.log_command:Invoked command in '/home/ajval/Digital-Twin-Cybersecurity/x500_physical_model/src/px4-offboard' returned '0': AMENT_PREFIX_PATH=/home/ajval/Digital-Twin-Cybersecurity/x500_physical_model/install/px4_msgs:${AMENT_PREFIX_PATH} CMAKE_PREFIX_PATH=/home/ajval/Digital-Twin-Cybersecurity/x500_physical_model/install/px4_msgs:${CMAKE_PREFIX_PATH} DEBUGINFOD_URLS=https://debuginfod.ubuntu.com LD_LIBRARY_PATH=/home/ajval/Digital-Twin-Cybersecurity/x500_physical_model/install/px4_msgs/lib:${LD_LIBRARY_PATH} PYTHONPATH=/home/ajval/Digital-Twin-Cybersecurity/x500_physical_model/build/px4_offboard/prefix_override:/usr/lib/python3/dist-packages/colcon_core/task/python/colcon_distutils_commands:/home/ajval/Digital-Twin-Cybersecurity/x500_physical_model/install/px4_offboard/lib/python3.12/site-packages:/home/ajval/Digital-Twin-Cybersecurity/x500_physical_model/install/px4_msgs/lib/python3.12/site-packages:${PYTHONPATH} /usr/bin/python3 -W ignore:setup.py install is deprecated -W ignore:easy_install command is deprecated setup.py egg_info --egg-base ../../build/px4_offboard build --build-base /home/ajval/Digital-Twin-Cybersecurity/x500_physical_model/build/px4_offboard/build install --record /home/ajval/Digital-Twin-Cybersecurity/x500_physical_model/build/px4_offboard/install.log --single-version-externally-managed install_data
[119.774s] Level 1:colcon.colcon_core.environment:checking '/home/ajval/Digital-Twin-Cybersecurity/x500_physical_model/install/px4_offboard' for CMake config files
[119.774s] Level 1:colcon.colcon_core.environment:checking '/home/ajval/Digital-Twin-Cybersecurity/x500_physical_model/install/px4_offboard/lib'
[119.774s] Level 1:colcon.colcon_core.environment:checking '/home/ajval/Digital-Twin-Cybersecurity/x500_physical_model/install/px4_offboard/bin'
[119.774s] Level 1:colcon.colcon_core.environment:checking '/home/ajval/Digital-Twin-Cybersecurity/x500_physical_model/install/px4_offboard/lib/pkgconfig/px4_offboard.pc'
[119.775s] Level 1:colcon.colcon_core.environment:checking '/home/ajval/Digital-Twin-Cybersecurity/x500_physical_model/install/px4_offboard/lib/python3.12/site-packages'
[119.775s] Level 1:colcon.colcon_core.shell:create_environment_hook('px4_offboard', 'pythonpath')
[119.775s] INFO:colcon.colcon_core.shell:Creating environment hook '/home/ajval/Digital-Twin-Cybersecurity/x500_physical_model/install/px4_offboard/share/px4_offboard/hook/pythonpath.ps1'
[119.775s] INFO:colcon.colcon_core.shell:Creating environment descriptor '/home/ajval/Digital-Twin-Cybersecurity/x500_physical_model/install/px4_offboard/share/px4_offboard/hook/pythonpath.dsv'
[119.775s] INFO:colcon.colcon_core.shell:Creating environment hook '/home/ajval/Digital-Twin-Cybersecurity/x500_physical_model/install/px4_offboard/share/px4_offboard/hook/pythonpath.sh'
[119.776s] Level 1:colcon.colcon_core.environment:checking '/home/ajval/Digital-Twin-Cybersecurity/x500_physical_model/install/px4_offboard/bin'
[119.776s] Level 1:colcon.colcon_core.environment:create_environment_scripts_only(px4_offboard)
[119.776s] INFO:colcon.colcon_core.shell:Creating package script '/home/ajval/Digital-Twin-Cybersecurity/x500_physical_model/install/px4_offboard/share/px4_offboard/package.ps1'
[119.776s] INFO:colcon.colcon_core.shell:Creating package descriptor '/home/ajval/Digital-Twin-Cybersecurity/x500_physical_model/install/px4_offboard/share/px4_offboard/package.dsv'
[119.776s] INFO:colcon.colcon_core.shell:Creating package script '/home/ajval/Digital-Twin-Cybersecurity/x500_physical_model/install/px4_offboard/share/px4_offboard/package.sh'
[119.776s] INFO:colcon.colcon_core.shell:Creating package script '/home/ajval/Digital-Twin-Cybersecurity/x500_physical_model/install/px4_offboard/share/px4_offboard/package.bash'
[119.777s] INFO:colcon.colcon_core.shell:Creating package script '/home/ajval/Digital-Twin-Cybersecurity/x500_physical_model/install/px4_offboard/share/px4_offboard/package.zsh'
[119.777s] Level 1:colcon.colcon_core.environment:create_file_with_runtime_dependencies(/home/ajval/Digital-Twin-Cybersecurity/x500_physical_model/install/px4_offboard/share/colcon-core/packages/px4_offboard)
[120.044s] DEBUG:colcon.colcon_core.event_handler.log_command:Invoked command in '/home/ajval/Digital-Twin-Cybersecurity/x500_physical_model/build/px4_ros_com' returned '0': AMENT_PREFIX_PATH=/home/ajval/Digital-Twin-Cybersecurity/x500_physical_model/install/px4_msgs:${AMENT_PREFIX_PATH} CMAKE_PREFIX_PATH=/home/ajval/Digital-Twin-Cybersecurity/x500_physical_model/install/px4_msgs:/home/ajval/px4_ros_com_ros2/install/px4_ros_com:/home/ajval/px4_ros_com_ros2/install/px4_msgs:/opt/ros/jazzy/opt/gz_sim_vendor:/opt/ros/jazzy/opt/gz_sensors_vendor:/opt/ros/jazzy/opt/gz_physics_vendor:/opt/ros/jazzy/opt/sdformat_vendor:/opt/ros/jazzy/opt/gz_gui_vendor:/opt/ros/jazzy/opt/gz_transport_vendor:/opt/ros/jazzy/opt/gz_rendering_vendor:/opt/ros/jazzy/opt/gz_plugin_vendor:/opt/ros/jazzy/opt/gz_fuel_tools_vendor:/opt/ros/jazzy/opt/gz_msgs_vendor:/opt/ros/jazzy/opt/gz_common_vendor:/opt/ros/jazzy/opt/gz_math_vendor:/opt/ros/jazzy/opt/gz_utils_vendor:/opt/ros/jazzy/opt/gz_tools_vendor:/opt/ros/jazzy/opt/gz_ogre_next_vendor:/opt/ros/jazzy/opt/gz_dartsim_vendor:/opt/ros/jazzy/opt/gz_cmake_vendor:/opt/ros/jazzy DEBUGINFOD_URLS=https://debuginfod.ubuntu.com LD_LIBRARY_PATH=/home/ajval/Digital-Twin-Cybersecurity/x500_physical_model/install/px4_msgs/lib:${LD_LIBRARY_PATH} PYTHONPATH=/home/ajval/Digital-Twin-Cybersecurity/x500_physical_model/install/px4_msgs/lib/python3.12/site-packages:${PYTHONPATH} /usr/bin/cmake /home/ajval/Digital-Twin-Cybersecurity/x500_physical_model/src/px4_ros_com -DCMAKE_INSTALL_PREFIX=/home/ajval/Digital-Twin-Cybersecurity/x500_physical_model/install/px4_ros_com
[120.045s] DEBUG:colcon.colcon_core.event_handler.log_command:Invoking command in '/home/ajval/Digital-Twin-Cybersecurity/x500_physical_model/build/px4_ros_com': AMENT_PREFIX_PATH=/home/ajval/Digital-Twin-Cybersecurity/x500_physical_model/install/px4_msgs:${AMENT_PREFIX_PATH} CMAKE_PREFIX_PATH=/home/ajval/Digital-Twin-Cybersecurity/x500_physical_model/install/px4_msgs:/home/ajval/px4_ros_com_ros2/install/px4_ros_com:/home/ajval/px4_ros_com_ros2/install/px4_msgs:/opt/ros/jazzy/opt/gz_sim_vendor:/opt/ros/jazzy/opt/gz_sensors_vendor:/opt/ros/jazzy/opt/gz_physics_vendor:/opt/ros/jazzy/opt/sdformat_vendor:/opt/ros/jazzy/opt/gz_gui_vendor:/opt/ros/jazzy/opt/gz_transport_vendor:/opt/ros/jazzy/opt/gz_rendering_vendor:/opt/ros/jazzy/opt/gz_plugin_vendor:/opt/ros/jazzy/opt/gz_fuel_tools_vendor:/opt/ros/jazzy/opt/gz_msgs_vendor:/opt/ros/jazzy/opt/gz_common_vendor:/opt/ros/jazzy/opt/gz_math_vendor:/opt/ros/jazzy/opt/gz_utils_vendor:/opt/ros/jazzy/opt/gz_tools_vendor:/opt/ros/jazzy/opt/gz_ogre_next_vendor:/opt/ros/jazzy/opt/gz_dartsim_vendor:/opt/ros/jazzy/opt/gz_cmake_vendor:/opt/ros/jazzy DEBUGINFOD_URLS=https://debuginfod.ubuntu.com LD_LIBRARY_PATH=/home/ajval/Digital-Twin-Cybersecurity/x500_physical_model/install/px4_msgs/lib:${LD_LIBRARY_PATH} PYTHONPATH=/home/ajval/Digital-Twin-Cybersecurity/x500_physical_model/install/px4_msgs/lib/python3.12/site-packages:${PYTHONPATH} /usr/bin/cmake --build /home/ajval/Digital-Twin-Cybersecurity/x500_physical_model/build/px4_ros_com -- -j22 -l22
[125.100s] DEBUG:colcon.colcon_core.event_handler.log_command:Invoked command in '/home/ajval/Digital-Twin-Cybersecurity/x500_physical_model/build/px4_ros_com' returned '0': AMENT_PREFIX_PATH=/home/ajval/Digital-Twin-Cybersecurity/x500_physical_model/install/px4_msgs:${AMENT_PREFIX_PATH} CMAKE_PREFIX_PATH=/home/ajval/Digital-Twin-Cybersecurity/x500_physical_model/install/px4_msgs:/home/ajval/px4_ros_com_ros2/install/px4_ros_com:/home/ajval/px4_ros_com_ros2/install/px4_msgs:/opt/ros/jazzy/opt/gz_sim_vendor:/opt/ros/jazzy/opt/gz_sensors_vendor:/opt/ros/jazzy/opt/gz_physics_vendor:/opt/ros/jazzy/opt/sdformat_vendor:/opt/ros/jazzy/opt/gz_gui_vendor:/opt/ros/jazzy/opt/gz_transport_vendor:/opt/ros/jazzy/opt/gz_rendering_vendor:/opt/ros/jazzy/opt/gz_plugin_vendor:/opt/ros/jazzy/opt/gz_fuel_tools_vendor:/opt/ros/jazzy/opt/gz_msgs_vendor:/opt/ros/jazzy/opt/gz_common_vendor:/opt/ros/jazzy/opt/gz_math_vendor:/opt/ros/jazzy/opt/gz_utils_vendor:/opt/ros/jazzy/opt/gz_tools_vendor:/opt/ros/jazzy/opt/gz_ogre_next_vendor:/opt/ros/jazzy/opt/gz_dartsim_vendor:/opt/ros/jazzy/opt/gz_cmake_vendor:/opt/ros/jazzy DEBUGINFOD_URLS=https://debuginfod.ubuntu.com LD_LIBRARY_PATH=/home/ajval/Digital-Twin-Cybersecurity/x500_physical_model/install/px4_msgs/lib:${LD_LIBRARY_PATH} PYTHONPATH=/home/ajval/Digital-Twin-Cybersecurity/x500_physical_model/install/px4_msgs/lib/python3.12/site-packages:${PYTHONPATH} /usr/bin/cmake --build /home/ajval/Digital-Twin-Cybersecurity/x500_physical_model/build/px4_ros_com -- -j22 -l22
[125.100s] DEBUG:colcon.colcon_core.event_handler.log_command:Invoking command in '/home/ajval/Digital-Twin-Cybersecurity/x500_physical_model/build/px4_ros_com': AMENT_PREFIX_PATH=/home/ajval/Digital-Twin-Cybersecurity/x500_physical_model/install/px4_msgs:${AMENT_PREFIX_PATH} CMAKE_PREFIX_PATH=/home/ajval/Digital-Twin-Cybersecurity/x500_physical_model/install/px4_msgs:/home/ajval/px4_ros_com_ros2/install/px4_ros_com:/home/ajval/px4_ros_com_ros2/install/px4_msgs:/opt/ros/jazzy/opt/gz_sim_vendor:/opt/ros/jazzy/opt/gz_sensors_vendor:/opt/ros/jazzy/opt/gz_physics_vendor:/opt/ros/jazzy/opt/sdformat_vendor:/opt/ros/jazzy/opt/gz_gui_vendor:/opt/ros/jazzy/opt/gz_transport_vendor:/opt/ros/jazzy/opt/gz_rendering_vendor:/opt/ros/jazzy/opt/gz_plugin_vendor:/opt/ros/jazzy/opt/gz_fuel_tools_vendor:/opt/ros/jazzy/opt/gz_msgs_vendor:/opt/ros/jazzy/opt/gz_common_vendor:/opt/ros/jazzy/opt/gz_math_vendor:/opt/ros/jazzy/opt/gz_utils_vendor:/opt/ros/jazzy/opt/gz_tools_vendor:/opt/ros/jazzy/opt/gz_ogre_next_vendor:/opt/ros/jazzy/opt/gz_dartsim_vendor:/opt/ros/jazzy/opt/gz_cmake_vendor:/opt/ros/jazzy DEBUGINFOD_URLS=https://debuginfod.ubuntu.com LD_LIBRARY_PATH=/home/ajval/Digital-Twin-Cybersecurity/x500_physical_model/install/px4_msgs/lib:${LD_LIBRARY_PATH} PYTHONPATH=/home/ajval/Digital-Twin-Cybersecurity/x500_physical_model/install/px4_msgs/lib/python3.12/site-packages:${PYTHONPATH} /usr/bin/cmake --install /home/ajval/Digital-Twin-Cybersecurity/x500_physical_model/build/px4_ros_com
[125.147s] Level 1:colcon.colcon_core.environment:create_environment_scripts_only(px4_ros_com)
[125.148s] Level 1:colcon.colcon_core.environment:checking '/home/ajval/Digital-Twin-Cybersecurity/x500_physical_model/install/px4_ros_com' for CMake module files
[125.148s] DEBUG:colcon.colcon_core.event_handler.log_command:Invoked command in '/home/ajval/Digital-Twin-Cybersecurity/x500_physical_model/build/px4_ros_com' returned '0': AMENT_PREFIX_PATH=/home/ajval/Digital-Twin-Cybersecurity/x500_physical_model/install/px4_msgs:${AMENT_PREFIX_PATH} CMAKE_PREFIX_PATH=/home/ajval/Digital-Twin-Cybersecurity/x500_physical_model/install/px4_msgs:/home/ajval/px4_ros_com_ros2/install/px4_ros_com:/home/ajval/px4_ros_com_ros2/install/px4_msgs:/opt/ros/jazzy/opt/gz_sim_vendor:/opt/ros/jazzy/opt/gz_sensors_vendor:/opt/ros/jazzy/opt/gz_physics_vendor:/opt/ros/jazzy/opt/sdformat_vendor:/opt/ros/jazzy/opt/gz_gui_vendor:/opt/ros/jazzy/opt/gz_transport_vendor:/opt/ros/jazzy/opt/gz_rendering_vendor:/opt/ros/jazzy/opt/gz_plugin_vendor:/opt/ros/jazzy/opt/gz_fuel_tools_vendor:/opt/ros/jazzy/opt/gz_msgs_vendor:/opt/ros/jazzy/opt/gz_common_vendor:/opt/ros/jazzy/opt/gz_math_vendor:/opt/ros/jazzy/opt/gz_utils_vendor:/opt/ros/jazzy/opt/gz_tools_vendor:/opt/ros/jazzy/opt/gz_ogre_next_vendor:/opt/ros/jazzy/opt/gz_dartsim_vendor:/opt/ros/jazzy/opt/gz_cmake_vendor:/opt/ros/jazzy DEBUGINFOD_URLS=https://debuginfod.ubuntu.com LD_LIBRARY_PATH=/home/ajval/Digital-Twin-Cybersecurity/x500_physical_model/install/px4_msgs/lib:${LD_LIBRARY_PATH} PYTHONPATH=/home/ajval/Digital-Twin-Cybersecurity/x500_physical_model/install/px4_msgs/lib/python3.12/site-packages:${PYTHONPATH} /usr/bin/cmake --install /home/ajval/Digital-Twin-Cybersecurity/x500_physical_model/build/px4_ros_com
[125.148s] Level 1:colcon.colcon_core.environment:checking '/home/ajval/Digital-Twin-Cybersecurity/x500_physical_model/install/px4_ros_com' for CMake config files
[125.148s] Level 1:colcon.colcon_core.shell:create_environment_hook('px4_ros_com', 'cmake_prefix_path')
[125.148s] INFO:colcon.colcon_core.shell:Creating environment hook '/home/ajval/Digital-Twin-Cybersecurity/x500_physical_model/install/px4_ros_com/share/px4_ros_com/hook/cmake_prefix_path.ps1'
[125.149s] INFO:colcon.colcon_core.shell:Creating environment descriptor '/home/ajval/Digital-Twin-Cybersecurity/x500_physical_model/install/px4_ros_com/share/px4_ros_com/hook/cmake_prefix_path.dsv'
[125.149s] INFO:colcon.colcon_core.shell:Creating environment hook '/home/ajval/Digital-Twin-Cybersecurity/x500_physical_model/install/px4_ros_com/share/px4_ros_com/hook/cmake_prefix_path.sh'
[125.149s] Level 1:colcon.colcon_core.environment:checking '/home/ajval/Digital-Twin-Cybersecurity/x500_physical_model/install/px4_ros_com/lib'
[125.149s] Level 1:colcon.colcon_core.shell:create_environment_hook('px4_ros_com', 'ld_library_path_lib')
[125.149s] INFO:colcon.colcon_core.shell:Creating environment hook '/home/ajval/Digital-Twin-Cybersecurity/x500_physical_model/install/px4_ros_com/share/px4_ros_com/hook/ld_library_path_lib.ps1'
[125.149s] INFO:colcon.colcon_core.shell:Creating environment descriptor '/home/ajval/Digital-Twin-Cybersecurity/x500_physical_model/install/px4_ros_com/share/px4_ros_com/hook/ld_library_path_lib.dsv'
[125.149s] INFO:colcon.colcon_core.shell:Creating environment hook '/home/ajval/Digital-Twin-Cybersecurity/x500_physical_model/install/px4_ros_com/share/px4_ros_com/hook/ld_library_path_lib.sh'
[125.150s] Level 1:colcon.colcon_core.environment:checking '/home/ajval/Digital-Twin-Cybersecurity/x500_physical_model/install/px4_ros_com/bin'
[125.150s] Level 1:colcon.colcon_core.environment:checking '/home/ajval/Digital-Twin-Cybersecurity/x500_physical_model/install/px4_ros_com/lib/pkgconfig/px4_ros_com.pc'
[125.150s] Level 1:colcon.colcon_core.environment:checking '/home/ajval/Digital-Twin-Cybersecurity/x500_physical_model/install/px4_ros_com/lib/python3.12/site-packages'
[125.150s] Level 1:colcon.colcon_core.shell:create_environment_hook('px4_ros_com', 'pythonpath')
[125.150s] INFO:colcon.colcon_core.shell:Creating environment hook '/home/ajval/Digital-Twin-Cybersecurity/x500_physical_model/install/px4_ros_com/share/px4_ros_com/hook/pythonpath.ps1'
[125.150s] INFO:colcon.colcon_core.shell:Creating environment descriptor '/home/ajval/Digital-Twin-Cybersecurity/x500_physical_model/install/px4_ros_com/share/px4_ros_com/hook/pythonpath.dsv'
[125.150s] INFO:colcon.colcon_core.shell:Creating environment hook '/home/ajval/Digital-Twin-Cybersecurity/x500_physical_model/install/px4_ros_com/share/px4_ros_com/hook/pythonpath.sh'
[125.150s] Level 1:colcon.colcon_core.environment:checking '/home/ajval/Digital-Twin-Cybersecurity/x500_physical_model/install/px4_ros_com/bin'
[125.151s] INFO:colcon.colcon_core.shell:Creating package script '/home/ajval/Digital-Twin-Cybersecurity/x500_physical_model/install/px4_ros_com/share/px4_ros_com/package.ps1'
[125.151s] INFO:colcon.colcon_core.shell:Creating package descriptor '/home/ajval/Digital-Twin-Cybersecurity/x500_physical_model/install/px4_ros_com/share/px4_ros_com/package.dsv'
[125.151s] INFO:colcon.colcon_core.shell:Creating package script '/home/ajval/Digital-Twin-Cybersecurity/x500_physical_model/install/px4_ros_com/share/px4_ros_com/package.sh'
[125.151s] INFO:colcon.colcon_core.shell:Creating package script '/home/ajval/Digital-Twin-Cybersecurity/x500_physical_model/install/px4_ros_com/share/px4_ros_com/package.bash'
[125.151s] INFO:colcon.colcon_core.shell:Creating package script '/home/ajval/Digital-Twin-Cybersecurity/x500_physical_model/install/px4_ros_com/share/px4_ros_com/package.zsh'
[125.152s] Level 1:colcon.colcon_core.environment:create_file_with_runtime_dependencies(/home/ajval/Digital-Twin-Cybersecurity/x500_physical_model/install/px4_ros_com/share/colcon-core/packages/px4_ros_com)
[125.152s] Level 1:colcon.colcon_core.environment:create_environment_scripts_only(px4_ros_com)
[125.152s] Level 1:colcon.colcon_core.environment:checking '/home/ajval/Digital-Twin-Cybersecurity/x500_physical_model/install/px4_ros_com' for CMake module files
[125.152s] Level 1:colcon.colcon_core.environment:checking '/home/ajval/Digital-Twin-Cybersecurity/x500_physical_model/install/px4_ros_com' for CMake config files
[125.152s] Level 1:colcon.colcon_core.shell:create_environment_hook('px4_ros_com', 'cmake_prefix_path')
[125.152s] INFO:colcon.colcon_core.shell:Creating environment hook '/home/ajval/Digital-Twin-Cybersecurity/x500_physical_model/install/px4_ros_com/share/px4_ros_com/hook/cmake_prefix_path.ps1'
[125.153s] INFO:colcon.colcon_core.shell:Creating environment descriptor '/home/ajval/Digital-Twin-Cybersecurity/x500_physical_model/install/px4_ros_com/share/px4_ros_com/hook/cmake_prefix_path.dsv'
[125.153s] INFO:colcon.colcon_core.shell:Creating environment hook '/home/ajval/Digital-Twin-Cybersecurity/x500_physical_model/install/px4_ros_com/share/px4_ros_com/hook/cmake_prefix_path.sh'
[125.153s] Level 1:colcon.colcon_core.environment:checking '/home/ajval/Digital-Twin-Cybersecurity/x500_physical_model/install/px4_ros_com/lib'
[125.153s] Level 1:colcon.colcon_core.shell:create_environment_hook('px4_ros_com', 'ld_library_path_lib')
[125.153s] INFO:colcon.colcon_core.shell:Creating environment hook '/home/ajval/Digital-Twin-Cybersecurity/x500_physical_model/install/px4_ros_com/share/px4_ros_com/hook/ld_library_path_lib.ps1'
[125.153s] INFO:colcon.colcon_core.shell:Creating environment descriptor '/home/ajval/Digital-Twin-Cybersecurity/x500_physical_model/install/px4_ros_com/share/px4_ros_com/hook/ld_library_path_lib.dsv'
[125.153s] INFO:colcon.colcon_core.shell:Creating environment hook '/home/ajval/Digital-Twin-Cybersecurity/x500_physical_model/install/px4_ros_com/share/px4_ros_com/hook/ld_library_path_lib.sh'
[125.154s] Level 1:colcon.colcon_core.environment:checking '/home/ajval/Digital-Twin-Cybersecurity/x500_physical_model/install/px4_ros_com/bin'
[125.154s] Level 1:colcon.colcon_core.environment:checking '/home/ajval/Digital-Twin-Cybersecurity/x500_physical_model/install/px4_ros_com/lib/pkgconfig/px4_ros_com.pc'
[125.154s] Level 1:colcon.colcon_core.environment:checking '/home/ajval/Digital-Twin-Cybersecurity/x500_physical_model/install/px4_ros_com/lib/python3.12/site-packages'
[125.154s] Level 1:colcon.colcon_core.shell:create_environment_hook('px4_ros_com', 'pythonpath')
[125.154s] INFO:colcon.colcon_core.shell:Creating environment hook '/home/ajval/Digital-Twin-Cybersecurity/x500_physical_model/install/px4_ros_com/share/px4_ros_com/hook/pythonpath.ps1'
[125.154s] INFO:colcon.colcon_core.shell:Creating environment descriptor '/home/ajval/Digital-Twin-Cybersecurity/x500_physical_model/install/px4_ros_com/share/px4_ros_com/hook/pythonpath.dsv'
[125.154s] INFO:colcon.colcon_core.shell:Creating environment hook '/home/ajval/Digital-Twin-Cybersecurity/x500_physical_model/install/px4_ros_com/share/px4_ros_com/hook/pythonpath.sh'
[125.154s] Level 1:colcon.colcon_core.environment:checking '/home/ajval/Digital-Twin-Cybersecurity/x500_physical_model/install/px4_ros_com/bin'
[125.154s] INFO:colcon.colcon_core.shell:Creating package script '/home/ajval/Digital-Twin-Cybersecurity/x500_physical_model/install/px4_ros_com/share/px4_ros_com/package.ps1'
[125.155s] INFO:colcon.colcon_core.shell:Creating package descriptor '/home/ajval/Digital-Twin-Cybersecurity/x500_physical_model/install/px4_ros_com/share/px4_ros_com/package.dsv'
[125.155s] INFO:colcon.colcon_core.shell:Creating package script '/home/ajval/Digital-Twin-Cybersecurity/x500_physical_model/install/px4_ros_com/share/px4_ros_com/package.sh'
[125.155s] INFO:colcon.colcon_core.shell:Creating package script '/home/ajval/Digital-Twin-Cybersecurity/x500_physical_model/install/px4_ros_com/share/px4_ros_com/package.bash'
[125.155s] INFO:colcon.colcon_core.shell:Creating package script '/home/ajval/Digital-Twin-Cybersecurity/x500_physical_model/install/px4_ros_com/share/px4_ros_com/package.zsh'
[125.156s] Level 1:colcon.colcon_core.environment:create_file_with_runtime_dependencies(/home/ajval/Digital-Twin-Cybersecurity/x500_physical_model/install/px4_ros_com/share/colcon-core/packages/px4_ros_com)
[125.156s] DEBUG:colcon.colcon_parallel_executor.executor.parallel:closing loop
[125.156s] DEBUG:colcon.colcon_parallel_executor.executor.parallel:loop closed
[125.156s] DEBUG:colcon.colcon_parallel_executor.executor.parallel:run_until_complete finished with '0'
[125.156s] DEBUG:colcon.colcon_core.event_reactor:joining thread
[125.164s] INFO:colcon.colcon_core.plugin_system:Skipping extension 'colcon_notification.desktop_notification.terminal_notifier': Not used on non-Darwin systems
[125.164s] INFO:colcon.colcon_core.plugin_system:Skipping extension 'colcon_notification.desktop_notification.win32': Not used on non-Windows systems
[125.164s] INFO:colcon.colcon_notification.desktop_notification:Sending desktop notification using 'notify2'
[125.178s] DEBUG:colcon.colcon_core.event_reactor:joined thread
[125.178s] INFO:colcon.colcon_core.shell:Creating prefix script '/home/ajval/Digital-Twin-Cybersecurity/x500_physical_model/install/local_setup.ps1'
[125.178s] INFO:colcon.colcon_core.shell:Creating prefix util module '/home/ajval/Digital-Twin-Cybersecurity/x500_physical_model/install/_local_setup_util_ps1.py'
[125.179s] INFO:colcon.colcon_core.shell:Creating prefix chain script '/home/ajval/Digital-Twin-Cybersecurity/x500_physical_model/install/setup.ps1'
[125.180s] INFO:colcon.colcon_core.shell:Creating prefix script '/home/ajval/Digital-Twin-Cybersecurity/x500_physical_model/install/local_setup.sh'
[125.180s] INFO:colcon.colcon_core.shell:Creating prefix util module '/home/ajval/Digital-Twin-Cybersecurity/x500_physical_model/install/_local_setup_util_sh.py'
[125.180s] INFO:colcon.colcon_core.shell:Creating prefix chain script '/home/ajval/Digital-Twin-Cybersecurity/x500_physical_model/install/setup.sh'
[125.181s] INFO:colcon.colcon_core.shell:Creating prefix script '/home/ajval/Digital-Twin-Cybersecurity/x500_physical_model/install/local_setup.bash'
[125.181s] INFO:colcon.colcon_core.shell:Creating prefix chain script '/home/ajval/Digital-Twin-Cybersecurity/x500_physical_model/install/setup.bash'
[125.182s] INFO:colcon.colcon_core.shell:Creating prefix script '/home/ajval/Digital-Twin-Cybersecurity/x500_physical_model/install/local_setup.zsh'
[125.182s] INFO:colcon.colcon_core.shell:Creating prefix chain script '/home/ajval/Digital-Twin-Cybersecurity/x500_physical_model/install/setup.zsh'
