[0.008s] Invoking command in '/home/ajval/Digital-Twin-Cybersecurity/x500_physical_model/build/x500_drone_description': CMAKE_PREFIX_PATH=${CMAKE_PREFIX_PATH}:/opt/ros/jazzy DEBUGINFOD_URLS=https://debuginfod.ubuntu.com /usr/bin/cmake /home/ajval/Digital-Twin-Cybersecurity/x500_physical_model/src/x500_drone_description -DCMAKE_INSTALL_PREFIX=/home/ajval/Digital-Twin-Cybersecurity/x500_physical_model/install/x500_drone_description
[0.086s] -- The C compiler identification is GNU 13.3.0
[0.151s] -- The CXX compiler identification is GNU 13.3.0
[0.168s] -- Detecting C compiler ABI info
[0.236s] -- Detecting C compiler ABI info - done
[0.244s] -- Check for working C compiler: /usr/bin/cc - skipped
[0.244s] -- Detecting C compile features
[0.244s] -- Detecting C compile features - done
[0.252s] -- Detecting CXX compiler ABI info
[0.327s] -- Detecting CXX compiler ABI info - done
[0.335s] -- Check for working CXX compiler: /usr/bin/c++ - skipped
[0.335s] -- Detecting CXX compile features
[0.335s] -- Detecting CXX compile features - done
[0.337s] -- Found ament_cmake: 2.5.3 (/opt/ros/jazzy/share/ament_cmake/cmake)
[0.443s] -- Found Python3: /usr/bin/python3 (found version "3.12.3") found components: Interpreter 
[0.594s] -- Configuring done (0.6s)
[0.595s] -- Generating done (0.0s)
[0.596s] -- Build files have been written to: /home/ajval/Digital-Twin-Cybersecurity/x500_physical_model/build/x500_drone_description
[0.600s] Invoked command in '/home/ajval/Digital-Twin-Cybersecurity/x500_physical_model/build/x500_drone_description' returned '0': CMAKE_PREFIX_PATH=${CMAKE_PREFIX_PATH}:/opt/ros/jazzy DEBUGINFOD_URLS=https://debuginfod.ubuntu.com /usr/bin/cmake /home/ajval/Digital-Twin-Cybersecurity/x500_physical_model/src/x500_drone_description -DCMAKE_INSTALL_PREFIX=/home/ajval/Digital-Twin-Cybersecurity/x500_physical_model/install/x500_drone_description
[0.601s] Invoking command in '/home/ajval/Digital-Twin-Cybersecurity/x500_physical_model/build/x500_drone_description': CMAKE_PREFIX_PATH=${CMAKE_PREFIX_PATH}:/opt/ros/jazzy DEBUGINFOD_URLS=https://debuginfod.ubuntu.com /usr/bin/cmake --build /home/ajval/Digital-Twin-Cybersecurity/x500_physical_model/build/x500_drone_description -- -j22 -l22
[0.642s] Invoked command in '/home/ajval/Digital-Twin-Cybersecurity/x500_physical_model/build/x500_drone_description' returned '0': CMAKE_PREFIX_PATH=${CMAKE_PREFIX_PATH}:/opt/ros/jazzy DEBUGINFOD_URLS=https://debuginfod.ubuntu.com /usr/bin/cmake --build /home/ajval/Digital-Twin-Cybersecurity/x500_physical_model/build/x500_drone_description -- -j22 -l22
[0.652s] Invoking command in '/home/ajval/Digital-Twin-Cybersecurity/x500_physical_model/build/x500_drone_description': CMAKE_PREFIX_PATH=${CMAKE_PREFIX_PATH}:/opt/ros/jazzy DEBUGINFOD_URLS=https://debuginfod.ubuntu.com /usr/bin/cmake --install /home/ajval/Digital-Twin-Cybersecurity/x500_physical_model/build/x500_drone_description
[0.657s] -- Install configuration: ""
[0.657s] -- Installing: /home/ajval/Digital-Twin-Cybersecurity/x500_physical_model/install/x500_drone_description/share/x500_drone_description/launch
[0.657s] -- Installing: /home/ajval/Digital-Twin-Cybersecurity/x500_physical_model/install/x500_drone_description/share/x500_drone_description/launch/x500_drone_display.launch.py
[0.657s] -- Installing: /home/ajval/Digital-Twin-Cybersecurity/x500_physical_model/install/x500_drone_description/share/x500_drone_description/description
[0.657s] -- Installing: /home/ajval/Digital-Twin-Cybersecurity/x500_physical_model/install/x500_drone_description/share/x500_drone_description/description/x500.urdf.xacro
[0.658s] -- Installing: /home/ajval/Digital-Twin-Cybersecurity/x500_physical_model/install/x500_drone_description/share/x500_drone_description/description/materials.xacro
[0.658s] -- Installing: /home/ajval/Digital-Twin-Cybersecurity/x500_physical_model/install/x500_drone_description/share/x500_drone_description/description/x500.description.xacro
[0.658s] -- Installing: /home/ajval/Digital-Twin-Cybersecurity/x500_physical_model/install/x500_drone_description/share/x500_drone_description/meshes
[0.658s] -- Installing: /home/ajval/Digital-Twin-Cybersecurity/x500_physical_model/install/x500_drone_description/share/x500_drone_description/meshes/propeller_cw.dae
[0.658s] -- Installing: /home/ajval/Digital-Twin-Cybersecurity/x500_physical_model/install/x500_drone_description/share/x500_drone_description/meshes/propeller_ccw.dae
[0.658s] -- Installing: /home/ajval/Digital-Twin-Cybersecurity/x500_physical_model/install/x500_drone_description/share/x500_drone_description/meshes/x500.stl
[0.660s] -- Installing: /home/ajval/Digital-Twin-Cybersecurity/x500_physical_model/install/x500_drone_description/share/x500_drone_description/rviz
[0.660s] -- Installing: /home/ajval/Digital-Twin-Cybersecurity/x500_physical_model/install/x500_drone_description/share/x500_drone_description/rviz/x500_drone.rviz
[0.660s] -- Installing: /home/ajval/Digital-Twin-Cybersecurity/x500_physical_model/install/x500_drone_description/share/x500_drone_description/rviz/visualize.rviz
[0.660s] -- Installing: /home/ajval/Digital-Twin-Cybersecurity/x500_physical_model/install/x500_drone_description/share/ament_index/resource_index/package_run_dependencies/x500_drone_description
[0.660s] -- Installing: /home/ajval/Digital-Twin-Cybersecurity/x500_physical_model/install/x500_drone_description/share/ament_index/resource_index/parent_prefix_path/x500_drone_description
[0.660s] -- Installing: /home/ajval/Digital-Twin-Cybersecurity/x500_physical_model/install/x500_drone_description/share/x500_drone_description/environment/ament_prefix_path.sh
[0.660s] -- Installing: /home/ajval/Digital-Twin-Cybersecurity/x500_physical_model/install/x500_drone_description/share/x500_drone_description/environment/ament_prefix_path.dsv
[0.660s] -- Installing: /home/ajval/Digital-Twin-Cybersecurity/x500_physical_model/install/x500_drone_description/share/x500_drone_description/environment/path.sh
[0.660s] -- Installing: /home/ajval/Digital-Twin-Cybersecurity/x500_physical_model/install/x500_drone_description/share/x500_drone_description/environment/path.dsv
[0.660s] -- Installing: /home/ajval/Digital-Twin-Cybersecurity/x500_physical_model/install/x500_drone_description/share/x500_drone_description/local_setup.bash
[0.660s] -- Installing: /home/ajval/Digital-Twin-Cybersecurity/x500_physical_model/install/x500_drone_description/share/x500_drone_description/local_setup.sh
[0.660s] -- Installing: /home/ajval/Digital-Twin-Cybersecurity/x500_physical_model/install/x500_drone_description/share/x500_drone_description/local_setup.zsh
[0.660s] -- Installing: /home/ajval/Digital-Twin-Cybersecurity/x500_physical_model/install/x500_drone_description/share/x500_drone_description/local_setup.dsv
[0.661s] -- Installing: /home/ajval/Digital-Twin-Cybersecurity/x500_physical_model/install/x500_drone_description/share/x500_drone_description/package.dsv
[0.661s] -- Installing: /home/ajval/Digital-Twin-Cybersecurity/x500_physical_model/install/x500_drone_description/share/ament_index/resource_index/packages/x500_drone_description
[0.661s] -- Installing: /home/ajval/Digital-Twin-Cybersecurity/x500_physical_model/install/x500_drone_description/share/x500_drone_description/cmake/x500_drone_descriptionConfig.cmake
[0.661s] -- Installing: /home/ajval/Digital-Twin-Cybersecurity/x500_physical_model/install/x500_drone_description/share/x500_drone_description/cmake/x500_drone_descriptionConfig-version.cmake
[0.661s] -- Installing: /home/ajval/Digital-Twin-Cybersecurity/x500_physical_model/install/x500_drone_description/share/x500_drone_description/package.xml
[0.662s] Invoked command in '/home/ajval/Digital-Twin-Cybersecurity/x500_physical_model/build/x500_drone_description' returned '0': CMAKE_PREFIX_PATH=${CMAKE_PREFIX_PATH}:/opt/ros/jazzy DEBUGINFOD_URLS=https://debuginfod.ubuntu.com /usr/bin/cmake --install /home/ajval/Digital-Twin-Cybersecurity/x500_physical_model/build/x500_drone_description
