[0.070s] DEBUG:colcon:Command line arguments: ['/usr/bin/colcon', 'build', '--packages-select', 'my_ros2_bridge_package']
[0.070s] DEBUG:colcon:Parsed command line arguments: Namespace(log_base=None, log_level=None, verb_name='build', build_base='build', install_base='install', merge_install=False, symlink_install=False, test_result_base=None, continue_on_error=False, executor='parallel', parallel_workers=22, event_handlers=None, ignore_user_meta=False, metas=['./colcon.meta'], base_paths=['.'], packages_ignore=None, packages_ignore_regex=None, paths=None, packages_up_to=None, packages_up_to_regex=None, packages_above=None, packages_above_and_dependencies=None, packages_above_depth=None, packages_select_by_dep=None, packages_skip_by_dep=None, packages_skip_up_to=None, packages_select_build_failed=False, packages_skip_build_finished=False, packages_select_test_failures=False, packages_skip_test_passed=False, packages_select=['my_ros2_bridge_package'], packages_skip=None, packages_select_regex=None, packages_skip_regex=None, packages_start=None, packages_end=None, allow_overriding=[], cmake_args=None, cmake_target=None, cmake_target_skip_unavailable=False, cmake_clean_cache=False, cmake_clean_first=False, cmake_force_configure=False, ament_cmake_args=None, catkin_cmake_args=None, catkin_skip_building_tests=False, mixin_files=None, mixin=None, verb_parser=<colcon_mixin.mixin.mixin_argument.MixinArgumentDecorator object at 0x71cededa96a0>, verb_extension=<colcon_core.verb.build.BuildVerb object at 0x71cedf3f1cd0>, main=<bound method BuildVerb.main of <colcon_core.verb.build.BuildVerb object at 0x71cedf3f1cd0>>, mixin_verb=('build',))
[0.092s] Level 1:colcon.colcon_core.package_discovery:discover_packages(colcon_meta) check parameters
[0.093s] Level 1:colcon.colcon_core.package_discovery:discover_packages(recursive) check parameters
[0.093s] Level 1:colcon.colcon_core.package_discovery:discover_packages(ignore) check parameters
[0.093s] Level 1:colcon.colcon_core.package_discovery:discover_packages(path) check parameters
[0.093s] Level 1:colcon.colcon_core.package_discovery:discover_packages(colcon_meta) discover
[0.093s] Level 1:colcon.colcon_core.package_discovery:discover_packages(recursive) discover
[0.093s] INFO:colcon.colcon_core.package_discovery:Crawling recursively for packages in '/home/ajval/Digital-Twin-Cybersecurity'
[0.093s] Level 1:colcon.colcon_core.package_identification:_identify(.) by extensions ['ignore', 'ignore_ament_install']
[0.093s] Level 1:colcon.colcon_core.package_identification:_identify(.) by extension 'ignore'
[0.093s] Level 1:colcon.colcon_core.package_identification:_identify(.) by extension 'ignore_ament_install'
[0.093s] Level 1:colcon.colcon_core.package_identification:_identify(.) by extensions ['colcon_pkg']
[0.093s] Level 1:colcon.colcon_core.package_identification:_identify(.) by extension 'colcon_pkg'
[0.093s] Level 1:colcon.colcon_core.package_identification:_identify(.) by extensions ['colcon_meta']
[0.093s] Level 1:colcon.colcon_core.package_identification:_identify(.) by extension 'colcon_meta'
[0.093s] Level 1:colcon.colcon_core.package_identification:_identify(.) by extensions ['ros']
[0.093s] Level 1:colcon.colcon_core.package_identification:_identify(.) by extension 'ros'
[0.108s] Level 1:colcon.colcon_core.package_identification:_identify(.) by extensions ['cmake', 'python']
[0.108s] Level 1:colcon.colcon_core.package_identification:_identify(.) by extension 'cmake'
[0.108s] Level 1:colcon.colcon_core.package_identification:_identify(.) by extension 'python'
[0.108s] Level 1:colcon.colcon_core.package_identification:_identify(.) by extensions ['python_setup_py']
[0.108s] Level 1:colcon.colcon_core.package_identification:_identify(.) by extension 'python_setup_py'
[0.109s] Level 1:colcon.colcon_core.package_identification:_identify(Micro-XRCE-DDS-Agent) by extensions ['ignore', 'ignore_ament_install']
[0.109s] Level 1:colcon.colcon_core.package_identification:_identify(Micro-XRCE-DDS-Agent) by extension 'ignore'
[0.109s] Level 1:colcon.colcon_core.package_identification:_identify(Micro-XRCE-DDS-Agent) by extension 'ignore_ament_install'
[0.109s] Level 1:colcon.colcon_core.package_identification:_identify(Micro-XRCE-DDS-Agent) by extensions ['colcon_pkg']
[0.109s] Level 1:colcon.colcon_core.package_identification:_identify(Micro-XRCE-DDS-Agent) by extension 'colcon_pkg'
[0.117s] INFO:colcon.colcon_metadata.metadata.colcon_pkg:Setting type 'cmake' of package 'Micro-XRCE-DDS-Agent' from colcon.pkg
[0.117s] INFO:colcon.colcon_metadata.metadata.colcon_pkg:Setting name 'microxrcedds_agent' of package 'Micro-XRCE-DDS-Agent' from colcon.pkg
[0.117s] DEBUG:colcon.colcon_core.package_identification:Package 'Micro-XRCE-DDS-Agent' with type 'cmake' and name 'microxrcedds_agent'
[0.117s] Level 1:colcon.colcon_core.package_identification:_identify(PX4) by extensions ['ignore', 'ignore_ament_install']
[0.117s] Level 1:colcon.colcon_core.package_identification:_identify(PX4) by extension 'ignore'
[0.117s] Level 1:colcon.colcon_core.package_identification:_identify(PX4) by extension 'ignore_ament_install'
[0.117s] Level 1:colcon.colcon_core.package_identification:_identify(PX4) by extensions ['colcon_pkg']
[0.117s] Level 1:colcon.colcon_core.package_identification:_identify(PX4) by extension 'colcon_pkg'
[0.117s] Level 1:colcon.colcon_core.package_identification:_identify(PX4) by extensions ['colcon_meta']
[0.117s] Level 1:colcon.colcon_core.package_identification:_identify(PX4) by extension 'colcon_meta'
[0.117s] Level 1:colcon.colcon_core.package_identification:_identify(PX4) by extensions ['ros']
[0.117s] Level 1:colcon.colcon_core.package_identification:_identify(PX4) by extension 'ros'
[0.117s] Level 1:colcon.colcon_core.package_identification:_identify(PX4) by extensions ['cmake', 'python']
[0.117s] Level 1:colcon.colcon_core.package_identification:_identify(PX4) by extension 'cmake'
[0.117s] Level 1:colcon.colcon_core.package_identification:_identify(PX4) by extension 'python'
[0.117s] Level 1:colcon.colcon_core.package_identification:_identify(PX4) by extensions ['python_setup_py']
[0.117s] Level 1:colcon.colcon_core.package_identification:_identify(PX4) by extension 'python_setup_py'
[0.118s] Level 1:colcon.colcon_core.package_identification:_identify(PX4/logs) by extensions ['ignore', 'ignore_ament_install']
[0.118s] Level 1:colcon.colcon_core.package_identification:_identify(PX4/logs) by extension 'ignore'
[0.118s] Level 1:colcon.colcon_core.package_identification:_identify(PX4/logs) by extension 'ignore_ament_install'
[0.118s] Level 1:colcon.colcon_core.package_identification:_identify(PX4/logs) by extensions ['colcon_pkg']
[0.118s] Level 1:colcon.colcon_core.package_identification:_identify(PX4/logs) by extension 'colcon_pkg'
[0.118s] Level 1:colcon.colcon_core.package_identification:_identify(PX4/logs) by extensions ['colcon_meta']
[0.118s] Level 1:colcon.colcon_core.package_identification:_identify(PX4/logs) by extension 'colcon_meta'
[0.118s] Level 1:colcon.colcon_core.package_identification:_identify(PX4/logs) by extensions ['ros']
[0.118s] Level 1:colcon.colcon_core.package_identification:_identify(PX4/logs) by extension 'ros'
[0.118s] Level 1:colcon.colcon_core.package_identification:_identify(PX4/logs) by extensions ['cmake', 'python']
[0.118s] Level 1:colcon.colcon_core.package_identification:_identify(PX4/logs) by extension 'cmake'
[0.118s] Level 1:colcon.colcon_core.package_identification:_identify(PX4/logs) by extension 'python'
[0.118s] Level 1:colcon.colcon_core.package_identification:_identify(PX4/logs) by extensions ['python_setup_py']
[0.118s] Level 1:colcon.colcon_core.package_identification:_identify(PX4/logs) by extension 'python_setup_py'
[0.118s] Level 1:colcon.colcon_core.package_identification:_identify(PX4/logs/2025-02-14) by extensions ['ignore', 'ignore_ament_install']
[0.118s] Level 1:colcon.colcon_core.package_identification:_identify(PX4/logs/2025-02-14) by extension 'ignore'
[0.118s] Level 1:colcon.colcon_core.package_identification:_identify(PX4/logs/2025-02-14) by extension 'ignore_ament_install'
[0.118s] Level 1:colcon.colcon_core.package_identification:_identify(PX4/logs/2025-02-14) by extensions ['colcon_pkg']
[0.118s] Level 1:colcon.colcon_core.package_identification:_identify(PX4/logs/2025-02-14) by extension 'colcon_pkg'
[0.118s] Level 1:colcon.colcon_core.package_identification:_identify(PX4/logs/2025-02-14) by extensions ['colcon_meta']
[0.118s] Level 1:colcon.colcon_core.package_identification:_identify(PX4/logs/2025-02-14) by extension 'colcon_meta'
[0.118s] Level 1:colcon.colcon_core.package_identification:_identify(PX4/logs/2025-02-14) by extensions ['ros']
[0.118s] Level 1:colcon.colcon_core.package_identification:_identify(PX4/logs/2025-02-14) by extension 'ros'
[0.118s] Level 1:colcon.colcon_core.package_identification:_identify(PX4/logs/2025-02-14) by extensions ['cmake', 'python']
[0.118s] Level 1:colcon.colcon_core.package_identification:_identify(PX4/logs/2025-02-14) by extension 'cmake'
[0.118s] Level 1:colcon.colcon_core.package_identification:_identify(PX4/logs/2025-02-14) by extension 'python'
[0.118s] Level 1:colcon.colcon_core.package_identification:_identify(PX4/logs/2025-02-14) by extensions ['python_setup_py']
[0.118s] Level 1:colcon.colcon_core.package_identification:_identify(PX4/logs/2025-02-14) by extension 'python_setup_py'
[0.118s] Level 1:colcon.colcon_core.package_identification:_identify(PX4/logs/2025-02-14/flight1) by extensions ['ignore', 'ignore_ament_install']
[0.118s] Level 1:colcon.colcon_core.package_identification:_identify(PX4/logs/2025-02-14/flight1) by extension 'ignore'
[0.118s] Level 1:colcon.colcon_core.package_identification:_identify(PX4/logs/2025-02-14/flight1) by extension 'ignore_ament_install'
[0.118s] Level 1:colcon.colcon_core.package_identification:_identify(PX4/logs/2025-02-14/flight1) by extensions ['colcon_pkg']
[0.118s] Level 1:colcon.colcon_core.package_identification:_identify(PX4/logs/2025-02-14/flight1) by extension 'colcon_pkg'
[0.118s] Level 1:colcon.colcon_core.package_identification:_identify(PX4/logs/2025-02-14/flight1) by extensions ['colcon_meta']
[0.118s] Level 1:colcon.colcon_core.package_identification:_identify(PX4/logs/2025-02-14/flight1) by extension 'colcon_meta'
[0.119s] Level 1:colcon.colcon_core.package_identification:_identify(PX4/logs/2025-02-14/flight1) by extensions ['ros']
[0.119s] Level 1:colcon.colcon_core.package_identification:_identify(PX4/logs/2025-02-14/flight1) by extension 'ros'
[0.119s] Level 1:colcon.colcon_core.package_identification:_identify(PX4/logs/2025-02-14/flight1) by extensions ['cmake', 'python']
[0.119s] Level 1:colcon.colcon_core.package_identification:_identify(PX4/logs/2025-02-14/flight1) by extension 'cmake'
[0.119s] Level 1:colcon.colcon_core.package_identification:_identify(PX4/logs/2025-02-14/flight1) by extension 'python'
[0.119s] Level 1:colcon.colcon_core.package_identification:_identify(PX4/logs/2025-02-14/flight1) by extensions ['python_setup_py']
[0.119s] Level 1:colcon.colcon_core.package_identification:_identify(PX4/logs/2025-02-14/flight1) by extension 'python_setup_py'
[0.119s] Level 1:colcon.colcon_core.package_identification:_identify(PX4/logs/2025-02-16) by extensions ['ignore', 'ignore_ament_install']
[0.119s] Level 1:colcon.colcon_core.package_identification:_identify(PX4/logs/2025-02-16) by extension 'ignore'
[0.119s] Level 1:colcon.colcon_core.package_identification:_identify(PX4/logs/2025-02-16) by extension 'ignore_ament_install'
[0.119s] Level 1:colcon.colcon_core.package_identification:_identify(PX4/logs/2025-02-16) by extensions ['colcon_pkg']
[0.119s] Level 1:colcon.colcon_core.package_identification:_identify(PX4/logs/2025-02-16) by extension 'colcon_pkg'
[0.119s] Level 1:colcon.colcon_core.package_identification:_identify(PX4/logs/2025-02-16) by extensions ['colcon_meta']
[0.119s] Level 1:colcon.colcon_core.package_identification:_identify(PX4/logs/2025-02-16) by extension 'colcon_meta'
[0.119s] Level 1:colcon.colcon_core.package_identification:_identify(PX4/logs/2025-02-16) by extensions ['ros']
[0.119s] Level 1:colcon.colcon_core.package_identification:_identify(PX4/logs/2025-02-16) by extension 'ros'
[0.119s] Level 1:colcon.colcon_core.package_identification:_identify(PX4/logs/2025-02-16) by extensions ['cmake', 'python']
[0.119s] Level 1:colcon.colcon_core.package_identification:_identify(PX4/logs/2025-02-16) by extension 'cmake'
[0.119s] Level 1:colcon.colcon_core.package_identification:_identify(PX4/logs/2025-02-16) by extension 'python'
[0.119s] Level 1:colcon.colcon_core.package_identification:_identify(PX4/logs/2025-02-16) by extensions ['python_setup_py']
[0.119s] Level 1:colcon.colcon_core.package_identification:_identify(PX4/logs/2025-02-16) by extension 'python_setup_py'
[0.119s] Level 1:colcon.colcon_core.package_identification:_identify(PX4/logs/2025-02-16/flight1) by extensions ['ignore', 'ignore_ament_install']
[0.119s] Level 1:colcon.colcon_core.package_identification:_identify(PX4/logs/2025-02-16/flight1) by extension 'ignore'
[0.119s] Level 1:colcon.colcon_core.package_identification:_identify(PX4/logs/2025-02-16/flight1) by extension 'ignore_ament_install'
[0.119s] Level 1:colcon.colcon_core.package_identification:_identify(PX4/logs/2025-02-16/flight1) by extensions ['colcon_pkg']
[0.119s] Level 1:colcon.colcon_core.package_identification:_identify(PX4/logs/2025-02-16/flight1) by extension 'colcon_pkg'
[0.119s] Level 1:colcon.colcon_core.package_identification:_identify(PX4/logs/2025-02-16/flight1) by extensions ['colcon_meta']
[0.119s] Level 1:colcon.colcon_core.package_identification:_identify(PX4/logs/2025-02-16/flight1) by extension 'colcon_meta'
[0.119s] Level 1:colcon.colcon_core.package_identification:_identify(PX4/logs/2025-02-16/flight1) by extensions ['ros']
[0.119s] Level 1:colcon.colcon_core.package_identification:_identify(PX4/logs/2025-02-16/flight1) by extension 'ros'
[0.119s] Level 1:colcon.colcon_core.package_identification:_identify(PX4/logs/2025-02-16/flight1) by extensions ['cmake', 'python']
[0.119s] Level 1:colcon.colcon_core.package_identification:_identify(PX4/logs/2025-02-16/flight1) by extension 'cmake'
[0.119s] Level 1:colcon.colcon_core.package_identification:_identify(PX4/logs/2025-02-16/flight1) by extension 'python'
[0.119s] Level 1:colcon.colcon_core.package_identification:_identify(PX4/logs/2025-02-16/flight1) by extensions ['python_setup_py']
[0.119s] Level 1:colcon.colcon_core.package_identification:_identify(PX4/logs/2025-02-16/flight1) by extension 'python_setup_py'
[0.120s] Level 1:colcon.colcon_core.package_identification:_identify(PX4/logs/2025-02-16/flight2) by extensions ['ignore', 'ignore_ament_install']
[0.120s] Level 1:colcon.colcon_core.package_identification:_identify(PX4/logs/2025-02-16/flight2) by extension 'ignore'
[0.120s] Level 1:colcon.colcon_core.package_identification:_identify(PX4/logs/2025-02-16/flight2) by extension 'ignore_ament_install'
[0.120s] Level 1:colcon.colcon_core.package_identification:_identify(PX4/logs/2025-02-16/flight2) by extensions ['colcon_pkg']
[0.120s] Level 1:colcon.colcon_core.package_identification:_identify(PX4/logs/2025-02-16/flight2) by extension 'colcon_pkg'
[0.120s] Level 1:colcon.colcon_core.package_identification:_identify(PX4/logs/2025-02-16/flight2) by extensions ['colcon_meta']
[0.120s] Level 1:colcon.colcon_core.package_identification:_identify(PX4/logs/2025-02-16/flight2) by extension 'colcon_meta'
[0.120s] Level 1:colcon.colcon_core.package_identification:_identify(PX4/logs/2025-02-16/flight2) by extensions ['ros']
[0.120s] Level 1:colcon.colcon_core.package_identification:_identify(PX4/logs/2025-02-16/flight2) by extension 'ros'
[0.120s] Level 1:colcon.colcon_core.package_identification:_identify(PX4/logs/2025-02-16/flight2) by extensions ['cmake', 'python']
[0.120s] Level 1:colcon.colcon_core.package_identification:_identify(PX4/logs/2025-02-16/flight2) by extension 'cmake'
[0.120s] Level 1:colcon.colcon_core.package_identification:_identify(PX4/logs/2025-02-16/flight2) by extension 'python'
[0.120s] Level 1:colcon.colcon_core.package_identification:_identify(PX4/logs/2025-02-16/flight2) by extensions ['python_setup_py']
[0.120s] Level 1:colcon.colcon_core.package_identification:_identify(PX4/logs/2025-02-16/flight2) by extension 'python_setup_py'
[0.120s] Level 1:colcon.colcon_core.package_identification:_identify(PX4/logs/2025-02-16/flight3) by extensions ['ignore', 'ignore_ament_install']
[0.120s] Level 1:colcon.colcon_core.package_identification:_identify(PX4/logs/2025-02-16/flight3) by extension 'ignore'
[0.120s] Level 1:colcon.colcon_core.package_identification:_identify(PX4/logs/2025-02-16/flight3) by extension 'ignore_ament_install'
[0.120s] Level 1:colcon.colcon_core.package_identification:_identify(PX4/logs/2025-02-16/flight3) by extensions ['colcon_pkg']
[0.120s] Level 1:colcon.colcon_core.package_identification:_identify(PX4/logs/2025-02-16/flight3) by extension 'colcon_pkg'
[0.120s] Level 1:colcon.colcon_core.package_identification:_identify(PX4/logs/2025-02-16/flight3) by extensions ['colcon_meta']
[0.120s] Level 1:colcon.colcon_core.package_identification:_identify(PX4/logs/2025-02-16/flight3) by extension 'colcon_meta'
[0.120s] Level 1:colcon.colcon_core.package_identification:_identify(PX4/logs/2025-02-16/flight3) by extensions ['ros']
[0.120s] Level 1:colcon.colcon_core.package_identification:_identify(PX4/logs/2025-02-16/flight3) by extension 'ros'
[0.120s] Level 1:colcon.colcon_core.package_identification:_identify(PX4/logs/2025-02-16/flight3) by extensions ['cmake', 'python']
[0.120s] Level 1:colcon.colcon_core.package_identification:_identify(PX4/logs/2025-02-16/flight3) by extension 'cmake'
[0.120s] Level 1:colcon.colcon_core.package_identification:_identify(PX4/logs/2025-02-16/flight3) by extension 'python'
[0.120s] Level 1:colcon.colcon_core.package_identification:_identify(PX4/logs/2025-02-16/flight3) by extensions ['python_setup_py']
[0.120s] Level 1:colcon.colcon_core.package_identification:_identify(PX4/logs/2025-02-16/flight3) by extension 'python_setup_py'
[0.120s] Level 1:colcon.colcon_core.package_identification:_identify(PX4/logs/2025-02-16/flight4) by extensions ['ignore', 'ignore_ament_install']
[0.120s] Level 1:colcon.colcon_core.package_identification:_identify(PX4/logs/2025-02-16/flight4) by extension 'ignore'
[0.120s] Level 1:colcon.colcon_core.package_identification:_identify(PX4/logs/2025-02-16/flight4) by extension 'ignore_ament_install'
[0.120s] Level 1:colcon.colcon_core.package_identification:_identify(PX4/logs/2025-02-16/flight4) by extensions ['colcon_pkg']
[0.120s] Level 1:colcon.colcon_core.package_identification:_identify(PX4/logs/2025-02-16/flight4) by extension 'colcon_pkg'
[0.121s] Level 1:colcon.colcon_core.package_identification:_identify(PX4/logs/2025-02-16/flight4) by extensions ['colcon_meta']
[0.121s] Level 1:colcon.colcon_core.package_identification:_identify(PX4/logs/2025-02-16/flight4) by extension 'colcon_meta'
[0.121s] Level 1:colcon.colcon_core.package_identification:_identify(PX4/logs/2025-02-16/flight4) by extensions ['ros']
[0.121s] Level 1:colcon.colcon_core.package_identification:_identify(PX4/logs/2025-02-16/flight4) by extension 'ros'
[0.121s] Level 1:colcon.colcon_core.package_identification:_identify(PX4/logs/2025-02-16/flight4) by extensions ['cmake', 'python']
[0.121s] Level 1:colcon.colcon_core.package_identification:_identify(PX4/logs/2025-02-16/flight4) by extension 'cmake'
[0.121s] Level 1:colcon.colcon_core.package_identification:_identify(PX4/logs/2025-02-16/flight4) by extension 'python'
[0.121s] Level 1:colcon.colcon_core.package_identification:_identify(PX4/logs/2025-02-16/flight4) by extensions ['python_setup_py']
[0.121s] Level 1:colcon.colcon_core.package_identification:_identify(PX4/logs/2025-02-16/flight4) by extension 'python_setup_py'
[0.121s] Level 1:colcon.colcon_core.package_identification:_identify(PX4/logs/2025-02-16/flight5) by extensions ['ignore', 'ignore_ament_install']
[0.121s] Level 1:colcon.colcon_core.package_identification:_identify(PX4/logs/2025-02-16/flight5) by extension 'ignore'
[0.121s] Level 1:colcon.colcon_core.package_identification:_identify(PX4/logs/2025-02-16/flight5) by extension 'ignore_ament_install'
[0.121s] Level 1:colcon.colcon_core.package_identification:_identify(PX4/logs/2025-02-16/flight5) by extensions ['colcon_pkg']
[0.121s] Level 1:colcon.colcon_core.package_identification:_identify(PX4/logs/2025-02-16/flight5) by extension 'colcon_pkg'
[0.121s] Level 1:colcon.colcon_core.package_identification:_identify(PX4/logs/2025-02-16/flight5) by extensions ['colcon_meta']
[0.121s] Level 1:colcon.colcon_core.package_identification:_identify(PX4/logs/2025-02-16/flight5) by extension 'colcon_meta'
[0.121s] Level 1:colcon.colcon_core.package_identification:_identify(PX4/logs/2025-02-16/flight5) by extensions ['ros']
[0.121s] Level 1:colcon.colcon_core.package_identification:_identify(PX4/logs/2025-02-16/flight5) by extension 'ros'
[0.121s] Level 1:colcon.colcon_core.package_identification:_identify(PX4/logs/2025-02-16/flight5) by extensions ['cmake', 'python']
[0.121s] Level 1:colcon.colcon_core.package_identification:_identify(PX4/logs/2025-02-16/flight5) by extension 'cmake'
[0.121s] Level 1:colcon.colcon_core.package_identification:_identify(PX4/logs/2025-02-16/flight5) by extension 'python'
[0.121s] Level 1:colcon.colcon_core.package_identification:_identify(PX4/logs/2025-02-16/flight5) by extensions ['python_setup_py']
[0.121s] Level 1:colcon.colcon_core.package_identification:_identify(PX4/logs/2025-02-16/flight5) by extension 'python_setup_py'
[0.121s] Level 1:colcon.colcon_core.package_identification:_identify(PX4/logs/2025-02-16/flight6) by extensions ['ignore', 'ignore_ament_install']
[0.121s] Level 1:colcon.colcon_core.package_identification:_identify(PX4/logs/2025-02-16/flight6) by extension 'ignore'
[0.121s] Level 1:colcon.colcon_core.package_identification:_identify(PX4/logs/2025-02-16/flight6) by extension 'ignore_ament_install'
[0.121s] Level 1:colcon.colcon_core.package_identification:_identify(PX4/logs/2025-02-16/flight6) by extensions ['colcon_pkg']
[0.121s] Level 1:colcon.colcon_core.package_identification:_identify(PX4/logs/2025-02-16/flight6) by extension 'colcon_pkg'
[0.121s] Level 1:colcon.colcon_core.package_identification:_identify(PX4/logs/2025-02-16/flight6) by extensions ['colcon_meta']
[0.121s] Level 1:colcon.colcon_core.package_identification:_identify(PX4/logs/2025-02-16/flight6) by extension 'colcon_meta'
[0.121s] Level 1:colcon.colcon_core.package_identification:_identify(PX4/logs/2025-02-16/flight6) by extensions ['ros']
[0.121s] Level 1:colcon.colcon_core.package_identification:_identify(PX4/logs/2025-02-16/flight6) by extension 'ros'
[0.121s] Level 1:colcon.colcon_core.package_identification:_identify(PX4/logs/2025-02-16/flight6) by extensions ['cmake', 'python']
[0.121s] Level 1:colcon.colcon_core.package_identification:_identify(PX4/logs/2025-02-16/flight6) by extension 'cmake'
[0.121s] Level 1:colcon.colcon_core.package_identification:_identify(PX4/logs/2025-02-16/flight6) by extension 'python'
[0.121s] Level 1:colcon.colcon_core.package_identification:_identify(PX4/logs/2025-02-16/flight6) by extensions ['python_setup_py']
[0.121s] Level 1:colcon.colcon_core.package_identification:_identify(PX4/logs/2025-02-16/flight6) by extension 'python_setup_py'
[0.122s] Level 1:colcon.colcon_core.package_identification:_identify(PX4/logs/2025-02-16/flight7) by extensions ['ignore', 'ignore_ament_install']
[0.122s] Level 1:colcon.colcon_core.package_identification:_identify(PX4/logs/2025-02-16/flight7) by extension 'ignore'
[0.122s] Level 1:colcon.colcon_core.package_identification:_identify(PX4/logs/2025-02-16/flight7) by extension 'ignore_ament_install'
[0.122s] Level 1:colcon.colcon_core.package_identification:_identify(PX4/logs/2025-02-16/flight7) by extensions ['colcon_pkg']
[0.122s] Level 1:colcon.colcon_core.package_identification:_identify(PX4/logs/2025-02-16/flight7) by extension 'colcon_pkg'
[0.122s] Level 1:colcon.colcon_core.package_identification:_identify(PX4/logs/2025-02-16/flight7) by extensions ['colcon_meta']
[0.122s] Level 1:colcon.colcon_core.package_identification:_identify(PX4/logs/2025-02-16/flight7) by extension 'colcon_meta'
[0.122s] Level 1:colcon.colcon_core.package_identification:_identify(PX4/logs/2025-02-16/flight7) by extensions ['ros']
[0.122s] Level 1:colcon.colcon_core.package_identification:_identify(PX4/logs/2025-02-16/flight7) by extension 'ros'
[0.122s] Level 1:colcon.colcon_core.package_identification:_identify(PX4/logs/2025-02-16/flight7) by extensions ['cmake', 'python']
[0.122s] Level 1:colcon.colcon_core.package_identification:_identify(PX4/logs/2025-02-16/flight7) by extension 'cmake'
[0.122s] Level 1:colcon.colcon_core.package_identification:_identify(PX4/logs/2025-02-16/flight7) by extension 'python'
[0.122s] Level 1:colcon.colcon_core.package_identification:_identify(PX4/logs/2025-02-16/flight7) by extensions ['python_setup_py']
[0.122s] Level 1:colcon.colcon_core.package_identification:_identify(PX4/logs/2025-02-16/flight7) by extension 'python_setup_py'
[0.122s] Level 1:colcon.colcon_core.package_identification:_identify(PX4/logs/2025-02-16/flight8) by extensions ['ignore', 'ignore_ament_install']
[0.122s] Level 1:colcon.colcon_core.package_identification:_identify(PX4/logs/2025-02-16/flight8) by extension 'ignore'
[0.122s] Level 1:colcon.colcon_core.package_identification:_identify(PX4/logs/2025-02-16/flight8) by extension 'ignore_ament_install'
[0.122s] Level 1:colcon.colcon_core.package_identification:_identify(PX4/logs/2025-02-16/flight8) by extensions ['colcon_pkg']
[0.122s] Level 1:colcon.colcon_core.package_identification:_identify(PX4/logs/2025-02-16/flight8) by extension 'colcon_pkg'
[0.122s] Level 1:colcon.colcon_core.package_identification:_identify(PX4/logs/2025-02-16/flight8) by extensions ['colcon_meta']
[0.122s] Level 1:colcon.colcon_core.package_identification:_identify(PX4/logs/2025-02-16/flight8) by extension 'colcon_meta'
[0.122s] Level 1:colcon.colcon_core.package_identification:_identify(PX4/logs/2025-02-16/flight8) by extensions ['ros']
[0.122s] Level 1:colcon.colcon_core.package_identification:_identify(PX4/logs/2025-02-16/flight8) by extension 'ros'
[0.122s] Level 1:colcon.colcon_core.package_identification:_identify(PX4/logs/2025-02-16/flight8) by extensions ['cmake', 'python']
[0.122s] Level 1:colcon.colcon_core.package_identification:_identify(PX4/logs/2025-02-16/flight8) by extension 'cmake'
[0.122s] Level 1:colcon.colcon_core.package_identification:_identify(PX4/logs/2025-02-16/flight8) by extension 'python'
[0.122s] Level 1:colcon.colcon_core.package_identification:_identify(PX4/logs/2025-02-16/flight8) by extensions ['python_setup_py']
[0.122s] Level 1:colcon.colcon_core.package_identification:_identify(PX4/logs/2025-02-16/flight8) by extension 'python_setup_py'
[0.122s] Level 1:colcon.colcon_core.package_identification:_identify(PX4-Autopilot) by extensions ['ignore', 'ignore_ament_install']
[0.122s] Level 1:colcon.colcon_core.package_identification:_identify(PX4-Autopilot) by extension 'ignore'
[0.122s] Level 1:colcon.colcon_core.package_identification:_identify(PX4-Autopilot) by extension 'ignore_ament_install'
[0.122s] Level 1:colcon.colcon_core.package_identification:_identify(PX4-Autopilot) by extensions ['colcon_pkg']
[0.122s] Level 1:colcon.colcon_core.package_identification:_identify(PX4-Autopilot) by extension 'colcon_pkg'
[0.122s] Level 1:colcon.colcon_core.package_identification:_identify(PX4-Autopilot) by extensions ['colcon_meta']
[0.122s] Level 1:colcon.colcon_core.package_identification:_identify(PX4-Autopilot) by extension 'colcon_meta'
[0.123s] Level 1:colcon.colcon_core.package_identification:_identify(PX4-Autopilot) by extensions ['ros']
[0.123s] Level 1:colcon.colcon_core.package_identification:_identify(PX4-Autopilot) by extension 'ros'
[0.124s] DEBUG:colcon.colcon_core.package_identification:Package 'PX4-Autopilot' with type 'ros.ament_cmake' and name 'px4'
[0.124s] Level 1:colcon.colcon_core.package_identification:_identify(build) by extensions ['ignore', 'ignore_ament_install']
[0.124s] Level 1:colcon.colcon_core.package_identification:_identify(build) by extension 'ignore'
[0.124s] Level 1:colcon.colcon_core.package_identification:_identify(build) ignored
[0.125s] Level 1:colcon.colcon_core.package_identification:_identify(docs) by extensions ['ignore', 'ignore_ament_install']
[0.125s] Level 1:colcon.colcon_core.package_identification:_identify(docs) by extension 'ignore'
[0.125s] Level 1:colcon.colcon_core.package_identification:_identify(docs) by extension 'ignore_ament_install'
[0.125s] Level 1:colcon.colcon_core.package_identification:_identify(docs) by extensions ['colcon_pkg']
[0.125s] Level 1:colcon.colcon_core.package_identification:_identify(docs) by extension 'colcon_pkg'
[0.125s] Level 1:colcon.colcon_core.package_identification:_identify(docs) by extensions ['colcon_meta']
[0.125s] Level 1:colcon.colcon_core.package_identification:_identify(docs) by extension 'colcon_meta'
[0.125s] Level 1:colcon.colcon_core.package_identification:_identify(docs) by extensions ['ros']
[0.125s] Level 1:colcon.colcon_core.package_identification:_identify(docs) by extension 'ros'
[0.125s] Level 1:colcon.colcon_core.package_identification:_identify(docs) by extensions ['cmake', 'python']
[0.125s] Level 1:colcon.colcon_core.package_identification:_identify(docs) by extension 'cmake'
[0.125s] Level 1:colcon.colcon_core.package_identification:_identify(docs) by extension 'python'
[0.125s] Level 1:colcon.colcon_core.package_identification:_identify(docs) by extensions ['python_setup_py']
[0.125s] Level 1:colcon.colcon_core.package_identification:_identify(docs) by extension 'python_setup_py'
[0.125s] Level 1:colcon.colcon_core.package_identification:_identify(install) by extensions ['ignore', 'ignore_ament_install']
[0.125s] Level 1:colcon.colcon_core.package_identification:_identify(install) by extension 'ignore'
[0.125s] Level 1:colcon.colcon_core.package_identification:_identify(install) ignored
[0.125s] Level 1:colcon.colcon_core.package_identification:_identify(log) by extensions ['ignore', 'ignore_ament_install']
[0.125s] Level 1:colcon.colcon_core.package_identification:_identify(log) by extension 'ignore'
[0.125s] Level 1:colcon.colcon_core.package_identification:_identify(log) ignored
[0.125s] Level 1:colcon.colcon_core.package_identification:_identify(src) by extensions ['ignore', 'ignore_ament_install']
[0.125s] Level 1:colcon.colcon_core.package_identification:_identify(src) by extension 'ignore'
[0.125s] Level 1:colcon.colcon_core.package_identification:_identify(src) by extension 'ignore_ament_install'
[0.125s] Level 1:colcon.colcon_core.package_identification:_identify(src) by extensions ['colcon_pkg']
[0.125s] Level 1:colcon.colcon_core.package_identification:_identify(src) by extension 'colcon_pkg'
[0.125s] Level 1:colcon.colcon_core.package_identification:_identify(src) by extensions ['colcon_meta']
[0.125s] Level 1:colcon.colcon_core.package_identification:_identify(src) by extension 'colcon_meta'
[0.125s] Level 1:colcon.colcon_core.package_identification:_identify(src) by extensions ['ros']
[0.125s] Level 1:colcon.colcon_core.package_identification:_identify(src) by extension 'ros'
[0.125s] Level 1:colcon.colcon_core.package_identification:_identify(src) by extensions ['cmake', 'python']
[0.125s] Level 1:colcon.colcon_core.package_identification:_identify(src) by extension 'cmake'
[0.125s] Level 1:colcon.colcon_core.package_identification:_identify(src) by extension 'python'
[0.125s] Level 1:colcon.colcon_core.package_identification:_identify(src) by extensions ['python_setup_py']
[0.125s] Level 1:colcon.colcon_core.package_identification:_identify(src) by extension 'python_setup_py'
[0.126s] Level 1:colcon.colcon_core.package_identification:_identify(src/PX4) by extensions ['ignore', 'ignore_ament_install']
[0.126s] Level 1:colcon.colcon_core.package_identification:_identify(src/PX4) by extension 'ignore'
[0.126s] Level 1:colcon.colcon_core.package_identification:_identify(src/PX4) by extension 'ignore_ament_install'
[0.126s] Level 1:colcon.colcon_core.package_identification:_identify(src/PX4) by extensions ['colcon_pkg']
[0.126s] Level 1:colcon.colcon_core.package_identification:_identify(src/PX4) by extension 'colcon_pkg'
[0.126s] Level 1:colcon.colcon_core.package_identification:_identify(src/PX4) by extensions ['colcon_meta']
[0.126s] Level 1:colcon.colcon_core.package_identification:_identify(src/PX4) by extension 'colcon_meta'
[0.126s] Level 1:colcon.colcon_core.package_identification:_identify(src/PX4) by extensions ['ros']
[0.126s] Level 1:colcon.colcon_core.package_identification:_identify(src/PX4) by extension 'ros'
[0.126s] Level 1:colcon.colcon_core.package_identification:_identify(src/PX4) by extensions ['cmake', 'python']
[0.126s] Level 1:colcon.colcon_core.package_identification:_identify(src/PX4) by extension 'cmake'
[0.126s] Level 1:colcon.colcon_core.package_identification:_identify(src/PX4) by extension 'python'
[0.126s] Level 1:colcon.colcon_core.package_identification:_identify(src/PX4) by extensions ['python_setup_py']
[0.126s] Level 1:colcon.colcon_core.package_identification:_identify(src/PX4) by extension 'python_setup_py'
[0.126s] Level 1:colcon.colcon_core.package_identification:_identify(src/PX4/logs) by extensions ['ignore', 'ignore_ament_install']
[0.126s] Level 1:colcon.colcon_core.package_identification:_identify(src/PX4/logs) by extension 'ignore'
[0.126s] Level 1:colcon.colcon_core.package_identification:_identify(src/PX4/logs) by extension 'ignore_ament_install'
[0.126s] Level 1:colcon.colcon_core.package_identification:_identify(src/PX4/logs) by extensions ['colcon_pkg']
[0.126s] Level 1:colcon.colcon_core.package_identification:_identify(src/PX4/logs) by extension 'colcon_pkg'
[0.126s] Level 1:colcon.colcon_core.package_identification:_identify(src/PX4/logs) by extensions ['colcon_meta']
[0.126s] Level 1:colcon.colcon_core.package_identification:_identify(src/PX4/logs) by extension 'colcon_meta'
[0.126s] Level 1:colcon.colcon_core.package_identification:_identify(src/PX4/logs) by extensions ['ros']
[0.126s] Level 1:colcon.colcon_core.package_identification:_identify(src/PX4/logs) by extension 'ros'
[0.126s] Level 1:colcon.colcon_core.package_identification:_identify(src/PX4/logs) by extensions ['cmake', 'python']
[0.126s] Level 1:colcon.colcon_core.package_identification:_identify(src/PX4/logs) by extension 'cmake'
[0.126s] Level 1:colcon.colcon_core.package_identification:_identify(src/PX4/logs) by extension 'python'
[0.126s] Level 1:colcon.colcon_core.package_identification:_identify(src/PX4/logs) by extensions ['python_setup_py']
[0.126s] Level 1:colcon.colcon_core.package_identification:_identify(src/PX4/logs) by extension 'python_setup_py'
[0.126s] Level 1:colcon.colcon_core.package_identification:_identify(src/PX4/logs/2025-02-14) by extensions ['ignore', 'ignore_ament_install']
[0.126s] Level 1:colcon.colcon_core.package_identification:_identify(src/PX4/logs/2025-02-14) by extension 'ignore'
[0.126s] Level 1:colcon.colcon_core.package_identification:_identify(src/PX4/logs/2025-02-14) by extension 'ignore_ament_install'
[0.126s] Level 1:colcon.colcon_core.package_identification:_identify(src/PX4/logs/2025-02-14) by extensions ['colcon_pkg']
[0.126s] Level 1:colcon.colcon_core.package_identification:_identify(src/PX4/logs/2025-02-14) by extension 'colcon_pkg'
[0.126s] Level 1:colcon.colcon_core.package_identification:_identify(src/PX4/logs/2025-02-14) by extensions ['colcon_meta']
[0.126s] Level 1:colcon.colcon_core.package_identification:_identify(src/PX4/logs/2025-02-14) by extension 'colcon_meta'
[0.126s] Level 1:colcon.colcon_core.package_identification:_identify(src/PX4/logs/2025-02-14) by extensions ['ros']
[0.126s] Level 1:colcon.colcon_core.package_identification:_identify(src/PX4/logs/2025-02-14) by extension 'ros'
[0.126s] Level 1:colcon.colcon_core.package_identification:_identify(src/PX4/logs/2025-02-14) by extensions ['cmake', 'python']
[0.126s] Level 1:colcon.colcon_core.package_identification:_identify(src/PX4/logs/2025-02-14) by extension 'cmake'
[0.126s] Level 1:colcon.colcon_core.package_identification:_identify(src/PX4/logs/2025-02-14) by extension 'python'
[0.126s] Level 1:colcon.colcon_core.package_identification:_identify(src/PX4/logs/2025-02-14) by extensions ['python_setup_py']
[0.126s] Level 1:colcon.colcon_core.package_identification:_identify(src/PX4/logs/2025-02-14) by extension 'python_setup_py'
[0.126s] Level 1:colcon.colcon_core.package_identification:_identify(src/PX4/logs/2025-02-14/flight1) by extensions ['ignore', 'ignore_ament_install']
[0.126s] Level 1:colcon.colcon_core.package_identification:_identify(src/PX4/logs/2025-02-14/flight1) by extension 'ignore'
[0.126s] Level 1:colcon.colcon_core.package_identification:_identify(src/PX4/logs/2025-02-14/flight1) by extension 'ignore_ament_install'
[0.127s] Level 1:colcon.colcon_core.package_identification:_identify(src/PX4/logs/2025-02-14/flight1) by extensions ['colcon_pkg']
[0.127s] Level 1:colcon.colcon_core.package_identification:_identify(src/PX4/logs/2025-02-14/flight1) by extension 'colcon_pkg'
[0.127s] Level 1:colcon.colcon_core.package_identification:_identify(src/PX4/logs/2025-02-14/flight1) by extensions ['colcon_meta']
[0.127s] Level 1:colcon.colcon_core.package_identification:_identify(src/PX4/logs/2025-02-14/flight1) by extension 'colcon_meta'
[0.127s] Level 1:colcon.colcon_core.package_identification:_identify(src/PX4/logs/2025-02-14/flight1) by extensions ['ros']
[0.127s] Level 1:colcon.colcon_core.package_identification:_identify(src/PX4/logs/2025-02-14/flight1) by extension 'ros'
[0.127s] Level 1:colcon.colcon_core.package_identification:_identify(src/PX4/logs/2025-02-14/flight1) by extensions ['cmake', 'python']
[0.127s] Level 1:colcon.colcon_core.package_identification:_identify(src/PX4/logs/2025-02-14/flight1) by extension 'cmake'
[0.127s] Level 1:colcon.colcon_core.package_identification:_identify(src/PX4/logs/2025-02-14/flight1) by extension 'python'
[0.127s] Level 1:colcon.colcon_core.package_identification:_identify(src/PX4/logs/2025-02-14/flight1) by extensions ['python_setup_py']
[0.127s] Level 1:colcon.colcon_core.package_identification:_identify(src/PX4/logs/2025-02-14/flight1) by extension 'python_setup_py'
[0.127s] Level 1:colcon.colcon_core.package_identification:_identify(src/build) by extensions ['ignore', 'ignore_ament_install']
[0.127s] Level 1:colcon.colcon_core.package_identification:_identify(src/build) by extension 'ignore'
[0.127s] Level 1:colcon.colcon_core.package_identification:_identify(src/build) ignored
[0.127s] Level 1:colcon.colcon_core.package_identification:_identify(src/cybersecurity) by extensions ['ignore', 'ignore_ament_install']
[0.127s] Level 1:colcon.colcon_core.package_identification:_identify(src/cybersecurity) by extension 'ignore'
[0.127s] Level 1:colcon.colcon_core.package_identification:_identify(src/cybersecurity) by extension 'ignore_ament_install'
[0.127s] Level 1:colcon.colcon_core.package_identification:_identify(src/cybersecurity) by extensions ['colcon_pkg']
[0.127s] Level 1:colcon.colcon_core.package_identification:_identify(src/cybersecurity) by extension 'colcon_pkg'
[0.127s] Level 1:colcon.colcon_core.package_identification:_identify(src/cybersecurity) by extensions ['colcon_meta']
[0.127s] Level 1:colcon.colcon_core.package_identification:_identify(src/cybersecurity) by extension 'colcon_meta'
[0.127s] Level 1:colcon.colcon_core.package_identification:_identify(src/cybersecurity) by extensions ['ros']
[0.127s] Level 1:colcon.colcon_core.package_identification:_identify(src/cybersecurity) by extension 'ros'
[0.127s] Level 1:colcon.colcon_core.package_identification:_identify(src/cybersecurity) by extensions ['cmake', 'python']
[0.127s] Level 1:colcon.colcon_core.package_identification:_identify(src/cybersecurity) by extension 'cmake'
[0.127s] Level 1:colcon.colcon_core.package_identification:_identify(src/cybersecurity) by extension 'python'
[0.127s] Level 1:colcon.colcon_core.package_identification:_identify(src/cybersecurity) by extensions ['python_setup_py']
[0.127s] Level 1:colcon.colcon_core.package_identification:_identify(src/cybersecurity) by extension 'python_setup_py'
[0.127s] Level 1:colcon.colcon_core.package_identification:_identify(src/digital_twin) by extensions ['ignore', 'ignore_ament_install']
[0.127s] Level 1:colcon.colcon_core.package_identification:_identify(src/digital_twin) by extension 'ignore'
[0.127s] Level 1:colcon.colcon_core.package_identification:_identify(src/digital_twin) by extension 'ignore_ament_install'
[0.127s] Level 1:colcon.colcon_core.package_identification:_identify(src/digital_twin) by extensions ['colcon_pkg']
[0.127s] Level 1:colcon.colcon_core.package_identification:_identify(src/digital_twin) by extension 'colcon_pkg'
[0.127s] Level 1:colcon.colcon_core.package_identification:_identify(src/digital_twin) by extensions ['colcon_meta']
[0.127s] Level 1:colcon.colcon_core.package_identification:_identify(src/digital_twin) by extension 'colcon_meta'
[0.127s] Level 1:colcon.colcon_core.package_identification:_identify(src/digital_twin) by extensions ['ros']
[0.127s] Level 1:colcon.colcon_core.package_identification:_identify(src/digital_twin) by extension 'ros'
[0.127s] Level 1:colcon.colcon_core.package_identification:_identify(src/digital_twin) by extensions ['cmake', 'python']
[0.127s] Level 1:colcon.colcon_core.package_identification:_identify(src/digital_twin) by extension 'cmake'
[0.127s] Level 1:colcon.colcon_core.package_identification:_identify(src/digital_twin) by extension 'python'
[0.127s] Level 1:colcon.colcon_core.package_identification:_identify(src/digital_twin) by extensions ['python_setup_py']
[0.127s] Level 1:colcon.colcon_core.package_identification:_identify(src/digital_twin) by extension 'python_setup_py'
[0.127s] Level 1:colcon.colcon_core.package_identification:_identify(src/gazebo) by extensions ['ignore', 'ignore_ament_install']
[0.127s] Level 1:colcon.colcon_core.package_identification:_identify(src/gazebo) by extension 'ignore'
[0.127s] Level 1:colcon.colcon_core.package_identification:_identify(src/gazebo) by extension 'ignore_ament_install'
[0.128s] Level 1:colcon.colcon_core.package_identification:_identify(src/gazebo) by extensions ['colcon_pkg']
[0.128s] Level 1:colcon.colcon_core.package_identification:_identify(src/gazebo) by extension 'colcon_pkg'
[0.128s] Level 1:colcon.colcon_core.package_identification:_identify(src/gazebo) by extensions ['colcon_meta']
[0.128s] Level 1:colcon.colcon_core.package_identification:_identify(src/gazebo) by extension 'colcon_meta'
[0.128s] Level 1:colcon.colcon_core.package_identification:_identify(src/gazebo) by extensions ['ros']
[0.128s] Level 1:colcon.colcon_core.package_identification:_identify(src/gazebo) by extension 'ros'
[0.128s] Level 1:colcon.colcon_core.package_identification:_identify(src/gazebo) by extensions ['cmake', 'python']
[0.128s] Level 1:colcon.colcon_core.package_identification:_identify(src/gazebo) by extension 'cmake'
[0.128s] Level 1:colcon.colcon_core.package_identification:_identify(src/gazebo) by extension 'python'
[0.128s] Level 1:colcon.colcon_core.package_identification:_identify(src/gazebo) by extensions ['python_setup_py']
[0.128s] Level 1:colcon.colcon_core.package_identification:_identify(src/gazebo) by extension 'python_setup_py'
[0.128s] Level 1:colcon.colcon_core.package_identification:_identify(src/install) by extensions ['ignore', 'ignore_ament_install']
[0.128s] Level 1:colcon.colcon_core.package_identification:_identify(src/install) by extension 'ignore'
[0.128s] Level 1:colcon.colcon_core.package_identification:_identify(src/install) ignored
[0.128s] Level 1:colcon.colcon_core.package_identification:_identify(src/log) by extensions ['ignore', 'ignore_ament_install']
[0.128s] Level 1:colcon.colcon_core.package_identification:_identify(src/log) by extension 'ignore'
[0.128s] Level 1:colcon.colcon_core.package_identification:_identify(src/log) ignored
[0.128s] Level 1:colcon.colcon_core.package_identification:_identify(src/my_ros2_bridge_package) by extensions ['ignore', 'ignore_ament_install']
[0.128s] Level 1:colcon.colcon_core.package_identification:_identify(src/my_ros2_bridge_package) by extension 'ignore'
[0.128s] Level 1:colcon.colcon_core.package_identification:_identify(src/my_ros2_bridge_package) by extension 'ignore_ament_install'
[0.128s] Level 1:colcon.colcon_core.package_identification:_identify(src/my_ros2_bridge_package) by extensions ['colcon_pkg']
[0.128s] Level 1:colcon.colcon_core.package_identification:_identify(src/my_ros2_bridge_package) by extension 'colcon_pkg'
[0.128s] Level 1:colcon.colcon_core.package_identification:_identify(src/my_ros2_bridge_package) by extensions ['colcon_meta']
[0.128s] Level 1:colcon.colcon_core.package_identification:_identify(src/my_ros2_bridge_package) by extension 'colcon_meta'
[0.128s] Level 1:colcon.colcon_core.package_identification:_identify(src/my_ros2_bridge_package) by extensions ['ros']
[0.128s] Level 1:colcon.colcon_core.package_identification:_identify(src/my_ros2_bridge_package) by extension 'ros'
[0.128s] DEBUG:colcon.colcon_core.package_identification:Package 'src/my_ros2_bridge_package' with type 'ros.ament_python' and name 'my_ros2_bridge_package'
[0.129s] Level 1:colcon.colcon_core.package_identification:_identify(tests) by extensions ['ignore', 'ignore_ament_install']
[0.129s] Level 1:colcon.colcon_core.package_identification:_identify(tests) by extension 'ignore'
[0.129s] Level 1:colcon.colcon_core.package_identification:_identify(tests) by extension 'ignore_ament_install'
[0.129s] Level 1:colcon.colcon_core.package_identification:_identify(tests) by extensions ['colcon_pkg']
[0.129s] Level 1:colcon.colcon_core.package_identification:_identify(tests) by extension 'colcon_pkg'
[0.129s] Level 1:colcon.colcon_core.package_identification:_identify(tests) by extensions ['colcon_meta']
[0.129s] Level 1:colcon.colcon_core.package_identification:_identify(tests) by extension 'colcon_meta'
[0.129s] Level 1:colcon.colcon_core.package_identification:_identify(tests) by extensions ['ros']
[0.129s] Level 1:colcon.colcon_core.package_identification:_identify(tests) by extension 'ros'
[0.129s] Level 1:colcon.colcon_core.package_identification:_identify(tests) by extensions ['cmake', 'python']
[0.129s] Level 1:colcon.colcon_core.package_identification:_identify(tests) by extension 'cmake'
[0.129s] Level 1:colcon.colcon_core.package_identification:_identify(tests) by extension 'python'
[0.129s] Level 1:colcon.colcon_core.package_identification:_identify(tests) by extensions ['python_setup_py']
[0.129s] Level 1:colcon.colcon_core.package_identification:_identify(tests) by extension 'python_setup_py'
[0.129s] Level 1:colcon.colcon_core.package_identification:_identify(tests/integration_tests) by extensions ['ignore', 'ignore_ament_install']
[0.129s] Level 1:colcon.colcon_core.package_identification:_identify(tests/integration_tests) by extension 'ignore'
[0.129s] Level 1:colcon.colcon_core.package_identification:_identify(tests/integration_tests) by extension 'ignore_ament_install'
[0.129s] Level 1:colcon.colcon_core.package_identification:_identify(tests/integration_tests) by extensions ['colcon_pkg']
[0.129s] Level 1:colcon.colcon_core.package_identification:_identify(tests/integration_tests) by extension 'colcon_pkg'
[0.129s] Level 1:colcon.colcon_core.package_identification:_identify(tests/integration_tests) by extensions ['colcon_meta']
[0.129s] Level 1:colcon.colcon_core.package_identification:_identify(tests/integration_tests) by extension 'colcon_meta'
[0.129s] Level 1:colcon.colcon_core.package_identification:_identify(tests/integration_tests) by extensions ['ros']
[0.129s] Level 1:colcon.colcon_core.package_identification:_identify(tests/integration_tests) by extension 'ros'
[0.129s] Level 1:colcon.colcon_core.package_identification:_identify(tests/integration_tests) by extensions ['cmake', 'python']
[0.130s] Level 1:colcon.colcon_core.package_identification:_identify(tests/integration_tests) by extension 'cmake'
[0.130s] Level 1:colcon.colcon_core.package_identification:_identify(tests/integration_tests) by extension 'python'
[0.130s] Level 1:colcon.colcon_core.package_identification:_identify(tests/integration_tests) by extensions ['python_setup_py']
[0.130s] Level 1:colcon.colcon_core.package_identification:_identify(tests/integration_tests) by extension 'python_setup_py'
[0.130s] Level 1:colcon.colcon_core.package_identification:_identify(tests/unit_tests) by extensions ['ignore', 'ignore_ament_install']
[0.130s] Level 1:colcon.colcon_core.package_identification:_identify(tests/unit_tests) by extension 'ignore'
[0.130s] Level 1:colcon.colcon_core.package_identification:_identify(tests/unit_tests) by extension 'ignore_ament_install'
[0.130s] Level 1:colcon.colcon_core.package_identification:_identify(tests/unit_tests) by extensions ['colcon_pkg']
[0.130s] Level 1:colcon.colcon_core.package_identification:_identify(tests/unit_tests) by extension 'colcon_pkg'
[0.130s] Level 1:colcon.colcon_core.package_identification:_identify(tests/unit_tests) by extensions ['colcon_meta']
[0.130s] Level 1:colcon.colcon_core.package_identification:_identify(tests/unit_tests) by extension 'colcon_meta'
[0.130s] Level 1:colcon.colcon_core.package_identification:_identify(tests/unit_tests) by extensions ['ros']
[0.130s] Level 1:colcon.colcon_core.package_identification:_identify(tests/unit_tests) by extension 'ros'
[0.130s] Level 1:colcon.colcon_core.package_identification:_identify(tests/unit_tests) by extensions ['cmake', 'python']
[0.130s] Level 1:colcon.colcon_core.package_identification:_identify(tests/unit_tests) by extension 'cmake'
[0.130s] Level 1:colcon.colcon_core.package_identification:_identify(tests/unit_tests) by extension 'python'
[0.130s] Level 1:colcon.colcon_core.package_identification:_identify(tests/unit_tests) by extensions ['python_setup_py']
[0.131s] Level 1:colcon.colcon_core.package_identification:_identify(tests/unit_tests) by extension 'python_setup_py'
[0.131s] Level 1:colcon.colcon_core.package_discovery:discover_packages(recursive) using defaults
[0.131s] Level 1:colcon.colcon_core.package_discovery:discover_packages(ignore) discover
[0.131s] Level 1:colcon.colcon_core.package_discovery:discover_packages(ignore) using defaults
[0.131s] Level 1:colcon.colcon_core.package_discovery:discover_packages(path) discover
[0.131s] Level 1:colcon.colcon_core.package_discovery:discover_packages(path) using defaults
[0.144s] INFO:colcon.colcon_metadata.metadata.colcon_pkg:Updating descriptor of package 'Micro-XRCE-DDS-Agent' from colcon.pkg: {'name': 'microxrcedds_agent', 'type': 'cmake', 'dependencies': ['fastcdr', 'fastdds'], 'cmake-args': ['-DUAGENT_ISOLATED_INSTALL=OFF', '-DUAGENT_USE_SYSTEM_FASTCDR=ON', '-DUAGENT_USE_SYSTEM_FASTDDS=ON']}
[0.145s] INFO:colcon.colcon_core.package_selection:Skipping not selected package 'microxrcedds_agent' in 'Micro-XRCE-DDS-Agent'
[0.145s] INFO:colcon.colcon_core.package_selection:Skipping not selected package 'px4' in 'PX4-Autopilot'
[0.145s] Level 1:colcon.colcon_core.package_discovery:discover_packages(prefix_path) check parameters
[0.145s] Level 1:colcon.colcon_core.package_discovery:discover_packages(prefix_path) discover
[0.145s] WARNING:colcon.colcon_ros.prefix_path.ament:The path '/home/ajval/Digital-Twin-Cybersecurity/install/my_ros2_bridge_package' in the environment variable AMENT_PREFIX_PATH doesn't exist
[0.146s] DEBUG:colcon.colcon_installed_package_information.package_discovery:Found 0 installed packages in /home/ajval/Digital-Twin-Cybersecurity/install
[0.147s] DEBUG:colcon.colcon_installed_package_information.package_discovery:Found 321 installed packages in /opt/ros/jazzy
[0.148s] Level 1:colcon.colcon_core.package_discovery:discover_packages(prefix_path) using defaults
[0.171s] Level 5:colcon.colcon_core.verb:set package 'my_ros2_bridge_package' build argument 'cmake_args' from command line to 'None'
[0.171s] Level 5:colcon.colcon_core.verb:set package 'my_ros2_bridge_package' build argument 'cmake_target' from command line to 'None'
[0.171s] Level 5:colcon.colcon_core.verb:set package 'my_ros2_bridge_package' build argument 'cmake_target_skip_unavailable' from command line to 'False'
[0.171s] Level 5:colcon.colcon_core.verb:set package 'my_ros2_bridge_package' build argument 'cmake_clean_cache' from command line to 'False'
[0.171s] Level 5:colcon.colcon_core.verb:set package 'my_ros2_bridge_package' build argument 'cmake_clean_first' from command line to 'False'
[0.171s] Level 5:colcon.colcon_core.verb:set package 'my_ros2_bridge_package' build argument 'cmake_force_configure' from command line to 'False'
[0.171s] Level 5:colcon.colcon_core.verb:set package 'my_ros2_bridge_package' build argument 'ament_cmake_args' from command line to 'None'
[0.171s] Level 5:colcon.colcon_core.verb:set package 'my_ros2_bridge_package' build argument 'catkin_cmake_args' from command line to 'None'
[0.171s] Level 5:colcon.colcon_core.verb:set package 'my_ros2_bridge_package' build argument 'catkin_skip_building_tests' from command line to 'False'
[0.171s] DEBUG:colcon.colcon_core.verb:Building package 'my_ros2_bridge_package' with the following arguments: {'ament_cmake_args': None, 'build_base': '/home/ajval/Digital-Twin-Cybersecurity/build/my_ros2_bridge_package', 'catkin_cmake_args': None, 'catkin_skip_building_tests': False, 'cmake_args': None, 'cmake_clean_cache': False, 'cmake_clean_first': False, 'cmake_force_configure': False, 'cmake_target': None, 'cmake_target_skip_unavailable': False, 'install_base': '/home/ajval/Digital-Twin-Cybersecurity/install/my_ros2_bridge_package', 'merge_install': False, 'path': '/home/ajval/Digital-Twin-Cybersecurity/src/my_ros2_bridge_package', 'symlink_install': False, 'test_result_base': None}
[0.171s] INFO:colcon.colcon_core.executor:Executing jobs using 'parallel' executor
[0.172s] DEBUG:colcon.colcon_parallel_executor.executor.parallel:run_until_complete
[0.172s] INFO:colcon.colcon_ros.task.ament_python.build:Building ROS package in '/home/ajval/Digital-Twin-Cybersecurity/src/my_ros2_bridge_package' with build type 'ament_python'
[0.172s] Level 1:colcon.colcon_core.shell:create_environment_hook('my_ros2_bridge_package', 'ament_prefix_path')
[0.173s] INFO:colcon.colcon_core.plugin_system:Skipping extension 'colcon_core.shell.bat': Not used on non-Windows systems
[0.173s] INFO:colcon.colcon_core.shell:Creating environment hook '/home/ajval/Digital-Twin-Cybersecurity/install/my_ros2_bridge_package/share/my_ros2_bridge_package/hook/ament_prefix_path.ps1'
[0.174s] INFO:colcon.colcon_core.shell:Creating environment descriptor '/home/ajval/Digital-Twin-Cybersecurity/install/my_ros2_bridge_package/share/my_ros2_bridge_package/hook/ament_prefix_path.dsv'
[0.174s] INFO:colcon.colcon_core.shell:Creating environment hook '/home/ajval/Digital-Twin-Cybersecurity/install/my_ros2_bridge_package/share/my_ros2_bridge_package/hook/ament_prefix_path.sh'
[0.174s] INFO:colcon.colcon_core.shell:Skip shell extension 'powershell' for command environment: Not usable outside of PowerShell
[0.174s] DEBUG:colcon.colcon_core.shell:Skip shell extension 'dsv' for command environment
[0.316s] INFO:colcon.colcon_core.task.python.build:Building Python package in '/home/ajval/Digital-Twin-Cybersecurity/src/my_ros2_bridge_package'
[0.316s] INFO:colcon.colcon_core.shell:Skip shell extension 'powershell' for command environment: Not usable outside of PowerShell
[0.316s] DEBUG:colcon.colcon_core.shell:Skip shell extension 'dsv' for command environment
[0.660s] DEBUG:colcon.colcon_core.event_handler.log_command:Invoking command in '/home/ajval/Digital-Twin-Cybersecurity/src/my_ros2_bridge_package': DEBUGINFOD_URLS=https://debuginfod.ubuntu.com PS1=(venv) \[\e]0;\u@\h: \w\a\]${debian_chroot:+($debian_chroot)}\[\033[01;32m\]\u@\h\[\033[00m\]:\[\033[01;34m\]\w\[\033[00m\]\$ PYTHONPATH=/home/ajval/Digital-Twin-Cybersecurity/build/my_ros2_bridge_package/prefix_override:/usr/lib/python3/dist-packages/colcon_core/task/python/colcon_distutils_commands:/home/ajval/Digital-Twin-Cybersecurity/install/my_ros2_bridge_package/lib/python3.12/site-packages:${PYTHONPATH} VIRTUAL_ENV_PROMPT=(venv) /usr/bin/python3 -W ignore:setup.py install is deprecated -W ignore:easy_install command is deprecated setup.py egg_info --egg-base ../../build/my_ros2_bridge_package build --build-base /home/ajval/Digital-Twin-Cybersecurity/build/my_ros2_bridge_package/build install --record /home/ajval/Digital-Twin-Cybersecurity/build/my_ros2_bridge_package/install.log --single-version-externally-managed install_data
[0.980s] DEBUG:colcon.colcon_core.event_handler.log_command:Invoked command in '/home/ajval/Digital-Twin-Cybersecurity/src/my_ros2_bridge_package' returned '0': DEBUGINFOD_URLS=https://debuginfod.ubuntu.com PS1=(venv) \[\e]0;\u@\h: \w\a\]${debian_chroot:+($debian_chroot)}\[\033[01;32m\]\u@\h\[\033[00m\]:\[\033[01;34m\]\w\[\033[00m\]\$ PYTHONPATH=/home/ajval/Digital-Twin-Cybersecurity/build/my_ros2_bridge_package/prefix_override:/usr/lib/python3/dist-packages/colcon_core/task/python/colcon_distutils_commands:/home/ajval/Digital-Twin-Cybersecurity/install/my_ros2_bridge_package/lib/python3.12/site-packages:${PYTHONPATH} VIRTUAL_ENV_PROMPT=(venv) /usr/bin/python3 -W ignore:setup.py install is deprecated -W ignore:easy_install command is deprecated setup.py egg_info --egg-base ../../build/my_ros2_bridge_package build --build-base /home/ajval/Digital-Twin-Cybersecurity/build/my_ros2_bridge_package/build install --record /home/ajval/Digital-Twin-Cybersecurity/build/my_ros2_bridge_package/install.log --single-version-externally-managed install_data
[0.982s] Level 1:colcon.colcon_core.environment:checking '/home/ajval/Digital-Twin-Cybersecurity/install/my_ros2_bridge_package' for CMake module files
[0.982s] Level 1:colcon.colcon_core.environment:checking '/home/ajval/Digital-Twin-Cybersecurity/install/my_ros2_bridge_package' for CMake config files
[0.982s] Level 1:colcon.colcon_core.environment:checking '/home/ajval/Digital-Twin-Cybersecurity/install/my_ros2_bridge_package/lib'
[0.982s] Level 1:colcon.colcon_core.environment:checking '/home/ajval/Digital-Twin-Cybersecurity/install/my_ros2_bridge_package/bin'
[0.982s] Level 1:colcon.colcon_core.environment:checking '/home/ajval/Digital-Twin-Cybersecurity/install/my_ros2_bridge_package/lib/pkgconfig/my_ros2_bridge_package.pc'
[0.982s] Level 1:colcon.colcon_core.environment:checking '/home/ajval/Digital-Twin-Cybersecurity/install/my_ros2_bridge_package/lib/python3.12/site-packages'
[0.982s] Level 1:colcon.colcon_core.shell:create_environment_hook('my_ros2_bridge_package', 'pythonpath')
[0.983s] INFO:colcon.colcon_core.shell:Creating environment hook '/home/ajval/Digital-Twin-Cybersecurity/install/my_ros2_bridge_package/share/my_ros2_bridge_package/hook/pythonpath.ps1'
[0.983s] INFO:colcon.colcon_core.shell:Creating environment descriptor '/home/ajval/Digital-Twin-Cybersecurity/install/my_ros2_bridge_package/share/my_ros2_bridge_package/hook/pythonpath.dsv'
[0.983s] INFO:colcon.colcon_core.shell:Creating environment hook '/home/ajval/Digital-Twin-Cybersecurity/install/my_ros2_bridge_package/share/my_ros2_bridge_package/hook/pythonpath.sh'
[0.983s] Level 1:colcon.colcon_core.environment:checking '/home/ajval/Digital-Twin-Cybersecurity/install/my_ros2_bridge_package/bin'
[0.983s] Level 1:colcon.colcon_core.environment:create_environment_scripts_only(my_ros2_bridge_package)
[0.983s] INFO:colcon.colcon_core.shell:Creating package script '/home/ajval/Digital-Twin-Cybersecurity/install/my_ros2_bridge_package/share/my_ros2_bridge_package/package.ps1'
[0.984s] INFO:colcon.colcon_core.shell:Creating package descriptor '/home/ajval/Digital-Twin-Cybersecurity/install/my_ros2_bridge_package/share/my_ros2_bridge_package/package.dsv'
[0.984s] INFO:colcon.colcon_core.shell:Creating package script '/home/ajval/Digital-Twin-Cybersecurity/install/my_ros2_bridge_package/share/my_ros2_bridge_package/package.sh'
[0.984s] INFO:colcon.colcon_core.shell:Creating package script '/home/ajval/Digital-Twin-Cybersecurity/install/my_ros2_bridge_package/share/my_ros2_bridge_package/package.bash'
[0.985s] INFO:colcon.colcon_core.shell:Creating package script '/home/ajval/Digital-Twin-Cybersecurity/install/my_ros2_bridge_package/share/my_ros2_bridge_package/package.zsh'
[0.985s] Level 1:colcon.colcon_core.environment:create_file_with_runtime_dependencies(/home/ajval/Digital-Twin-Cybersecurity/install/my_ros2_bridge_package/share/colcon-core/packages/my_ros2_bridge_package)
[0.985s] DEBUG:colcon.colcon_parallel_executor.executor.parallel:closing loop
[0.985s] DEBUG:colcon.colcon_parallel_executor.executor.parallel:loop closed
[0.985s] DEBUG:colcon.colcon_parallel_executor.executor.parallel:run_until_complete finished with '0'
[0.985s] DEBUG:colcon.colcon_core.event_reactor:joining thread
[0.988s] INFO:colcon.colcon_core.plugin_system:Skipping extension 'colcon_notification.desktop_notification.terminal_notifier': Not used on non-Darwin systems
[0.988s] INFO:colcon.colcon_core.plugin_system:Skipping extension 'colcon_notification.desktop_notification.win32': Not used on non-Windows systems
[0.988s] INFO:colcon.colcon_notification.desktop_notification:Sending desktop notification using 'notify2'
[0.997s] DEBUG:colcon.colcon_core.event_reactor:joined thread
[0.997s] INFO:colcon.colcon_core.shell:Creating prefix script '/home/ajval/Digital-Twin-Cybersecurity/install/local_setup.ps1'
[0.998s] INFO:colcon.colcon_core.shell:Creating prefix util module '/home/ajval/Digital-Twin-Cybersecurity/install/_local_setup_util_ps1.py'
[0.998s] INFO:colcon.colcon_core.shell:Creating prefix chain script '/home/ajval/Digital-Twin-Cybersecurity/install/setup.ps1'
[0.999s] INFO:colcon.colcon_core.shell:Creating prefix script '/home/ajval/Digital-Twin-Cybersecurity/install/local_setup.sh'
[0.999s] INFO:colcon.colcon_core.shell:Creating prefix util module '/home/ajval/Digital-Twin-Cybersecurity/install/_local_setup_util_sh.py'
[0.999s] INFO:colcon.colcon_core.shell:Creating prefix chain script '/home/ajval/Digital-Twin-Cybersecurity/install/setup.sh'
[1.000s] INFO:colcon.colcon_core.shell:Creating prefix script '/home/ajval/Digital-Twin-Cybersecurity/install/local_setup.bash'
[1.000s] INFO:colcon.colcon_core.shell:Creating prefix chain script '/home/ajval/Digital-Twin-Cybersecurity/install/setup.bash'
[1.000s] INFO:colcon.colcon_core.shell:Creating prefix script '/home/ajval/Digital-Twin-Cybersecurity/install/local_setup.zsh'
[1.001s] INFO:colcon.colcon_core.shell:Creating prefix chain script '/home/ajval/Digital-Twin-Cybersecurity/install/setup.zsh'
