running egg_info
creating ../../build/my_ros2_bridge_package/my_ros2_bridge_package.egg-info
writing ../../build/my_ros2_bridge_package/my_ros2_bridge_package.egg-info/PKG-INFO
writing dependency_links to ../../build/my_ros2_bridge_package/my_ros2_bridge_package.egg-info/dependency_links.txt
writing entry points to ../../build/my_ros2_bridge_package/my_ros2_bridge_package.egg-info/entry_points.txt
writing requirements to ../../build/my_ros2_bridge_package/my_ros2_bridge_package.egg-info/requires.txt
writing top-level names to ../../build/my_ros2_bridge_package/my_ros2_bridge_package.egg-info/top_level.txt
writing manifest file '../../build/my_ros2_bridge_package/my_ros2_bridge_package.egg-info/SOURCES.txt'
reading manifest file '../../build/my_ros2_bridge_package/my_ros2_bridge_package.egg-info/SOURCES.txt'
writing manifest file '../../build/my_ros2_bridge_package/my_ros2_bridge_package.egg-info/SOURCES.txt'
running build
running build_py
creating /home/ajval/Digital-Twin-Cybersecurity/build/my_ros2_bridge_package/build
creating /home/ajval/Digital-Twin-Cybersecurity/build/my_ros2_bridge_package/build/lib
creating /home/ajval/Digital-Twin-Cybersecurity/build/my_ros2_bridge_package/build/lib/my_ros2_bridge_package
copying my_ros2_bridge_package/ros2_bridge.py -> /home/ajval/Digital-Twin-Cybersecurity/build/my_ros2_bridge_package/build/lib/my_ros2_bridge_package
copying my_ros2_bridge_package/__init__.py -> /home/ajval/Digital-Twin-Cybersecurity/build/my_ros2_bridge_package/build/lib/my_ros2_bridge_package
running install
running install_lib
creating /home/ajval/Digital-Twin-Cybersecurity/install/my_ros2_bridge_package/lib/python3.12/site-packages/my_ros2_bridge_package
copying /home/ajval/Digital-Twin-Cybersecurity/build/my_ros2_bridge_package/build/lib/my_ros2_bridge_package/ros2_bridge.py -> /home/ajval/Digital-Twin-Cybersecurity/install/my_ros2_bridge_package/lib/python3.12/site-packages/my_ros2_bridge_package
copying /home/ajval/Digital-Twin-Cybersecurity/build/my_ros2_bridge_package/build/lib/my_ros2_bridge_package/__init__.py -> /home/ajval/Digital-Twin-Cybersecurity/install/my_ros2_bridge_package/lib/python3.12/site-packages/my_ros2_bridge_package
byte-compiling /home/ajval/Digital-Twin-Cybersecurity/install/my_ros2_bridge_package/lib/python3.12/site-packages/my_ros2_bridge_package/ros2_bridge.py to ros2_bridge.cpython-312.pyc
byte-compiling /home/ajval/Digital-Twin-Cybersecurity/install/my_ros2_bridge_package/lib/python3.12/site-packages/my_ros2_bridge_package/__init__.py to __init__.cpython-312.pyc
running install_data
creating /home/ajval/Digital-Twin-Cybersecurity/install/my_ros2_bridge_package/share/ament_index
creating /home/ajval/Digital-Twin-Cybersecurity/install/my_ros2_bridge_package/share/ament_index/resource_index
creating /home/ajval/Digital-Twin-Cybersecurity/install/my_ros2_bridge_package/share/ament_index/resource_index/packages
copying resource/my_ros2_bridge_package -> /home/ajval/Digital-Twin-Cybersecurity/install/my_ros2_bridge_package/share/ament_index/resource_index/packages
copying package.xml -> /home/ajval/Digital-Twin-Cybersecurity/install/my_ros2_bridge_package/share/my_ros2_bridge_package
creating /home/ajval/Digital-Twin-Cybersecurity/install/my_ros2_bridge_package/share/my_ros2_bridge_package/launch
copying launch/px4_digital_twin.launch.py -> /home/ajval/Digital-Twin-Cybersecurity/install/my_ros2_bridge_package/share/my_ros2_bridge_package/launch
running install_egg_info
Copying ../../build/my_ros2_bridge_package/my_ros2_bridge_package.egg-info to /home/ajval/Digital-Twin-Cybersecurity/install/my_ros2_bridge_package/lib/python3.12/site-packages/my_ros2_bridge_package-0.0.0-py3.12.egg-info
running install_scripts
Installing ros2_bridge script to /home/ajval/Digital-Twin-Cybersecurity/install/my_ros2_bridge_package/lib/my_ros2_bridge_package
writing list of installed files to '/home/ajval/Digital-Twin-Cybersecurity/build/my_ros2_bridge_package/install.log'
