[0.488s] Invoking command in '/home/ajval/Digital-Twin-Cybersecurity/src/my_ros2_bridge_package': DEBUGINFOD_URLS=https://debuginfod.ubuntu.com PS1=(venv) \[\e]0;\u@\h: \w\a\]${debian_chroot:+($debian_chroot)}\[\033[01;32m\]\u@\h\[\033[00m\]:\[\033[01;34m\]\w\[\033[00m\]\$ PYTHONPATH=/home/ajval/Digital-Twin-Cybersecurity/build/my_ros2_bridge_package/prefix_override:/usr/lib/python3/dist-packages/colcon_core/task/python/colcon_distutils_commands:/home/ajval/Digital-Twin-Cybersecurity/install/my_ros2_bridge_package/lib/python3.12/site-packages:${PYTHONPATH} VIRTUAL_ENV_PROMPT=(venv) /usr/bin/python3 -W ignore:setup.py install is deprecated -W ignore:easy_install command is deprecated setup.py egg_info --egg-base ../../build/my_ros2_bridge_package build --build-base /home/ajval/Digital-Twin-Cybersecurity/build/my_ros2_bridge_package/build install --record /home/ajval/Digital-Twin-Cybersecurity/build/my_ros2_bridge_package/install.log --single-version-externally-managed install_data
[0.652s] running egg_info
[0.652s] creating ../../build/my_ros2_bridge_package/my_ros2_bridge_package.egg-info
[0.662s] writing ../../build/my_ros2_bridge_package/my_ros2_bridge_package.egg-info/PKG-INFO
[0.663s] writing dependency_links to ../../build/my_ros2_bridge_package/my_ros2_bridge_package.egg-info/dependency_links.txt
[0.663s] writing entry points to ../../build/my_ros2_bridge_package/my_ros2_bridge_package.egg-info/entry_points.txt
[0.663s] writing requirements to ../../build/my_ros2_bridge_package/my_ros2_bridge_package.egg-info/requires.txt
[0.663s] writing top-level names to ../../build/my_ros2_bridge_package/my_ros2_bridge_package.egg-info/top_level.txt
[0.663s] writing manifest file '../../build/my_ros2_bridge_package/my_ros2_bridge_package.egg-info/SOURCES.txt'
[0.684s] reading manifest file '../../build/my_ros2_bridge_package/my_ros2_bridge_package.egg-info/SOURCES.txt'
[0.684s] writing manifest file '../../build/my_ros2_bridge_package/my_ros2_bridge_package.egg-info/SOURCES.txt'
[0.684s] running build
[0.684s] running build_py
[0.684s] creating /home/ajval/Digital-Twin-Cybersecurity/build/my_ros2_bridge_package/build
[0.684s] creating /home/ajval/Digital-Twin-Cybersecurity/build/my_ros2_bridge_package/build/lib
[0.684s] creating /home/ajval/Digital-Twin-Cybersecurity/build/my_ros2_bridge_package/build/lib/my_ros2_bridge_package
[0.684s] copying my_ros2_bridge_package/ros2_bridge.py -> /home/ajval/Digital-Twin-Cybersecurity/build/my_ros2_bridge_package/build/lib/my_ros2_bridge_package
[0.684s] copying my_ros2_bridge_package/__init__.py -> /home/ajval/Digital-Twin-Cybersecurity/build/my_ros2_bridge_package/build/lib/my_ros2_bridge_package
[0.684s] running install
[0.688s] running install_lib
[0.699s] creating /home/ajval/Digital-Twin-Cybersecurity/install/my_ros2_bridge_package/lib/python3.12/site-packages/my_ros2_bridge_package
[0.699s] copying /home/ajval/Digital-Twin-Cybersecurity/build/my_ros2_bridge_package/build/lib/my_ros2_bridge_package/ros2_bridge.py -> /home/ajval/Digital-Twin-Cybersecurity/install/my_ros2_bridge_package/lib/python3.12/site-packages/my_ros2_bridge_package
[0.699s] copying /home/ajval/Digital-Twin-Cybersecurity/build/my_ros2_bridge_package/build/lib/my_ros2_bridge_package/__init__.py -> /home/ajval/Digital-Twin-Cybersecurity/install/my_ros2_bridge_package/lib/python3.12/site-packages/my_ros2_bridge_package
[0.699s] byte-compiling /home/ajval/Digital-Twin-Cybersecurity/install/my_ros2_bridge_package/lib/python3.12/site-packages/my_ros2_bridge_package/ros2_bridge.py to ros2_bridge.cpython-312.pyc
[0.699s] byte-compiling /home/ajval/Digital-Twin-Cybersecurity/install/my_ros2_bridge_package/lib/python3.12/site-packages/my_ros2_bridge_package/__init__.py to __init__.cpython-312.pyc
[0.699s] running install_data
[0.699s] creating /home/ajval/Digital-Twin-Cybersecurity/install/my_ros2_bridge_package/share/ament_index
[0.700s] creating /home/ajval/Digital-Twin-Cybersecurity/install/my_ros2_bridge_package/share/ament_index/resource_index
[0.700s] creating /home/ajval/Digital-Twin-Cybersecurity/install/my_ros2_bridge_package/share/ament_index/resource_index/packages
[0.700s] copying resource/my_ros2_bridge_package -> /home/ajval/Digital-Twin-Cybersecurity/install/my_ros2_bridge_package/share/ament_index/resource_index/packages
[0.700s] copying package.xml -> /home/ajval/Digital-Twin-Cybersecurity/install/my_ros2_bridge_package/share/my_ros2_bridge_package
[0.700s] creating /home/ajval/Digital-Twin-Cybersecurity/install/my_ros2_bridge_package/share/my_ros2_bridge_package/launch
[0.700s] copying launch/px4_digital_twin.launch.py -> /home/ajval/Digital-Twin-Cybersecurity/install/my_ros2_bridge_package/share/my_ros2_bridge_package/launch
[0.700s] running install_egg_info
[0.711s] Copying ../../build/my_ros2_bridge_package/my_ros2_bridge_package.egg-info to /home/ajval/Digital-Twin-Cybersecurity/install/my_ros2_bridge_package/lib/python3.12/site-packages/my_ros2_bridge_package-0.0.0-py3.12.egg-info
[0.712s] running install_scripts
[0.787s] Installing ros2_bridge script to /home/ajval/Digital-Twin-Cybersecurity/install/my_ros2_bridge_package/lib/my_ros2_bridge_package
[0.787s] writing list of installed files to '/home/ajval/Digital-Twin-Cybersecurity/build/my_ros2_bridge_package/install.log'
[0.808s] Invoked command in '/home/ajval/Digital-Twin-Cybersecurity/src/my_ros2_bridge_package' returned '0': DEBUGINFOD_URLS=https://debuginfod.ubuntu.com PS1=(venv) \[\e]0;\u@\h: \w\a\]${debian_chroot:+($debian_chroot)}\[\033[01;32m\]\u@\h\[\033[00m\]:\[\033[01;34m\]\w\[\033[00m\]\$ PYTHONPATH=/home/ajval/Digital-Twin-Cybersecurity/build/my_ros2_bridge_package/prefix_override:/usr/lib/python3/dist-packages/colcon_core/task/python/colcon_distutils_commands:/home/ajval/Digital-Twin-Cybersecurity/install/my_ros2_bridge_package/lib/python3.12/site-packages:${PYTHONPATH} VIRTUAL_ENV_PROMPT=(venv) /usr/bin/python3 -W ignore:setup.py install is deprecated -W ignore:easy_install command is deprecated setup.py egg_info --egg-base ../../build/my_ros2_bridge_package build --build-base /home/ajval/Digital-Twin-Cybersecurity/build/my_ros2_bridge_package/build install --record /home/ajval/Digital-Twin-Cybersecurity/build/my_ros2_bridge_package/install.log --single-version-externally-managed install_data
