[0.008s] Invoking command in '/home/ajval/Digital-Twin-Cybersecurity/x500_model/build/x500_drone_description': CMAKE_PREFIX_PATH=${CMAKE_PREFIX_PATH}:/opt/ros/jazzy DEBUGINFOD_URLS=https://debuginfod.ubuntu.com /usr/bin/cmake /home/ajval/Digital-Twin-Cybersecurity/x500_model/src/x500-Drone-Twin/x500_drone_description -DCMAKE_INSTALL_PREFIX=/home/ajval/Digital-Twin-Cybersecurity/x500_model/install/x500_drone_description
[0.109s] -- The C compiler identification is GNU 13.3.0
[0.179s] -- The CXX compiler identification is GNU 13.3.0
[0.193s] -- Detecting C compiler ABI info
[0.269s] -- Detecting C compiler ABI info - done
[0.275s] -- Check for working C compiler: /usr/bin/cc - skipped
[0.275s] -- Detecting C compile features
[0.276s] -- Detecting C compile features - done
[0.284s] -- Detecting CXX compiler ABI info
[0.363s] -- Detecting CXX compiler ABI info - done
[0.368s] -- Check for working CXX compiler: /usr/bin/c++ - skipped
[0.368s] -- Detecting CXX compile features
[0.368s] -- Detecting CXX compile features - done
[0.373s] -- Found ament_cmake: 2.5.3 (/opt/ros/jazzy/share/ament_cmake/cmake)
[0.485s] -- Found Python3: /usr/bin/python3 (found version "3.12.3") found components: Interpreter 
[0.636s] -- Configuring done (0.6s)
[0.638s] -- Generating done (0.0s)
[0.639s] -- Build files have been written to: /home/ajval/Digital-Twin-Cybersecurity/x500_model/build/x500_drone_description
[0.644s] Invoked command in '/home/ajval/Digital-Twin-Cybersecurity/x500_model/build/x500_drone_description' returned '0': CMAKE_PREFIX_PATH=${CMAKE_PREFIX_PATH}:/opt/ros/jazzy DEBUGINFOD_URLS=https://debuginfod.ubuntu.com /usr/bin/cmake /home/ajval/Digital-Twin-Cybersecurity/x500_model/src/x500-Drone-Twin/x500_drone_description -DCMAKE_INSTALL_PREFIX=/home/ajval/Digital-Twin-Cybersecurity/x500_model/install/x500_drone_description
[0.644s] Invoking command in '/home/ajval/Digital-Twin-Cybersecurity/x500_model/build/x500_drone_description': CMAKE_PREFIX_PATH=${CMAKE_PREFIX_PATH}:/opt/ros/jazzy DEBUGINFOD_URLS=https://debuginfod.ubuntu.com /usr/bin/cmake --build /home/ajval/Digital-Twin-Cybersecurity/x500_model/build/x500_drone_description -- -j22 -l22
[0.684s] Invoked command in '/home/ajval/Digital-Twin-Cybersecurity/x500_model/build/x500_drone_description' returned '0': CMAKE_PREFIX_PATH=${CMAKE_PREFIX_PATH}:/opt/ros/jazzy DEBUGINFOD_URLS=https://debuginfod.ubuntu.com /usr/bin/cmake --build /home/ajval/Digital-Twin-Cybersecurity/x500_model/build/x500_drone_description -- -j22 -l22
[0.693s] Invoking command in '/home/ajval/Digital-Twin-Cybersecurity/x500_model/build/x500_drone_description': CMAKE_PREFIX_PATH=${CMAKE_PREFIX_PATH}:/opt/ros/jazzy DEBUGINFOD_URLS=https://debuginfod.ubuntu.com /usr/bin/cmake --install /home/ajval/Digital-Twin-Cybersecurity/x500_model/build/x500_drone_description
[0.701s] -- Install configuration: ""
[0.701s] -- Installing: /home/ajval/Digital-Twin-Cybersecurity/x500_model/install/x500_drone_description/share/x500_drone_description/launch
[0.701s] -- Installing: /home/ajval/Digital-Twin-Cybersecurity/x500_model/install/x500_drone_description/share/x500_drone_description/launch/x500_drone_display.launch.py
[0.701s] -- Installing: /home/ajval/Digital-Twin-Cybersecurity/x500_model/install/x500_drone_description/share/x500_drone_description/description
[0.701s] -- Installing: /home/ajval/Digital-Twin-Cybersecurity/x500_model/install/x500_drone_description/share/x500_drone_description/description/x500.urdf.xacro
[0.701s] -- Installing: /home/ajval/Digital-Twin-Cybersecurity/x500_model/install/x500_drone_description/share/x500_drone_description/description/materials.xacro
[0.701s] -- Installing: /home/ajval/Digital-Twin-Cybersecurity/x500_model/install/x500_drone_description/share/x500_drone_description/description/x500.description.xacro
[0.701s] -- Installing: /home/ajval/Digital-Twin-Cybersecurity/x500_model/install/x500_drone_description/share/x500_drone_description/meshes
[0.702s] -- Installing: /home/ajval/Digital-Twin-Cybersecurity/x500_model/install/x500_drone_description/share/x500_drone_description/meshes/propeller_cw.dae
[0.702s] -- Installing: /home/ajval/Digital-Twin-Cybersecurity/x500_model/install/x500_drone_description/share/x500_drone_description/meshes/propeller_ccw.dae
[0.702s] -- Installing: /home/ajval/Digital-Twin-Cybersecurity/x500_model/install/x500_drone_description/share/x500_drone_description/meshes/x500.stl
[0.704s] -- Installing: /home/ajval/Digital-Twin-Cybersecurity/x500_model/install/x500_drone_description/share/x500_drone_description/rviz
[0.704s] -- Installing: /home/ajval/Digital-Twin-Cybersecurity/x500_model/install/x500_drone_description/share/x500_drone_description/rviz/x500_drone.rviz
[0.704s] -- Installing: /home/ajval/Digital-Twin-Cybersecurity/x500_model/install/x500_drone_description/share/x500_drone_description/rviz/visualize.rviz
[0.704s] -- Installing: /home/ajval/Digital-Twin-Cybersecurity/x500_model/install/x500_drone_description/share/ament_index/resource_index/package_run_dependencies/x500_drone_description
[0.704s] -- Installing: /home/ajval/Digital-Twin-Cybersecurity/x500_model/install/x500_drone_description/share/ament_index/resource_index/parent_prefix_path/x500_drone_description
[0.704s] -- Installing: /home/ajval/Digital-Twin-Cybersecurity/x500_model/install/x500_drone_description/share/x500_drone_description/environment/ament_prefix_path.sh
[0.704s] -- Installing: /home/ajval/Digital-Twin-Cybersecurity/x500_model/install/x500_drone_description/share/x500_drone_description/environment/ament_prefix_path.dsv
[0.704s] -- Installing: /home/ajval/Digital-Twin-Cybersecurity/x500_model/install/x500_drone_description/share/x500_drone_description/environment/path.sh
[0.704s] -- Installing: /home/ajval/Digital-Twin-Cybersecurity/x500_model/install/x500_drone_description/share/x500_drone_description/environment/path.dsv
[0.705s] -- Installing: /home/ajval/Digital-Twin-Cybersecurity/x500_model/install/x500_drone_description/share/x500_drone_description/local_setup.bash
[0.705s] -- Installing: /home/ajval/Digital-Twin-Cybersecurity/x500_model/install/x500_drone_description/share/x500_drone_description/local_setup.sh
[0.705s] -- Installing: /home/ajval/Digital-Twin-Cybersecurity/x500_model/install/x500_drone_description/share/x500_drone_description/local_setup.zsh
[0.705s] -- Installing: /home/ajval/Digital-Twin-Cybersecurity/x500_model/install/x500_drone_description/share/x500_drone_description/local_setup.dsv
[0.705s] -- Installing: /home/ajval/Digital-Twin-Cybersecurity/x500_model/install/x500_drone_description/share/x500_drone_description/package.dsv
[0.705s] -- Installing: /home/ajval/Digital-Twin-Cybersecurity/x500_model/install/x500_drone_description/share/ament_index/resource_index/packages/x500_drone_description
[0.705s] -- Installing: /home/ajval/Digital-Twin-Cybersecurity/x500_model/install/x500_drone_description/share/x500_drone_description/cmake/x500_drone_descriptionConfig.cmake
[0.705s] -- Installing: /home/ajval/Digital-Twin-Cybersecurity/x500_model/install/x500_drone_description/share/x500_drone_description/cmake/x500_drone_descriptionConfig-version.cmake
[0.705s] -- Installing: /home/ajval/Digital-Twin-Cybersecurity/x500_model/install/x500_drone_description/share/x500_drone_description/package.xml
[0.706s] Invoked command in '/home/ajval/Digital-Twin-Cybersecurity/x500_model/build/x500_drone_description' returned '0': CMAKE_PREFIX_PATH=${CMAKE_PREFIX_PATH}:/opt/ros/jazzy DEBUGINFOD_URLS=https://debuginfod.ubuntu.com /usr/bin/cmake --install /home/ajval/Digital-Twin-Cybersecurity/x500_model/build/x500_drone_description
