[0.945s] Invoking command in '/home/ajval/Digital-Twin-Cybersecurity/src/my_ros2_bridge_package': DEBUGINFOD_URLS=https://debuginfod.ubuntu.com PYTHONPATH=/home/ajval/Digital-Twin-Cybersecurity/build/my_ros2_bridge_package/prefix_override:/usr/lib/python3/dist-packages/colcon_core/task/python/colcon_distutils_commands:/home/ajval/Digital-Twin-Cybersecurity/install/my_ros2_bridge_package/lib/python3.12/site-packages:${PYTHONPATH} /usr/bin/python3 -W ignore:setup.py install is deprecated -W ignore:easy_install command is deprecated setup.py egg_info --egg-base ../../build/my_ros2_bridge_package build --build-base /home/ajval/Digital-Twin-Cybersecurity/build/my_ros2_bridge_package/build install --record /home/ajval/Digital-Twin-Cybersecurity/build/my_ros2_bridge_package/install.log --single-version-externally-managed install_data
[1.187s] running egg_info
[1.205s] writing ../../build/my_ros2_bridge_package/my_ros2_bridge_package.egg-info/PKG-INFO
[1.205s] writing dependency_links to ../../build/my_ros2_bridge_package/my_ros2_bridge_package.egg-info/dependency_links.txt
[1.205s] writing entry points to ../../build/my_ros2_bridge_package/my_ros2_bridge_package.egg-info/entry_points.txt
[1.206s] writing requirements to ../../build/my_ros2_bridge_package/my_ros2_bridge_package.egg-info/requires.txt
[1.206s] writing top-level names to ../../build/my_ros2_bridge_package/my_ros2_bridge_package.egg-info/top_level.txt
[1.240s] reading manifest file '../../build/my_ros2_bridge_package/my_ros2_bridge_package.egg-info/SOURCES.txt'
[1.241s] writing manifest file '../../build/my_ros2_bridge_package/my_ros2_bridge_package.egg-info/SOURCES.txt'
[1.241s] running build
[1.241s] running build_py
[1.241s] running install
[1.247s] running install_lib
[1.266s] running install_data
[1.266s] copying launch/px4_digital_twin.launch.py -> /home/ajval/Digital-Twin-Cybersecurity/install/my_ros2_bridge_package/share/my_ros2_bridge_package/launch
[1.266s] running install_egg_info
[1.294s] removing '/home/ajval/Digital-Twin-Cybersecurity/install/my_ros2_bridge_package/lib/python3.12/site-packages/my_ros2_bridge_package-0.0.0-py3.12.egg-info' (and everything under it)
[1.294s] Copying ../../build/my_ros2_bridge_package/my_ros2_bridge_package.egg-info to /home/ajval/Digital-Twin-Cybersecurity/install/my_ros2_bridge_package/lib/python3.12/site-packages/my_ros2_bridge_package-0.0.0-py3.12.egg-info
[1.297s] running install_scripts
[1.425s] Installing ros2_bridge script to /home/ajval/Digital-Twin-Cybersecurity/install/my_ros2_bridge_package/lib/my_ros2_bridge_package
[1.425s] writing list of installed files to '/home/ajval/Digital-Twin-Cybersecurity/build/my_ros2_bridge_package/install.log'
[1.452s] Invoked command in '/home/ajval/Digital-Twin-Cybersecurity/src/my_ros2_bridge_package' returned '0': DEBUGINFOD_URLS=https://debuginfod.ubuntu.com PYTHONPATH=/home/ajval/Digital-Twin-Cybersecurity/build/my_ros2_bridge_package/prefix_override:/usr/lib/python3/dist-packages/colcon_core/task/python/colcon_distutils_commands:/home/ajval/Digital-Twin-Cybersecurity/install/my_ros2_bridge_package/lib/python3.12/site-packages:${PYTHONPATH} /usr/bin/python3 -W ignore:setup.py install is deprecated -W ignore:easy_install command is deprecated setup.py egg_info --egg-base ../../build/my_ros2_bridge_package build --build-base /home/ajval/Digital-Twin-Cybersecurity/build/my_ros2_bridge_package/build install --record /home/ajval/Digital-Twin-Cybersecurity/build/my_ros2_bridge_package/install.log --single-version-externally-managed install_data
