-- Install configuration: ""
-- Up-to-date: /home/ajval/Digital-Twin-Cybersecurity/install/x500_drone_description/share/x500_drone_description/launch
-- Up-to-date: /home/ajval/Digital-Twin-Cybersecurity/install/x500_drone_description/share/x500_drone_description/launch/x500_drone_display.launch.py
-- Up-to-date: /home/ajval/Digital-Twin-Cybersecurity/install/x500_drone_description/share/x500_drone_description/description
-- Up-to-date: /home/ajval/Digital-Twin-Cybersecurity/install/x500_drone_description/share/x500_drone_description/description/x500.urdf.xacro
-- Up-to-date: /home/ajval/Digital-Twin-Cybersecurity/install/x500_drone_description/share/x500_drone_description/description/materials.xacro
-- Up-to-date: /home/ajval/Digital-Twin-Cybersecurity/install/x500_drone_description/share/x500_drone_description/description/x500.description.xacro
-- Up-to-date: /home/ajval/Digital-Twin-Cybersecurity/install/x500_drone_description/share/x500_drone_description/meshes
-- Up-to-date: /home/ajval/Digital-Twin-Cybersecurity/install/x500_drone_description/share/x500_drone_description/meshes/propeller_cw.dae
-- Up-to-date: /home/ajval/Digital-Twin-Cybersecurity/install/x500_drone_description/share/x500_drone_description/meshes/propeller_ccw.dae
-- Up-to-date: /home/ajval/Digital-Twin-Cybersecurity/install/x500_drone_description/share/x500_drone_description/meshes/x500.stl
-- Up-to-date: /home/ajval/Digital-Twin-Cybersecurity/install/x500_drone_description/share/x500_drone_description/rviz
-- Up-to-date: /home/ajval/Digital-Twin-Cybersecurity/install/x500_drone_description/share/x500_drone_description/rviz/x500_drone.rviz
-- Up-to-date: /home/ajval/Digital-Twin-Cybersecurity/install/x500_drone_description/share/ament_index/resource_index/package_run_dependencies/x500_drone_description
-- Up-to-date: /home/ajval/Digital-Twin-Cybersecurity/install/x500_drone_description/share/ament_index/resource_index/parent_prefix_path/x500_drone_description
-- Up-to-date: /home/ajval/Digital-Twin-Cybersecurity/install/x500_drone_description/share/x500_drone_description/environment/ament_prefix_path.sh
-- Up-to-date: /home/ajval/Digital-Twin-Cybersecurity/install/x500_drone_description/share/x500_drone_description/environment/ament_prefix_path.dsv
-- Up-to-date: /home/ajval/Digital-Twin-Cybersecurity/install/x500_drone_description/share/x500_drone_description/environment/path.sh
-- Up-to-date: /home/ajval/Digital-Twin-Cybersecurity/install/x500_drone_description/share/x500_drone_description/environment/path.dsv
-- Up-to-date: /home/ajval/Digital-Twin-Cybersecurity/install/x500_drone_description/share/x500_drone_description/local_setup.bash
-- Up-to-date: /home/ajval/Digital-Twin-Cybersecurity/install/x500_drone_description/share/x500_drone_description/local_setup.sh
-- Up-to-date: /home/ajval/Digital-Twin-Cybersecurity/install/x500_drone_description/share/x500_drone_description/local_setup.zsh
-- Up-to-date: /home/ajval/Digital-Twin-Cybersecurity/install/x500_drone_description/share/x500_drone_description/local_setup.dsv
-- Up-to-date: /home/ajval/Digital-Twin-Cybersecurity/install/x500_drone_description/share/x500_drone_description/package.dsv
-- Up-to-date: /home/ajval/Digital-Twin-Cybersecurity/install/x500_drone_description/share/ament_index/resource_index/packages/x500_drone_description
-- Up-to-date: /home/ajval/Digital-Twin-Cybersecurity/install/x500_drone_description/share/x500_drone_description/cmake/x500_drone_descriptionConfig.cmake
-- Up-to-date: /home/ajval/Digital-Twin-Cybersecurity/install/x500_drone_description/share/x500_drone_description/cmake/x500_drone_descriptionConfig-version.cmake
-- Up-to-date: /home/ajval/Digital-Twin-Cybersecurity/install/x500_drone_description/share/x500_drone_description/package.xml
