[0.133s] DEBUG:colcon:Command line arguments: ['/usr/bin/colcon', 'build']
[0.133s] DEBUG:colcon:Parsed command line arguments: Namespace(log_base=None, log_level=None, verb_name='build', build_base='build', install_base='install', merge_install=False, symlink_install=False, test_result_base=None, continue_on_error=False, executor='parallel', parallel_workers=22, event_handlers=None, ignore_user_meta=False, metas=['./colcon.meta'], base_paths=['.'], packages_ignore=None, packages_ignore_regex=None, paths=None, packages_up_to=None, packages_up_to_regex=None, packages_above=None, packages_above_and_dependencies=None, packages_above_depth=None, packages_select_by_dep=None, packages_skip_by_dep=None, packages_skip_up_to=None, packages_select_build_failed=False, packages_skip_build_finished=False, packages_select_test_failures=False, packages_skip_test_passed=False, packages_select=None, packages_skip=None, packages_select_regex=None, packages_skip_regex=None, packages_start=None, packages_end=None, allow_overriding=[], cmake_args=None, cmake_target=None, cmake_target_skip_unavailable=False, cmake_clean_cache=False, cmake_clean_first=False, cmake_force_configure=False, ament_cmake_args=None, catkin_cmake_args=None, catkin_skip_building_tests=False, mixin_files=None, mixin=None, verb_parser=<colcon_mixin.mixin.mixin_argument.MixinArgumentDecorator object at 0x7bdb341a98e0>, verb_extension=<colcon_core.verb.build.BuildVerb object at 0x7bdb347f1df0>, main=<bound method BuildVerb.main of <colcon_core.verb.build.BuildVerb object at 0x7bdb347f1df0>>, mixin_verb=('build',))
[0.193s] Level 1:colcon.colcon_core.package_discovery:discover_packages(colcon_meta) check parameters
[0.193s] Level 1:colcon.colcon_core.package_discovery:discover_packages(recursive) check parameters
[0.193s] Level 1:colcon.colcon_core.package_discovery:discover_packages(ignore) check parameters
[0.193s] Level 1:colcon.colcon_core.package_discovery:discover_packages(path) check parameters
[0.193s] Level 1:colcon.colcon_core.package_discovery:discover_packages(colcon_meta) discover
[0.193s] Level 1:colcon.colcon_core.package_discovery:discover_packages(recursive) discover
[0.193s] INFO:colcon.colcon_core.package_discovery:Crawling recursively for packages in '/home/ajval/Digital-Twin-Cybersecurity'
[0.193s] Level 1:colcon.colcon_core.package_identification:_identify(.) by extensions ['ignore', 'ignore_ament_install']
[0.193s] Level 1:colcon.colcon_core.package_identification:_identify(.) by extension 'ignore'
[0.194s] Level 1:colcon.colcon_core.package_identification:_identify(.) by extension 'ignore_ament_install'
[0.194s] Level 1:colcon.colcon_core.package_identification:_identify(.) by extensions ['colcon_pkg']
[0.194s] Level 1:colcon.colcon_core.package_identification:_identify(.) by extension 'colcon_pkg'
[0.194s] Level 1:colcon.colcon_core.package_identification:_identify(.) by extensions ['colcon_meta']
[0.194s] Level 1:colcon.colcon_core.package_identification:_identify(.) by extension 'colcon_meta'
[0.194s] Level 1:colcon.colcon_core.package_identification:_identify(.) by extensions ['ros']
[0.194s] Level 1:colcon.colcon_core.package_identification:_identify(.) by extension 'ros'
[0.235s] Level 1:colcon.colcon_core.package_identification:_identify(.) by extensions ['cmake', 'python']
[0.235s] Level 1:colcon.colcon_core.package_identification:_identify(.) by extension 'cmake'
[0.236s] Level 1:colcon.colcon_core.package_identification:_identify(.) by extension 'python'
[0.236s] Level 1:colcon.colcon_core.package_identification:_identify(.) by extensions ['python_setup_py']
[0.236s] Level 1:colcon.colcon_core.package_identification:_identify(.) by extension 'python_setup_py'
[0.236s] Level 1:colcon.colcon_core.package_identification:_identify(Micro-XRCE-DDS-Agent) by extensions ['ignore', 'ignore_ament_install']
[0.236s] Level 1:colcon.colcon_core.package_identification:_identify(Micro-XRCE-DDS-Agent) by extension 'ignore'
[0.236s] Level 1:colcon.colcon_core.package_identification:_identify(Micro-XRCE-DDS-Agent) by extension 'ignore_ament_install'
[0.236s] Level 1:colcon.colcon_core.package_identification:_identify(Micro-XRCE-DDS-Agent) by extensions ['colcon_pkg']
[0.236s] Level 1:colcon.colcon_core.package_identification:_identify(Micro-XRCE-DDS-Agent) by extension 'colcon_pkg'
[0.237s] INFO:colcon.colcon_metadata.metadata.colcon_pkg:Setting type 'cmake' of package 'Micro-XRCE-DDS-Agent' from colcon.pkg
[0.237s] INFO:colcon.colcon_metadata.metadata.colcon_pkg:Setting name 'microxrcedds_agent' of package 'Micro-XRCE-DDS-Agent' from colcon.pkg
[0.237s] DEBUG:colcon.colcon_core.package_identification:Package 'Micro-XRCE-DDS-Agent' with type 'cmake' and name 'microxrcedds_agent'
[0.238s] Level 1:colcon.colcon_core.package_identification:_identify(PX4) by extensions ['ignore', 'ignore_ament_install']
[0.238s] Level 1:colcon.colcon_core.package_identification:_identify(PX4) by extension 'ignore'
[0.238s] Level 1:colcon.colcon_core.package_identification:_identify(PX4) by extension 'ignore_ament_install'
[0.238s] Level 1:colcon.colcon_core.package_identification:_identify(PX4) by extensions ['colcon_pkg']
[0.238s] Level 1:colcon.colcon_core.package_identification:_identify(PX4) by extension 'colcon_pkg'
[0.238s] Level 1:colcon.colcon_core.package_identification:_identify(PX4) by extensions ['colcon_meta']
[0.238s] Level 1:colcon.colcon_core.package_identification:_identify(PX4) by extension 'colcon_meta'
[0.238s] Level 1:colcon.colcon_core.package_identification:_identify(PX4) by extensions ['ros']
[0.238s] Level 1:colcon.colcon_core.package_identification:_identify(PX4) by extension 'ros'
[0.238s] Level 1:colcon.colcon_core.package_identification:_identify(PX4) by extensions ['cmake', 'python']
[0.238s] Level 1:colcon.colcon_core.package_identification:_identify(PX4) by extension 'cmake'
[0.238s] Level 1:colcon.colcon_core.package_identification:_identify(PX4) by extension 'python'
[0.238s] Level 1:colcon.colcon_core.package_identification:_identify(PX4) by extensions ['python_setup_py']
[0.238s] Level 1:colcon.colcon_core.package_identification:_identify(PX4) by extension 'python_setup_py'
[0.239s] Level 1:colcon.colcon_core.package_identification:_identify(PX4/logs) by extensions ['ignore', 'ignore_ament_install']
[0.239s] Level 1:colcon.colcon_core.package_identification:_identify(PX4/logs) by extension 'ignore'
[0.239s] Level 1:colcon.colcon_core.package_identification:_identify(PX4/logs) by extension 'ignore_ament_install'
[0.239s] Level 1:colcon.colcon_core.package_identification:_identify(PX4/logs) by extensions ['colcon_pkg']
[0.239s] Level 1:colcon.colcon_core.package_identification:_identify(PX4/logs) by extension 'colcon_pkg'
[0.239s] Level 1:colcon.colcon_core.package_identification:_identify(PX4/logs) by extensions ['colcon_meta']
[0.239s] Level 1:colcon.colcon_core.package_identification:_identify(PX4/logs) by extension 'colcon_meta'
[0.239s] Level 1:colcon.colcon_core.package_identification:_identify(PX4/logs) by extensions ['ros']
[0.239s] Level 1:colcon.colcon_core.package_identification:_identify(PX4/logs) by extension 'ros'
[0.239s] Level 1:colcon.colcon_core.package_identification:_identify(PX4/logs) by extensions ['cmake', 'python']
[0.239s] Level 1:colcon.colcon_core.package_identification:_identify(PX4/logs) by extension 'cmake'
[0.239s] Level 1:colcon.colcon_core.package_identification:_identify(PX4/logs) by extension 'python'
[0.239s] Level 1:colcon.colcon_core.package_identification:_identify(PX4/logs) by extensions ['python_setup_py']
[0.239s] Level 1:colcon.colcon_core.package_identification:_identify(PX4/logs) by extension 'python_setup_py'
[0.240s] Level 1:colcon.colcon_core.package_identification:_identify(PX4/logs/2025-02-14) by extensions ['ignore', 'ignore_ament_install']
[0.240s] Level 1:colcon.colcon_core.package_identification:_identify(PX4/logs/2025-02-14) by extension 'ignore'
[0.240s] Level 1:colcon.colcon_core.package_identification:_identify(PX4/logs/2025-02-14) by extension 'ignore_ament_install'
[0.240s] Level 1:colcon.colcon_core.package_identification:_identify(PX4/logs/2025-02-14) by extensions ['colcon_pkg']
[0.240s] Level 1:colcon.colcon_core.package_identification:_identify(PX4/logs/2025-02-14) by extension 'colcon_pkg'
[0.240s] Level 1:colcon.colcon_core.package_identification:_identify(PX4/logs/2025-02-14) by extensions ['colcon_meta']
[0.240s] Level 1:colcon.colcon_core.package_identification:_identify(PX4/logs/2025-02-14) by extension 'colcon_meta'
[0.240s] Level 1:colcon.colcon_core.package_identification:_identify(PX4/logs/2025-02-14) by extensions ['ros']
[0.240s] Level 1:colcon.colcon_core.package_identification:_identify(PX4/logs/2025-02-14) by extension 'ros'
[0.241s] Level 1:colcon.colcon_core.package_identification:_identify(PX4/logs/2025-02-14) by extensions ['cmake', 'python']
[0.241s] Level 1:colcon.colcon_core.package_identification:_identify(PX4/logs/2025-02-14) by extension 'cmake'
[0.241s] Level 1:colcon.colcon_core.package_identification:_identify(PX4/logs/2025-02-14) by extension 'python'
[0.241s] Level 1:colcon.colcon_core.package_identification:_identify(PX4/logs/2025-02-14) by extensions ['python_setup_py']
[0.241s] Level 1:colcon.colcon_core.package_identification:_identify(PX4/logs/2025-02-14) by extension 'python_setup_py'
[0.241s] Level 1:colcon.colcon_core.package_identification:_identify(PX4/logs/2025-02-14/flight1) by extensions ['ignore', 'ignore_ament_install']
[0.242s] Level 1:colcon.colcon_core.package_identification:_identify(PX4/logs/2025-02-14/flight1) by extension 'ignore'
[0.242s] Level 1:colcon.colcon_core.package_identification:_identify(PX4/logs/2025-02-14/flight1) by extension 'ignore_ament_install'
[0.242s] Level 1:colcon.colcon_core.package_identification:_identify(PX4/logs/2025-02-14/flight1) by extensions ['colcon_pkg']
[0.242s] Level 1:colcon.colcon_core.package_identification:_identify(PX4/logs/2025-02-14/flight1) by extension 'colcon_pkg'
[0.243s] Level 1:colcon.colcon_core.package_identification:_identify(PX4/logs/2025-02-14/flight1) by extensions ['colcon_meta']
[0.243s] Level 1:colcon.colcon_core.package_identification:_identify(PX4/logs/2025-02-14/flight1) by extension 'colcon_meta'
[0.243s] Level 1:colcon.colcon_core.package_identification:_identify(PX4/logs/2025-02-14/flight1) by extensions ['ros']
[0.243s] Level 1:colcon.colcon_core.package_identification:_identify(PX4/logs/2025-02-14/flight1) by extension 'ros'
[0.243s] Level 1:colcon.colcon_core.package_identification:_identify(PX4/logs/2025-02-14/flight1) by extensions ['cmake', 'python']
[0.243s] Level 1:colcon.colcon_core.package_identification:_identify(PX4/logs/2025-02-14/flight1) by extension 'cmake'
[0.243s] Level 1:colcon.colcon_core.package_identification:_identify(PX4/logs/2025-02-14/flight1) by extension 'python'
[0.243s] Level 1:colcon.colcon_core.package_identification:_identify(PX4/logs/2025-02-14/flight1) by extensions ['python_setup_py']
[0.243s] Level 1:colcon.colcon_core.package_identification:_identify(PX4/logs/2025-02-14/flight1) by extension 'python_setup_py'
[0.244s] Level 1:colcon.colcon_core.package_identification:_identify(PX4/logs/2025-02-16) by extensions ['ignore', 'ignore_ament_install']
[0.244s] Level 1:colcon.colcon_core.package_identification:_identify(PX4/logs/2025-02-16) by extension 'ignore'
[0.244s] Level 1:colcon.colcon_core.package_identification:_identify(PX4/logs/2025-02-16) by extension 'ignore_ament_install'
[0.244s] Level 1:colcon.colcon_core.package_identification:_identify(PX4/logs/2025-02-16) by extensions ['colcon_pkg']
[0.245s] Level 1:colcon.colcon_core.package_identification:_identify(PX4/logs/2025-02-16) by extension 'colcon_pkg'
[0.245s] Level 1:colcon.colcon_core.package_identification:_identify(PX4/logs/2025-02-16) by extensions ['colcon_meta']
[0.245s] Level 1:colcon.colcon_core.package_identification:_identify(PX4/logs/2025-02-16) by extension 'colcon_meta'
[0.245s] Level 1:colcon.colcon_core.package_identification:_identify(PX4/logs/2025-02-16) by extensions ['ros']
[0.245s] Level 1:colcon.colcon_core.package_identification:_identify(PX4/logs/2025-02-16) by extension 'ros'
[0.245s] Level 1:colcon.colcon_core.package_identification:_identify(PX4/logs/2025-02-16) by extensions ['cmake', 'python']
[0.245s] Level 1:colcon.colcon_core.package_identification:_identify(PX4/logs/2025-02-16) by extension 'cmake'
[0.245s] Level 1:colcon.colcon_core.package_identification:_identify(PX4/logs/2025-02-16) by extension 'python'
[0.245s] Level 1:colcon.colcon_core.package_identification:_identify(PX4/logs/2025-02-16) by extensions ['python_setup_py']
[0.245s] Level 1:colcon.colcon_core.package_identification:_identify(PX4/logs/2025-02-16) by extension 'python_setup_py'
[0.245s] Level 1:colcon.colcon_core.package_identification:_identify(PX4/logs/2025-02-16/flight1) by extensions ['ignore', 'ignore_ament_install']
[0.245s] Level 1:colcon.colcon_core.package_identification:_identify(PX4/logs/2025-02-16/flight1) by extension 'ignore'
[0.245s] Level 1:colcon.colcon_core.package_identification:_identify(PX4/logs/2025-02-16/flight1) by extension 'ignore_ament_install'
[0.245s] Level 1:colcon.colcon_core.package_identification:_identify(PX4/logs/2025-02-16/flight1) by extensions ['colcon_pkg']
[0.245s] Level 1:colcon.colcon_core.package_identification:_identify(PX4/logs/2025-02-16/flight1) by extension 'colcon_pkg'
[0.245s] Level 1:colcon.colcon_core.package_identification:_identify(PX4/logs/2025-02-16/flight1) by extensions ['colcon_meta']
[0.245s] Level 1:colcon.colcon_core.package_identification:_identify(PX4/logs/2025-02-16/flight1) by extension 'colcon_meta'
[0.245s] Level 1:colcon.colcon_core.package_identification:_identify(PX4/logs/2025-02-16/flight1) by extensions ['ros']
[0.245s] Level 1:colcon.colcon_core.package_identification:_identify(PX4/logs/2025-02-16/flight1) by extension 'ros'
[0.245s] Level 1:colcon.colcon_core.package_identification:_identify(PX4/logs/2025-02-16/flight1) by extensions ['cmake', 'python']
[0.245s] Level 1:colcon.colcon_core.package_identification:_identify(PX4/logs/2025-02-16/flight1) by extension 'cmake'
[0.245s] Level 1:colcon.colcon_core.package_identification:_identify(PX4/logs/2025-02-16/flight1) by extension 'python'
[0.246s] Level 1:colcon.colcon_core.package_identification:_identify(PX4/logs/2025-02-16/flight1) by extensions ['python_setup_py']
[0.246s] Level 1:colcon.colcon_core.package_identification:_identify(PX4/logs/2025-02-16/flight1) by extension 'python_setup_py'
[0.246s] Level 1:colcon.colcon_core.package_identification:_identify(PX4/logs/2025-02-16/flight2) by extensions ['ignore', 'ignore_ament_install']
[0.246s] Level 1:colcon.colcon_core.package_identification:_identify(PX4/logs/2025-02-16/flight2) by extension 'ignore'
[0.246s] Level 1:colcon.colcon_core.package_identification:_identify(PX4/logs/2025-02-16/flight2) by extension 'ignore_ament_install'
[0.246s] Level 1:colcon.colcon_core.package_identification:_identify(PX4/logs/2025-02-16/flight2) by extensions ['colcon_pkg']
[0.246s] Level 1:colcon.colcon_core.package_identification:_identify(PX4/logs/2025-02-16/flight2) by extension 'colcon_pkg'
[0.246s] Level 1:colcon.colcon_core.package_identification:_identify(PX4/logs/2025-02-16/flight2) by extensions ['colcon_meta']
[0.246s] Level 1:colcon.colcon_core.package_identification:_identify(PX4/logs/2025-02-16/flight2) by extension 'colcon_meta'
[0.246s] Level 1:colcon.colcon_core.package_identification:_identify(PX4/logs/2025-02-16/flight2) by extensions ['ros']
[0.246s] Level 1:colcon.colcon_core.package_identification:_identify(PX4/logs/2025-02-16/flight2) by extension 'ros'
[0.246s] Level 1:colcon.colcon_core.package_identification:_identify(PX4/logs/2025-02-16/flight2) by extensions ['cmake', 'python']
[0.246s] Level 1:colcon.colcon_core.package_identification:_identify(PX4/logs/2025-02-16/flight2) by extension 'cmake'
[0.246s] Level 1:colcon.colcon_core.package_identification:_identify(PX4/logs/2025-02-16/flight2) by extension 'python'
[0.246s] Level 1:colcon.colcon_core.package_identification:_identify(PX4/logs/2025-02-16/flight2) by extensions ['python_setup_py']
[0.246s] Level 1:colcon.colcon_core.package_identification:_identify(PX4/logs/2025-02-16/flight2) by extension 'python_setup_py'
[0.246s] Level 1:colcon.colcon_core.package_identification:_identify(PX4/logs/2025-02-16/flight3) by extensions ['ignore', 'ignore_ament_install']
[0.246s] Level 1:colcon.colcon_core.package_identification:_identify(PX4/logs/2025-02-16/flight3) by extension 'ignore'
[0.246s] Level 1:colcon.colcon_core.package_identification:_identify(PX4/logs/2025-02-16/flight3) by extension 'ignore_ament_install'
[0.247s] Level 1:colcon.colcon_core.package_identification:_identify(PX4/logs/2025-02-16/flight3) by extensions ['colcon_pkg']
[0.247s] Level 1:colcon.colcon_core.package_identification:_identify(PX4/logs/2025-02-16/flight3) by extension 'colcon_pkg'
[0.247s] Level 1:colcon.colcon_core.package_identification:_identify(PX4/logs/2025-02-16/flight3) by extensions ['colcon_meta']
[0.247s] Level 1:colcon.colcon_core.package_identification:_identify(PX4/logs/2025-02-16/flight3) by extension 'colcon_meta'
[0.247s] Level 1:colcon.colcon_core.package_identification:_identify(PX4/logs/2025-02-16/flight3) by extensions ['ros']
[0.247s] Level 1:colcon.colcon_core.package_identification:_identify(PX4/logs/2025-02-16/flight3) by extension 'ros'
[0.247s] Level 1:colcon.colcon_core.package_identification:_identify(PX4/logs/2025-02-16/flight3) by extensions ['cmake', 'python']
[0.247s] Level 1:colcon.colcon_core.package_identification:_identify(PX4/logs/2025-02-16/flight3) by extension 'cmake'
[0.247s] Level 1:colcon.colcon_core.package_identification:_identify(PX4/logs/2025-02-16/flight3) by extension 'python'
[0.247s] Level 1:colcon.colcon_core.package_identification:_identify(PX4/logs/2025-02-16/flight3) by extensions ['python_setup_py']
[0.247s] Level 1:colcon.colcon_core.package_identification:_identify(PX4/logs/2025-02-16/flight3) by extension 'python_setup_py'
[0.247s] Level 1:colcon.colcon_core.package_identification:_identify(PX4/logs/2025-02-16/flight4) by extensions ['ignore', 'ignore_ament_install']
[0.247s] Level 1:colcon.colcon_core.package_identification:_identify(PX4/logs/2025-02-16/flight4) by extension 'ignore'
[0.247s] Level 1:colcon.colcon_core.package_identification:_identify(PX4/logs/2025-02-16/flight4) by extension 'ignore_ament_install'
[0.247s] Level 1:colcon.colcon_core.package_identification:_identify(PX4/logs/2025-02-16/flight4) by extensions ['colcon_pkg']
[0.247s] Level 1:colcon.colcon_core.package_identification:_identify(PX4/logs/2025-02-16/flight4) by extension 'colcon_pkg'
[0.247s] Level 1:colcon.colcon_core.package_identification:_identify(PX4/logs/2025-02-16/flight4) by extensions ['colcon_meta']
[0.247s] Level 1:colcon.colcon_core.package_identification:_identify(PX4/logs/2025-02-16/flight4) by extension 'colcon_meta'
[0.247s] Level 1:colcon.colcon_core.package_identification:_identify(PX4/logs/2025-02-16/flight4) by extensions ['ros']
[0.247s] Level 1:colcon.colcon_core.package_identification:_identify(PX4/logs/2025-02-16/flight4) by extension 'ros'
[0.247s] Level 1:colcon.colcon_core.package_identification:_identify(PX4/logs/2025-02-16/flight4) by extensions ['cmake', 'python']
[0.247s] Level 1:colcon.colcon_core.package_identification:_identify(PX4/logs/2025-02-16/flight4) by extension 'cmake'
[0.247s] Level 1:colcon.colcon_core.package_identification:_identify(PX4/logs/2025-02-16/flight4) by extension 'python'
[0.247s] Level 1:colcon.colcon_core.package_identification:_identify(PX4/logs/2025-02-16/flight4) by extensions ['python_setup_py']
[0.247s] Level 1:colcon.colcon_core.package_identification:_identify(PX4/logs/2025-02-16/flight4) by extension 'python_setup_py'
[0.248s] Level 1:colcon.colcon_core.package_identification:_identify(PX4/logs/2025-02-16/flight5) by extensions ['ignore', 'ignore_ament_install']
[0.248s] Level 1:colcon.colcon_core.package_identification:_identify(PX4/logs/2025-02-16/flight5) by extension 'ignore'
[0.248s] Level 1:colcon.colcon_core.package_identification:_identify(PX4/logs/2025-02-16/flight5) by extension 'ignore_ament_install'
[0.248s] Level 1:colcon.colcon_core.package_identification:_identify(PX4/logs/2025-02-16/flight5) by extensions ['colcon_pkg']
[0.248s] Level 1:colcon.colcon_core.package_identification:_identify(PX4/logs/2025-02-16/flight5) by extension 'colcon_pkg'
[0.248s] Level 1:colcon.colcon_core.package_identification:_identify(PX4/logs/2025-02-16/flight5) by extensions ['colcon_meta']
[0.248s] Level 1:colcon.colcon_core.package_identification:_identify(PX4/logs/2025-02-16/flight5) by extension 'colcon_meta'
[0.248s] Level 1:colcon.colcon_core.package_identification:_identify(PX4/logs/2025-02-16/flight5) by extensions ['ros']
[0.248s] Level 1:colcon.colcon_core.package_identification:_identify(PX4/logs/2025-02-16/flight5) by extension 'ros'
[0.248s] Level 1:colcon.colcon_core.package_identification:_identify(PX4/logs/2025-02-16/flight5) by extensions ['cmake', 'python']
[0.248s] Level 1:colcon.colcon_core.package_identification:_identify(PX4/logs/2025-02-16/flight5) by extension 'cmake'
[0.248s] Level 1:colcon.colcon_core.package_identification:_identify(PX4/logs/2025-02-16/flight5) by extension 'python'
[0.248s] Level 1:colcon.colcon_core.package_identification:_identify(PX4/logs/2025-02-16/flight5) by extensions ['python_setup_py']
[0.248s] Level 1:colcon.colcon_core.package_identification:_identify(PX4/logs/2025-02-16/flight5) by extension 'python_setup_py'
[0.248s] Level 1:colcon.colcon_core.package_identification:_identify(PX4/logs/2025-02-16/flight6) by extensions ['ignore', 'ignore_ament_install']
[0.248s] Level 1:colcon.colcon_core.package_identification:_identify(PX4/logs/2025-02-16/flight6) by extension 'ignore'
[0.248s] Level 1:colcon.colcon_core.package_identification:_identify(PX4/logs/2025-02-16/flight6) by extension 'ignore_ament_install'
[0.248s] Level 1:colcon.colcon_core.package_identification:_identify(PX4/logs/2025-02-16/flight6) by extensions ['colcon_pkg']
[0.248s] Level 1:colcon.colcon_core.package_identification:_identify(PX4/logs/2025-02-16/flight6) by extension 'colcon_pkg'
[0.249s] Level 1:colcon.colcon_core.package_identification:_identify(PX4/logs/2025-02-16/flight6) by extensions ['colcon_meta']
[0.249s] Level 1:colcon.colcon_core.package_identification:_identify(PX4/logs/2025-02-16/flight6) by extension 'colcon_meta'
[0.249s] Level 1:colcon.colcon_core.package_identification:_identify(PX4/logs/2025-02-16/flight6) by extensions ['ros']
[0.249s] Level 1:colcon.colcon_core.package_identification:_identify(PX4/logs/2025-02-16/flight6) by extension 'ros'
[0.249s] Level 1:colcon.colcon_core.package_identification:_identify(PX4/logs/2025-02-16/flight6) by extensions ['cmake', 'python']
[0.249s] Level 1:colcon.colcon_core.package_identification:_identify(PX4/logs/2025-02-16/flight6) by extension 'cmake'
[0.249s] Level 1:colcon.colcon_core.package_identification:_identify(PX4/logs/2025-02-16/flight6) by extension 'python'
[0.249s] Level 1:colcon.colcon_core.package_identification:_identify(PX4/logs/2025-02-16/flight6) by extensions ['python_setup_py']
[0.249s] Level 1:colcon.colcon_core.package_identification:_identify(PX4/logs/2025-02-16/flight6) by extension 'python_setup_py'
[0.249s] Level 1:colcon.colcon_core.package_identification:_identify(PX4/logs/2025-02-16/flight7) by extensions ['ignore', 'ignore_ament_install']
[0.249s] Level 1:colcon.colcon_core.package_identification:_identify(PX4/logs/2025-02-16/flight7) by extension 'ignore'
[0.249s] Level 1:colcon.colcon_core.package_identification:_identify(PX4/logs/2025-02-16/flight7) by extension 'ignore_ament_install'
[0.249s] Level 1:colcon.colcon_core.package_identification:_identify(PX4/logs/2025-02-16/flight7) by extensions ['colcon_pkg']
[0.249s] Level 1:colcon.colcon_core.package_identification:_identify(PX4/logs/2025-02-16/flight7) by extension 'colcon_pkg'
[0.249s] Level 1:colcon.colcon_core.package_identification:_identify(PX4/logs/2025-02-16/flight7) by extensions ['colcon_meta']
[0.249s] Level 1:colcon.colcon_core.package_identification:_identify(PX4/logs/2025-02-16/flight7) by extension 'colcon_meta'
[0.249s] Level 1:colcon.colcon_core.package_identification:_identify(PX4/logs/2025-02-16/flight7) by extensions ['ros']
[0.249s] Level 1:colcon.colcon_core.package_identification:_identify(PX4/logs/2025-02-16/flight7) by extension 'ros'
[0.249s] Level 1:colcon.colcon_core.package_identification:_identify(PX4/logs/2025-02-16/flight7) by extensions ['cmake', 'python']
[0.249s] Level 1:colcon.colcon_core.package_identification:_identify(PX4/logs/2025-02-16/flight7) by extension 'cmake'
[0.249s] Level 1:colcon.colcon_core.package_identification:_identify(PX4/logs/2025-02-16/flight7) by extension 'python'
[0.249s] Level 1:colcon.colcon_core.package_identification:_identify(PX4/logs/2025-02-16/flight7) by extensions ['python_setup_py']
[0.249s] Level 1:colcon.colcon_core.package_identification:_identify(PX4/logs/2025-02-16/flight7) by extension 'python_setup_py'
[0.250s] Level 1:colcon.colcon_core.package_identification:_identify(PX4/logs/2025-02-16/flight8) by extensions ['ignore', 'ignore_ament_install']
[0.250s] Level 1:colcon.colcon_core.package_identification:_identify(PX4/logs/2025-02-16/flight8) by extension 'ignore'
[0.250s] Level 1:colcon.colcon_core.package_identification:_identify(PX4/logs/2025-02-16/flight8) by extension 'ignore_ament_install'
[0.250s] Level 1:colcon.colcon_core.package_identification:_identify(PX4/logs/2025-02-16/flight8) by extensions ['colcon_pkg']
[0.250s] Level 1:colcon.colcon_core.package_identification:_identify(PX4/logs/2025-02-16/flight8) by extension 'colcon_pkg'
[0.250s] Level 1:colcon.colcon_core.package_identification:_identify(PX4/logs/2025-02-16/flight8) by extensions ['colcon_meta']
[0.250s] Level 1:colcon.colcon_core.package_identification:_identify(PX4/logs/2025-02-16/flight8) by extension 'colcon_meta'
[0.250s] Level 1:colcon.colcon_core.package_identification:_identify(PX4/logs/2025-02-16/flight8) by extensions ['ros']
[0.250s] Level 1:colcon.colcon_core.package_identification:_identify(PX4/logs/2025-02-16/flight8) by extension 'ros'
[0.250s] Level 1:colcon.colcon_core.package_identification:_identify(PX4/logs/2025-02-16/flight8) by extensions ['cmake', 'python']
[0.250s] Level 1:colcon.colcon_core.package_identification:_identify(PX4/logs/2025-02-16/flight8) by extension 'cmake'
[0.250s] Level 1:colcon.colcon_core.package_identification:_identify(PX4/logs/2025-02-16/flight8) by extension 'python'
[0.250s] Level 1:colcon.colcon_core.package_identification:_identify(PX4/logs/2025-02-16/flight8) by extensions ['python_setup_py']
[0.250s] Level 1:colcon.colcon_core.package_identification:_identify(PX4/logs/2025-02-16/flight8) by extension 'python_setup_py'
[0.250s] Level 1:colcon.colcon_core.package_identification:_identify(PX4-Autopilot) by extensions ['ignore', 'ignore_ament_install']
[0.250s] Level 1:colcon.colcon_core.package_identification:_identify(PX4-Autopilot) by extension 'ignore'
[0.250s] Level 1:colcon.colcon_core.package_identification:_identify(PX4-Autopilot) by extension 'ignore_ament_install'
[0.250s] Level 1:colcon.colcon_core.package_identification:_identify(PX4-Autopilot) by extensions ['colcon_pkg']
[0.250s] Level 1:colcon.colcon_core.package_identification:_identify(PX4-Autopilot) by extension 'colcon_pkg'
[0.250s] Level 1:colcon.colcon_core.package_identification:_identify(PX4-Autopilot) by extensions ['colcon_meta']
[0.250s] Level 1:colcon.colcon_core.package_identification:_identify(PX4-Autopilot) by extension 'colcon_meta'
[0.250s] Level 1:colcon.colcon_core.package_identification:_identify(PX4-Autopilot) by extensions ['ros']
[0.250s] Level 1:colcon.colcon_core.package_identification:_identify(PX4-Autopilot) by extension 'ros'
[0.254s] DEBUG:colcon.colcon_core.package_identification:Package 'PX4-Autopilot' with type 'ros.ament_cmake' and name 'px4'
[0.254s] Level 1:colcon.colcon_core.package_identification:_identify(build) by extensions ['ignore', 'ignore_ament_install']
[0.254s] Level 1:colcon.colcon_core.package_identification:_identify(build) by extension 'ignore'
[0.254s] Level 1:colcon.colcon_core.package_identification:_identify(build) ignored
[0.254s] Level 1:colcon.colcon_core.package_identification:_identify(digital-twin-creation) by extensions ['ignore', 'ignore_ament_install']
[0.254s] Level 1:colcon.colcon_core.package_identification:_identify(digital-twin-creation) by extension 'ignore'
[0.254s] Level 1:colcon.colcon_core.package_identification:_identify(digital-twin-creation) by extension 'ignore_ament_install'
[0.254s] Level 1:colcon.colcon_core.package_identification:_identify(digital-twin-creation) by extensions ['colcon_pkg']
[0.254s] Level 1:colcon.colcon_core.package_identification:_identify(digital-twin-creation) by extension 'colcon_pkg'
[0.254s] Level 1:colcon.colcon_core.package_identification:_identify(digital-twin-creation) by extensions ['colcon_meta']
[0.254s] Level 1:colcon.colcon_core.package_identification:_identify(digital-twin-creation) by extension 'colcon_meta'
[0.254s] Level 1:colcon.colcon_core.package_identification:_identify(digital-twin-creation) by extensions ['ros']
[0.254s] Level 1:colcon.colcon_core.package_identification:_identify(digital-twin-creation) by extension 'ros'
[0.254s] Level 1:colcon.colcon_core.package_identification:_identify(digital-twin-creation) by extensions ['cmake', 'python']
[0.254s] Level 1:colcon.colcon_core.package_identification:_identify(digital-twin-creation) by extension 'cmake'
[0.254s] Level 1:colcon.colcon_core.package_identification:_identify(digital-twin-creation) by extension 'python'
[0.255s] Level 1:colcon.colcon_core.package_identification:_identify(digital-twin-creation) by extensions ['python_setup_py']
[0.255s] Level 1:colcon.colcon_core.package_identification:_identify(digital-twin-creation) by extension 'python_setup_py'
[0.255s] Level 1:colcon.colcon_core.package_identification:_identify(docs) by extensions ['ignore', 'ignore_ament_install']
[0.255s] Level 1:colcon.colcon_core.package_identification:_identify(docs) by extension 'ignore'
[0.255s] Level 1:colcon.colcon_core.package_identification:_identify(docs) by extension 'ignore_ament_install'
[0.255s] Level 1:colcon.colcon_core.package_identification:_identify(docs) by extensions ['colcon_pkg']
[0.255s] Level 1:colcon.colcon_core.package_identification:_identify(docs) by extension 'colcon_pkg'
[0.255s] Level 1:colcon.colcon_core.package_identification:_identify(docs) by extensions ['colcon_meta']
[0.255s] Level 1:colcon.colcon_core.package_identification:_identify(docs) by extension 'colcon_meta'
[0.255s] Level 1:colcon.colcon_core.package_identification:_identify(docs) by extensions ['ros']
[0.255s] Level 1:colcon.colcon_core.package_identification:_identify(docs) by extension 'ros'
[0.255s] Level 1:colcon.colcon_core.package_identification:_identify(docs) by extensions ['cmake', 'python']
[0.255s] Level 1:colcon.colcon_core.package_identification:_identify(docs) by extension 'cmake'
[0.255s] Level 1:colcon.colcon_core.package_identification:_identify(docs) by extension 'python'
[0.255s] Level 1:colcon.colcon_core.package_identification:_identify(docs) by extensions ['python_setup_py']
[0.255s] Level 1:colcon.colcon_core.package_identification:_identify(docs) by extension 'python_setup_py'
[0.255s] Level 1:colcon.colcon_core.package_identification:_identify(install) by extensions ['ignore', 'ignore_ament_install']
[0.255s] Level 1:colcon.colcon_core.package_identification:_identify(install) by extension 'ignore'
[0.255s] Level 1:colcon.colcon_core.package_identification:_identify(install) ignored
[0.255s] Level 1:colcon.colcon_core.package_identification:_identify(log) by extensions ['ignore', 'ignore_ament_install']
[0.255s] Level 1:colcon.colcon_core.package_identification:_identify(log) by extension 'ignore'
[0.255s] Level 1:colcon.colcon_core.package_identification:_identify(log) ignored
[0.255s] Level 1:colcon.colcon_core.package_identification:_identify(src) by extensions ['ignore', 'ignore_ament_install']
[0.255s] Level 1:colcon.colcon_core.package_identification:_identify(src) by extension 'ignore'
[0.256s] Level 1:colcon.colcon_core.package_identification:_identify(src) by extension 'ignore_ament_install'
[0.256s] Level 1:colcon.colcon_core.package_identification:_identify(src) by extensions ['colcon_pkg']
[0.256s] Level 1:colcon.colcon_core.package_identification:_identify(src) by extension 'colcon_pkg'
[0.256s] Level 1:colcon.colcon_core.package_identification:_identify(src) by extensions ['colcon_meta']
[0.256s] Level 1:colcon.colcon_core.package_identification:_identify(src) by extension 'colcon_meta'
[0.256s] Level 1:colcon.colcon_core.package_identification:_identify(src) by extensions ['ros']
[0.256s] Level 1:colcon.colcon_core.package_identification:_identify(src) by extension 'ros'
[0.256s] Level 1:colcon.colcon_core.package_identification:_identify(src) by extensions ['cmake', 'python']
[0.256s] Level 1:colcon.colcon_core.package_identification:_identify(src) by extension 'cmake'
[0.256s] Level 1:colcon.colcon_core.package_identification:_identify(src) by extension 'python'
[0.256s] Level 1:colcon.colcon_core.package_identification:_identify(src) by extensions ['python_setup_py']
[0.256s] Level 1:colcon.colcon_core.package_identification:_identify(src) by extension 'python_setup_py'
[0.256s] Level 1:colcon.colcon_core.package_identification:_identify(src/PX4) by extensions ['ignore', 'ignore_ament_install']
[0.256s] Level 1:colcon.colcon_core.package_identification:_identify(src/PX4) by extension 'ignore'
[0.256s] Level 1:colcon.colcon_core.package_identification:_identify(src/PX4) by extension 'ignore_ament_install'
[0.256s] Level 1:colcon.colcon_core.package_identification:_identify(src/PX4) by extensions ['colcon_pkg']
[0.256s] Level 1:colcon.colcon_core.package_identification:_identify(src/PX4) by extension 'colcon_pkg'
[0.256s] Level 1:colcon.colcon_core.package_identification:_identify(src/PX4) by extensions ['colcon_meta']
[0.256s] Level 1:colcon.colcon_core.package_identification:_identify(src/PX4) by extension 'colcon_meta'
[0.256s] Level 1:colcon.colcon_core.package_identification:_identify(src/PX4) by extensions ['ros']
[0.256s] Level 1:colcon.colcon_core.package_identification:_identify(src/PX4) by extension 'ros'
[0.256s] Level 1:colcon.colcon_core.package_identification:_identify(src/PX4) by extensions ['cmake', 'python']
[0.256s] Level 1:colcon.colcon_core.package_identification:_identify(src/PX4) by extension 'cmake'
[0.256s] Level 1:colcon.colcon_core.package_identification:_identify(src/PX4) by extension 'python'
[0.256s] Level 1:colcon.colcon_core.package_identification:_identify(src/PX4) by extensions ['python_setup_py']
[0.256s] Level 1:colcon.colcon_core.package_identification:_identify(src/PX4) by extension 'python_setup_py'
[0.256s] Level 1:colcon.colcon_core.package_identification:_identify(src/PX4/logs) by extensions ['ignore', 'ignore_ament_install']
[0.256s] Level 1:colcon.colcon_core.package_identification:_identify(src/PX4/logs) by extension 'ignore'
[0.256s] Level 1:colcon.colcon_core.package_identification:_identify(src/PX4/logs) by extension 'ignore_ament_install'
[0.257s] Level 1:colcon.colcon_core.package_identification:_identify(src/PX4/logs) by extensions ['colcon_pkg']
[0.257s] Level 1:colcon.colcon_core.package_identification:_identify(src/PX4/logs) by extension 'colcon_pkg'
[0.257s] Level 1:colcon.colcon_core.package_identification:_identify(src/PX4/logs) by extensions ['colcon_meta']
[0.257s] Level 1:colcon.colcon_core.package_identification:_identify(src/PX4/logs) by extension 'colcon_meta'
[0.257s] Level 1:colcon.colcon_core.package_identification:_identify(src/PX4/logs) by extensions ['ros']
[0.257s] Level 1:colcon.colcon_core.package_identification:_identify(src/PX4/logs) by extension 'ros'
[0.257s] Level 1:colcon.colcon_core.package_identification:_identify(src/PX4/logs) by extensions ['cmake', 'python']
[0.257s] Level 1:colcon.colcon_core.package_identification:_identify(src/PX4/logs) by extension 'cmake'
[0.257s] Level 1:colcon.colcon_core.package_identification:_identify(src/PX4/logs) by extension 'python'
[0.257s] Level 1:colcon.colcon_core.package_identification:_identify(src/PX4/logs) by extensions ['python_setup_py']
[0.257s] Level 1:colcon.colcon_core.package_identification:_identify(src/PX4/logs) by extension 'python_setup_py'
[0.257s] Level 1:colcon.colcon_core.package_identification:_identify(src/PX4/logs/2025-02-14) by extensions ['ignore', 'ignore_ament_install']
[0.257s] Level 1:colcon.colcon_core.package_identification:_identify(src/PX4/logs/2025-02-14) by extension 'ignore'
[0.257s] Level 1:colcon.colcon_core.package_identification:_identify(src/PX4/logs/2025-02-14) by extension 'ignore_ament_install'
[0.257s] Level 1:colcon.colcon_core.package_identification:_identify(src/PX4/logs/2025-02-14) by extensions ['colcon_pkg']
[0.257s] Level 1:colcon.colcon_core.package_identification:_identify(src/PX4/logs/2025-02-14) by extension 'colcon_pkg'
[0.257s] Level 1:colcon.colcon_core.package_identification:_identify(src/PX4/logs/2025-02-14) by extensions ['colcon_meta']
[0.257s] Level 1:colcon.colcon_core.package_identification:_identify(src/PX4/logs/2025-02-14) by extension 'colcon_meta'
[0.257s] Level 1:colcon.colcon_core.package_identification:_identify(src/PX4/logs/2025-02-14) by extensions ['ros']
[0.257s] Level 1:colcon.colcon_core.package_identification:_identify(src/PX4/logs/2025-02-14) by extension 'ros'
[0.257s] Level 1:colcon.colcon_core.package_identification:_identify(src/PX4/logs/2025-02-14) by extensions ['cmake', 'python']
[0.257s] Level 1:colcon.colcon_core.package_identification:_identify(src/PX4/logs/2025-02-14) by extension 'cmake'
[0.257s] Level 1:colcon.colcon_core.package_identification:_identify(src/PX4/logs/2025-02-14) by extension 'python'
[0.257s] Level 1:colcon.colcon_core.package_identification:_identify(src/PX4/logs/2025-02-14) by extensions ['python_setup_py']
[0.257s] Level 1:colcon.colcon_core.package_identification:_identify(src/PX4/logs/2025-02-14) by extension 'python_setup_py'
[0.257s] Level 1:colcon.colcon_core.package_identification:_identify(src/PX4/logs/2025-02-14/flight1) by extensions ['ignore', 'ignore_ament_install']
[0.257s] Level 1:colcon.colcon_core.package_identification:_identify(src/PX4/logs/2025-02-14/flight1) by extension 'ignore'
[0.257s] Level 1:colcon.colcon_core.package_identification:_identify(src/PX4/logs/2025-02-14/flight1) by extension 'ignore_ament_install'
[0.258s] Level 1:colcon.colcon_core.package_identification:_identify(src/PX4/logs/2025-02-14/flight1) by extensions ['colcon_pkg']
[0.258s] Level 1:colcon.colcon_core.package_identification:_identify(src/PX4/logs/2025-02-14/flight1) by extension 'colcon_pkg'
[0.258s] Level 1:colcon.colcon_core.package_identification:_identify(src/PX4/logs/2025-02-14/flight1) by extensions ['colcon_meta']
[0.258s] Level 1:colcon.colcon_core.package_identification:_identify(src/PX4/logs/2025-02-14/flight1) by extension 'colcon_meta'
[0.258s] Level 1:colcon.colcon_core.package_identification:_identify(src/PX4/logs/2025-02-14/flight1) by extensions ['ros']
[0.258s] Level 1:colcon.colcon_core.package_identification:_identify(src/PX4/logs/2025-02-14/flight1) by extension 'ros'
[0.258s] Level 1:colcon.colcon_core.package_identification:_identify(src/PX4/logs/2025-02-14/flight1) by extensions ['cmake', 'python']
[0.258s] Level 1:colcon.colcon_core.package_identification:_identify(src/PX4/logs/2025-02-14/flight1) by extension 'cmake'
[0.258s] Level 1:colcon.colcon_core.package_identification:_identify(src/PX4/logs/2025-02-14/flight1) by extension 'python'
[0.258s] Level 1:colcon.colcon_core.package_identification:_identify(src/PX4/logs/2025-02-14/flight1) by extensions ['python_setup_py']
[0.258s] Level 1:colcon.colcon_core.package_identification:_identify(src/PX4/logs/2025-02-14/flight1) by extension 'python_setup_py'
[0.258s] Level 1:colcon.colcon_core.package_identification:_identify(src/build) by extensions ['ignore', 'ignore_ament_install']
[0.258s] Level 1:colcon.colcon_core.package_identification:_identify(src/build) by extension 'ignore'
[0.258s] Level 1:colcon.colcon_core.package_identification:_identify(src/build) ignored
[0.258s] Level 1:colcon.colcon_core.package_identification:_identify(src/cybersecurity) by extensions ['ignore', 'ignore_ament_install']
[0.258s] Level 1:colcon.colcon_core.package_identification:_identify(src/cybersecurity) by extension 'ignore'
[0.258s] Level 1:colcon.colcon_core.package_identification:_identify(src/cybersecurity) by extension 'ignore_ament_install'
[0.258s] Level 1:colcon.colcon_core.package_identification:_identify(src/cybersecurity) by extensions ['colcon_pkg']
[0.258s] Level 1:colcon.colcon_core.package_identification:_identify(src/cybersecurity) by extension 'colcon_pkg'
[0.258s] Level 1:colcon.colcon_core.package_identification:_identify(src/cybersecurity) by extensions ['colcon_meta']
[0.258s] Level 1:colcon.colcon_core.package_identification:_identify(src/cybersecurity) by extension 'colcon_meta'
[0.258s] Level 1:colcon.colcon_core.package_identification:_identify(src/cybersecurity) by extensions ['ros']
[0.258s] Level 1:colcon.colcon_core.package_identification:_identify(src/cybersecurity) by extension 'ros'
[0.258s] Level 1:colcon.colcon_core.package_identification:_identify(src/cybersecurity) by extensions ['cmake', 'python']
[0.258s] Level 1:colcon.colcon_core.package_identification:_identify(src/cybersecurity) by extension 'cmake'
[0.258s] Level 1:colcon.colcon_core.package_identification:_identify(src/cybersecurity) by extension 'python'
[0.258s] Level 1:colcon.colcon_core.package_identification:_identify(src/cybersecurity) by extensions ['python_setup_py']
[0.258s] Level 1:colcon.colcon_core.package_identification:_identify(src/cybersecurity) by extension 'python_setup_py'
[0.259s] Level 1:colcon.colcon_core.package_identification:_identify(src/digital_twin) by extensions ['ignore', 'ignore_ament_install']
[0.259s] Level 1:colcon.colcon_core.package_identification:_identify(src/digital_twin) by extension 'ignore'
[0.259s] Level 1:colcon.colcon_core.package_identification:_identify(src/digital_twin) by extension 'ignore_ament_install'
[0.259s] Level 1:colcon.colcon_core.package_identification:_identify(src/digital_twin) by extensions ['colcon_pkg']
[0.259s] Level 1:colcon.colcon_core.package_identification:_identify(src/digital_twin) by extension 'colcon_pkg'
[0.259s] Level 1:colcon.colcon_core.package_identification:_identify(src/digital_twin) by extensions ['colcon_meta']
[0.259s] Level 1:colcon.colcon_core.package_identification:_identify(src/digital_twin) by extension 'colcon_meta'
[0.259s] Level 1:colcon.colcon_core.package_identification:_identify(src/digital_twin) by extensions ['ros']
[0.259s] Level 1:colcon.colcon_core.package_identification:_identify(src/digital_twin) by extension 'ros'
[0.259s] Level 1:colcon.colcon_core.package_identification:_identify(src/digital_twin) by extensions ['cmake', 'python']
[0.259s] Level 1:colcon.colcon_core.package_identification:_identify(src/digital_twin) by extension 'cmake'
[0.259s] Level 1:colcon.colcon_core.package_identification:_identify(src/digital_twin) by extension 'python'
[0.259s] Level 1:colcon.colcon_core.package_identification:_identify(src/digital_twin) by extensions ['python_setup_py']
[0.259s] Level 1:colcon.colcon_core.package_identification:_identify(src/digital_twin) by extension 'python_setup_py'
[0.259s] Level 1:colcon.colcon_core.package_identification:_identify(src/gazebo) by extensions ['ignore', 'ignore_ament_install']
[0.259s] Level 1:colcon.colcon_core.package_identification:_identify(src/gazebo) by extension 'ignore'
[0.259s] Level 1:colcon.colcon_core.package_identification:_identify(src/gazebo) by extension 'ignore_ament_install'
[0.259s] Level 1:colcon.colcon_core.package_identification:_identify(src/gazebo) by extensions ['colcon_pkg']
[0.259s] Level 1:colcon.colcon_core.package_identification:_identify(src/gazebo) by extension 'colcon_pkg'
[0.259s] Level 1:colcon.colcon_core.package_identification:_identify(src/gazebo) by extensions ['colcon_meta']
[0.259s] Level 1:colcon.colcon_core.package_identification:_identify(src/gazebo) by extension 'colcon_meta'
[0.259s] Level 1:colcon.colcon_core.package_identification:_identify(src/gazebo) by extensions ['ros']
[0.259s] Level 1:colcon.colcon_core.package_identification:_identify(src/gazebo) by extension 'ros'
[0.259s] Level 1:colcon.colcon_core.package_identification:_identify(src/gazebo) by extensions ['cmake', 'python']
[0.259s] Level 1:colcon.colcon_core.package_identification:_identify(src/gazebo) by extension 'cmake'
[0.259s] Level 1:colcon.colcon_core.package_identification:_identify(src/gazebo) by extension 'python'
[0.259s] Level 1:colcon.colcon_core.package_identification:_identify(src/gazebo) by extensions ['python_setup_py']
[0.259s] Level 1:colcon.colcon_core.package_identification:_identify(src/gazebo) by extension 'python_setup_py'
[0.259s] Level 1:colcon.colcon_core.package_identification:_identify(src/install) by extensions ['ignore', 'ignore_ament_install']
[0.259s] Level 1:colcon.colcon_core.package_identification:_identify(src/install) by extension 'ignore'
[0.260s] Level 1:colcon.colcon_core.package_identification:_identify(src/install) ignored
[0.260s] Level 1:colcon.colcon_core.package_identification:_identify(src/log) by extensions ['ignore', 'ignore_ament_install']
[0.260s] Level 1:colcon.colcon_core.package_identification:_identify(src/log) by extension 'ignore'
[0.260s] Level 1:colcon.colcon_core.package_identification:_identify(src/log) ignored
[0.260s] Level 1:colcon.colcon_core.package_identification:_identify(src/my_ros2_bridge_package) by extensions ['ignore', 'ignore_ament_install']
[0.260s] Level 1:colcon.colcon_core.package_identification:_identify(src/my_ros2_bridge_package) by extension 'ignore'
[0.260s] Level 1:colcon.colcon_core.package_identification:_identify(src/my_ros2_bridge_package) by extension 'ignore_ament_install'
[0.260s] Level 1:colcon.colcon_core.package_identification:_identify(src/my_ros2_bridge_package) by extensions ['colcon_pkg']
[0.260s] Level 1:colcon.colcon_core.package_identification:_identify(src/my_ros2_bridge_package) by extension 'colcon_pkg'
[0.260s] Level 1:colcon.colcon_core.package_identification:_identify(src/my_ros2_bridge_package) by extensions ['colcon_meta']
[0.260s] Level 1:colcon.colcon_core.package_identification:_identify(src/my_ros2_bridge_package) by extension 'colcon_meta'
[0.260s] Level 1:colcon.colcon_core.package_identification:_identify(src/my_ros2_bridge_package) by extensions ['ros']
[0.260s] Level 1:colcon.colcon_core.package_identification:_identify(src/my_ros2_bridge_package) by extension 'ros'
[0.261s] DEBUG:colcon.colcon_core.package_identification:Package 'src/my_ros2_bridge_package' with type 'ros.ament_python' and name 'my_ros2_bridge_package'
[0.261s] Level 1:colcon.colcon_core.package_identification:_identify(src/x500-Drone-Twin) by extensions ['ignore', 'ignore_ament_install']
[0.261s] Level 1:colcon.colcon_core.package_identification:_identify(src/x500-Drone-Twin) by extension 'ignore'
[0.261s] Level 1:colcon.colcon_core.package_identification:_identify(src/x500-Drone-Twin) by extension 'ignore_ament_install'
[0.261s] Level 1:colcon.colcon_core.package_identification:_identify(src/x500-Drone-Twin) by extensions ['colcon_pkg']
[0.261s] Level 1:colcon.colcon_core.package_identification:_identify(src/x500-Drone-Twin) by extension 'colcon_pkg'
[0.261s] Level 1:colcon.colcon_core.package_identification:_identify(src/x500-Drone-Twin) by extensions ['colcon_meta']
[0.261s] Level 1:colcon.colcon_core.package_identification:_identify(src/x500-Drone-Twin) by extension 'colcon_meta'
[0.261s] Level 1:colcon.colcon_core.package_identification:_identify(src/x500-Drone-Twin) by extensions ['ros']
[0.261s] Level 1:colcon.colcon_core.package_identification:_identify(src/x500-Drone-Twin) by extension 'ros'
[0.261s] Level 1:colcon.colcon_core.package_identification:_identify(src/x500-Drone-Twin) by extensions ['cmake', 'python']
[0.261s] Level 1:colcon.colcon_core.package_identification:_identify(src/x500-Drone-Twin) by extension 'cmake'
[0.261s] Level 1:colcon.colcon_core.package_identification:_identify(src/x500-Drone-Twin) by extension 'python'
[0.261s] Level 1:colcon.colcon_core.package_identification:_identify(src/x500-Drone-Twin) by extensions ['python_setup_py']
[0.261s] Level 1:colcon.colcon_core.package_identification:_identify(src/x500-Drone-Twin) by extension 'python_setup_py'
[0.262s] Level 1:colcon.colcon_core.package_identification:_identify(src/x500-Drone-Twin/x500_drone_description) by extensions ['ignore', 'ignore_ament_install']
[0.262s] Level 1:colcon.colcon_core.package_identification:_identify(src/x500-Drone-Twin/x500_drone_description) by extension 'ignore'
[0.262s] Level 1:colcon.colcon_core.package_identification:_identify(src/x500-Drone-Twin/x500_drone_description) by extension 'ignore_ament_install'
[0.262s] Level 1:colcon.colcon_core.package_identification:_identify(src/x500-Drone-Twin/x500_drone_description) by extensions ['colcon_pkg']
[0.262s] Level 1:colcon.colcon_core.package_identification:_identify(src/x500-Drone-Twin/x500_drone_description) by extension 'colcon_pkg'
[0.262s] Level 1:colcon.colcon_core.package_identification:_identify(src/x500-Drone-Twin/x500_drone_description) by extensions ['colcon_meta']
[0.262s] Level 1:colcon.colcon_core.package_identification:_identify(src/x500-Drone-Twin/x500_drone_description) by extension 'colcon_meta'
[0.262s] Level 1:colcon.colcon_core.package_identification:_identify(src/x500-Drone-Twin/x500_drone_description) by extensions ['ros']
[0.262s] Level 1:colcon.colcon_core.package_identification:_identify(src/x500-Drone-Twin/x500_drone_description) by extension 'ros'
[0.262s] DEBUG:colcon.colcon_core.package_identification:Package 'src/x500-Drone-Twin/x500_drone_description' with type 'ros.ament_cmake' and name 'x500_drone_description'
[0.262s] Level 1:colcon.colcon_core.package_identification:_identify(tests) by extensions ['ignore', 'ignore_ament_install']
[0.262s] Level 1:colcon.colcon_core.package_identification:_identify(tests) by extension 'ignore'
[0.262s] Level 1:colcon.colcon_core.package_identification:_identify(tests) by extension 'ignore_ament_install'
[0.262s] Level 1:colcon.colcon_core.package_identification:_identify(tests) by extensions ['colcon_pkg']
[0.262s] Level 1:colcon.colcon_core.package_identification:_identify(tests) by extension 'colcon_pkg'
[0.262s] Level 1:colcon.colcon_core.package_identification:_identify(tests) by extensions ['colcon_meta']
[0.262s] Level 1:colcon.colcon_core.package_identification:_identify(tests) by extension 'colcon_meta'
[0.262s] Level 1:colcon.colcon_core.package_identification:_identify(tests) by extensions ['ros']
[0.262s] Level 1:colcon.colcon_core.package_identification:_identify(tests) by extension 'ros'
[0.263s] Level 1:colcon.colcon_core.package_identification:_identify(tests) by extensions ['cmake', 'python']
[0.263s] Level 1:colcon.colcon_core.package_identification:_identify(tests) by extension 'cmake'
[0.263s] Level 1:colcon.colcon_core.package_identification:_identify(tests) by extension 'python'
[0.263s] Level 1:colcon.colcon_core.package_identification:_identify(tests) by extensions ['python_setup_py']
[0.263s] Level 1:colcon.colcon_core.package_identification:_identify(tests) by extension 'python_setup_py'
[0.263s] Level 1:colcon.colcon_core.package_identification:_identify(tests/integration_tests) by extensions ['ignore', 'ignore_ament_install']
[0.263s] Level 1:colcon.colcon_core.package_identification:_identify(tests/integration_tests) by extension 'ignore'
[0.263s] Level 1:colcon.colcon_core.package_identification:_identify(tests/integration_tests) by extension 'ignore_ament_install'
[0.263s] Level 1:colcon.colcon_core.package_identification:_identify(tests/integration_tests) by extensions ['colcon_pkg']
[0.263s] Level 1:colcon.colcon_core.package_identification:_identify(tests/integration_tests) by extension 'colcon_pkg'
[0.263s] Level 1:colcon.colcon_core.package_identification:_identify(tests/integration_tests) by extensions ['colcon_meta']
[0.263s] Level 1:colcon.colcon_core.package_identification:_identify(tests/integration_tests) by extension 'colcon_meta'
[0.263s] Level 1:colcon.colcon_core.package_identification:_identify(tests/integration_tests) by extensions ['ros']
[0.263s] Level 1:colcon.colcon_core.package_identification:_identify(tests/integration_tests) by extension 'ros'
[0.263s] Level 1:colcon.colcon_core.package_identification:_identify(tests/integration_tests) by extensions ['cmake', 'python']
[0.263s] Level 1:colcon.colcon_core.package_identification:_identify(tests/integration_tests) by extension 'cmake'
[0.263s] Level 1:colcon.colcon_core.package_identification:_identify(tests/integration_tests) by extension 'python'
[0.263s] Level 1:colcon.colcon_core.package_identification:_identify(tests/integration_tests) by extensions ['python_setup_py']
[0.263s] Level 1:colcon.colcon_core.package_identification:_identify(tests/integration_tests) by extension 'python_setup_py'
[0.263s] Level 1:colcon.colcon_core.package_identification:_identify(tests/unit_tests) by extensions ['ignore', 'ignore_ament_install']
[0.263s] Level 1:colcon.colcon_core.package_identification:_identify(tests/unit_tests) by extension 'ignore'
[0.263s] Level 1:colcon.colcon_core.package_identification:_identify(tests/unit_tests) by extension 'ignore_ament_install'
[0.263s] Level 1:colcon.colcon_core.package_identification:_identify(tests/unit_tests) by extensions ['colcon_pkg']
[0.263s] Level 1:colcon.colcon_core.package_identification:_identify(tests/unit_tests) by extension 'colcon_pkg'
[0.263s] Level 1:colcon.colcon_core.package_identification:_identify(tests/unit_tests) by extensions ['colcon_meta']
[0.263s] Level 1:colcon.colcon_core.package_identification:_identify(tests/unit_tests) by extension 'colcon_meta'
[0.263s] Level 1:colcon.colcon_core.package_identification:_identify(tests/unit_tests) by extensions ['ros']
[0.263s] Level 1:colcon.colcon_core.package_identification:_identify(tests/unit_tests) by extension 'ros'
[0.264s] Level 1:colcon.colcon_core.package_identification:_identify(tests/unit_tests) by extensions ['cmake', 'python']
[0.264s] Level 1:colcon.colcon_core.package_identification:_identify(tests/unit_tests) by extension 'cmake'
[0.264s] Level 1:colcon.colcon_core.package_identification:_identify(tests/unit_tests) by extension 'python'
[0.264s] Level 1:colcon.colcon_core.package_identification:_identify(tests/unit_tests) by extensions ['python_setup_py']
[0.264s] Level 1:colcon.colcon_core.package_identification:_identify(tests/unit_tests) by extension 'python_setup_py'
[0.264s] Level 1:colcon.colcon_core.package_discovery:discover_packages(recursive) using defaults
[0.264s] Level 1:colcon.colcon_core.package_discovery:discover_packages(ignore) discover
[0.264s] Level 1:colcon.colcon_core.package_discovery:discover_packages(ignore) using defaults
[0.264s] Level 1:colcon.colcon_core.package_discovery:discover_packages(path) discover
[0.264s] Level 1:colcon.colcon_core.package_discovery:discover_packages(path) using defaults
[0.283s] INFO:colcon.colcon_metadata.metadata.colcon_pkg:Updating descriptor of package 'Micro-XRCE-DDS-Agent' from colcon.pkg: {'name': 'microxrcedds_agent', 'type': 'cmake', 'dependencies': ['fastcdr', 'fastdds'], 'cmake-args': ['-DUAGENT_ISOLATED_INSTALL=OFF', '-DUAGENT_USE_SYSTEM_FASTCDR=ON', '-DUAGENT_USE_SYSTEM_FASTDDS=ON']}
[0.284s] Level 1:colcon.colcon_core.package_discovery:discover_packages(prefix_path) check parameters
[0.284s] Level 1:colcon.colcon_core.package_discovery:discover_packages(prefix_path) discover
[0.287s] DEBUG:colcon.colcon_installed_package_information.package_discovery:Found 2 installed packages in /home/ajval/px4_ros_com_ros2/install
[0.288s] DEBUG:colcon.colcon_installed_package_information.package_discovery:Found 325 installed packages in /opt/ros/jazzy
[0.289s] Level 1:colcon.colcon_core.package_discovery:discover_packages(prefix_path) using defaults
[0.327s] Level 5:colcon.colcon_core.verb:set package 'microxrcedds_agent' build argument 'cmake_args' from command line to 'None'
[0.327s] Level 5:colcon.colcon_core.verb:overwrite package 'microxrcedds_agent' build argument 'cmake_args' from package metadata with '['-DUAGENT_ISOLATED_INSTALL=OFF', '-DUAGENT_USE_SYSTEM_FASTCDR=ON', '-DUAGENT_USE_SYSTEM_FASTDDS=ON']' (before: 'None')
[0.327s] Level 5:colcon.colcon_core.verb:set package 'microxrcedds_agent' build argument 'cmake_target' from command line to 'None'
[0.327s] Level 5:colcon.colcon_core.verb:set package 'microxrcedds_agent' build argument 'cmake_target_skip_unavailable' from command line to 'False'
[0.327s] Level 5:colcon.colcon_core.verb:set package 'microxrcedds_agent' build argument 'cmake_clean_cache' from command line to 'False'
[0.327s] Level 5:colcon.colcon_core.verb:set package 'microxrcedds_agent' build argument 'cmake_clean_first' from command line to 'False'
[0.327s] Level 5:colcon.colcon_core.verb:set package 'microxrcedds_agent' build argument 'cmake_force_configure' from command line to 'False'
[0.327s] Level 5:colcon.colcon_core.verb:set package 'microxrcedds_agent' build argument 'ament_cmake_args' from command line to 'None'
[0.327s] Level 5:colcon.colcon_core.verb:set package 'microxrcedds_agent' build argument 'catkin_cmake_args' from command line to 'None'
[0.327s] Level 5:colcon.colcon_core.verb:set package 'microxrcedds_agent' build argument 'catkin_skip_building_tests' from command line to 'False'
[0.327s] DEBUG:colcon.colcon_core.verb:Building package 'microxrcedds_agent' with the following arguments: {'ament_cmake_args': None, 'build_base': '/home/ajval/Digital-Twin-Cybersecurity/build/microxrcedds_agent', 'catkin_cmake_args': None, 'catkin_skip_building_tests': False, 'cmake_args': ['-DUAGENT_ISOLATED_INSTALL=OFF', '-DUAGENT_USE_SYSTEM_FASTCDR=ON', '-DUAGENT_USE_SYSTEM_FASTDDS=ON'], 'cmake_clean_cache': False, 'cmake_clean_first': False, 'cmake_force_configure': False, 'cmake_target': None, 'cmake_target_skip_unavailable': False, 'install_base': '/home/ajval/Digital-Twin-Cybersecurity/install/microxrcedds_agent', 'merge_install': False, 'path': '/home/ajval/Digital-Twin-Cybersecurity/Micro-XRCE-DDS-Agent', 'symlink_install': False, 'test_result_base': None}
[0.327s] Level 5:colcon.colcon_core.verb:set package 'my_ros2_bridge_package' build argument 'cmake_args' from command line to 'None'
[0.327s] Level 5:colcon.colcon_core.verb:set package 'my_ros2_bridge_package' build argument 'cmake_target' from command line to 'None'
[0.327s] Level 5:colcon.colcon_core.verb:set package 'my_ros2_bridge_package' build argument 'cmake_target_skip_unavailable' from command line to 'False'
[0.327s] Level 5:colcon.colcon_core.verb:set package 'my_ros2_bridge_package' build argument 'cmake_clean_cache' from command line to 'False'
[0.327s] Level 5:colcon.colcon_core.verb:set package 'my_ros2_bridge_package' build argument 'cmake_clean_first' from command line to 'False'
[0.328s] Level 5:colcon.colcon_core.verb:set package 'my_ros2_bridge_package' build argument 'cmake_force_configure' from command line to 'False'
[0.328s] Level 5:colcon.colcon_core.verb:set package 'my_ros2_bridge_package' build argument 'ament_cmake_args' from command line to 'None'
[0.328s] Level 5:colcon.colcon_core.verb:set package 'my_ros2_bridge_package' build argument 'catkin_cmake_args' from command line to 'None'
[0.328s] Level 5:colcon.colcon_core.verb:set package 'my_ros2_bridge_package' build argument 'catkin_skip_building_tests' from command line to 'False'
[0.328s] DEBUG:colcon.colcon_core.verb:Building package 'my_ros2_bridge_package' with the following arguments: {'ament_cmake_args': None, 'build_base': '/home/ajval/Digital-Twin-Cybersecurity/build/my_ros2_bridge_package', 'catkin_cmake_args': None, 'catkin_skip_building_tests': False, 'cmake_args': None, 'cmake_clean_cache': False, 'cmake_clean_first': False, 'cmake_force_configure': False, 'cmake_target': None, 'cmake_target_skip_unavailable': False, 'install_base': '/home/ajval/Digital-Twin-Cybersecurity/install/my_ros2_bridge_package', 'merge_install': False, 'path': '/home/ajval/Digital-Twin-Cybersecurity/src/my_ros2_bridge_package', 'symlink_install': False, 'test_result_base': None}
[0.328s] Level 5:colcon.colcon_core.verb:set package 'px4' build argument 'cmake_args' from command line to 'None'
[0.328s] Level 5:colcon.colcon_core.verb:set package 'px4' build argument 'cmake_target' from command line to 'None'
[0.328s] Level 5:colcon.colcon_core.verb:set package 'px4' build argument 'cmake_target_skip_unavailable' from command line to 'False'
[0.328s] Level 5:colcon.colcon_core.verb:set package 'px4' build argument 'cmake_clean_cache' from command line to 'False'
[0.328s] Level 5:colcon.colcon_core.verb:set package 'px4' build argument 'cmake_clean_first' from command line to 'False'
[0.328s] Level 5:colcon.colcon_core.verb:set package 'px4' build argument 'cmake_force_configure' from command line to 'False'
[0.328s] Level 5:colcon.colcon_core.verb:set package 'px4' build argument 'ament_cmake_args' from command line to 'None'
[0.328s] Level 5:colcon.colcon_core.verb:set package 'px4' build argument 'catkin_cmake_args' from command line to 'None'
[0.328s] Level 5:colcon.colcon_core.verb:set package 'px4' build argument 'catkin_skip_building_tests' from command line to 'False'
[0.328s] DEBUG:colcon.colcon_core.verb:Building package 'px4' with the following arguments: {'ament_cmake_args': None, 'build_base': '/home/ajval/Digital-Twin-Cybersecurity/build/px4', 'catkin_cmake_args': None, 'catkin_skip_building_tests': False, 'cmake_args': None, 'cmake_clean_cache': False, 'cmake_clean_first': False, 'cmake_force_configure': False, 'cmake_target': None, 'cmake_target_skip_unavailable': False, 'install_base': '/home/ajval/Digital-Twin-Cybersecurity/install/px4', 'merge_install': False, 'path': '/home/ajval/Digital-Twin-Cybersecurity/PX4-Autopilot', 'symlink_install': False, 'test_result_base': None}
[0.328s] Level 5:colcon.colcon_core.verb:set package 'x500_drone_description' build argument 'cmake_args' from command line to 'None'
[0.328s] Level 5:colcon.colcon_core.verb:set package 'x500_drone_description' build argument 'cmake_target' from command line to 'None'
[0.328s] Level 5:colcon.colcon_core.verb:set package 'x500_drone_description' build argument 'cmake_target_skip_unavailable' from command line to 'False'
[0.328s] Level 5:colcon.colcon_core.verb:set package 'x500_drone_description' build argument 'cmake_clean_cache' from command line to 'False'
[0.328s] Level 5:colcon.colcon_core.verb:set package 'x500_drone_description' build argument 'cmake_clean_first' from command line to 'False'
[0.328s] Level 5:colcon.colcon_core.verb:set package 'x500_drone_description' build argument 'cmake_force_configure' from command line to 'False'
[0.328s] Level 5:colcon.colcon_core.verb:set package 'x500_drone_description' build argument 'ament_cmake_args' from command line to 'None'
[0.328s] Level 5:colcon.colcon_core.verb:set package 'x500_drone_description' build argument 'catkin_cmake_args' from command line to 'None'
[0.328s] Level 5:colcon.colcon_core.verb:set package 'x500_drone_description' build argument 'catkin_skip_building_tests' from command line to 'False'
[0.328s] DEBUG:colcon.colcon_core.verb:Building package 'x500_drone_description' with the following arguments: {'ament_cmake_args': None, 'build_base': '/home/ajval/Digital-Twin-Cybersecurity/build/x500_drone_description', 'catkin_cmake_args': None, 'catkin_skip_building_tests': False, 'cmake_args': None, 'cmake_clean_cache': False, 'cmake_clean_first': False, 'cmake_force_configure': False, 'cmake_target': None, 'cmake_target_skip_unavailable': False, 'install_base': '/home/ajval/Digital-Twin-Cybersecurity/install/x500_drone_description', 'merge_install': False, 'path': '/home/ajval/Digital-Twin-Cybersecurity/src/x500-Drone-Twin/x500_drone_description', 'symlink_install': False, 'test_result_base': None}
[0.328s] INFO:colcon.colcon_core.executor:Executing jobs using 'parallel' executor
[0.330s] DEBUG:colcon.colcon_parallel_executor.executor.parallel:run_until_complete
[0.330s] INFO:colcon.colcon_cmake.task.cmake.build:Building CMake package in '/home/ajval/Digital-Twin-Cybersecurity/Micro-XRCE-DDS-Agent'
[0.334s] INFO:colcon.colcon_core.plugin_system:Skipping extension 'colcon_core.shell.bat': Not used on non-Windows systems
[0.334s] INFO:colcon.colcon_core.shell:Skip shell extension 'powershell' for command environment: Not usable outside of PowerShell
[0.334s] DEBUG:colcon.colcon_core.shell:Skip shell extension 'dsv' for command environment
[0.338s] INFO:colcon.colcon_ros.task.ament_python.build:Building ROS package in '/home/ajval/Digital-Twin-Cybersecurity/src/my_ros2_bridge_package' with build type 'ament_python'
[0.338s] Level 1:colcon.colcon_core.shell:create_environment_hook('my_ros2_bridge_package', 'ament_prefix_path')
[0.338s] INFO:colcon.colcon_core.shell:Creating environment hook '/home/ajval/Digital-Twin-Cybersecurity/install/my_ros2_bridge_package/share/my_ros2_bridge_package/hook/ament_prefix_path.ps1'
[0.339s] INFO:colcon.colcon_core.shell:Creating environment descriptor '/home/ajval/Digital-Twin-Cybersecurity/install/my_ros2_bridge_package/share/my_ros2_bridge_package/hook/ament_prefix_path.dsv'
[0.339s] INFO:colcon.colcon_core.shell:Creating environment hook '/home/ajval/Digital-Twin-Cybersecurity/install/my_ros2_bridge_package/share/my_ros2_bridge_package/hook/ament_prefix_path.sh'
[0.340s] INFO:colcon.colcon_core.shell:Skip shell extension 'powershell' for command environment: Not usable outside of PowerShell
[0.340s] DEBUG:colcon.colcon_core.shell:Skip shell extension 'dsv' for command environment
[0.343s] INFO:colcon.colcon_ros.task.ament_cmake.build:Building ROS package in '/home/ajval/Digital-Twin-Cybersecurity/PX4-Autopilot' with build type 'ament_cmake'
[0.343s] INFO:colcon.colcon_cmake.task.cmake.build:Building CMake package in '/home/ajval/Digital-Twin-Cybersecurity/PX4-Autopilot'
[0.343s] INFO:colcon.colcon_core.shell:Skip shell extension 'powershell' for command environment: Not usable outside of PowerShell
[0.343s] DEBUG:colcon.colcon_core.shell:Skip shell extension 'dsv' for command environment
[0.353s] INFO:colcon.colcon_ros.task.ament_cmake.build:Building ROS package in '/home/ajval/Digital-Twin-Cybersecurity/src/x500-Drone-Twin/x500_drone_description' with build type 'ament_cmake'
[0.353s] INFO:colcon.colcon_cmake.task.cmake.build:Building CMake package in '/home/ajval/Digital-Twin-Cybersecurity/src/x500-Drone-Twin/x500_drone_description'
[0.353s] INFO:colcon.colcon_core.shell:Skip shell extension 'powershell' for command environment: Not usable outside of PowerShell
[0.353s] DEBUG:colcon.colcon_core.shell:Skip shell extension 'dsv' for command environment
[0.361s] DEBUG:colcon.colcon_core.event_handler.log_command:Invoking command in '/home/ajval/Digital-Twin-Cybersecurity/build/microxrcedds_agent': DEBUGINFOD_URLS=https://debuginfod.ubuntu.com /usr/bin/cmake /home/ajval/Digital-Twin-Cybersecurity/Micro-XRCE-DDS-Agent -DUAGENT_ISOLATED_INSTALL=OFF -DUAGENT_USE_SYSTEM_FASTCDR=ON -DUAGENT_USE_SYSTEM_FASTDDS=ON -DCMAKE_INSTALL_PREFIX=/home/ajval/Digital-Twin-Cybersecurity/install/microxrcedds_agent
[0.569s] INFO:colcon.colcon_core.task.python.build:Building Python package in '/home/ajval/Digital-Twin-Cybersecurity/src/my_ros2_bridge_package'
[0.570s] INFO:colcon.colcon_core.shell:Skip shell extension 'powershell' for command environment: Not usable outside of PowerShell
[0.570s] DEBUG:colcon.colcon_core.shell:Skip shell extension 'dsv' for command environment
[0.576s] DEBUG:colcon.colcon_core.event_handler.log_command:Invoking command in '/home/ajval/Digital-Twin-Cybersecurity/build/px4': CMAKE_PREFIX_PATH=${CMAKE_PREFIX_PATH}:/opt/ros/jazzy DEBUGINFOD_URLS=https://debuginfod.ubuntu.com /usr/bin/cmake /home/ajval/Digital-Twin-Cybersecurity/PX4-Autopilot -DCMAKE_INSTALL_PREFIX=/home/ajval/Digital-Twin-Cybersecurity/install/px4
[0.580s] DEBUG:colcon.colcon_core.event_handler.log_command:Invoking command in '/home/ajval/Digital-Twin-Cybersecurity/build/x500_drone_description': CMAKE_PREFIX_PATH=${CMAKE_PREFIX_PATH}:/opt/ros/jazzy DEBUGINFOD_URLS=https://debuginfod.ubuntu.com /usr/bin/cmake /home/ajval/Digital-Twin-Cybersecurity/src/x500-Drone-Twin/x500_drone_description -DCMAKE_INSTALL_PREFIX=/home/ajval/Digital-Twin-Cybersecurity/install/x500_drone_description
[1.210s] DEBUG:colcon.colcon_core.event_handler.log_command:Invoked command in '/home/ajval/Digital-Twin-Cybersecurity/build/microxrcedds_agent' returned '0': DEBUGINFOD_URLS=https://debuginfod.ubuntu.com /usr/bin/cmake /home/ajval/Digital-Twin-Cybersecurity/Micro-XRCE-DDS-Agent -DUAGENT_ISOLATED_INSTALL=OFF -DUAGENT_USE_SYSTEM_FASTCDR=ON -DUAGENT_USE_SYSTEM_FASTDDS=ON -DCMAKE_INSTALL_PREFIX=/home/ajval/Digital-Twin-Cybersecurity/install/microxrcedds_agent
[1.211s] DEBUG:colcon.colcon_core.event_handler.log_command:Invoking command in '/home/ajval/Digital-Twin-Cybersecurity/build/microxrcedds_agent': DEBUGINFOD_URLS=https://debuginfod.ubuntu.com /usr/bin/cmake --build /home/ajval/Digital-Twin-Cybersecurity/build/microxrcedds_agent -- -j22 -l22
[1.283s] DEBUG:colcon.colcon_core.event_handler.log_command:Invoking command in '/home/ajval/Digital-Twin-Cybersecurity/src/my_ros2_bridge_package': DEBUGINFOD_URLS=https://debuginfod.ubuntu.com PYTHONPATH=/home/ajval/Digital-Twin-Cybersecurity/build/my_ros2_bridge_package/prefix_override:/usr/lib/python3/dist-packages/colcon_core/task/python/colcon_distutils_commands:/home/ajval/Digital-Twin-Cybersecurity/install/my_ros2_bridge_package/lib/python3.12/site-packages:${PYTHONPATH} /usr/bin/python3 -W ignore:setup.py install is deprecated -W ignore:easy_install command is deprecated setup.py egg_info --egg-base ../../build/my_ros2_bridge_package build --build-base /home/ajval/Digital-Twin-Cybersecurity/build/my_ros2_bridge_package/build install --record /home/ajval/Digital-Twin-Cybersecurity/build/my_ros2_bridge_package/install.log --single-version-externally-managed install_data
[1.621s] DEBUG:colcon.colcon_core.event_handler.log_command:Invoked command in '/home/ajval/Digital-Twin-Cybersecurity/build/x500_drone_description' returned '0': CMAKE_PREFIX_PATH=${CMAKE_PREFIX_PATH}:/opt/ros/jazzy DEBUGINFOD_URLS=https://debuginfod.ubuntu.com /usr/bin/cmake /home/ajval/Digital-Twin-Cybersecurity/src/x500-Drone-Twin/x500_drone_description -DCMAKE_INSTALL_PREFIX=/home/ajval/Digital-Twin-Cybersecurity/install/x500_drone_description
[1.622s] DEBUG:colcon.colcon_core.event_handler.log_command:Invoking command in '/home/ajval/Digital-Twin-Cybersecurity/build/x500_drone_description': CMAKE_PREFIX_PATH=${CMAKE_PREFIX_PATH}:/opt/ros/jazzy DEBUGINFOD_URLS=https://debuginfod.ubuntu.com /usr/bin/cmake --build /home/ajval/Digital-Twin-Cybersecurity/build/x500_drone_description -- -j22 -l22
[1.685s] DEBUG:colcon.colcon_core.event_handler.log_command:Invoked command in '/home/ajval/Digital-Twin-Cybersecurity/build/x500_drone_description' returned '0': CMAKE_PREFIX_PATH=${CMAKE_PREFIX_PATH}:/opt/ros/jazzy DEBUGINFOD_URLS=https://debuginfod.ubuntu.com /usr/bin/cmake --build /home/ajval/Digital-Twin-Cybersecurity/build/x500_drone_description -- -j22 -l22
[1.696s] DEBUG:colcon.colcon_core.event_handler.log_command:Invoking command in '/home/ajval/Digital-Twin-Cybersecurity/build/x500_drone_description': CMAKE_PREFIX_PATH=${CMAKE_PREFIX_PATH}:/opt/ros/jazzy DEBUGINFOD_URLS=https://debuginfod.ubuntu.com /usr/bin/cmake --install /home/ajval/Digital-Twin-Cybersecurity/build/x500_drone_description
[1.720s] Level 1:colcon.colcon_core.environment:create_environment_scripts_only(x500_drone_description)
[1.723s] DEBUG:colcon.colcon_core.event_handler.log_command:Invoked command in '/home/ajval/Digital-Twin-Cybersecurity/build/x500_drone_description' returned '0': CMAKE_PREFIX_PATH=${CMAKE_PREFIX_PATH}:/opt/ros/jazzy DEBUGINFOD_URLS=https://debuginfod.ubuntu.com /usr/bin/cmake --install /home/ajval/Digital-Twin-Cybersecurity/build/x500_drone_description
[1.728s] Level 1:colcon.colcon_core.environment:checking '/home/ajval/Digital-Twin-Cybersecurity/install/x500_drone_description' for CMake module files
[1.730s] Level 1:colcon.colcon_core.environment:checking '/home/ajval/Digital-Twin-Cybersecurity/install/x500_drone_description' for CMake config files
[1.730s] Level 1:colcon.colcon_core.shell:create_environment_hook('x500_drone_description', 'cmake_prefix_path')
[1.730s] INFO:colcon.colcon_core.shell:Creating environment hook '/home/ajval/Digital-Twin-Cybersecurity/install/x500_drone_description/share/x500_drone_description/hook/cmake_prefix_path.ps1'
[1.730s] INFO:colcon.colcon_core.shell:Creating environment descriptor '/home/ajval/Digital-Twin-Cybersecurity/install/x500_drone_description/share/x500_drone_description/hook/cmake_prefix_path.dsv'
[1.731s] INFO:colcon.colcon_core.shell:Creating environment hook '/home/ajval/Digital-Twin-Cybersecurity/install/x500_drone_description/share/x500_drone_description/hook/cmake_prefix_path.sh'
[1.731s] Level 1:colcon.colcon_core.environment:checking '/home/ajval/Digital-Twin-Cybersecurity/install/x500_drone_description/bin'
[1.731s] Level 1:colcon.colcon_core.environment:checking '/home/ajval/Digital-Twin-Cybersecurity/install/x500_drone_description/lib/pkgconfig/x500_drone_description.pc'
[1.732s] Level 1:colcon.colcon_core.environment:checking '/home/ajval/Digital-Twin-Cybersecurity/install/x500_drone_description/lib/python3.12/site-packages'
[1.732s] Level 1:colcon.colcon_core.environment:checking '/home/ajval/Digital-Twin-Cybersecurity/install/x500_drone_description/bin'
[1.732s] INFO:colcon.colcon_core.shell:Creating package script '/home/ajval/Digital-Twin-Cybersecurity/install/x500_drone_description/share/x500_drone_description/package.ps1'
[1.733s] INFO:colcon.colcon_core.shell:Creating package descriptor '/home/ajval/Digital-Twin-Cybersecurity/install/x500_drone_description/share/x500_drone_description/package.dsv'
[1.734s] INFO:colcon.colcon_core.shell:Creating package script '/home/ajval/Digital-Twin-Cybersecurity/install/x500_drone_description/share/x500_drone_description/package.sh'
[1.734s] INFO:colcon.colcon_core.shell:Creating package script '/home/ajval/Digital-Twin-Cybersecurity/install/x500_drone_description/share/x500_drone_description/package.bash'
[1.735s] INFO:colcon.colcon_core.shell:Creating package script '/home/ajval/Digital-Twin-Cybersecurity/install/x500_drone_description/share/x500_drone_description/package.zsh'
[1.736s] Level 1:colcon.colcon_core.environment:create_file_with_runtime_dependencies(/home/ajval/Digital-Twin-Cybersecurity/install/x500_drone_description/share/colcon-core/packages/x500_drone_description)
[1.736s] Level 1:colcon.colcon_core.environment:create_environment_scripts_only(x500_drone_description)
[1.736s] Level 1:colcon.colcon_core.environment:checking '/home/ajval/Digital-Twin-Cybersecurity/install/x500_drone_description' for CMake module files
[1.736s] Level 1:colcon.colcon_core.environment:checking '/home/ajval/Digital-Twin-Cybersecurity/install/x500_drone_description' for CMake config files
[1.737s] Level 1:colcon.colcon_core.shell:create_environment_hook('x500_drone_description', 'cmake_prefix_path')
[1.737s] INFO:colcon.colcon_core.shell:Creating environment hook '/home/ajval/Digital-Twin-Cybersecurity/install/x500_drone_description/share/x500_drone_description/hook/cmake_prefix_path.ps1'
[1.737s] INFO:colcon.colcon_core.shell:Creating environment descriptor '/home/ajval/Digital-Twin-Cybersecurity/install/x500_drone_description/share/x500_drone_description/hook/cmake_prefix_path.dsv'
[1.737s] INFO:colcon.colcon_core.shell:Creating environment hook '/home/ajval/Digital-Twin-Cybersecurity/install/x500_drone_description/share/x500_drone_description/hook/cmake_prefix_path.sh'
[1.738s] Level 1:colcon.colcon_core.environment:checking '/home/ajval/Digital-Twin-Cybersecurity/install/x500_drone_description/bin'
[1.738s] Level 1:colcon.colcon_core.environment:checking '/home/ajval/Digital-Twin-Cybersecurity/install/x500_drone_description/lib/pkgconfig/x500_drone_description.pc'
[1.738s] Level 1:colcon.colcon_core.environment:checking '/home/ajval/Digital-Twin-Cybersecurity/install/x500_drone_description/lib/python3.12/site-packages'
[1.738s] Level 1:colcon.colcon_core.environment:checking '/home/ajval/Digital-Twin-Cybersecurity/install/x500_drone_description/bin'
[1.738s] INFO:colcon.colcon_core.shell:Creating package script '/home/ajval/Digital-Twin-Cybersecurity/install/x500_drone_description/share/x500_drone_description/package.ps1'
[1.739s] INFO:colcon.colcon_core.shell:Creating package descriptor '/home/ajval/Digital-Twin-Cybersecurity/install/x500_drone_description/share/x500_drone_description/package.dsv'
[1.739s] INFO:colcon.colcon_core.shell:Creating package script '/home/ajval/Digital-Twin-Cybersecurity/install/x500_drone_description/share/x500_drone_description/package.sh'
[1.739s] INFO:colcon.colcon_core.shell:Creating package script '/home/ajval/Digital-Twin-Cybersecurity/install/x500_drone_description/share/x500_drone_description/package.bash'
[1.740s] INFO:colcon.colcon_core.shell:Creating package script '/home/ajval/Digital-Twin-Cybersecurity/install/x500_drone_description/share/x500_drone_description/package.zsh'
[1.740s] Level 1:colcon.colcon_core.environment:create_file_with_runtime_dependencies(/home/ajval/Digital-Twin-Cybersecurity/install/x500_drone_description/share/colcon-core/packages/x500_drone_description)
[1.789s] Level 1:colcon.colcon_core.environment:checking '/home/ajval/Digital-Twin-Cybersecurity/install/my_ros2_bridge_package' for CMake module files
[1.790s] DEBUG:colcon.colcon_core.event_handler.log_command:Invoked command in '/home/ajval/Digital-Twin-Cybersecurity/src/my_ros2_bridge_package' returned '0': DEBUGINFOD_URLS=https://debuginfod.ubuntu.com PYTHONPATH=/home/ajval/Digital-Twin-Cybersecurity/build/my_ros2_bridge_package/prefix_override:/usr/lib/python3/dist-packages/colcon_core/task/python/colcon_distutils_commands:/home/ajval/Digital-Twin-Cybersecurity/install/my_ros2_bridge_package/lib/python3.12/site-packages:${PYTHONPATH} /usr/bin/python3 -W ignore:setup.py install is deprecated -W ignore:easy_install command is deprecated setup.py egg_info --egg-base ../../build/my_ros2_bridge_package build --build-base /home/ajval/Digital-Twin-Cybersecurity/build/my_ros2_bridge_package/build install --record /home/ajval/Digital-Twin-Cybersecurity/build/my_ros2_bridge_package/install.log --single-version-externally-managed install_data
[1.791s] Level 1:colcon.colcon_core.environment:checking '/home/ajval/Digital-Twin-Cybersecurity/install/my_ros2_bridge_package' for CMake config files
[1.791s] Level 1:colcon.colcon_core.environment:checking '/home/ajval/Digital-Twin-Cybersecurity/install/my_ros2_bridge_package/lib'
[1.791s] Level 1:colcon.colcon_core.environment:checking '/home/ajval/Digital-Twin-Cybersecurity/install/my_ros2_bridge_package/bin'
[1.792s] Level 1:colcon.colcon_core.environment:checking '/home/ajval/Digital-Twin-Cybersecurity/install/my_ros2_bridge_package/lib/pkgconfig/my_ros2_bridge_package.pc'
[1.792s] Level 1:colcon.colcon_core.environment:checking '/home/ajval/Digital-Twin-Cybersecurity/install/my_ros2_bridge_package/lib/python3.12/site-packages'
[1.793s] Level 1:colcon.colcon_core.shell:create_environment_hook('my_ros2_bridge_package', 'pythonpath')
[1.793s] INFO:colcon.colcon_core.shell:Creating environment hook '/home/ajval/Digital-Twin-Cybersecurity/install/my_ros2_bridge_package/share/my_ros2_bridge_package/hook/pythonpath.ps1'
[1.795s] INFO:colcon.colcon_core.shell:Creating environment descriptor '/home/ajval/Digital-Twin-Cybersecurity/install/my_ros2_bridge_package/share/my_ros2_bridge_package/hook/pythonpath.dsv'
[1.796s] INFO:colcon.colcon_core.shell:Creating environment hook '/home/ajval/Digital-Twin-Cybersecurity/install/my_ros2_bridge_package/share/my_ros2_bridge_package/hook/pythonpath.sh'
[1.798s] Level 1:colcon.colcon_core.environment:checking '/home/ajval/Digital-Twin-Cybersecurity/install/my_ros2_bridge_package/bin'
[1.798s] Level 1:colcon.colcon_core.environment:create_environment_scripts_only(my_ros2_bridge_package)
[1.799s] INFO:colcon.colcon_core.shell:Creating package script '/home/ajval/Digital-Twin-Cybersecurity/install/my_ros2_bridge_package/share/my_ros2_bridge_package/package.ps1'
[1.801s] INFO:colcon.colcon_core.shell:Creating package descriptor '/home/ajval/Digital-Twin-Cybersecurity/install/my_ros2_bridge_package/share/my_ros2_bridge_package/package.dsv'
[1.802s] INFO:colcon.colcon_core.shell:Creating package script '/home/ajval/Digital-Twin-Cybersecurity/install/my_ros2_bridge_package/share/my_ros2_bridge_package/package.sh'
[1.807s] INFO:colcon.colcon_core.shell:Creating package script '/home/ajval/Digital-Twin-Cybersecurity/install/my_ros2_bridge_package/share/my_ros2_bridge_package/package.bash'
[1.813s] INFO:colcon.colcon_core.shell:Creating package script '/home/ajval/Digital-Twin-Cybersecurity/install/my_ros2_bridge_package/share/my_ros2_bridge_package/package.zsh'
[1.814s] Level 1:colcon.colcon_core.environment:create_file_with_runtime_dependencies(/home/ajval/Digital-Twin-Cybersecurity/install/my_ros2_bridge_package/share/colcon-core/packages/my_ros2_bridge_package)
[2.128s] DEBUG:colcon.colcon_parallel_executor.executor.parallel:run_until_complete was interrupted
[2.128s] DEBUG:colcon.colcon_parallel_executor.executor.parallel:run_until_complete again
[2.142s] Level 1:colcon.colcon_core.environment:create_environment_scripts_only(px4)
[2.142s] Level 1:colcon.colcon_core.environment:checking '/home/ajval/Digital-Twin-Cybersecurity/install/px4' for CMake module files
[2.143s] Level 1:colcon.colcon_core.environment:checking '/home/ajval/Digital-Twin-Cybersecurity/install/px4' for CMake config files
[2.143s] Level 1:colcon.colcon_core.environment:checking '/home/ajval/Digital-Twin-Cybersecurity/install/px4/bin'
[2.144s] DEBUG:colcon.colcon_core.event_handler.log_command:Invoked command in '/home/ajval/Digital-Twin-Cybersecurity/build/px4' returned '-2': CMAKE_PREFIX_PATH=${CMAKE_PREFIX_PATH}:/opt/ros/jazzy DEBUGINFOD_URLS=https://debuginfod.ubuntu.com /usr/bin/cmake /home/ajval/Digital-Twin-Cybersecurity/PX4-Autopilot -DCMAKE_INSTALL_PREFIX=/home/ajval/Digital-Twin-Cybersecurity/install/px4
[2.144s] Level 1:colcon.colcon_core.environment:checking '/home/ajval/Digital-Twin-Cybersecurity/install/px4/lib/pkgconfig/px4.pc'
[2.144s] Level 1:colcon.colcon_core.environment:checking '/home/ajval/Digital-Twin-Cybersecurity/install/px4/lib/python3.12/site-packages'
[2.144s] Level 1:colcon.colcon_core.environment:checking '/home/ajval/Digital-Twin-Cybersecurity/install/px4/bin'
[2.144s] INFO:colcon.colcon_core.shell:Creating package script '/home/ajval/Digital-Twin-Cybersecurity/install/px4/share/px4/package.ps1'
[2.145s] INFO:colcon.colcon_core.shell:Creating package descriptor '/home/ajval/Digital-Twin-Cybersecurity/install/px4/share/px4/package.dsv'
[2.145s] INFO:colcon.colcon_core.shell:Creating package script '/home/ajval/Digital-Twin-Cybersecurity/install/px4/share/px4/package.sh'
[2.145s] INFO:colcon.colcon_core.shell:Creating package script '/home/ajval/Digital-Twin-Cybersecurity/install/px4/share/px4/package.bash'
[2.145s] INFO:colcon.colcon_core.shell:Creating package script '/home/ajval/Digital-Twin-Cybersecurity/install/px4/share/px4/package.zsh'
[2.146s] Level 1:colcon.colcon_core.environment:create_file_with_runtime_dependencies(/home/ajval/Digital-Twin-Cybersecurity/install/px4/share/colcon-core/packages/px4)
[2.157s] DEBUG:colcon.colcon_parallel_executor.executor.parallel:run_until_complete finished
[2.157s] DEBUG:colcon.colcon_parallel_executor.executor.parallel:closing loop
[2.157s] DEBUG:colcon.colcon_parallel_executor.executor.parallel:loop closed
[2.157s] DEBUG:colcon.colcon_core.event_reactor:joining thread
[2.165s] INFO:colcon.colcon_core.plugin_system:Skipping extension 'colcon_notification.desktop_notification.terminal_notifier': Not used on non-Darwin systems
[2.165s] INFO:colcon.colcon_core.plugin_system:Skipping extension 'colcon_notification.desktop_notification.win32': Not used on non-Windows systems
[2.165s] INFO:colcon.colcon_notification.desktop_notification:Sending desktop notification using 'notify2'
[2.182s] DEBUG:colcon.colcon_core.event_reactor:joined thread
[2.182s] INFO:colcon.colcon_core.shell:Creating prefix script '/home/ajval/Digital-Twin-Cybersecurity/install/local_setup.ps1'
[2.183s] INFO:colcon.colcon_core.shell:Creating prefix util module '/home/ajval/Digital-Twin-Cybersecurity/install/_local_setup_util_ps1.py'
[2.184s] INFO:colcon.colcon_core.shell:Creating prefix chain script '/home/ajval/Digital-Twin-Cybersecurity/install/setup.ps1'
[2.185s] INFO:colcon.colcon_core.shell:Creating prefix script '/home/ajval/Digital-Twin-Cybersecurity/install/local_setup.sh'
[2.185s] INFO:colcon.colcon_core.shell:Creating prefix util module '/home/ajval/Digital-Twin-Cybersecurity/install/_local_setup_util_sh.py'
[2.186s] INFO:colcon.colcon_core.shell:Creating prefix chain script '/home/ajval/Digital-Twin-Cybersecurity/install/setup.sh'
[2.187s] INFO:colcon.colcon_core.shell:Creating prefix script '/home/ajval/Digital-Twin-Cybersecurity/install/local_setup.bash'
[2.187s] INFO:colcon.colcon_core.shell:Creating prefix chain script '/home/ajval/Digital-Twin-Cybersecurity/install/setup.bash'
[2.188s] INFO:colcon.colcon_core.shell:Creating prefix script '/home/ajval/Digital-Twin-Cybersecurity/install/local_setup.zsh'
[2.189s] INFO:colcon.colcon_core.shell:Creating prefix chain script '/home/ajval/Digital-Twin-Cybersecurity/install/setup.zsh'
