[0.100s] DEBUG:colcon:Command line arguments: ['/usr/bin/colcon', 'build']
[0.100s] DEBUG:colcon:Parsed command line arguments: Namespace(log_base=None, log_level=None, verb_name='build', build_base='build', install_base='install', merge_install=False, symlink_install=False, test_result_base=None, continue_on_error=False, executor='parallel', parallel_workers=22, event_handlers=None, ignore_user_meta=False, metas=['./colcon.meta'], base_paths=['.'], packages_ignore=None, packages_ignore_regex=None, paths=None, packages_up_to=None, packages_up_to_regex=None, packages_above=None, packages_above_and_dependencies=None, packages_above_depth=None, packages_select_by_dep=None, packages_skip_by_dep=None, packages_skip_up_to=None, packages_select_build_failed=False, packages_skip_build_finished=False, packages_select_test_failures=False, packages_skip_test_passed=False, packages_select=None, packages_skip=None, packages_select_regex=None, packages_skip_regex=None, packages_start=None, packages_end=None, allow_overriding=[], cmake_args=None, cmake_target=None, cmake_target_skip_unavailable=False, cmake_clean_cache=False, cmake_clean_first=False, cmake_force_configure=False, ament_cmake_args=None, catkin_cmake_args=None, catkin_skip_building_tests=False, mixin_files=None, mixin=None, verb_parser=<colcon_mixin.mixin.mixin_argument.MixinArgumentDecorator object at 0x73124e9a56d0>, verb_extension=<colcon_core.verb.build.BuildVerb object at 0x73124f031eb0>, main=<bound method BuildVerb.main of <colcon_core.verb.build.BuildVerb object at 0x73124f031eb0>>, mixin_verb=('build',))
[0.135s] Level 1:colcon.colcon_core.package_discovery:discover_packages(colcon_meta) check parameters
[0.135s] Level 1:colcon.colcon_core.package_discovery:discover_packages(recursive) check parameters
[0.135s] Level 1:colcon.colcon_core.package_discovery:discover_packages(ignore) check parameters
[0.135s] Level 1:colcon.colcon_core.package_discovery:discover_packages(path) check parameters
[0.135s] Level 1:colcon.colcon_core.package_discovery:discover_packages(colcon_meta) discover
[0.135s] Level 1:colcon.colcon_core.package_discovery:discover_packages(recursive) discover
[0.135s] INFO:colcon.colcon_core.package_discovery:Crawling recursively for packages in '/home/ajval/Digital-Twin-Cybersecurity'
[0.136s] Level 1:colcon.colcon_core.package_identification:_identify(.) by extensions ['ignore', 'ignore_ament_install']
[0.136s] Level 1:colcon.colcon_core.package_identification:_identify(.) by extension 'ignore'
[0.136s] Level 1:colcon.colcon_core.package_identification:_identify(.) by extension 'ignore_ament_install'
[0.136s] Level 1:colcon.colcon_core.package_identification:_identify(.) by extensions ['colcon_pkg']
[0.136s] Level 1:colcon.colcon_core.package_identification:_identify(.) by extension 'colcon_pkg'
[0.136s] Level 1:colcon.colcon_core.package_identification:_identify(.) by extensions ['colcon_meta']
[0.136s] Level 1:colcon.colcon_core.package_identification:_identify(.) by extension 'colcon_meta'
[0.136s] Level 1:colcon.colcon_core.package_identification:_identify(.) by extensions ['ros']
[0.136s] Level 1:colcon.colcon_core.package_identification:_identify(.) by extension 'ros'
[0.159s] Level 1:colcon.colcon_core.package_identification:_identify(.) by extensions ['cmake', 'python']
[0.159s] Level 1:colcon.colcon_core.package_identification:_identify(.) by extension 'cmake'
[0.159s] Level 1:colcon.colcon_core.package_identification:_identify(.) by extension 'python'
[0.159s] Level 1:colcon.colcon_core.package_identification:_identify(.) by extensions ['python_setup_py']
[0.159s] Level 1:colcon.colcon_core.package_identification:_identify(.) by extension 'python_setup_py'
[0.160s] Level 1:colcon.colcon_core.package_identification:_identify(Micro-XRCE-DDS-Agent) by extensions ['ignore', 'ignore_ament_install']
[0.160s] Level 1:colcon.colcon_core.package_identification:_identify(Micro-XRCE-DDS-Agent) by extension 'ignore'
[0.160s] Level 1:colcon.colcon_core.package_identification:_identify(Micro-XRCE-DDS-Agent) by extension 'ignore_ament_install'
[0.160s] Level 1:colcon.colcon_core.package_identification:_identify(Micro-XRCE-DDS-Agent) by extensions ['colcon_pkg']
[0.160s] Level 1:colcon.colcon_core.package_identification:_identify(Micro-XRCE-DDS-Agent) by extension 'colcon_pkg'
[0.161s] INFO:colcon.colcon_metadata.metadata.colcon_pkg:Setting type 'cmake' of package 'Micro-XRCE-DDS-Agent' from colcon.pkg
[0.161s] INFO:colcon.colcon_metadata.metadata.colcon_pkg:Setting name 'microxrcedds_agent' of package 'Micro-XRCE-DDS-Agent' from colcon.pkg
[0.161s] DEBUG:colcon.colcon_core.package_identification:Package 'Micro-XRCE-DDS-Agent' with type 'cmake' and name 'microxrcedds_agent'
[0.161s] Level 1:colcon.colcon_core.package_identification:_identify(PX4) by extensions ['ignore', 'ignore_ament_install']
[0.161s] Level 1:colcon.colcon_core.package_identification:_identify(PX4) by extension 'ignore'
[0.161s] Level 1:colcon.colcon_core.package_identification:_identify(PX4) by extension 'ignore_ament_install'
[0.161s] Level 1:colcon.colcon_core.package_identification:_identify(PX4) by extensions ['colcon_pkg']
[0.161s] Level 1:colcon.colcon_core.package_identification:_identify(PX4) by extension 'colcon_pkg'
[0.161s] Level 1:colcon.colcon_core.package_identification:_identify(PX4) by extensions ['colcon_meta']
[0.161s] Level 1:colcon.colcon_core.package_identification:_identify(PX4) by extension 'colcon_meta'
[0.161s] Level 1:colcon.colcon_core.package_identification:_identify(PX4) by extensions ['ros']
[0.161s] Level 1:colcon.colcon_core.package_identification:_identify(PX4) by extension 'ros'
[0.161s] Level 1:colcon.colcon_core.package_identification:_identify(PX4) by extensions ['cmake', 'python']
[0.161s] Level 1:colcon.colcon_core.package_identification:_identify(PX4) by extension 'cmake'
[0.161s] Level 1:colcon.colcon_core.package_identification:_identify(PX4) by extension 'python'
[0.161s] Level 1:colcon.colcon_core.package_identification:_identify(PX4) by extensions ['python_setup_py']
[0.161s] Level 1:colcon.colcon_core.package_identification:_identify(PX4) by extension 'python_setup_py'
[0.161s] Level 1:colcon.colcon_core.package_identification:_identify(PX4/logs) by extensions ['ignore', 'ignore_ament_install']
[0.161s] Level 1:colcon.colcon_core.package_identification:_identify(PX4/logs) by extension 'ignore'
[0.161s] Level 1:colcon.colcon_core.package_identification:_identify(PX4/logs) by extension 'ignore_ament_install'
[0.161s] Level 1:colcon.colcon_core.package_identification:_identify(PX4/logs) by extensions ['colcon_pkg']
[0.161s] Level 1:colcon.colcon_core.package_identification:_identify(PX4/logs) by extension 'colcon_pkg'
[0.161s] Level 1:colcon.colcon_core.package_identification:_identify(PX4/logs) by extensions ['colcon_meta']
[0.161s] Level 1:colcon.colcon_core.package_identification:_identify(PX4/logs) by extension 'colcon_meta'
[0.161s] Level 1:colcon.colcon_core.package_identification:_identify(PX4/logs) by extensions ['ros']
[0.161s] Level 1:colcon.colcon_core.package_identification:_identify(PX4/logs) by extension 'ros'
[0.162s] Level 1:colcon.colcon_core.package_identification:_identify(PX4/logs) by extensions ['cmake', 'python']
[0.162s] Level 1:colcon.colcon_core.package_identification:_identify(PX4/logs) by extension 'cmake'
[0.162s] Level 1:colcon.colcon_core.package_identification:_identify(PX4/logs) by extension 'python'
[0.162s] Level 1:colcon.colcon_core.package_identification:_identify(PX4/logs) by extensions ['python_setup_py']
[0.162s] Level 1:colcon.colcon_core.package_identification:_identify(PX4/logs) by extension 'python_setup_py'
[0.162s] Level 1:colcon.colcon_core.package_identification:_identify(PX4/logs/2025-02-14) by extensions ['ignore', 'ignore_ament_install']
[0.162s] Level 1:colcon.colcon_core.package_identification:_identify(PX4/logs/2025-02-14) by extension 'ignore'
[0.162s] Level 1:colcon.colcon_core.package_identification:_identify(PX4/logs/2025-02-14) by extension 'ignore_ament_install'
[0.162s] Level 1:colcon.colcon_core.package_identification:_identify(PX4/logs/2025-02-14) by extensions ['colcon_pkg']
[0.162s] Level 1:colcon.colcon_core.package_identification:_identify(PX4/logs/2025-02-14) by extension 'colcon_pkg'
[0.162s] Level 1:colcon.colcon_core.package_identification:_identify(PX4/logs/2025-02-14) by extensions ['colcon_meta']
[0.162s] Level 1:colcon.colcon_core.package_identification:_identify(PX4/logs/2025-02-14) by extension 'colcon_meta'
[0.162s] Level 1:colcon.colcon_core.package_identification:_identify(PX4/logs/2025-02-14) by extensions ['ros']
[0.162s] Level 1:colcon.colcon_core.package_identification:_identify(PX4/logs/2025-02-14) by extension 'ros'
[0.162s] Level 1:colcon.colcon_core.package_identification:_identify(PX4/logs/2025-02-14) by extensions ['cmake', 'python']
[0.162s] Level 1:colcon.colcon_core.package_identification:_identify(PX4/logs/2025-02-14) by extension 'cmake'
[0.162s] Level 1:colcon.colcon_core.package_identification:_identify(PX4/logs/2025-02-14) by extension 'python'
[0.162s] Level 1:colcon.colcon_core.package_identification:_identify(PX4/logs/2025-02-14) by extensions ['python_setup_py']
[0.162s] Level 1:colcon.colcon_core.package_identification:_identify(PX4/logs/2025-02-14) by extension 'python_setup_py'
[0.162s] Level 1:colcon.colcon_core.package_identification:_identify(PX4/logs/2025-02-14/flight1) by extensions ['ignore', 'ignore_ament_install']
[0.162s] Level 1:colcon.colcon_core.package_identification:_identify(PX4/logs/2025-02-14/flight1) by extension 'ignore'
[0.162s] Level 1:colcon.colcon_core.package_identification:_identify(PX4/logs/2025-02-14/flight1) by extension 'ignore_ament_install'
[0.162s] Level 1:colcon.colcon_core.package_identification:_identify(PX4/logs/2025-02-14/flight1) by extensions ['colcon_pkg']
[0.162s] Level 1:colcon.colcon_core.package_identification:_identify(PX4/logs/2025-02-14/flight1) by extension 'colcon_pkg'
[0.162s] Level 1:colcon.colcon_core.package_identification:_identify(PX4/logs/2025-02-14/flight1) by extensions ['colcon_meta']
[0.162s] Level 1:colcon.colcon_core.package_identification:_identify(PX4/logs/2025-02-14/flight1) by extension 'colcon_meta'
[0.162s] Level 1:colcon.colcon_core.package_identification:_identify(PX4/logs/2025-02-14/flight1) by extensions ['ros']
[0.162s] Level 1:colcon.colcon_core.package_identification:_identify(PX4/logs/2025-02-14/flight1) by extension 'ros'
[0.162s] Level 1:colcon.colcon_core.package_identification:_identify(PX4/logs/2025-02-14/flight1) by extensions ['cmake', 'python']
[0.162s] Level 1:colcon.colcon_core.package_identification:_identify(PX4/logs/2025-02-14/flight1) by extension 'cmake'
[0.163s] Level 1:colcon.colcon_core.package_identification:_identify(PX4/logs/2025-02-14/flight1) by extension 'python'
[0.163s] Level 1:colcon.colcon_core.package_identification:_identify(PX4/logs/2025-02-14/flight1) by extensions ['python_setup_py']
[0.163s] Level 1:colcon.colcon_core.package_identification:_identify(PX4/logs/2025-02-14/flight1) by extension 'python_setup_py'
[0.163s] Level 1:colcon.colcon_core.package_identification:_identify(PX4/logs/2025-02-16) by extensions ['ignore', 'ignore_ament_install']
[0.163s] Level 1:colcon.colcon_core.package_identification:_identify(PX4/logs/2025-02-16) by extension 'ignore'
[0.163s] Level 1:colcon.colcon_core.package_identification:_identify(PX4/logs/2025-02-16) by extension 'ignore_ament_install'
[0.163s] Level 1:colcon.colcon_core.package_identification:_identify(PX4/logs/2025-02-16) by extensions ['colcon_pkg']
[0.163s] Level 1:colcon.colcon_core.package_identification:_identify(PX4/logs/2025-02-16) by extension 'colcon_pkg'
[0.163s] Level 1:colcon.colcon_core.package_identification:_identify(PX4/logs/2025-02-16) by extensions ['colcon_meta']
[0.163s] Level 1:colcon.colcon_core.package_identification:_identify(PX4/logs/2025-02-16) by extension 'colcon_meta'
[0.163s] Level 1:colcon.colcon_core.package_identification:_identify(PX4/logs/2025-02-16) by extensions ['ros']
[0.163s] Level 1:colcon.colcon_core.package_identification:_identify(PX4/logs/2025-02-16) by extension 'ros'
[0.163s] Level 1:colcon.colcon_core.package_identification:_identify(PX4/logs/2025-02-16) by extensions ['cmake', 'python']
[0.163s] Level 1:colcon.colcon_core.package_identification:_identify(PX4/logs/2025-02-16) by extension 'cmake'
[0.163s] Level 1:colcon.colcon_core.package_identification:_identify(PX4/logs/2025-02-16) by extension 'python'
[0.163s] Level 1:colcon.colcon_core.package_identification:_identify(PX4/logs/2025-02-16) by extensions ['python_setup_py']
[0.163s] Level 1:colcon.colcon_core.package_identification:_identify(PX4/logs/2025-02-16) by extension 'python_setup_py'
[0.163s] Level 1:colcon.colcon_core.package_identification:_identify(PX4/logs/2025-02-16/flight1) by extensions ['ignore', 'ignore_ament_install']
[0.163s] Level 1:colcon.colcon_core.package_identification:_identify(PX4/logs/2025-02-16/flight1) by extension 'ignore'
[0.163s] Level 1:colcon.colcon_core.package_identification:_identify(PX4/logs/2025-02-16/flight1) by extension 'ignore_ament_install'
[0.163s] Level 1:colcon.colcon_core.package_identification:_identify(PX4/logs/2025-02-16/flight1) by extensions ['colcon_pkg']
[0.163s] Level 1:colcon.colcon_core.package_identification:_identify(PX4/logs/2025-02-16/flight1) by extension 'colcon_pkg'
[0.163s] Level 1:colcon.colcon_core.package_identification:_identify(PX4/logs/2025-02-16/flight1) by extensions ['colcon_meta']
[0.163s] Level 1:colcon.colcon_core.package_identification:_identify(PX4/logs/2025-02-16/flight1) by extension 'colcon_meta'
[0.163s] Level 1:colcon.colcon_core.package_identification:_identify(PX4/logs/2025-02-16/flight1) by extensions ['ros']
[0.163s] Level 1:colcon.colcon_core.package_identification:_identify(PX4/logs/2025-02-16/flight1) by extension 'ros'
[0.163s] Level 1:colcon.colcon_core.package_identification:_identify(PX4/logs/2025-02-16/flight1) by extensions ['cmake', 'python']
[0.163s] Level 1:colcon.colcon_core.package_identification:_identify(PX4/logs/2025-02-16/flight1) by extension 'cmake'
[0.163s] Level 1:colcon.colcon_core.package_identification:_identify(PX4/logs/2025-02-16/flight1) by extension 'python'
[0.164s] Level 1:colcon.colcon_core.package_identification:_identify(PX4/logs/2025-02-16/flight1) by extensions ['python_setup_py']
[0.164s] Level 1:colcon.colcon_core.package_identification:_identify(PX4/logs/2025-02-16/flight1) by extension 'python_setup_py'
[0.164s] Level 1:colcon.colcon_core.package_identification:_identify(PX4/logs/2025-02-16/flight2) by extensions ['ignore', 'ignore_ament_install']
[0.164s] Level 1:colcon.colcon_core.package_identification:_identify(PX4/logs/2025-02-16/flight2) by extension 'ignore'
[0.164s] Level 1:colcon.colcon_core.package_identification:_identify(PX4/logs/2025-02-16/flight2) by extension 'ignore_ament_install'
[0.164s] Level 1:colcon.colcon_core.package_identification:_identify(PX4/logs/2025-02-16/flight2) by extensions ['colcon_pkg']
[0.164s] Level 1:colcon.colcon_core.package_identification:_identify(PX4/logs/2025-02-16/flight2) by extension 'colcon_pkg'
[0.164s] Level 1:colcon.colcon_core.package_identification:_identify(PX4/logs/2025-02-16/flight2) by extensions ['colcon_meta']
[0.164s] Level 1:colcon.colcon_core.package_identification:_identify(PX4/logs/2025-02-16/flight2) by extension 'colcon_meta'
[0.164s] Level 1:colcon.colcon_core.package_identification:_identify(PX4/logs/2025-02-16/flight2) by extensions ['ros']
[0.164s] Level 1:colcon.colcon_core.package_identification:_identify(PX4/logs/2025-02-16/flight2) by extension 'ros'
[0.164s] Level 1:colcon.colcon_core.package_identification:_identify(PX4/logs/2025-02-16/flight2) by extensions ['cmake', 'python']
[0.164s] Level 1:colcon.colcon_core.package_identification:_identify(PX4/logs/2025-02-16/flight2) by extension 'cmake'
[0.164s] Level 1:colcon.colcon_core.package_identification:_identify(PX4/logs/2025-02-16/flight2) by extension 'python'
[0.164s] Level 1:colcon.colcon_core.package_identification:_identify(PX4/logs/2025-02-16/flight2) by extensions ['python_setup_py']
[0.164s] Level 1:colcon.colcon_core.package_identification:_identify(PX4/logs/2025-02-16/flight2) by extension 'python_setup_py'
[0.164s] Level 1:colcon.colcon_core.package_identification:_identify(PX4/logs/2025-02-16/flight3) by extensions ['ignore', 'ignore_ament_install']
[0.164s] Level 1:colcon.colcon_core.package_identification:_identify(PX4/logs/2025-02-16/flight3) by extension 'ignore'
[0.164s] Level 1:colcon.colcon_core.package_identification:_identify(PX4/logs/2025-02-16/flight3) by extension 'ignore_ament_install'
[0.164s] Level 1:colcon.colcon_core.package_identification:_identify(PX4/logs/2025-02-16/flight3) by extensions ['colcon_pkg']
[0.164s] Level 1:colcon.colcon_core.package_identification:_identify(PX4/logs/2025-02-16/flight3) by extension 'colcon_pkg'
[0.164s] Level 1:colcon.colcon_core.package_identification:_identify(PX4/logs/2025-02-16/flight3) by extensions ['colcon_meta']
[0.164s] Level 1:colcon.colcon_core.package_identification:_identify(PX4/logs/2025-02-16/flight3) by extension 'colcon_meta'
[0.164s] Level 1:colcon.colcon_core.package_identification:_identify(PX4/logs/2025-02-16/flight3) by extensions ['ros']
[0.164s] Level 1:colcon.colcon_core.package_identification:_identify(PX4/logs/2025-02-16/flight3) by extension 'ros'
[0.164s] Level 1:colcon.colcon_core.package_identification:_identify(PX4/logs/2025-02-16/flight3) by extensions ['cmake', 'python']
[0.164s] Level 1:colcon.colcon_core.package_identification:_identify(PX4/logs/2025-02-16/flight3) by extension 'cmake'
[0.164s] Level 1:colcon.colcon_core.package_identification:_identify(PX4/logs/2025-02-16/flight3) by extension 'python'
[0.165s] Level 1:colcon.colcon_core.package_identification:_identify(PX4/logs/2025-02-16/flight3) by extensions ['python_setup_py']
[0.165s] Level 1:colcon.colcon_core.package_identification:_identify(PX4/logs/2025-02-16/flight3) by extension 'python_setup_py'
[0.165s] Level 1:colcon.colcon_core.package_identification:_identify(PX4/logs/2025-02-16/flight4) by extensions ['ignore', 'ignore_ament_install']
[0.165s] Level 1:colcon.colcon_core.package_identification:_identify(PX4/logs/2025-02-16/flight4) by extension 'ignore'
[0.165s] Level 1:colcon.colcon_core.package_identification:_identify(PX4/logs/2025-02-16/flight4) by extension 'ignore_ament_install'
[0.165s] Level 1:colcon.colcon_core.package_identification:_identify(PX4/logs/2025-02-16/flight4) by extensions ['colcon_pkg']
[0.165s] Level 1:colcon.colcon_core.package_identification:_identify(PX4/logs/2025-02-16/flight4) by extension 'colcon_pkg'
[0.165s] Level 1:colcon.colcon_core.package_identification:_identify(PX4/logs/2025-02-16/flight4) by extensions ['colcon_meta']
[0.165s] Level 1:colcon.colcon_core.package_identification:_identify(PX4/logs/2025-02-16/flight4) by extension 'colcon_meta'
[0.165s] Level 1:colcon.colcon_core.package_identification:_identify(PX4/logs/2025-02-16/flight4) by extensions ['ros']
[0.165s] Level 1:colcon.colcon_core.package_identification:_identify(PX4/logs/2025-02-16/flight4) by extension 'ros'
[0.165s] Level 1:colcon.colcon_core.package_identification:_identify(PX4/logs/2025-02-16/flight4) by extensions ['cmake', 'python']
[0.165s] Level 1:colcon.colcon_core.package_identification:_identify(PX4/logs/2025-02-16/flight4) by extension 'cmake'
[0.165s] Level 1:colcon.colcon_core.package_identification:_identify(PX4/logs/2025-02-16/flight4) by extension 'python'
[0.165s] Level 1:colcon.colcon_core.package_identification:_identify(PX4/logs/2025-02-16/flight4) by extensions ['python_setup_py']
[0.165s] Level 1:colcon.colcon_core.package_identification:_identify(PX4/logs/2025-02-16/flight4) by extension 'python_setup_py'
[0.165s] Level 1:colcon.colcon_core.package_identification:_identify(PX4/logs/2025-02-16/flight5) by extensions ['ignore', 'ignore_ament_install']
[0.165s] Level 1:colcon.colcon_core.package_identification:_identify(PX4/logs/2025-02-16/flight5) by extension 'ignore'
[0.165s] Level 1:colcon.colcon_core.package_identification:_identify(PX4/logs/2025-02-16/flight5) by extension 'ignore_ament_install'
[0.165s] Level 1:colcon.colcon_core.package_identification:_identify(PX4/logs/2025-02-16/flight5) by extensions ['colcon_pkg']
[0.165s] Level 1:colcon.colcon_core.package_identification:_identify(PX4/logs/2025-02-16/flight5) by extension 'colcon_pkg'
[0.165s] Level 1:colcon.colcon_core.package_identification:_identify(PX4/logs/2025-02-16/flight5) by extensions ['colcon_meta']
[0.165s] Level 1:colcon.colcon_core.package_identification:_identify(PX4/logs/2025-02-16/flight5) by extension 'colcon_meta'
[0.165s] Level 1:colcon.colcon_core.package_identification:_identify(PX4/logs/2025-02-16/flight5) by extensions ['ros']
[0.165s] Level 1:colcon.colcon_core.package_identification:_identify(PX4/logs/2025-02-16/flight5) by extension 'ros'
[0.165s] Level 1:colcon.colcon_core.package_identification:_identify(PX4/logs/2025-02-16/flight5) by extensions ['cmake', 'python']
[0.165s] Level 1:colcon.colcon_core.package_identification:_identify(PX4/logs/2025-02-16/flight5) by extension 'cmake'
[0.165s] Level 1:colcon.colcon_core.package_identification:_identify(PX4/logs/2025-02-16/flight5) by extension 'python'
[0.166s] Level 1:colcon.colcon_core.package_identification:_identify(PX4/logs/2025-02-16/flight5) by extensions ['python_setup_py']
[0.166s] Level 1:colcon.colcon_core.package_identification:_identify(PX4/logs/2025-02-16/flight5) by extension 'python_setup_py'
[0.166s] Level 1:colcon.colcon_core.package_identification:_identify(PX4/logs/2025-02-16/flight6) by extensions ['ignore', 'ignore_ament_install']
[0.166s] Level 1:colcon.colcon_core.package_identification:_identify(PX4/logs/2025-02-16/flight6) by extension 'ignore'
[0.166s] Level 1:colcon.colcon_core.package_identification:_identify(PX4/logs/2025-02-16/flight6) by extension 'ignore_ament_install'
[0.166s] Level 1:colcon.colcon_core.package_identification:_identify(PX4/logs/2025-02-16/flight6) by extensions ['colcon_pkg']
[0.166s] Level 1:colcon.colcon_core.package_identification:_identify(PX4/logs/2025-02-16/flight6) by extension 'colcon_pkg'
[0.166s] Level 1:colcon.colcon_core.package_identification:_identify(PX4/logs/2025-02-16/flight6) by extensions ['colcon_meta']
[0.166s] Level 1:colcon.colcon_core.package_identification:_identify(PX4/logs/2025-02-16/flight6) by extension 'colcon_meta'
[0.166s] Level 1:colcon.colcon_core.package_identification:_identify(PX4/logs/2025-02-16/flight6) by extensions ['ros']
[0.166s] Level 1:colcon.colcon_core.package_identification:_identify(PX4/logs/2025-02-16/flight6) by extension 'ros'
[0.166s] Level 1:colcon.colcon_core.package_identification:_identify(PX4/logs/2025-02-16/flight6) by extensions ['cmake', 'python']
[0.166s] Level 1:colcon.colcon_core.package_identification:_identify(PX4/logs/2025-02-16/flight6) by extension 'cmake'
[0.166s] Level 1:colcon.colcon_core.package_identification:_identify(PX4/logs/2025-02-16/flight6) by extension 'python'
[0.166s] Level 1:colcon.colcon_core.package_identification:_identify(PX4/logs/2025-02-16/flight6) by extensions ['python_setup_py']
[0.166s] Level 1:colcon.colcon_core.package_identification:_identify(PX4/logs/2025-02-16/flight6) by extension 'python_setup_py'
[0.166s] Level 1:colcon.colcon_core.package_identification:_identify(PX4/logs/2025-02-16/flight7) by extensions ['ignore', 'ignore_ament_install']
[0.166s] Level 1:colcon.colcon_core.package_identification:_identify(PX4/logs/2025-02-16/flight7) by extension 'ignore'
[0.166s] Level 1:colcon.colcon_core.package_identification:_identify(PX4/logs/2025-02-16/flight7) by extension 'ignore_ament_install'
[0.166s] Level 1:colcon.colcon_core.package_identification:_identify(PX4/logs/2025-02-16/flight7) by extensions ['colcon_pkg']
[0.166s] Level 1:colcon.colcon_core.package_identification:_identify(PX4/logs/2025-02-16/flight7) by extension 'colcon_pkg'
[0.166s] Level 1:colcon.colcon_core.package_identification:_identify(PX4/logs/2025-02-16/flight7) by extensions ['colcon_meta']
[0.166s] Level 1:colcon.colcon_core.package_identification:_identify(PX4/logs/2025-02-16/flight7) by extension 'colcon_meta'
[0.166s] Level 1:colcon.colcon_core.package_identification:_identify(PX4/logs/2025-02-16/flight7) by extensions ['ros']
[0.166s] Level 1:colcon.colcon_core.package_identification:_identify(PX4/logs/2025-02-16/flight7) by extension 'ros'
[0.166s] Level 1:colcon.colcon_core.package_identification:_identify(PX4/logs/2025-02-16/flight7) by extensions ['cmake', 'python']
[0.166s] Level 1:colcon.colcon_core.package_identification:_identify(PX4/logs/2025-02-16/flight7) by extension 'cmake'
[0.166s] Level 1:colcon.colcon_core.package_identification:_identify(PX4/logs/2025-02-16/flight7) by extension 'python'
[0.166s] Level 1:colcon.colcon_core.package_identification:_identify(PX4/logs/2025-02-16/flight7) by extensions ['python_setup_py']
[0.166s] Level 1:colcon.colcon_core.package_identification:_identify(PX4/logs/2025-02-16/flight7) by extension 'python_setup_py'
[0.167s] Level 1:colcon.colcon_core.package_identification:_identify(PX4/logs/2025-02-16/flight8) by extensions ['ignore', 'ignore_ament_install']
[0.167s] Level 1:colcon.colcon_core.package_identification:_identify(PX4/logs/2025-02-16/flight8) by extension 'ignore'
[0.167s] Level 1:colcon.colcon_core.package_identification:_identify(PX4/logs/2025-02-16/flight8) by extension 'ignore_ament_install'
[0.167s] Level 1:colcon.colcon_core.package_identification:_identify(PX4/logs/2025-02-16/flight8) by extensions ['colcon_pkg']
[0.167s] Level 1:colcon.colcon_core.package_identification:_identify(PX4/logs/2025-02-16/flight8) by extension 'colcon_pkg'
[0.167s] Level 1:colcon.colcon_core.package_identification:_identify(PX4/logs/2025-02-16/flight8) by extensions ['colcon_meta']
[0.167s] Level 1:colcon.colcon_core.package_identification:_identify(PX4/logs/2025-02-16/flight8) by extension 'colcon_meta'
[0.167s] Level 1:colcon.colcon_core.package_identification:_identify(PX4/logs/2025-02-16/flight8) by extensions ['ros']
[0.167s] Level 1:colcon.colcon_core.package_identification:_identify(PX4/logs/2025-02-16/flight8) by extension 'ros'
[0.167s] Level 1:colcon.colcon_core.package_identification:_identify(PX4/logs/2025-02-16/flight8) by extensions ['cmake', 'python']
[0.167s] Level 1:colcon.colcon_core.package_identification:_identify(PX4/logs/2025-02-16/flight8) by extension 'cmake'
[0.167s] Level 1:colcon.colcon_core.package_identification:_identify(PX4/logs/2025-02-16/flight8) by extension 'python'
[0.167s] Level 1:colcon.colcon_core.package_identification:_identify(PX4/logs/2025-02-16/flight8) by extensions ['python_setup_py']
[0.167s] Level 1:colcon.colcon_core.package_identification:_identify(PX4/logs/2025-02-16/flight8) by extension 'python_setup_py'
[0.167s] Level 1:colcon.colcon_core.package_identification:_identify(PX4-Autopilot) by extensions ['ignore', 'ignore_ament_install']
[0.167s] Level 1:colcon.colcon_core.package_identification:_identify(PX4-Autopilot) by extension 'ignore'
[0.167s] Level 1:colcon.colcon_core.package_identification:_identify(PX4-Autopilot) by extension 'ignore_ament_install'
[0.167s] Level 1:colcon.colcon_core.package_identification:_identify(PX4-Autopilot) by extensions ['colcon_pkg']
[0.167s] Level 1:colcon.colcon_core.package_identification:_identify(PX4-Autopilot) by extension 'colcon_pkg'
[0.167s] Level 1:colcon.colcon_core.package_identification:_identify(PX4-Autopilot) by extensions ['colcon_meta']
[0.167s] Level 1:colcon.colcon_core.package_identification:_identify(PX4-Autopilot) by extension 'colcon_meta'
[0.167s] Level 1:colcon.colcon_core.package_identification:_identify(PX4-Autopilot) by extensions ['ros']
[0.167s] Level 1:colcon.colcon_core.package_identification:_identify(PX4-Autopilot) by extension 'ros'
[0.170s] DEBUG:colcon.colcon_core.package_identification:Package 'PX4-Autopilot' with type 'ros.ament_cmake' and name 'px4'
[0.170s] Level 1:colcon.colcon_core.package_identification:_identify(build) by extensions ['ignore', 'ignore_ament_install']
[0.170s] Level 1:colcon.colcon_core.package_identification:_identify(build) by extension 'ignore'
[0.170s] Level 1:colcon.colcon_core.package_identification:_identify(build) ignored
[0.170s] Level 1:colcon.colcon_core.package_identification:_identify(digital-twin-creation) by extensions ['ignore', 'ignore_ament_install']
[0.170s] Level 1:colcon.colcon_core.package_identification:_identify(digital-twin-creation) by extension 'ignore'
[0.170s] Level 1:colcon.colcon_core.package_identification:_identify(digital-twin-creation) by extension 'ignore_ament_install'
[0.170s] Level 1:colcon.colcon_core.package_identification:_identify(digital-twin-creation) by extensions ['colcon_pkg']
[0.170s] Level 1:colcon.colcon_core.package_identification:_identify(digital-twin-creation) by extension 'colcon_pkg'
[0.170s] Level 1:colcon.colcon_core.package_identification:_identify(digital-twin-creation) by extensions ['colcon_meta']
[0.170s] Level 1:colcon.colcon_core.package_identification:_identify(digital-twin-creation) by extension 'colcon_meta'
[0.170s] Level 1:colcon.colcon_core.package_identification:_identify(digital-twin-creation) by extensions ['ros']
[0.170s] Level 1:colcon.colcon_core.package_identification:_identify(digital-twin-creation) by extension 'ros'
[0.170s] Level 1:colcon.colcon_core.package_identification:_identify(digital-twin-creation) by extensions ['cmake', 'python']
[0.170s] Level 1:colcon.colcon_core.package_identification:_identify(digital-twin-creation) by extension 'cmake'
[0.170s] Level 1:colcon.colcon_core.package_identification:_identify(digital-twin-creation) by extension 'python'
[0.170s] Level 1:colcon.colcon_core.package_identification:_identify(digital-twin-creation) by extensions ['python_setup_py']
[0.170s] Level 1:colcon.colcon_core.package_identification:_identify(digital-twin-creation) by extension 'python_setup_py'
[0.171s] Level 1:colcon.colcon_core.package_identification:_identify(docs) by extensions ['ignore', 'ignore_ament_install']
[0.171s] Level 1:colcon.colcon_core.package_identification:_identify(docs) by extension 'ignore'
[0.171s] Level 1:colcon.colcon_core.package_identification:_identify(docs) by extension 'ignore_ament_install'
[0.171s] Level 1:colcon.colcon_core.package_identification:_identify(docs) by extensions ['colcon_pkg']
[0.171s] Level 1:colcon.colcon_core.package_identification:_identify(docs) by extension 'colcon_pkg'
[0.171s] Level 1:colcon.colcon_core.package_identification:_identify(docs) by extensions ['colcon_meta']
[0.171s] Level 1:colcon.colcon_core.package_identification:_identify(docs) by extension 'colcon_meta'
[0.171s] Level 1:colcon.colcon_core.package_identification:_identify(docs) by extensions ['ros']
[0.171s] Level 1:colcon.colcon_core.package_identification:_identify(docs) by extension 'ros'
[0.171s] Level 1:colcon.colcon_core.package_identification:_identify(docs) by extensions ['cmake', 'python']
[0.171s] Level 1:colcon.colcon_core.package_identification:_identify(docs) by extension 'cmake'
[0.171s] Level 1:colcon.colcon_core.package_identification:_identify(docs) by extension 'python'
[0.171s] Level 1:colcon.colcon_core.package_identification:_identify(docs) by extensions ['python_setup_py']
[0.171s] Level 1:colcon.colcon_core.package_identification:_identify(docs) by extension 'python_setup_py'
[0.171s] Level 1:colcon.colcon_core.package_identification:_identify(install) by extensions ['ignore', 'ignore_ament_install']
[0.171s] Level 1:colcon.colcon_core.package_identification:_identify(install) by extension 'ignore'
[0.171s] Level 1:colcon.colcon_core.package_identification:_identify(install) ignored
[0.171s] Level 1:colcon.colcon_core.package_identification:_identify(log) by extensions ['ignore', 'ignore_ament_install']
[0.171s] Level 1:colcon.colcon_core.package_identification:_identify(log) by extension 'ignore'
[0.171s] Level 1:colcon.colcon_core.package_identification:_identify(log) ignored
[0.171s] Level 1:colcon.colcon_core.package_identification:_identify(src) by extensions ['ignore', 'ignore_ament_install']
[0.171s] Level 1:colcon.colcon_core.package_identification:_identify(src) by extension 'ignore'
[0.171s] Level 1:colcon.colcon_core.package_identification:_identify(src) by extension 'ignore_ament_install'
[0.171s] Level 1:colcon.colcon_core.package_identification:_identify(src) by extensions ['colcon_pkg']
[0.172s] Level 1:colcon.colcon_core.package_identification:_identify(src) by extension 'colcon_pkg'
[0.172s] Level 1:colcon.colcon_core.package_identification:_identify(src) by extensions ['colcon_meta']
[0.172s] Level 1:colcon.colcon_core.package_identification:_identify(src) by extension 'colcon_meta'
[0.172s] Level 1:colcon.colcon_core.package_identification:_identify(src) by extensions ['ros']
[0.172s] Level 1:colcon.colcon_core.package_identification:_identify(src) by extension 'ros'
[0.172s] Level 1:colcon.colcon_core.package_identification:_identify(src) by extensions ['cmake', 'python']
[0.172s] Level 1:colcon.colcon_core.package_identification:_identify(src) by extension 'cmake'
[0.172s] Level 1:colcon.colcon_core.package_identification:_identify(src) by extension 'python'
[0.172s] Level 1:colcon.colcon_core.package_identification:_identify(src) by extensions ['python_setup_py']
[0.172s] Level 1:colcon.colcon_core.package_identification:_identify(src) by extension 'python_setup_py'
[0.172s] Level 1:colcon.colcon_core.package_identification:_identify(src/PX4) by extensions ['ignore', 'ignore_ament_install']
[0.172s] Level 1:colcon.colcon_core.package_identification:_identify(src/PX4) by extension 'ignore'
[0.172s] Level 1:colcon.colcon_core.package_identification:_identify(src/PX4) by extension 'ignore_ament_install'
[0.172s] Level 1:colcon.colcon_core.package_identification:_identify(src/PX4) by extensions ['colcon_pkg']
[0.172s] Level 1:colcon.colcon_core.package_identification:_identify(src/PX4) by extension 'colcon_pkg'
[0.172s] Level 1:colcon.colcon_core.package_identification:_identify(src/PX4) by extensions ['colcon_meta']
[0.172s] Level 1:colcon.colcon_core.package_identification:_identify(src/PX4) by extension 'colcon_meta'
[0.172s] Level 1:colcon.colcon_core.package_identification:_identify(src/PX4) by extensions ['ros']
[0.172s] Level 1:colcon.colcon_core.package_identification:_identify(src/PX4) by extension 'ros'
[0.172s] Level 1:colcon.colcon_core.package_identification:_identify(src/PX4) by extensions ['cmake', 'python']
[0.172s] Level 1:colcon.colcon_core.package_identification:_identify(src/PX4) by extension 'cmake'
[0.172s] Level 1:colcon.colcon_core.package_identification:_identify(src/PX4) by extension 'python'
[0.172s] Level 1:colcon.colcon_core.package_identification:_identify(src/PX4) by extensions ['python_setup_py']
[0.172s] Level 1:colcon.colcon_core.package_identification:_identify(src/PX4) by extension 'python_setup_py'
[0.172s] Level 1:colcon.colcon_core.package_identification:_identify(src/PX4/logs) by extensions ['ignore', 'ignore_ament_install']
[0.172s] Level 1:colcon.colcon_core.package_identification:_identify(src/PX4/logs) by extension 'ignore'
[0.172s] Level 1:colcon.colcon_core.package_identification:_identify(src/PX4/logs) by extension 'ignore_ament_install'
[0.172s] Level 1:colcon.colcon_core.package_identification:_identify(src/PX4/logs) by extensions ['colcon_pkg']
[0.172s] Level 1:colcon.colcon_core.package_identification:_identify(src/PX4/logs) by extension 'colcon_pkg'
[0.172s] Level 1:colcon.colcon_core.package_identification:_identify(src/PX4/logs) by extensions ['colcon_meta']
[0.172s] Level 1:colcon.colcon_core.package_identification:_identify(src/PX4/logs) by extension 'colcon_meta'
[0.172s] Level 1:colcon.colcon_core.package_identification:_identify(src/PX4/logs) by extensions ['ros']
[0.173s] Level 1:colcon.colcon_core.package_identification:_identify(src/PX4/logs) by extension 'ros'
[0.173s] Level 1:colcon.colcon_core.package_identification:_identify(src/PX4/logs) by extensions ['cmake', 'python']
[0.173s] Level 1:colcon.colcon_core.package_identification:_identify(src/PX4/logs) by extension 'cmake'
[0.173s] Level 1:colcon.colcon_core.package_identification:_identify(src/PX4/logs) by extension 'python'
[0.173s] Level 1:colcon.colcon_core.package_identification:_identify(src/PX4/logs) by extensions ['python_setup_py']
[0.173s] Level 1:colcon.colcon_core.package_identification:_identify(src/PX4/logs) by extension 'python_setup_py'
[0.173s] Level 1:colcon.colcon_core.package_identification:_identify(src/PX4/logs/2025-02-14) by extensions ['ignore', 'ignore_ament_install']
[0.173s] Level 1:colcon.colcon_core.package_identification:_identify(src/PX4/logs/2025-02-14) by extension 'ignore'
[0.173s] Level 1:colcon.colcon_core.package_identification:_identify(src/PX4/logs/2025-02-14) by extension 'ignore_ament_install'
[0.173s] Level 1:colcon.colcon_core.package_identification:_identify(src/PX4/logs/2025-02-14) by extensions ['colcon_pkg']
[0.173s] Level 1:colcon.colcon_core.package_identification:_identify(src/PX4/logs/2025-02-14) by extension 'colcon_pkg'
[0.173s] Level 1:colcon.colcon_core.package_identification:_identify(src/PX4/logs/2025-02-14) by extensions ['colcon_meta']
[0.173s] Level 1:colcon.colcon_core.package_identification:_identify(src/PX4/logs/2025-02-14) by extension 'colcon_meta'
[0.173s] Level 1:colcon.colcon_core.package_identification:_identify(src/PX4/logs/2025-02-14) by extensions ['ros']
[0.173s] Level 1:colcon.colcon_core.package_identification:_identify(src/PX4/logs/2025-02-14) by extension 'ros'
[0.173s] Level 1:colcon.colcon_core.package_identification:_identify(src/PX4/logs/2025-02-14) by extensions ['cmake', 'python']
[0.173s] Level 1:colcon.colcon_core.package_identification:_identify(src/PX4/logs/2025-02-14) by extension 'cmake'
[0.173s] Level 1:colcon.colcon_core.package_identification:_identify(src/PX4/logs/2025-02-14) by extension 'python'
[0.173s] Level 1:colcon.colcon_core.package_identification:_identify(src/PX4/logs/2025-02-14) by extensions ['python_setup_py']
[0.173s] Level 1:colcon.colcon_core.package_identification:_identify(src/PX4/logs/2025-02-14) by extension 'python_setup_py'
[0.173s] Level 1:colcon.colcon_core.package_identification:_identify(src/PX4/logs/2025-02-14/flight1) by extensions ['ignore', 'ignore_ament_install']
[0.173s] Level 1:colcon.colcon_core.package_identification:_identify(src/PX4/logs/2025-02-14/flight1) by extension 'ignore'
[0.173s] Level 1:colcon.colcon_core.package_identification:_identify(src/PX4/logs/2025-02-14/flight1) by extension 'ignore_ament_install'
[0.173s] Level 1:colcon.colcon_core.package_identification:_identify(src/PX4/logs/2025-02-14/flight1) by extensions ['colcon_pkg']
[0.173s] Level 1:colcon.colcon_core.package_identification:_identify(src/PX4/logs/2025-02-14/flight1) by extension 'colcon_pkg'
[0.173s] Level 1:colcon.colcon_core.package_identification:_identify(src/PX4/logs/2025-02-14/flight1) by extensions ['colcon_meta']
[0.173s] Level 1:colcon.colcon_core.package_identification:_identify(src/PX4/logs/2025-02-14/flight1) by extension 'colcon_meta'
[0.173s] Level 1:colcon.colcon_core.package_identification:_identify(src/PX4/logs/2025-02-14/flight1) by extensions ['ros']
[0.173s] Level 1:colcon.colcon_core.package_identification:_identify(src/PX4/logs/2025-02-14/flight1) by extension 'ros'
[0.174s] Level 1:colcon.colcon_core.package_identification:_identify(src/PX4/logs/2025-02-14/flight1) by extensions ['cmake', 'python']
[0.174s] Level 1:colcon.colcon_core.package_identification:_identify(src/PX4/logs/2025-02-14/flight1) by extension 'cmake'
[0.174s] Level 1:colcon.colcon_core.package_identification:_identify(src/PX4/logs/2025-02-14/flight1) by extension 'python'
[0.174s] Level 1:colcon.colcon_core.package_identification:_identify(src/PX4/logs/2025-02-14/flight1) by extensions ['python_setup_py']
[0.174s] Level 1:colcon.colcon_core.package_identification:_identify(src/PX4/logs/2025-02-14/flight1) by extension 'python_setup_py'
[0.174s] Level 1:colcon.colcon_core.package_identification:_identify(src/build) by extensions ['ignore', 'ignore_ament_install']
[0.174s] Level 1:colcon.colcon_core.package_identification:_identify(src/build) by extension 'ignore'
[0.174s] Level 1:colcon.colcon_core.package_identification:_identify(src/build) ignored
[0.174s] Level 1:colcon.colcon_core.package_identification:_identify(src/cybersecurity) by extensions ['ignore', 'ignore_ament_install']
[0.174s] Level 1:colcon.colcon_core.package_identification:_identify(src/cybersecurity) by extension 'ignore'
[0.174s] Level 1:colcon.colcon_core.package_identification:_identify(src/cybersecurity) by extension 'ignore_ament_install'
[0.174s] Level 1:colcon.colcon_core.package_identification:_identify(src/cybersecurity) by extensions ['colcon_pkg']
[0.174s] Level 1:colcon.colcon_core.package_identification:_identify(src/cybersecurity) by extension 'colcon_pkg'
[0.174s] Level 1:colcon.colcon_core.package_identification:_identify(src/cybersecurity) by extensions ['colcon_meta']
[0.174s] Level 1:colcon.colcon_core.package_identification:_identify(src/cybersecurity) by extension 'colcon_meta'
[0.174s] Level 1:colcon.colcon_core.package_identification:_identify(src/cybersecurity) by extensions ['ros']
[0.174s] Level 1:colcon.colcon_core.package_identification:_identify(src/cybersecurity) by extension 'ros'
[0.174s] Level 1:colcon.colcon_core.package_identification:_identify(src/cybersecurity) by extensions ['cmake', 'python']
[0.174s] Level 1:colcon.colcon_core.package_identification:_identify(src/cybersecurity) by extension 'cmake'
[0.174s] Level 1:colcon.colcon_core.package_identification:_identify(src/cybersecurity) by extension 'python'
[0.174s] Level 1:colcon.colcon_core.package_identification:_identify(src/cybersecurity) by extensions ['python_setup_py']
[0.174s] Level 1:colcon.colcon_core.package_identification:_identify(src/cybersecurity) by extension 'python_setup_py'
[0.174s] Level 1:colcon.colcon_core.package_identification:_identify(src/digital_twin) by extensions ['ignore', 'ignore_ament_install']
[0.174s] Level 1:colcon.colcon_core.package_identification:_identify(src/digital_twin) by extension 'ignore'
[0.174s] Level 1:colcon.colcon_core.package_identification:_identify(src/digital_twin) by extension 'ignore_ament_install'
[0.174s] Level 1:colcon.colcon_core.package_identification:_identify(src/digital_twin) by extensions ['colcon_pkg']
[0.174s] Level 1:colcon.colcon_core.package_identification:_identify(src/digital_twin) by extension 'colcon_pkg'
[0.174s] Level 1:colcon.colcon_core.package_identification:_identify(src/digital_twin) by extensions ['colcon_meta']
[0.174s] Level 1:colcon.colcon_core.package_identification:_identify(src/digital_twin) by extension 'colcon_meta'
[0.174s] Level 1:colcon.colcon_core.package_identification:_identify(src/digital_twin) by extensions ['ros']
[0.174s] Level 1:colcon.colcon_core.package_identification:_identify(src/digital_twin) by extension 'ros'
[0.175s] Level 1:colcon.colcon_core.package_identification:_identify(src/digital_twin) by extensions ['cmake', 'python']
[0.175s] Level 1:colcon.colcon_core.package_identification:_identify(src/digital_twin) by extension 'cmake'
[0.175s] Level 1:colcon.colcon_core.package_identification:_identify(src/digital_twin) by extension 'python'
[0.175s] Level 1:colcon.colcon_core.package_identification:_identify(src/digital_twin) by extensions ['python_setup_py']
[0.175s] Level 1:colcon.colcon_core.package_identification:_identify(src/digital_twin) by extension 'python_setup_py'
[0.175s] Level 1:colcon.colcon_core.package_identification:_identify(src/gazebo) by extensions ['ignore', 'ignore_ament_install']
[0.175s] Level 1:colcon.colcon_core.package_identification:_identify(src/gazebo) by extension 'ignore'
[0.175s] Level 1:colcon.colcon_core.package_identification:_identify(src/gazebo) by extension 'ignore_ament_install'
[0.175s] Level 1:colcon.colcon_core.package_identification:_identify(src/gazebo) by extensions ['colcon_pkg']
[0.175s] Level 1:colcon.colcon_core.package_identification:_identify(src/gazebo) by extension 'colcon_pkg'
[0.175s] Level 1:colcon.colcon_core.package_identification:_identify(src/gazebo) by extensions ['colcon_meta']
[0.175s] Level 1:colcon.colcon_core.package_identification:_identify(src/gazebo) by extension 'colcon_meta'
[0.175s] Level 1:colcon.colcon_core.package_identification:_identify(src/gazebo) by extensions ['ros']
[0.175s] Level 1:colcon.colcon_core.package_identification:_identify(src/gazebo) by extension 'ros'
[0.175s] Level 1:colcon.colcon_core.package_identification:_identify(src/gazebo) by extensions ['cmake', 'python']
[0.175s] Level 1:colcon.colcon_core.package_identification:_identify(src/gazebo) by extension 'cmake'
[0.175s] Level 1:colcon.colcon_core.package_identification:_identify(src/gazebo) by extension 'python'
[0.175s] Level 1:colcon.colcon_core.package_identification:_identify(src/gazebo) by extensions ['python_setup_py']
[0.175s] Level 1:colcon.colcon_core.package_identification:_identify(src/gazebo) by extension 'python_setup_py'
[0.175s] Level 1:colcon.colcon_core.package_identification:_identify(src/install) by extensions ['ignore', 'ignore_ament_install']
[0.175s] Level 1:colcon.colcon_core.package_identification:_identify(src/install) by extension 'ignore'
[0.175s] Level 1:colcon.colcon_core.package_identification:_identify(src/install) ignored
[0.175s] Level 1:colcon.colcon_core.package_identification:_identify(src/log) by extensions ['ignore', 'ignore_ament_install']
[0.175s] Level 1:colcon.colcon_core.package_identification:_identify(src/log) by extension 'ignore'
[0.175s] Level 1:colcon.colcon_core.package_identification:_identify(src/log) ignored
[0.175s] Level 1:colcon.colcon_core.package_identification:_identify(src/my_ros2_bridge_package) by extensions ['ignore', 'ignore_ament_install']
[0.175s] Level 1:colcon.colcon_core.package_identification:_identify(src/my_ros2_bridge_package) by extension 'ignore'
[0.176s] Level 1:colcon.colcon_core.package_identification:_identify(src/my_ros2_bridge_package) by extension 'ignore_ament_install'
[0.176s] Level 1:colcon.colcon_core.package_identification:_identify(src/my_ros2_bridge_package) by extensions ['colcon_pkg']
[0.176s] Level 1:colcon.colcon_core.package_identification:_identify(src/my_ros2_bridge_package) by extension 'colcon_pkg'
[0.176s] Level 1:colcon.colcon_core.package_identification:_identify(src/my_ros2_bridge_package) by extensions ['colcon_meta']
[0.176s] Level 1:colcon.colcon_core.package_identification:_identify(src/my_ros2_bridge_package) by extension 'colcon_meta'
[0.176s] Level 1:colcon.colcon_core.package_identification:_identify(src/my_ros2_bridge_package) by extensions ['ros']
[0.176s] Level 1:colcon.colcon_core.package_identification:_identify(src/my_ros2_bridge_package) by extension 'ros'
[0.176s] DEBUG:colcon.colcon_core.package_identification:Package 'src/my_ros2_bridge_package' with type 'ros.ament_python' and name 'my_ros2_bridge_package'
[0.176s] Level 1:colcon.colcon_core.package_identification:_identify(src/x500-Drone-Twin) by extensions ['ignore', 'ignore_ament_install']
[0.176s] Level 1:colcon.colcon_core.package_identification:_identify(src/x500-Drone-Twin) by extension 'ignore'
[0.176s] Level 1:colcon.colcon_core.package_identification:_identify(src/x500-Drone-Twin) by extension 'ignore_ament_install'
[0.177s] Level 1:colcon.colcon_core.package_identification:_identify(src/x500-Drone-Twin) by extensions ['colcon_pkg']
[0.177s] Level 1:colcon.colcon_core.package_identification:_identify(src/x500-Drone-Twin) by extension 'colcon_pkg'
[0.177s] Level 1:colcon.colcon_core.package_identification:_identify(src/x500-Drone-Twin) by extensions ['colcon_meta']
[0.177s] Level 1:colcon.colcon_core.package_identification:_identify(src/x500-Drone-Twin) by extension 'colcon_meta'
[0.177s] Level 1:colcon.colcon_core.package_identification:_identify(src/x500-Drone-Twin) by extensions ['ros']
[0.177s] Level 1:colcon.colcon_core.package_identification:_identify(src/x500-Drone-Twin) by extension 'ros'
[0.177s] Level 1:colcon.colcon_core.package_identification:_identify(src/x500-Drone-Twin) by extensions ['cmake', 'python']
[0.177s] Level 1:colcon.colcon_core.package_identification:_identify(src/x500-Drone-Twin) by extension 'cmake'
[0.177s] Level 1:colcon.colcon_core.package_identification:_identify(src/x500-Drone-Twin) by extension 'python'
[0.177s] Level 1:colcon.colcon_core.package_identification:_identify(src/x500-Drone-Twin) by extensions ['python_setup_py']
[0.177s] Level 1:colcon.colcon_core.package_identification:_identify(src/x500-Drone-Twin) by extension 'python_setup_py'
[0.177s] Level 1:colcon.colcon_core.package_identification:_identify(src/x500-Drone-Twin/x500_drone_description) by extensions ['ignore', 'ignore_ament_install']
[0.177s] Level 1:colcon.colcon_core.package_identification:_identify(src/x500-Drone-Twin/x500_drone_description) by extension 'ignore'
[0.177s] Level 1:colcon.colcon_core.package_identification:_identify(src/x500-Drone-Twin/x500_drone_description) by extension 'ignore_ament_install'
[0.177s] Level 1:colcon.colcon_core.package_identification:_identify(src/x500-Drone-Twin/x500_drone_description) by extensions ['colcon_pkg']
[0.177s] Level 1:colcon.colcon_core.package_identification:_identify(src/x500-Drone-Twin/x500_drone_description) by extension 'colcon_pkg'
[0.177s] Level 1:colcon.colcon_core.package_identification:_identify(src/x500-Drone-Twin/x500_drone_description) by extensions ['colcon_meta']
[0.177s] Level 1:colcon.colcon_core.package_identification:_identify(src/x500-Drone-Twin/x500_drone_description) by extension 'colcon_meta'
[0.177s] Level 1:colcon.colcon_core.package_identification:_identify(src/x500-Drone-Twin/x500_drone_description) by extensions ['ros']
[0.177s] Level 1:colcon.colcon_core.package_identification:_identify(src/x500-Drone-Twin/x500_drone_description) by extension 'ros'
[0.177s] DEBUG:colcon.colcon_core.package_identification:Package 'src/x500-Drone-Twin/x500_drone_description' with type 'ros.ament_cmake' and name 'x500_drone_description'
[0.178s] Level 1:colcon.colcon_core.package_identification:_identify(tests) by extensions ['ignore', 'ignore_ament_install']
[0.178s] Level 1:colcon.colcon_core.package_identification:_identify(tests) by extension 'ignore'
[0.178s] Level 1:colcon.colcon_core.package_identification:_identify(tests) by extension 'ignore_ament_install'
[0.178s] Level 1:colcon.colcon_core.package_identification:_identify(tests) by extensions ['colcon_pkg']
[0.178s] Level 1:colcon.colcon_core.package_identification:_identify(tests) by extension 'colcon_pkg'
[0.178s] Level 1:colcon.colcon_core.package_identification:_identify(tests) by extensions ['colcon_meta']
[0.178s] Level 1:colcon.colcon_core.package_identification:_identify(tests) by extension 'colcon_meta'
[0.178s] Level 1:colcon.colcon_core.package_identification:_identify(tests) by extensions ['ros']
[0.178s] Level 1:colcon.colcon_core.package_identification:_identify(tests) by extension 'ros'
[0.178s] Level 1:colcon.colcon_core.package_identification:_identify(tests) by extensions ['cmake', 'python']
[0.178s] Level 1:colcon.colcon_core.package_identification:_identify(tests) by extension 'cmake'
[0.178s] Level 1:colcon.colcon_core.package_identification:_identify(tests) by extension 'python'
[0.178s] Level 1:colcon.colcon_core.package_identification:_identify(tests) by extensions ['python_setup_py']
[0.178s] Level 1:colcon.colcon_core.package_identification:_identify(tests) by extension 'python_setup_py'
[0.178s] Level 1:colcon.colcon_core.package_identification:_identify(tests/integration_tests) by extensions ['ignore', 'ignore_ament_install']
[0.178s] Level 1:colcon.colcon_core.package_identification:_identify(tests/integration_tests) by extension 'ignore'
[0.178s] Level 1:colcon.colcon_core.package_identification:_identify(tests/integration_tests) by extension 'ignore_ament_install'
[0.178s] Level 1:colcon.colcon_core.package_identification:_identify(tests/integration_tests) by extensions ['colcon_pkg']
[0.178s] Level 1:colcon.colcon_core.package_identification:_identify(tests/integration_tests) by extension 'colcon_pkg'
[0.178s] Level 1:colcon.colcon_core.package_identification:_identify(tests/integration_tests) by extensions ['colcon_meta']
[0.178s] Level 1:colcon.colcon_core.package_identification:_identify(tests/integration_tests) by extension 'colcon_meta'
[0.178s] Level 1:colcon.colcon_core.package_identification:_identify(tests/integration_tests) by extensions ['ros']
[0.178s] Level 1:colcon.colcon_core.package_identification:_identify(tests/integration_tests) by extension 'ros'
[0.178s] Level 1:colcon.colcon_core.package_identification:_identify(tests/integration_tests) by extensions ['cmake', 'python']
[0.178s] Level 1:colcon.colcon_core.package_identification:_identify(tests/integration_tests) by extension 'cmake'
[0.178s] Level 1:colcon.colcon_core.package_identification:_identify(tests/integration_tests) by extension 'python'
[0.178s] Level 1:colcon.colcon_core.package_identification:_identify(tests/integration_tests) by extensions ['python_setup_py']
[0.178s] Level 1:colcon.colcon_core.package_identification:_identify(tests/integration_tests) by extension 'python_setup_py'
[0.178s] Level 1:colcon.colcon_core.package_identification:_identify(tests/unit_tests) by extensions ['ignore', 'ignore_ament_install']
[0.179s] Level 1:colcon.colcon_core.package_identification:_identify(tests/unit_tests) by extension 'ignore'
[0.179s] Level 1:colcon.colcon_core.package_identification:_identify(tests/unit_tests) by extension 'ignore_ament_install'
[0.179s] Level 1:colcon.colcon_core.package_identification:_identify(tests/unit_tests) by extensions ['colcon_pkg']
[0.179s] Level 1:colcon.colcon_core.package_identification:_identify(tests/unit_tests) by extension 'colcon_pkg'
[0.179s] Level 1:colcon.colcon_core.package_identification:_identify(tests/unit_tests) by extensions ['colcon_meta']
[0.179s] Level 1:colcon.colcon_core.package_identification:_identify(tests/unit_tests) by extension 'colcon_meta'
[0.179s] Level 1:colcon.colcon_core.package_identification:_identify(tests/unit_tests) by extensions ['ros']
[0.179s] Level 1:colcon.colcon_core.package_identification:_identify(tests/unit_tests) by extension 'ros'
[0.179s] Level 1:colcon.colcon_core.package_identification:_identify(tests/unit_tests) by extensions ['cmake', 'python']
[0.179s] Level 1:colcon.colcon_core.package_identification:_identify(tests/unit_tests) by extension 'cmake'
[0.179s] Level 1:colcon.colcon_core.package_identification:_identify(tests/unit_tests) by extension 'python'
[0.179s] Level 1:colcon.colcon_core.package_identification:_identify(tests/unit_tests) by extensions ['python_setup_py']
[0.179s] Level 1:colcon.colcon_core.package_identification:_identify(tests/unit_tests) by extension 'python_setup_py'
[0.179s] Level 1:colcon.colcon_core.package_discovery:discover_packages(recursive) using defaults
[0.179s] Level 1:colcon.colcon_core.package_discovery:discover_packages(ignore) discover
[0.179s] Level 1:colcon.colcon_core.package_discovery:discover_packages(ignore) using defaults
[0.179s] Level 1:colcon.colcon_core.package_discovery:discover_packages(path) discover
[0.179s] Level 1:colcon.colcon_core.package_discovery:discover_packages(path) using defaults
[0.196s] INFO:colcon.colcon_metadata.metadata.colcon_pkg:Updating descriptor of package 'Micro-XRCE-DDS-Agent' from colcon.pkg: {'name': 'microxrcedds_agent', 'type': 'cmake', 'dependencies': ['fastcdr', 'fastdds'], 'cmake-args': ['-DUAGENT_ISOLATED_INSTALL=OFF', '-DUAGENT_USE_SYSTEM_FASTCDR=ON', '-DUAGENT_USE_SYSTEM_FASTDDS=ON']}
[0.197s] Level 1:colcon.colcon_core.package_discovery:discover_packages(prefix_path) check parameters
[0.197s] Level 1:colcon.colcon_core.package_discovery:discover_packages(prefix_path) discover
[0.199s] DEBUG:colcon.colcon_installed_package_information.package_discovery:Found 2 installed packages in /home/ajval/px4_ros_com_ros2/install
[0.200s] DEBUG:colcon.colcon_installed_package_information.package_discovery:Found 325 installed packages in /opt/ros/jazzy
[0.201s] Level 1:colcon.colcon_core.package_discovery:discover_packages(prefix_path) using defaults
[0.236s] Level 5:colcon.colcon_core.verb:set package 'microxrcedds_agent' build argument 'cmake_args' from command line to 'None'
[0.236s] Level 5:colcon.colcon_core.verb:overwrite package 'microxrcedds_agent' build argument 'cmake_args' from package metadata with '['-DUAGENT_ISOLATED_INSTALL=OFF', '-DUAGENT_USE_SYSTEM_FASTCDR=ON', '-DUAGENT_USE_SYSTEM_FASTDDS=ON']' (before: 'None')
[0.236s] Level 5:colcon.colcon_core.verb:set package 'microxrcedds_agent' build argument 'cmake_target' from command line to 'None'
[0.236s] Level 5:colcon.colcon_core.verb:set package 'microxrcedds_agent' build argument 'cmake_target_skip_unavailable' from command line to 'False'
[0.236s] Level 5:colcon.colcon_core.verb:set package 'microxrcedds_agent' build argument 'cmake_clean_cache' from command line to 'False'
[0.236s] Level 5:colcon.colcon_core.verb:set package 'microxrcedds_agent' build argument 'cmake_clean_first' from command line to 'False'
[0.236s] Level 5:colcon.colcon_core.verb:set package 'microxrcedds_agent' build argument 'cmake_force_configure' from command line to 'False'
[0.236s] Level 5:colcon.colcon_core.verb:set package 'microxrcedds_agent' build argument 'ament_cmake_args' from command line to 'None'
[0.236s] Level 5:colcon.colcon_core.verb:set package 'microxrcedds_agent' build argument 'catkin_cmake_args' from command line to 'None'
[0.236s] Level 5:colcon.colcon_core.verb:set package 'microxrcedds_agent' build argument 'catkin_skip_building_tests' from command line to 'False'
[0.236s] DEBUG:colcon.colcon_core.verb:Building package 'microxrcedds_agent' with the following arguments: {'ament_cmake_args': None, 'build_base': '/home/ajval/Digital-Twin-Cybersecurity/build/microxrcedds_agent', 'catkin_cmake_args': None, 'catkin_skip_building_tests': False, 'cmake_args': ['-DUAGENT_ISOLATED_INSTALL=OFF', '-DUAGENT_USE_SYSTEM_FASTCDR=ON', '-DUAGENT_USE_SYSTEM_FASTDDS=ON'], 'cmake_clean_cache': False, 'cmake_clean_first': False, 'cmake_force_configure': False, 'cmake_target': None, 'cmake_target_skip_unavailable': False, 'install_base': '/home/ajval/Digital-Twin-Cybersecurity/install/microxrcedds_agent', 'merge_install': False, 'path': '/home/ajval/Digital-Twin-Cybersecurity/Micro-XRCE-DDS-Agent', 'symlink_install': False, 'test_result_base': None}
[0.237s] Level 5:colcon.colcon_core.verb:set package 'my_ros2_bridge_package' build argument 'cmake_args' from command line to 'None'
[0.237s] Level 5:colcon.colcon_core.verb:set package 'my_ros2_bridge_package' build argument 'cmake_target' from command line to 'None'
[0.237s] Level 5:colcon.colcon_core.verb:set package 'my_ros2_bridge_package' build argument 'cmake_target_skip_unavailable' from command line to 'False'
[0.237s] Level 5:colcon.colcon_core.verb:set package 'my_ros2_bridge_package' build argument 'cmake_clean_cache' from command line to 'False'
[0.237s] Level 5:colcon.colcon_core.verb:set package 'my_ros2_bridge_package' build argument 'cmake_clean_first' from command line to 'False'
[0.237s] Level 5:colcon.colcon_core.verb:set package 'my_ros2_bridge_package' build argument 'cmake_force_configure' from command line to 'False'
[0.237s] Level 5:colcon.colcon_core.verb:set package 'my_ros2_bridge_package' build argument 'ament_cmake_args' from command line to 'None'
[0.237s] Level 5:colcon.colcon_core.verb:set package 'my_ros2_bridge_package' build argument 'catkin_cmake_args' from command line to 'None'
[0.237s] Level 5:colcon.colcon_core.verb:set package 'my_ros2_bridge_package' build argument 'catkin_skip_building_tests' from command line to 'False'
[0.237s] DEBUG:colcon.colcon_core.verb:Building package 'my_ros2_bridge_package' with the following arguments: {'ament_cmake_args': None, 'build_base': '/home/ajval/Digital-Twin-Cybersecurity/build/my_ros2_bridge_package', 'catkin_cmake_args': None, 'catkin_skip_building_tests': False, 'cmake_args': None, 'cmake_clean_cache': False, 'cmake_clean_first': False, 'cmake_force_configure': False, 'cmake_target': None, 'cmake_target_skip_unavailable': False, 'install_base': '/home/ajval/Digital-Twin-Cybersecurity/install/my_ros2_bridge_package', 'merge_install': False, 'path': '/home/ajval/Digital-Twin-Cybersecurity/src/my_ros2_bridge_package', 'symlink_install': False, 'test_result_base': None}
[0.237s] Level 5:colcon.colcon_core.verb:set package 'px4' build argument 'cmake_args' from command line to 'None'
[0.237s] Level 5:colcon.colcon_core.verb:set package 'px4' build argument 'cmake_target' from command line to 'None'
[0.237s] Level 5:colcon.colcon_core.verb:set package 'px4' build argument 'cmake_target_skip_unavailable' from command line to 'False'
[0.237s] Level 5:colcon.colcon_core.verb:set package 'px4' build argument 'cmake_clean_cache' from command line to 'False'
[0.237s] Level 5:colcon.colcon_core.verb:set package 'px4' build argument 'cmake_clean_first' from command line to 'False'
[0.237s] Level 5:colcon.colcon_core.verb:set package 'px4' build argument 'cmake_force_configure' from command line to 'False'
[0.237s] Level 5:colcon.colcon_core.verb:set package 'px4' build argument 'ament_cmake_args' from command line to 'None'
[0.237s] Level 5:colcon.colcon_core.verb:set package 'px4' build argument 'catkin_cmake_args' from command line to 'None'
[0.237s] Level 5:colcon.colcon_core.verb:set package 'px4' build argument 'catkin_skip_building_tests' from command line to 'False'
[0.237s] DEBUG:colcon.colcon_core.verb:Building package 'px4' with the following arguments: {'ament_cmake_args': None, 'build_base': '/home/ajval/Digital-Twin-Cybersecurity/build/px4', 'catkin_cmake_args': None, 'catkin_skip_building_tests': False, 'cmake_args': None, 'cmake_clean_cache': False, 'cmake_clean_first': False, 'cmake_force_configure': False, 'cmake_target': None, 'cmake_target_skip_unavailable': False, 'install_base': '/home/ajval/Digital-Twin-Cybersecurity/install/px4', 'merge_install': False, 'path': '/home/ajval/Digital-Twin-Cybersecurity/PX4-Autopilot', 'symlink_install': False, 'test_result_base': None}
[0.237s] Level 5:colcon.colcon_core.verb:set package 'x500_drone_description' build argument 'cmake_args' from command line to 'None'
[0.237s] Level 5:colcon.colcon_core.verb:set package 'x500_drone_description' build argument 'cmake_target' from command line to 'None'
[0.237s] Level 5:colcon.colcon_core.verb:set package 'x500_drone_description' build argument 'cmake_target_skip_unavailable' from command line to 'False'
[0.237s] Level 5:colcon.colcon_core.verb:set package 'x500_drone_description' build argument 'cmake_clean_cache' from command line to 'False'
[0.237s] Level 5:colcon.colcon_core.verb:set package 'x500_drone_description' build argument 'cmake_clean_first' from command line to 'False'
[0.237s] Level 5:colcon.colcon_core.verb:set package 'x500_drone_description' build argument 'cmake_force_configure' from command line to 'False'
[0.237s] Level 5:colcon.colcon_core.verb:set package 'x500_drone_description' build argument 'ament_cmake_args' from command line to 'None'
[0.237s] Level 5:colcon.colcon_core.verb:set package 'x500_drone_description' build argument 'catkin_cmake_args' from command line to 'None'
[0.237s] Level 5:colcon.colcon_core.verb:set package 'x500_drone_description' build argument 'catkin_skip_building_tests' from command line to 'False'
[0.237s] DEBUG:colcon.colcon_core.verb:Building package 'x500_drone_description' with the following arguments: {'ament_cmake_args': None, 'build_base': '/home/ajval/Digital-Twin-Cybersecurity/build/x500_drone_description', 'catkin_cmake_args': None, 'catkin_skip_building_tests': False, 'cmake_args': None, 'cmake_clean_cache': False, 'cmake_clean_first': False, 'cmake_force_configure': False, 'cmake_target': None, 'cmake_target_skip_unavailable': False, 'install_base': '/home/ajval/Digital-Twin-Cybersecurity/install/x500_drone_description', 'merge_install': False, 'path': '/home/ajval/Digital-Twin-Cybersecurity/src/x500-Drone-Twin/x500_drone_description', 'symlink_install': False, 'test_result_base': None}
[0.238s] INFO:colcon.colcon_core.executor:Executing jobs using 'parallel' executor
[0.239s] DEBUG:colcon.colcon_parallel_executor.executor.parallel:run_until_complete
[0.239s] INFO:colcon.colcon_cmake.task.cmake.build:Building CMake package in '/home/ajval/Digital-Twin-Cybersecurity/Micro-XRCE-DDS-Agent'
[0.241s] INFO:colcon.colcon_core.plugin_system:Skipping extension 'colcon_core.shell.bat': Not used on non-Windows systems
[0.241s] INFO:colcon.colcon_core.shell:Skip shell extension 'powershell' for command environment: Not usable outside of PowerShell
[0.241s] DEBUG:colcon.colcon_core.shell:Skip shell extension 'dsv' for command environment
[0.244s] INFO:colcon.colcon_ros.task.ament_python.build:Building ROS package in '/home/ajval/Digital-Twin-Cybersecurity/src/my_ros2_bridge_package' with build type 'ament_python'
[0.244s] Level 1:colcon.colcon_core.shell:create_environment_hook('my_ros2_bridge_package', 'ament_prefix_path')
[0.245s] INFO:colcon.colcon_core.shell:Creating environment hook '/home/ajval/Digital-Twin-Cybersecurity/install/my_ros2_bridge_package/share/my_ros2_bridge_package/hook/ament_prefix_path.ps1'
[0.245s] INFO:colcon.colcon_core.shell:Creating environment descriptor '/home/ajval/Digital-Twin-Cybersecurity/install/my_ros2_bridge_package/share/my_ros2_bridge_package/hook/ament_prefix_path.dsv'
[0.245s] INFO:colcon.colcon_core.shell:Creating environment hook '/home/ajval/Digital-Twin-Cybersecurity/install/my_ros2_bridge_package/share/my_ros2_bridge_package/hook/ament_prefix_path.sh'
[0.246s] INFO:colcon.colcon_core.shell:Skip shell extension 'powershell' for command environment: Not usable outside of PowerShell
[0.246s] DEBUG:colcon.colcon_core.shell:Skip shell extension 'dsv' for command environment
[0.249s] INFO:colcon.colcon_ros.task.ament_cmake.build:Building ROS package in '/home/ajval/Digital-Twin-Cybersecurity/PX4-Autopilot' with build type 'ament_cmake'
[0.249s] INFO:colcon.colcon_cmake.task.cmake.build:Building CMake package in '/home/ajval/Digital-Twin-Cybersecurity/PX4-Autopilot'
[0.249s] INFO:colcon.colcon_core.shell:Skip shell extension 'powershell' for command environment: Not usable outside of PowerShell
[0.249s] DEBUG:colcon.colcon_core.shell:Skip shell extension 'dsv' for command environment
[0.252s] INFO:colcon.colcon_ros.task.ament_cmake.build:Building ROS package in '/home/ajval/Digital-Twin-Cybersecurity/src/x500-Drone-Twin/x500_drone_description' with build type 'ament_cmake'
[0.252s] INFO:colcon.colcon_cmake.task.cmake.build:Building CMake package in '/home/ajval/Digital-Twin-Cybersecurity/src/x500-Drone-Twin/x500_drone_description'
[0.252s] INFO:colcon.colcon_core.shell:Skip shell extension 'powershell' for command environment: Not usable outside of PowerShell
[0.253s] DEBUG:colcon.colcon_core.shell:Skip shell extension 'dsv' for command environment
[0.261s] DEBUG:colcon.colcon_core.event_handler.log_command:Invoking command in '/home/ajval/Digital-Twin-Cybersecurity/build/microxrcedds_agent': DEBUGINFOD_URLS=https://debuginfod.ubuntu.com /usr/bin/cmake --build /home/ajval/Digital-Twin-Cybersecurity/build/microxrcedds_agent -- -j22 -l22
[0.536s] INFO:colcon.colcon_core.task.python.build:Building Python package in '/home/ajval/Digital-Twin-Cybersecurity/src/my_ros2_bridge_package'
[0.536s] INFO:colcon.colcon_core.shell:Skip shell extension 'powershell' for command environment: Not usable outside of PowerShell
[0.536s] DEBUG:colcon.colcon_core.shell:Skip shell extension 'dsv' for command environment
[0.544s] DEBUG:colcon.colcon_core.event_handler.log_command:Invoking command in '/home/ajval/Digital-Twin-Cybersecurity/build/px4': CMAKE_PREFIX_PATH=${CMAKE_PREFIX_PATH}:/opt/ros/jazzy DEBUGINFOD_URLS=https://debuginfod.ubuntu.com /usr/bin/cmake /home/ajval/Digital-Twin-Cybersecurity/PX4-Autopilot -DCMAKE_INSTALL_PREFIX=/home/ajval/Digital-Twin-Cybersecurity/install/px4
[0.558s] DEBUG:colcon.colcon_core.event_handler.log_command:Invoking command in '/home/ajval/Digital-Twin-Cybersecurity/build/x500_drone_description': CMAKE_PREFIX_PATH=${CMAKE_PREFIX_PATH}:/opt/ros/jazzy DEBUGINFOD_URLS=https://debuginfod.ubuntu.com /usr/bin/cmake --build /home/ajval/Digital-Twin-Cybersecurity/build/x500_drone_description -- -j22 -l22
[0.745s] DEBUG:colcon.colcon_core.event_handler.log_command:Invoked command in '/home/ajval/Digital-Twin-Cybersecurity/build/x500_drone_description' returned '0': CMAKE_PREFIX_PATH=${CMAKE_PREFIX_PATH}:/opt/ros/jazzy DEBUGINFOD_URLS=https://debuginfod.ubuntu.com /usr/bin/cmake --build /home/ajval/Digital-Twin-Cybersecurity/build/x500_drone_description -- -j22 -l22
[0.786s] DEBUG:colcon.colcon_core.event_handler.log_command:Invoking command in '/home/ajval/Digital-Twin-Cybersecurity/build/x500_drone_description': CMAKE_PREFIX_PATH=${CMAKE_PREFIX_PATH}:/opt/ros/jazzy DEBUGINFOD_URLS=https://debuginfod.ubuntu.com /usr/bin/cmake --install /home/ajval/Digital-Twin-Cybersecurity/build/x500_drone_description
[0.819s] Level 1:colcon.colcon_core.environment:create_environment_scripts_only(x500_drone_description)
[0.823s] Level 1:colcon.colcon_core.environment:checking '/home/ajval/Digital-Twin-Cybersecurity/install/x500_drone_description' for CMake module files
[0.826s] DEBUG:colcon.colcon_core.event_handler.log_command:Invoked command in '/home/ajval/Digital-Twin-Cybersecurity/build/x500_drone_description' returned '0': CMAKE_PREFIX_PATH=${CMAKE_PREFIX_PATH}:/opt/ros/jazzy DEBUGINFOD_URLS=https://debuginfod.ubuntu.com /usr/bin/cmake --install /home/ajval/Digital-Twin-Cybersecurity/build/x500_drone_description
[0.830s] Level 1:colcon.colcon_core.environment:checking '/home/ajval/Digital-Twin-Cybersecurity/install/x500_drone_description' for CMake config files
[0.831s] Level 1:colcon.colcon_core.shell:create_environment_hook('x500_drone_description', 'cmake_prefix_path')
[0.831s] INFO:colcon.colcon_core.shell:Creating environment hook '/home/ajval/Digital-Twin-Cybersecurity/install/x500_drone_description/share/x500_drone_description/hook/cmake_prefix_path.ps1'
[0.836s] INFO:colcon.colcon_core.shell:Creating environment descriptor '/home/ajval/Digital-Twin-Cybersecurity/install/x500_drone_description/share/x500_drone_description/hook/cmake_prefix_path.dsv'
[0.837s] INFO:colcon.colcon_core.shell:Creating environment hook '/home/ajval/Digital-Twin-Cybersecurity/install/x500_drone_description/share/x500_drone_description/hook/cmake_prefix_path.sh'
[0.838s] Level 1:colcon.colcon_core.environment:checking '/home/ajval/Digital-Twin-Cybersecurity/install/x500_drone_description/bin'
[0.838s] Level 1:colcon.colcon_core.environment:checking '/home/ajval/Digital-Twin-Cybersecurity/install/x500_drone_description/lib/pkgconfig/x500_drone_description.pc'
[0.838s] Level 1:colcon.colcon_core.environment:checking '/home/ajval/Digital-Twin-Cybersecurity/install/x500_drone_description/lib/python3.12/site-packages'
[0.839s] Level 1:colcon.colcon_core.environment:checking '/home/ajval/Digital-Twin-Cybersecurity/install/x500_drone_description/bin'
[0.839s] INFO:colcon.colcon_core.shell:Creating package script '/home/ajval/Digital-Twin-Cybersecurity/install/x500_drone_description/share/x500_drone_description/package.ps1'
[0.842s] INFO:colcon.colcon_core.shell:Creating package descriptor '/home/ajval/Digital-Twin-Cybersecurity/install/x500_drone_description/share/x500_drone_description/package.dsv'
[0.845s] INFO:colcon.colcon_core.shell:Creating package script '/home/ajval/Digital-Twin-Cybersecurity/install/x500_drone_description/share/x500_drone_description/package.sh'
[0.846s] INFO:colcon.colcon_core.shell:Creating package script '/home/ajval/Digital-Twin-Cybersecurity/install/x500_drone_description/share/x500_drone_description/package.bash'
[0.848s] INFO:colcon.colcon_core.shell:Creating package script '/home/ajval/Digital-Twin-Cybersecurity/install/x500_drone_description/share/x500_drone_description/package.zsh'
[0.850s] Level 1:colcon.colcon_core.environment:create_file_with_runtime_dependencies(/home/ajval/Digital-Twin-Cybersecurity/install/x500_drone_description/share/colcon-core/packages/x500_drone_description)
[0.851s] Level 1:colcon.colcon_core.environment:create_environment_scripts_only(x500_drone_description)
[0.851s] Level 1:colcon.colcon_core.environment:checking '/home/ajval/Digital-Twin-Cybersecurity/install/x500_drone_description' for CMake module files
[0.852s] Level 1:colcon.colcon_core.environment:checking '/home/ajval/Digital-Twin-Cybersecurity/install/x500_drone_description' for CMake config files
[0.853s] Level 1:colcon.colcon_core.shell:create_environment_hook('x500_drone_description', 'cmake_prefix_path')
[0.853s] INFO:colcon.colcon_core.shell:Creating environment hook '/home/ajval/Digital-Twin-Cybersecurity/install/x500_drone_description/share/x500_drone_description/hook/cmake_prefix_path.ps1'
[0.858s] INFO:colcon.colcon_core.shell:Creating environment descriptor '/home/ajval/Digital-Twin-Cybersecurity/install/x500_drone_description/share/x500_drone_description/hook/cmake_prefix_path.dsv'
[0.861s] INFO:colcon.colcon_core.shell:Creating environment hook '/home/ajval/Digital-Twin-Cybersecurity/install/x500_drone_description/share/x500_drone_description/hook/cmake_prefix_path.sh'
[0.862s] Level 1:colcon.colcon_core.environment:checking '/home/ajval/Digital-Twin-Cybersecurity/install/x500_drone_description/bin'
[0.862s] Level 1:colcon.colcon_core.environment:checking '/home/ajval/Digital-Twin-Cybersecurity/install/x500_drone_description/lib/pkgconfig/x500_drone_description.pc'
[0.862s] Level 1:colcon.colcon_core.environment:checking '/home/ajval/Digital-Twin-Cybersecurity/install/x500_drone_description/lib/python3.12/site-packages'
[0.863s] Level 1:colcon.colcon_core.environment:checking '/home/ajval/Digital-Twin-Cybersecurity/install/x500_drone_description/bin'
[0.863s] INFO:colcon.colcon_core.shell:Creating package script '/home/ajval/Digital-Twin-Cybersecurity/install/x500_drone_description/share/x500_drone_description/package.ps1'
[0.864s] INFO:colcon.colcon_core.shell:Creating package descriptor '/home/ajval/Digital-Twin-Cybersecurity/install/x500_drone_description/share/x500_drone_description/package.dsv'
[0.869s] INFO:colcon.colcon_core.shell:Creating package script '/home/ajval/Digital-Twin-Cybersecurity/install/x500_drone_description/share/x500_drone_description/package.sh'
[0.870s] INFO:colcon.colcon_core.shell:Creating package script '/home/ajval/Digital-Twin-Cybersecurity/install/x500_drone_description/share/x500_drone_description/package.bash'
[0.870s] INFO:colcon.colcon_core.shell:Creating package script '/home/ajval/Digital-Twin-Cybersecurity/install/x500_drone_description/share/x500_drone_description/package.zsh'
[0.871s] Level 1:colcon.colcon_core.environment:create_file_with_runtime_dependencies(/home/ajval/Digital-Twin-Cybersecurity/install/x500_drone_description/share/colcon-core/packages/x500_drone_description)
[2.145s] DEBUG:colcon.colcon_core.event_handler.log_command:Invoking command in '/home/ajval/Digital-Twin-Cybersecurity/src/my_ros2_bridge_package': DEBUGINFOD_URLS=https://debuginfod.ubuntu.com PYTHONPATH=/home/ajval/Digital-Twin-Cybersecurity/build/my_ros2_bridge_package/prefix_override:/usr/lib/python3/dist-packages/colcon_core/task/python/colcon_distutils_commands:/home/ajval/Digital-Twin-Cybersecurity/install/my_ros2_bridge_package/lib/python3.12/site-packages:${PYTHONPATH} /usr/bin/python3 -W ignore:setup.py install is deprecated -W ignore:easy_install command is deprecated setup.py egg_info --egg-base ../../build/my_ros2_bridge_package build --build-base /home/ajval/Digital-Twin-Cybersecurity/build/my_ros2_bridge_package/build install --record /home/ajval/Digital-Twin-Cybersecurity/build/my_ros2_bridge_package/install.log --single-version-externally-managed install_data
[3.132s] Level 1:colcon.colcon_core.environment:checking '/home/ajval/Digital-Twin-Cybersecurity/install/my_ros2_bridge_package' for CMake module files
[3.132s] Level 1:colcon.colcon_core.environment:checking '/home/ajval/Digital-Twin-Cybersecurity/install/my_ros2_bridge_package' for CMake config files
[3.133s] Level 1:colcon.colcon_core.environment:checking '/home/ajval/Digital-Twin-Cybersecurity/install/my_ros2_bridge_package/lib'
[3.133s] Level 1:colcon.colcon_core.environment:checking '/home/ajval/Digital-Twin-Cybersecurity/install/my_ros2_bridge_package/bin'
[3.134s] Level 1:colcon.colcon_core.environment:checking '/home/ajval/Digital-Twin-Cybersecurity/install/my_ros2_bridge_package/lib/pkgconfig/my_ros2_bridge_package.pc'
[3.134s] Level 1:colcon.colcon_core.environment:checking '/home/ajval/Digital-Twin-Cybersecurity/install/my_ros2_bridge_package/lib/python3.12/site-packages'
[3.134s] DEBUG:colcon.colcon_core.event_handler.log_command:Invoked command in '/home/ajval/Digital-Twin-Cybersecurity/src/my_ros2_bridge_package' returned '0': DEBUGINFOD_URLS=https://debuginfod.ubuntu.com PYTHONPATH=/home/ajval/Digital-Twin-Cybersecurity/build/my_ros2_bridge_package/prefix_override:/usr/lib/python3/dist-packages/colcon_core/task/python/colcon_distutils_commands:/home/ajval/Digital-Twin-Cybersecurity/install/my_ros2_bridge_package/lib/python3.12/site-packages:${PYTHONPATH} /usr/bin/python3 -W ignore:setup.py install is deprecated -W ignore:easy_install command is deprecated setup.py egg_info --egg-base ../../build/my_ros2_bridge_package build --build-base /home/ajval/Digital-Twin-Cybersecurity/build/my_ros2_bridge_package/build install --record /home/ajval/Digital-Twin-Cybersecurity/build/my_ros2_bridge_package/install.log --single-version-externally-managed install_data
[3.137s] Level 1:colcon.colcon_core.shell:create_environment_hook('my_ros2_bridge_package', 'pythonpath')
[3.137s] INFO:colcon.colcon_core.shell:Creating environment hook '/home/ajval/Digital-Twin-Cybersecurity/install/my_ros2_bridge_package/share/my_ros2_bridge_package/hook/pythonpath.ps1'
[3.138s] INFO:colcon.colcon_core.shell:Creating environment descriptor '/home/ajval/Digital-Twin-Cybersecurity/install/my_ros2_bridge_package/share/my_ros2_bridge_package/hook/pythonpath.dsv'
[3.138s] INFO:colcon.colcon_core.shell:Creating environment hook '/home/ajval/Digital-Twin-Cybersecurity/install/my_ros2_bridge_package/share/my_ros2_bridge_package/hook/pythonpath.sh'
[3.139s] Level 1:colcon.colcon_core.environment:checking '/home/ajval/Digital-Twin-Cybersecurity/install/my_ros2_bridge_package/bin'
[3.139s] Level 1:colcon.colcon_core.environment:create_environment_scripts_only(my_ros2_bridge_package)
[3.140s] INFO:colcon.colcon_core.shell:Creating package script '/home/ajval/Digital-Twin-Cybersecurity/install/my_ros2_bridge_package/share/my_ros2_bridge_package/package.ps1'
[3.140s] INFO:colcon.colcon_core.shell:Creating package descriptor '/home/ajval/Digital-Twin-Cybersecurity/install/my_ros2_bridge_package/share/my_ros2_bridge_package/package.dsv'
[3.147s] INFO:colcon.colcon_core.shell:Creating package script '/home/ajval/Digital-Twin-Cybersecurity/install/my_ros2_bridge_package/share/my_ros2_bridge_package/package.sh'
[3.148s] INFO:colcon.colcon_core.shell:Creating package script '/home/ajval/Digital-Twin-Cybersecurity/install/my_ros2_bridge_package/share/my_ros2_bridge_package/package.bash'
[3.148s] INFO:colcon.colcon_core.shell:Creating package script '/home/ajval/Digital-Twin-Cybersecurity/install/my_ros2_bridge_package/share/my_ros2_bridge_package/package.zsh'
[3.149s] Level 1:colcon.colcon_core.environment:create_file_with_runtime_dependencies(/home/ajval/Digital-Twin-Cybersecurity/install/my_ros2_bridge_package/share/colcon-core/packages/my_ros2_bridge_package)
[14.288s] DEBUG:colcon.colcon_core.event_handler.log_command:Invoked command in '/home/ajval/Digital-Twin-Cybersecurity/build/px4' returned '0': CMAKE_PREFIX_PATH=${CMAKE_PREFIX_PATH}:/opt/ros/jazzy DEBUGINFOD_URLS=https://debuginfod.ubuntu.com /usr/bin/cmake /home/ajval/Digital-Twin-Cybersecurity/PX4-Autopilot -DCMAKE_INSTALL_PREFIX=/home/ajval/Digital-Twin-Cybersecurity/install/px4
[14.289s] DEBUG:colcon.colcon_core.event_handler.log_command:Invoking command in '/home/ajval/Digital-Twin-Cybersecurity/build/px4': CMAKE_PREFIX_PATH=${CMAKE_PREFIX_PATH}:/opt/ros/jazzy DEBUGINFOD_URLS=https://debuginfod.ubuntu.com /usr/bin/cmake --build /home/ajval/Digital-Twin-Cybersecurity/build/px4 -- -j22 -l22
[15.786s] DEBUG:colcon.colcon_core.event_handler.log_command:Invoked command in '/home/ajval/Digital-Twin-Cybersecurity/build/microxrcedds_agent' returned '0': DEBUGINFOD_URLS=https://debuginfod.ubuntu.com /usr/bin/cmake --build /home/ajval/Digital-Twin-Cybersecurity/build/microxrcedds_agent -- -j22 -l22
[15.788s] DEBUG:colcon.colcon_core.event_handler.log_command:Invoking command in '/home/ajval/Digital-Twin-Cybersecurity/build/microxrcedds_agent': DEBUGINFOD_URLS=https://debuginfod.ubuntu.com /usr/bin/cmake --install /home/ajval/Digital-Twin-Cybersecurity/build/microxrcedds_agent
[15.814s] Level 1:colcon.colcon_core.environment:create_environment_scripts_only(microxrcedds_agent)
[15.814s] Level 1:colcon.colcon_core.environment:checking '/home/ajval/Digital-Twin-Cybersecurity/install/microxrcedds_agent' for CMake module files
[15.815s] DEBUG:colcon.colcon_core.event_handler.log_command:Invoked command in '/home/ajval/Digital-Twin-Cybersecurity/build/microxrcedds_agent' returned '0': DEBUGINFOD_URLS=https://debuginfod.ubuntu.com /usr/bin/cmake --install /home/ajval/Digital-Twin-Cybersecurity/build/microxrcedds_agent
[15.815s] Level 1:colcon.colcon_core.environment:checking '/home/ajval/Digital-Twin-Cybersecurity/install/microxrcedds_agent' for CMake config files
[15.815s] Level 1:colcon.colcon_core.shell:create_environment_hook('microxrcedds_agent', 'cmake_prefix_path')
[15.816s] INFO:colcon.colcon_core.shell:Creating environment hook '/home/ajval/Digital-Twin-Cybersecurity/install/microxrcedds_agent/share/microxrcedds_agent/hook/cmake_prefix_path.ps1'
[15.816s] INFO:colcon.colcon_core.shell:Creating environment descriptor '/home/ajval/Digital-Twin-Cybersecurity/install/microxrcedds_agent/share/microxrcedds_agent/hook/cmake_prefix_path.dsv'
[15.817s] INFO:colcon.colcon_core.shell:Creating environment hook '/home/ajval/Digital-Twin-Cybersecurity/install/microxrcedds_agent/share/microxrcedds_agent/hook/cmake_prefix_path.sh'
[15.818s] Level 1:colcon.colcon_core.environment:checking '/home/ajval/Digital-Twin-Cybersecurity/install/microxrcedds_agent/lib'
[15.818s] Level 1:colcon.colcon_core.shell:create_environment_hook('microxrcedds_agent', 'ld_library_path_lib')
[15.818s] INFO:colcon.colcon_core.shell:Creating environment hook '/home/ajval/Digital-Twin-Cybersecurity/install/microxrcedds_agent/share/microxrcedds_agent/hook/ld_library_path_lib.ps1'
[15.818s] INFO:colcon.colcon_core.shell:Creating environment descriptor '/home/ajval/Digital-Twin-Cybersecurity/install/microxrcedds_agent/share/microxrcedds_agent/hook/ld_library_path_lib.dsv'
[15.819s] INFO:colcon.colcon_core.shell:Creating environment hook '/home/ajval/Digital-Twin-Cybersecurity/install/microxrcedds_agent/share/microxrcedds_agent/hook/ld_library_path_lib.sh'
[15.819s] Level 1:colcon.colcon_core.environment:checking '/home/ajval/Digital-Twin-Cybersecurity/install/microxrcedds_agent/bin'
[15.819s] Level 1:colcon.colcon_core.shell:create_environment_hook('microxrcedds_agent', 'path')
[15.820s] INFO:colcon.colcon_core.shell:Creating environment hook '/home/ajval/Digital-Twin-Cybersecurity/install/microxrcedds_agent/share/microxrcedds_agent/hook/path.ps1'
[15.820s] INFO:colcon.colcon_core.shell:Creating environment descriptor '/home/ajval/Digital-Twin-Cybersecurity/install/microxrcedds_agent/share/microxrcedds_agent/hook/path.dsv'
[15.820s] INFO:colcon.colcon_core.shell:Creating environment hook '/home/ajval/Digital-Twin-Cybersecurity/install/microxrcedds_agent/share/microxrcedds_agent/hook/path.sh'
[15.821s] Level 1:colcon.colcon_core.environment:checking '/home/ajval/Digital-Twin-Cybersecurity/install/microxrcedds_agent/lib/pkgconfig/microxrcedds_agent.pc'
[15.821s] Level 1:colcon.colcon_core.environment:checking '/home/ajval/Digital-Twin-Cybersecurity/install/microxrcedds_agent/lib/python3.12/site-packages'
[15.821s] Level 1:colcon.colcon_core.environment:checking '/home/ajval/Digital-Twin-Cybersecurity/install/microxrcedds_agent/bin'
[15.821s] Level 1:colcon.colcon_core.shell:create_environment_hook('microxrcedds_agent', 'pythonscriptspath')
[15.822s] INFO:colcon.colcon_core.shell:Creating environment hook '/home/ajval/Digital-Twin-Cybersecurity/install/microxrcedds_agent/share/microxrcedds_agent/hook/pythonscriptspath.ps1'
[15.822s] INFO:colcon.colcon_core.shell:Creating environment descriptor '/home/ajval/Digital-Twin-Cybersecurity/install/microxrcedds_agent/share/microxrcedds_agent/hook/pythonscriptspath.dsv'
[15.822s] INFO:colcon.colcon_core.shell:Creating environment hook '/home/ajval/Digital-Twin-Cybersecurity/install/microxrcedds_agent/share/microxrcedds_agent/hook/pythonscriptspath.sh'
[15.823s] INFO:colcon.colcon_core.shell:Creating package script '/home/ajval/Digital-Twin-Cybersecurity/install/microxrcedds_agent/share/microxrcedds_agent/package.ps1'
[15.824s] INFO:colcon.colcon_core.shell:Creating package descriptor '/home/ajval/Digital-Twin-Cybersecurity/install/microxrcedds_agent/share/microxrcedds_agent/package.dsv'
[15.824s] INFO:colcon.colcon_core.shell:Creating package script '/home/ajval/Digital-Twin-Cybersecurity/install/microxrcedds_agent/share/microxrcedds_agent/package.sh'
[15.825s] INFO:colcon.colcon_core.shell:Creating package script '/home/ajval/Digital-Twin-Cybersecurity/install/microxrcedds_agent/share/microxrcedds_agent/package.bash'
[15.825s] INFO:colcon.colcon_core.shell:Creating package script '/home/ajval/Digital-Twin-Cybersecurity/install/microxrcedds_agent/share/microxrcedds_agent/package.zsh'
[15.825s] Level 1:colcon.colcon_core.environment:create_file_with_runtime_dependencies(/home/ajval/Digital-Twin-Cybersecurity/install/microxrcedds_agent/share/colcon-core/packages/microxrcedds_agent)
[175.178s] DEBUG:colcon.colcon_core.event_handler.log_command:Invoked command in '/home/ajval/Digital-Twin-Cybersecurity/build/px4' returned '0': CMAKE_PREFIX_PATH=${CMAKE_PREFIX_PATH}:/opt/ros/jazzy DEBUGINFOD_URLS=https://debuginfod.ubuntu.com /usr/bin/cmake --build /home/ajval/Digital-Twin-Cybersecurity/build/px4 -- -j22 -l22
[175.183s] DEBUG:colcon.colcon_core.event_handler.log_command:Invoking command in '/home/ajval/Digital-Twin-Cybersecurity/build/px4': CMAKE_PREFIX_PATH=${CMAKE_PREFIX_PATH}:/opt/ros/jazzy DEBUGINFOD_URLS=https://debuginfod.ubuntu.com /usr/bin/cmake --install /home/ajval/Digital-Twin-Cybersecurity/build/px4
[176.337s] Level 1:colcon.colcon_core.environment:create_environment_scripts_only(px4)
[176.338s] Level 1:colcon.colcon_core.environment:checking '/home/ajval/Digital-Twin-Cybersecurity/install/px4' for CMake module files
[176.339s] DEBUG:colcon.colcon_core.event_handler.log_command:Invoked command in '/home/ajval/Digital-Twin-Cybersecurity/build/px4' returned '0': CMAKE_PREFIX_PATH=${CMAKE_PREFIX_PATH}:/opt/ros/jazzy DEBUGINFOD_URLS=https://debuginfod.ubuntu.com /usr/bin/cmake --install /home/ajval/Digital-Twin-Cybersecurity/build/px4
[176.340s] Level 1:colcon.colcon_core.environment:checking '/home/ajval/Digital-Twin-Cybersecurity/install/px4' for CMake config files
[176.341s] Level 1:colcon.colcon_core.shell:create_environment_hook('px4', 'cmake_prefix_path')
[176.341s] INFO:colcon.colcon_core.shell:Creating environment hook '/home/ajval/Digital-Twin-Cybersecurity/install/px4/share/px4/hook/cmake_prefix_path.ps1'
[176.343s] INFO:colcon.colcon_core.shell:Creating environment descriptor '/home/ajval/Digital-Twin-Cybersecurity/install/px4/share/px4/hook/cmake_prefix_path.dsv'
[176.343s] INFO:colcon.colcon_core.shell:Creating environment hook '/home/ajval/Digital-Twin-Cybersecurity/install/px4/share/px4/hook/cmake_prefix_path.sh'
[176.344s] Level 1:colcon.colcon_core.environment:checking '/home/ajval/Digital-Twin-Cybersecurity/install/px4/lib'
[176.344s] Level 1:colcon.colcon_core.shell:create_environment_hook('px4', 'ld_library_path_lib')
[176.344s] INFO:colcon.colcon_core.shell:Creating environment hook '/home/ajval/Digital-Twin-Cybersecurity/install/px4/share/px4/hook/ld_library_path_lib.ps1'
[176.345s] INFO:colcon.colcon_core.shell:Creating environment descriptor '/home/ajval/Digital-Twin-Cybersecurity/install/px4/share/px4/hook/ld_library_path_lib.dsv'
[176.345s] INFO:colcon.colcon_core.shell:Creating environment hook '/home/ajval/Digital-Twin-Cybersecurity/install/px4/share/px4/hook/ld_library_path_lib.sh'
[176.346s] Level 1:colcon.colcon_core.environment:checking '/home/ajval/Digital-Twin-Cybersecurity/install/px4/bin'
[176.346s] Level 1:colcon.colcon_core.environment:checking '/home/ajval/Digital-Twin-Cybersecurity/install/px4/lib/pkgconfig/px4.pc'
[176.346s] Level 1:colcon.colcon_core.environment:checking '/home/ajval/Digital-Twin-Cybersecurity/install/px4/lib/python3.12/site-packages'
[176.346s] Level 1:colcon.colcon_core.shell:create_environment_hook('px4', 'pythonpath')
[176.346s] INFO:colcon.colcon_core.shell:Creating environment hook '/home/ajval/Digital-Twin-Cybersecurity/install/px4/share/px4/hook/pythonpath.ps1'
[176.347s] INFO:colcon.colcon_core.shell:Creating environment descriptor '/home/ajval/Digital-Twin-Cybersecurity/install/px4/share/px4/hook/pythonpath.dsv'
[176.347s] INFO:colcon.colcon_core.shell:Creating environment hook '/home/ajval/Digital-Twin-Cybersecurity/install/px4/share/px4/hook/pythonpath.sh'
[176.348s] Level 1:colcon.colcon_core.environment:checking '/home/ajval/Digital-Twin-Cybersecurity/install/px4/bin'
[176.348s] INFO:colcon.colcon_core.shell:Creating package script '/home/ajval/Digital-Twin-Cybersecurity/install/px4/share/px4/package.ps1'
[176.349s] INFO:colcon.colcon_core.shell:Creating package descriptor '/home/ajval/Digital-Twin-Cybersecurity/install/px4/share/px4/package.dsv'
[176.349s] INFO:colcon.colcon_core.shell:Creating package script '/home/ajval/Digital-Twin-Cybersecurity/install/px4/share/px4/package.sh'
[176.350s] INFO:colcon.colcon_core.shell:Creating package script '/home/ajval/Digital-Twin-Cybersecurity/install/px4/share/px4/package.bash'
[176.350s] INFO:colcon.colcon_core.shell:Creating package script '/home/ajval/Digital-Twin-Cybersecurity/install/px4/share/px4/package.zsh'
[176.350s] Level 1:colcon.colcon_core.environment:create_file_with_runtime_dependencies(/home/ajval/Digital-Twin-Cybersecurity/install/px4/share/colcon-core/packages/px4)
[176.352s] Level 1:colcon.colcon_core.environment:create_environment_scripts_only(px4)
[176.352s] Level 1:colcon.colcon_core.environment:checking '/home/ajval/Digital-Twin-Cybersecurity/install/px4' for CMake module files
[176.353s] Level 1:colcon.colcon_core.environment:checking '/home/ajval/Digital-Twin-Cybersecurity/install/px4' for CMake config files
[176.353s] Level 1:colcon.colcon_core.shell:create_environment_hook('px4', 'cmake_prefix_path')
[176.353s] INFO:colcon.colcon_core.shell:Creating environment hook '/home/ajval/Digital-Twin-Cybersecurity/install/px4/share/px4/hook/cmake_prefix_path.ps1'
[176.353s] INFO:colcon.colcon_core.shell:Creating environment descriptor '/home/ajval/Digital-Twin-Cybersecurity/install/px4/share/px4/hook/cmake_prefix_path.dsv'
[176.354s] INFO:colcon.colcon_core.shell:Creating environment hook '/home/ajval/Digital-Twin-Cybersecurity/install/px4/share/px4/hook/cmake_prefix_path.sh'
[176.354s] Level 1:colcon.colcon_core.environment:checking '/home/ajval/Digital-Twin-Cybersecurity/install/px4/lib'
[176.354s] Level 1:colcon.colcon_core.shell:create_environment_hook('px4', 'ld_library_path_lib')
[176.355s] INFO:colcon.colcon_core.shell:Creating environment hook '/home/ajval/Digital-Twin-Cybersecurity/install/px4/share/px4/hook/ld_library_path_lib.ps1'
[176.355s] INFO:colcon.colcon_core.shell:Creating environment descriptor '/home/ajval/Digital-Twin-Cybersecurity/install/px4/share/px4/hook/ld_library_path_lib.dsv'
[176.355s] INFO:colcon.colcon_core.shell:Creating environment hook '/home/ajval/Digital-Twin-Cybersecurity/install/px4/share/px4/hook/ld_library_path_lib.sh'
[176.356s] Level 1:colcon.colcon_core.environment:checking '/home/ajval/Digital-Twin-Cybersecurity/install/px4/bin'
[176.356s] Level 1:colcon.colcon_core.environment:checking '/home/ajval/Digital-Twin-Cybersecurity/install/px4/lib/pkgconfig/px4.pc'
[176.356s] Level 1:colcon.colcon_core.environment:checking '/home/ajval/Digital-Twin-Cybersecurity/install/px4/lib/python3.12/site-packages'
[176.356s] Level 1:colcon.colcon_core.shell:create_environment_hook('px4', 'pythonpath')
[176.356s] INFO:colcon.colcon_core.shell:Creating environment hook '/home/ajval/Digital-Twin-Cybersecurity/install/px4/share/px4/hook/pythonpath.ps1'
[176.357s] INFO:colcon.colcon_core.shell:Creating environment descriptor '/home/ajval/Digital-Twin-Cybersecurity/install/px4/share/px4/hook/pythonpath.dsv'
[176.357s] INFO:colcon.colcon_core.shell:Creating environment hook '/home/ajval/Digital-Twin-Cybersecurity/install/px4/share/px4/hook/pythonpath.sh'
[176.358s] Level 1:colcon.colcon_core.environment:checking '/home/ajval/Digital-Twin-Cybersecurity/install/px4/bin'
[176.358s] INFO:colcon.colcon_core.shell:Creating package script '/home/ajval/Digital-Twin-Cybersecurity/install/px4/share/px4/package.ps1'
[176.359s] INFO:colcon.colcon_core.shell:Creating package descriptor '/home/ajval/Digital-Twin-Cybersecurity/install/px4/share/px4/package.dsv'
[176.359s] INFO:colcon.colcon_core.shell:Creating package script '/home/ajval/Digital-Twin-Cybersecurity/install/px4/share/px4/package.sh'
[176.360s] INFO:colcon.colcon_core.shell:Creating package script '/home/ajval/Digital-Twin-Cybersecurity/install/px4/share/px4/package.bash'
[176.360s] INFO:colcon.colcon_core.shell:Creating package script '/home/ajval/Digital-Twin-Cybersecurity/install/px4/share/px4/package.zsh'
[176.361s] Level 1:colcon.colcon_core.environment:create_file_with_runtime_dependencies(/home/ajval/Digital-Twin-Cybersecurity/install/px4/share/colcon-core/packages/px4)
[176.361s] DEBUG:colcon.colcon_parallel_executor.executor.parallel:closing loop
[176.362s] DEBUG:colcon.colcon_parallel_executor.executor.parallel:loop closed
[176.362s] DEBUG:colcon.colcon_parallel_executor.executor.parallel:run_until_complete finished with '0'
[176.362s] DEBUG:colcon.colcon_core.event_reactor:joining thread
[176.391s] INFO:colcon.colcon_core.plugin_system:Skipping extension 'colcon_notification.desktop_notification.terminal_notifier': Not used on non-Darwin systems
[176.392s] INFO:colcon.colcon_core.plugin_system:Skipping extension 'colcon_notification.desktop_notification.win32': Not used on non-Windows systems
[176.392s] INFO:colcon.colcon_notification.desktop_notification:Sending desktop notification using 'notify2'
[176.411s] DEBUG:colcon.colcon_core.event_reactor:joined thread
[176.411s] INFO:colcon.colcon_core.shell:Creating prefix script '/home/ajval/Digital-Twin-Cybersecurity/install/local_setup.ps1'
[176.412s] INFO:colcon.colcon_core.shell:Creating prefix util module '/home/ajval/Digital-Twin-Cybersecurity/install/_local_setup_util_ps1.py'
[176.413s] INFO:colcon.colcon_core.shell:Creating prefix chain script '/home/ajval/Digital-Twin-Cybersecurity/install/setup.ps1'
[176.415s] INFO:colcon.colcon_core.shell:Creating prefix script '/home/ajval/Digital-Twin-Cybersecurity/install/local_setup.sh'
[176.415s] INFO:colcon.colcon_core.shell:Creating prefix util module '/home/ajval/Digital-Twin-Cybersecurity/install/_local_setup_util_sh.py'
[176.416s] INFO:colcon.colcon_core.shell:Creating prefix chain script '/home/ajval/Digital-Twin-Cybersecurity/install/setup.sh'
[176.417s] INFO:colcon.colcon_core.shell:Creating prefix script '/home/ajval/Digital-Twin-Cybersecurity/install/local_setup.bash'
[176.418s] INFO:colcon.colcon_core.shell:Creating prefix chain script '/home/ajval/Digital-Twin-Cybersecurity/install/setup.bash'
[176.419s] INFO:colcon.colcon_core.shell:Creating prefix script '/home/ajval/Digital-Twin-Cybersecurity/install/local_setup.zsh'
[176.420s] INFO:colcon.colcon_core.shell:Creating prefix chain script '/home/ajval/Digital-Twin-Cybersecurity/install/setup.zsh'
