[0.060s] DEBUG:colcon:Command line arguments: ['/usr/bin/colcon', 'build']
[0.060s] DEBUG:colcon:Parsed command line arguments: Namespace(log_base=None, log_level=None, verb_name='build', build_base='build', install_base='install', merge_install=False, symlink_install=False, test_result_base=None, continue_on_error=False, executor='parallel', parallel_workers=22, event_handlers=None, ignore_user_meta=False, metas=['./colcon.meta'], base_paths=['.'], packages_ignore=None, packages_ignore_regex=None, paths=None, packages_up_to=None, packages_up_to_regex=None, packages_above=None, packages_above_and_dependencies=None, packages_above_depth=None, packages_select_by_dep=None, packages_skip_by_dep=None, packages_skip_up_to=None, packages_select_build_failed=False, packages_skip_build_finished=False, packages_select_test_failures=False, packages_skip_test_passed=False, packages_select=None, packages_skip=None, packages_select_regex=None, packages_skip_regex=None, packages_start=None, packages_end=None, allow_overriding=[], cmake_args=None, cmake_target=None, cmake_target_skip_unavailable=False, cmake_clean_cache=False, cmake_clean_first=False, cmake_force_configure=False, ament_cmake_args=None, catkin_cmake_args=None, catkin_skip_building_tests=False, mixin_files=None, mixin=None, verb_parser=<colcon_mixin.mixin.mixin_argument.MixinArgumentDecorator object at 0x7dda6a9a9e50>, verb_extension=<colcon_core.verb.build.BuildVerb object at 0x7dda6b0322d0>, main=<bound method BuildVerb.main of <colcon_core.verb.build.BuildVerb object at 0x7dda6b0322d0>>, mixin_verb=('build',))
[0.081s] Level 1:colcon.colcon_core.package_discovery:discover_packages(colcon_meta) check parameters
[0.081s] Level 1:colcon.colcon_core.package_discovery:discover_packages(recursive) check parameters
[0.081s] Level 1:colcon.colcon_core.package_discovery:discover_packages(ignore) check parameters
[0.081s] Level 1:colcon.colcon_core.package_discovery:discover_packages(path) check parameters
[0.081s] Level 1:colcon.colcon_core.package_discovery:discover_packages(colcon_meta) discover
[0.081s] Level 1:colcon.colcon_core.package_discovery:discover_packages(recursive) discover
[0.081s] INFO:colcon.colcon_core.package_discovery:Crawling recursively for packages in '/home/ajval/Digital-Twin-Cybersecurity/x500_physical_model'
[0.081s] Level 1:colcon.colcon_core.package_identification:_identify(.) by extensions ['ignore', 'ignore_ament_install']
[0.081s] Level 1:colcon.colcon_core.package_identification:_identify(.) by extension 'ignore'
[0.081s] Level 1:colcon.colcon_core.package_identification:_identify(.) by extension 'ignore_ament_install'
[0.081s] Level 1:colcon.colcon_core.package_identification:_identify(.) by extensions ['colcon_pkg']
[0.081s] Level 1:colcon.colcon_core.package_identification:_identify(.) by extension 'colcon_pkg'
[0.081s] Level 1:colcon.colcon_core.package_identification:_identify(.) by extensions ['colcon_meta']
[0.081s] Level 1:colcon.colcon_core.package_identification:_identify(.) by extension 'colcon_meta'
[0.081s] Level 1:colcon.colcon_core.package_identification:_identify(.) by extensions ['ros']
[0.081s] Level 1:colcon.colcon_core.package_identification:_identify(.) by extension 'ros'
[0.098s] Level 1:colcon.colcon_core.package_identification:_identify(.) by extensions ['cmake', 'python']
[0.098s] Level 1:colcon.colcon_core.package_identification:_identify(.) by extension 'cmake'
[0.098s] Level 1:colcon.colcon_core.package_identification:_identify(.) by extension 'python'
[0.098s] Level 1:colcon.colcon_core.package_identification:_identify(.) by extensions ['python_setup_py']
[0.098s] Level 1:colcon.colcon_core.package_identification:_identify(.) by extension 'python_setup_py'
[0.098s] Level 1:colcon.colcon_core.package_identification:_identify(build) by extensions ['ignore', 'ignore_ament_install']
[0.098s] Level 1:colcon.colcon_core.package_identification:_identify(build) by extension 'ignore'
[0.098s] Level 1:colcon.colcon_core.package_identification:_identify(build) ignored
[0.098s] Level 1:colcon.colcon_core.package_identification:_identify(install) by extensions ['ignore', 'ignore_ament_install']
[0.098s] Level 1:colcon.colcon_core.package_identification:_identify(install) by extension 'ignore'
[0.098s] Level 1:colcon.colcon_core.package_identification:_identify(install) ignored
[0.098s] Level 1:colcon.colcon_core.package_identification:_identify(log) by extensions ['ignore', 'ignore_ament_install']
[0.098s] Level 1:colcon.colcon_core.package_identification:_identify(log) by extension 'ignore'
[0.098s] Level 1:colcon.colcon_core.package_identification:_identify(log) ignored
[0.098s] Level 1:colcon.colcon_core.package_identification:_identify(src) by extensions ['ignore', 'ignore_ament_install']
[0.098s] Level 1:colcon.colcon_core.package_identification:_identify(src) by extension 'ignore'
[0.098s] Level 1:colcon.colcon_core.package_identification:_identify(src) by extension 'ignore_ament_install'
[0.098s] Level 1:colcon.colcon_core.package_identification:_identify(src) by extensions ['colcon_pkg']
[0.098s] Level 1:colcon.colcon_core.package_identification:_identify(src) by extension 'colcon_pkg'
[0.098s] Level 1:colcon.colcon_core.package_identification:_identify(src) by extensions ['colcon_meta']
[0.098s] Level 1:colcon.colcon_core.package_identification:_identify(src) by extension 'colcon_meta'
[0.098s] Level 1:colcon.colcon_core.package_identification:_identify(src) by extensions ['ros']
[0.098s] Level 1:colcon.colcon_core.package_identification:_identify(src) by extension 'ros'
[0.098s] Level 1:colcon.colcon_core.package_identification:_identify(src) by extensions ['cmake', 'python']
[0.098s] Level 1:colcon.colcon_core.package_identification:_identify(src) by extension 'cmake'
[0.098s] Level 1:colcon.colcon_core.package_identification:_identify(src) by extension 'python'
[0.098s] Level 1:colcon.colcon_core.package_identification:_identify(src) by extensions ['python_setup_py']
[0.098s] Level 1:colcon.colcon_core.package_identification:_identify(src) by extension 'python_setup_py'
[0.098s] Level 1:colcon.colcon_core.package_identification:_identify(src/px4-offboard) by extensions ['ignore', 'ignore_ament_install']
[0.098s] Level 1:colcon.colcon_core.package_identification:_identify(src/px4-offboard) by extension 'ignore'
[0.099s] Level 1:colcon.colcon_core.package_identification:_identify(src/px4-offboard) by extension 'ignore_ament_install'
[0.099s] Level 1:colcon.colcon_core.package_identification:_identify(src/px4-offboard) by extensions ['colcon_pkg']
[0.099s] Level 1:colcon.colcon_core.package_identification:_identify(src/px4-offboard) by extension 'colcon_pkg'
[0.099s] Level 1:colcon.colcon_core.package_identification:_identify(src/px4-offboard) by extensions ['colcon_meta']
[0.099s] Level 1:colcon.colcon_core.package_identification:_identify(src/px4-offboard) by extension 'colcon_meta'
[0.099s] Level 1:colcon.colcon_core.package_identification:_identify(src/px4-offboard) by extensions ['ros']
[0.099s] Level 1:colcon.colcon_core.package_identification:_identify(src/px4-offboard) by extension 'ros'
[0.100s] DEBUG:colcon.colcon_core.package_identification:Package 'src/px4-offboard' with type 'ros.ament_python' and name 'px4_offboard'
[0.100s] Level 1:colcon.colcon_core.package_identification:_identify(src/px4_msgs) by extensions ['ignore', 'ignore_ament_install']
[0.100s] Level 1:colcon.colcon_core.package_identification:_identify(src/px4_msgs) by extension 'ignore'
[0.100s] Level 1:colcon.colcon_core.package_identification:_identify(src/px4_msgs) by extension 'ignore_ament_install'
[0.100s] Level 1:colcon.colcon_core.package_identification:_identify(src/px4_msgs) by extensions ['colcon_pkg']
[0.100s] Level 1:colcon.colcon_core.package_identification:_identify(src/px4_msgs) by extension 'colcon_pkg'
[0.100s] Level 1:colcon.colcon_core.package_identification:_identify(src/px4_msgs) by extensions ['colcon_meta']
[0.100s] Level 1:colcon.colcon_core.package_identification:_identify(src/px4_msgs) by extension 'colcon_meta'
[0.100s] Level 1:colcon.colcon_core.package_identification:_identify(src/px4_msgs) by extensions ['ros']
[0.100s] Level 1:colcon.colcon_core.package_identification:_identify(src/px4_msgs) by extension 'ros'
[0.101s] DEBUG:colcon.colcon_core.package_identification:Package 'src/px4_msgs' with type 'ros.ament_cmake' and name 'px4_msgs'
[0.101s] Level 1:colcon.colcon_core.package_identification:_identify(src/px4_ros_com) by extensions ['ignore', 'ignore_ament_install']
[0.101s] Level 1:colcon.colcon_core.package_identification:_identify(src/px4_ros_com) by extension 'ignore'
[0.101s] Level 1:colcon.colcon_core.package_identification:_identify(src/px4_ros_com) by extension 'ignore_ament_install'
[0.101s] Level 1:colcon.colcon_core.package_identification:_identify(src/px4_ros_com) by extensions ['colcon_pkg']
[0.101s] Level 1:colcon.colcon_core.package_identification:_identify(src/px4_ros_com) by extension 'colcon_pkg'
[0.101s] Level 1:colcon.colcon_core.package_identification:_identify(src/px4_ros_com) by extensions ['colcon_meta']
[0.101s] Level 1:colcon.colcon_core.package_identification:_identify(src/px4_ros_com) by extension 'colcon_meta'
[0.101s] Level 1:colcon.colcon_core.package_identification:_identify(src/px4_ros_com) by extensions ['ros']
[0.101s] Level 1:colcon.colcon_core.package_identification:_identify(src/px4_ros_com) by extension 'ros'
[0.101s] DEBUG:colcon.colcon_core.package_identification:Package 'src/px4_ros_com' with type 'ros.ament_cmake' and name 'px4_ros_com'
[0.101s] Level 1:colcon.colcon_core.package_identification:_identify(src/x500_drone_description) by extensions ['ignore', 'ignore_ament_install']
[0.101s] Level 1:colcon.colcon_core.package_identification:_identify(src/x500_drone_description) by extension 'ignore'
[0.101s] Level 1:colcon.colcon_core.package_identification:_identify(src/x500_drone_description) by extension 'ignore_ament_install'
[0.102s] Level 1:colcon.colcon_core.package_identification:_identify(src/x500_drone_description) by extensions ['colcon_pkg']
[0.102s] Level 1:colcon.colcon_core.package_identification:_identify(src/x500_drone_description) by extension 'colcon_pkg'
[0.102s] Level 1:colcon.colcon_core.package_identification:_identify(src/x500_drone_description) by extensions ['colcon_meta']
[0.102s] Level 1:colcon.colcon_core.package_identification:_identify(src/x500_drone_description) by extension 'colcon_meta'
[0.102s] Level 1:colcon.colcon_core.package_identification:_identify(src/x500_drone_description) by extensions ['ros']
[0.102s] Level 1:colcon.colcon_core.package_identification:_identify(src/x500_drone_description) by extension 'ros'
[0.102s] DEBUG:colcon.colcon_core.package_identification:Package 'src/x500_drone_description' with type 'ros.ament_cmake' and name 'x500_drone_description'
[0.102s] Level 1:colcon.colcon_core.package_discovery:discover_packages(recursive) using defaults
[0.102s] Level 1:colcon.colcon_core.package_discovery:discover_packages(ignore) discover
[0.102s] Level 1:colcon.colcon_core.package_discovery:discover_packages(ignore) using defaults
[0.102s] Level 1:colcon.colcon_core.package_discovery:discover_packages(path) discover
[0.102s] Level 1:colcon.colcon_core.package_discovery:discover_packages(path) using defaults
[0.113s] Level 1:colcon.colcon_core.package_discovery:discover_packages(prefix_path) check parameters
[0.113s] Level 1:colcon.colcon_core.package_discovery:discover_packages(prefix_path) discover
[0.114s] DEBUG:colcon.colcon_installed_package_information.package_discovery:Found 4 installed packages in /home/ajval/Digital-Twin-Cybersecurity/x500_physical_model/install
[0.114s] DEBUG:colcon.colcon_installed_package_information.package_discovery:Found 2 installed packages in /home/ajval/px4_ros_com_ros2/install
[0.115s] DEBUG:colcon.colcon_installed_package_information.package_discovery:Found 325 installed packages in /opt/ros/jazzy
[0.116s] Level 1:colcon.colcon_core.package_discovery:discover_packages(prefix_path) using defaults
[0.139s] Level 5:colcon.colcon_core.verb:set package 'px4_msgs' build argument 'cmake_args' from command line to 'None'
[0.139s] Level 5:colcon.colcon_core.verb:set package 'px4_msgs' build argument 'cmake_target' from command line to 'None'
[0.139s] Level 5:colcon.colcon_core.verb:set package 'px4_msgs' build argument 'cmake_target_skip_unavailable' from command line to 'False'
[0.139s] Level 5:colcon.colcon_core.verb:set package 'px4_msgs' build argument 'cmake_clean_cache' from command line to 'False'
[0.139s] Level 5:colcon.colcon_core.verb:set package 'px4_msgs' build argument 'cmake_clean_first' from command line to 'False'
[0.139s] Level 5:colcon.colcon_core.verb:set package 'px4_msgs' build argument 'cmake_force_configure' from command line to 'False'
[0.139s] Level 5:colcon.colcon_core.verb:set package 'px4_msgs' build argument 'ament_cmake_args' from command line to 'None'
[0.139s] Level 5:colcon.colcon_core.verb:set package 'px4_msgs' build argument 'catkin_cmake_args' from command line to 'None'
[0.139s] Level 5:colcon.colcon_core.verb:set package 'px4_msgs' build argument 'catkin_skip_building_tests' from command line to 'False'
[0.139s] DEBUG:colcon.colcon_core.verb:Building package 'px4_msgs' with the following arguments: {'ament_cmake_args': None, 'build_base': '/home/ajval/Digital-Twin-Cybersecurity/x500_physical_model/build/px4_msgs', 'catkin_cmake_args': None, 'catkin_skip_building_tests': False, 'cmake_args': None, 'cmake_clean_cache': False, 'cmake_clean_first': False, 'cmake_force_configure': False, 'cmake_target': None, 'cmake_target_skip_unavailable': False, 'install_base': '/home/ajval/Digital-Twin-Cybersecurity/x500_physical_model/install/px4_msgs', 'merge_install': False, 'path': '/home/ajval/Digital-Twin-Cybersecurity/x500_physical_model/src/px4_msgs', 'symlink_install': False, 'test_result_base': None}
[0.139s] Level 5:colcon.colcon_core.verb:set package 'x500_drone_description' build argument 'cmake_args' from command line to 'None'
[0.139s] Level 5:colcon.colcon_core.verb:set package 'x500_drone_description' build argument 'cmake_target' from command line to 'None'
[0.139s] Level 5:colcon.colcon_core.verb:set package 'x500_drone_description' build argument 'cmake_target_skip_unavailable' from command line to 'False'
[0.139s] Level 5:colcon.colcon_core.verb:set package 'x500_drone_description' build argument 'cmake_clean_cache' from command line to 'False'
[0.139s] Level 5:colcon.colcon_core.verb:set package 'x500_drone_description' build argument 'cmake_clean_first' from command line to 'False'
[0.139s] Level 5:colcon.colcon_core.verb:set package 'x500_drone_description' build argument 'cmake_force_configure' from command line to 'False'
[0.139s] Level 5:colcon.colcon_core.verb:set package 'x500_drone_description' build argument 'ament_cmake_args' from command line to 'None'
[0.139s] Level 5:colcon.colcon_core.verb:set package 'x500_drone_description' build argument 'catkin_cmake_args' from command line to 'None'
[0.139s] Level 5:colcon.colcon_core.verb:set package 'x500_drone_description' build argument 'catkin_skip_building_tests' from command line to 'False'
[0.139s] DEBUG:colcon.colcon_core.verb:Building package 'x500_drone_description' with the following arguments: {'ament_cmake_args': None, 'build_base': '/home/ajval/Digital-Twin-Cybersecurity/x500_physical_model/build/x500_drone_description', 'catkin_cmake_args': None, 'catkin_skip_building_tests': False, 'cmake_args': None, 'cmake_clean_cache': False, 'cmake_clean_first': False, 'cmake_force_configure': False, 'cmake_target': None, 'cmake_target_skip_unavailable': False, 'install_base': '/home/ajval/Digital-Twin-Cybersecurity/x500_physical_model/install/x500_drone_description', 'merge_install': False, 'path': '/home/ajval/Digital-Twin-Cybersecurity/x500_physical_model/src/x500_drone_description', 'symlink_install': False, 'test_result_base': None}
[0.139s] Level 5:colcon.colcon_core.verb:set package 'px4_offboard' build argument 'cmake_args' from command line to 'None'
[0.139s] Level 5:colcon.colcon_core.verb:set package 'px4_offboard' build argument 'cmake_target' from command line to 'None'
[0.139s] Level 5:colcon.colcon_core.verb:set package 'px4_offboard' build argument 'cmake_target_skip_unavailable' from command line to 'False'
[0.139s] Level 5:colcon.colcon_core.verb:set package 'px4_offboard' build argument 'cmake_clean_cache' from command line to 'False'
[0.139s] Level 5:colcon.colcon_core.verb:set package 'px4_offboard' build argument 'cmake_clean_first' from command line to 'False'
[0.139s] Level 5:colcon.colcon_core.verb:set package 'px4_offboard' build argument 'cmake_force_configure' from command line to 'False'
[0.139s] Level 5:colcon.colcon_core.verb:set package 'px4_offboard' build argument 'ament_cmake_args' from command line to 'None'
[0.139s] Level 5:colcon.colcon_core.verb:set package 'px4_offboard' build argument 'catkin_cmake_args' from command line to 'None'
[0.139s] Level 5:colcon.colcon_core.verb:set package 'px4_offboard' build argument 'catkin_skip_building_tests' from command line to 'False'
[0.139s] DEBUG:colcon.colcon_core.verb:Building package 'px4_offboard' with the following arguments: {'ament_cmake_args': None, 'build_base': '/home/ajval/Digital-Twin-Cybersecurity/x500_physical_model/build/px4_offboard', 'catkin_cmake_args': None, 'catkin_skip_building_tests': False, 'cmake_args': None, 'cmake_clean_cache': False, 'cmake_clean_first': False, 'cmake_force_configure': False, 'cmake_target': None, 'cmake_target_skip_unavailable': False, 'install_base': '/home/ajval/Digital-Twin-Cybersecurity/x500_physical_model/install/px4_offboard', 'merge_install': False, 'path': '/home/ajval/Digital-Twin-Cybersecurity/x500_physical_model/src/px4-offboard', 'symlink_install': False, 'test_result_base': None}
[0.139s] Level 5:colcon.colcon_core.verb:set package 'px4_ros_com' build argument 'cmake_args' from command line to 'None'
[0.139s] Level 5:colcon.colcon_core.verb:set package 'px4_ros_com' build argument 'cmake_target' from command line to 'None'
[0.139s] Level 5:colcon.colcon_core.verb:set package 'px4_ros_com' build argument 'cmake_target_skip_unavailable' from command line to 'False'
[0.139s] Level 5:colcon.colcon_core.verb:set package 'px4_ros_com' build argument 'cmake_clean_cache' from command line to 'False'
[0.139s] Level 5:colcon.colcon_core.verb:set package 'px4_ros_com' build argument 'cmake_clean_first' from command line to 'False'
[0.139s] Level 5:colcon.colcon_core.verb:set package 'px4_ros_com' build argument 'cmake_force_configure' from command line to 'False'
[0.139s] Level 5:colcon.colcon_core.verb:set package 'px4_ros_com' build argument 'ament_cmake_args' from command line to 'None'
[0.139s] Level 5:colcon.colcon_core.verb:set package 'px4_ros_com' build argument 'catkin_cmake_args' from command line to 'None'
[0.139s] Level 5:colcon.colcon_core.verb:set package 'px4_ros_com' build argument 'catkin_skip_building_tests' from command line to 'False'
[0.139s] DEBUG:colcon.colcon_core.verb:Building package 'px4_ros_com' with the following arguments: {'ament_cmake_args': None, 'build_base': '/home/ajval/Digital-Twin-Cybersecurity/x500_physical_model/build/px4_ros_com', 'catkin_cmake_args': None, 'catkin_skip_building_tests': False, 'cmake_args': None, 'cmake_clean_cache': False, 'cmake_clean_first': False, 'cmake_force_configure': False, 'cmake_target': None, 'cmake_target_skip_unavailable': False, 'install_base': '/home/ajval/Digital-Twin-Cybersecurity/x500_physical_model/install/px4_ros_com', 'merge_install': False, 'path': '/home/ajval/Digital-Twin-Cybersecurity/x500_physical_model/src/px4_ros_com', 'symlink_install': False, 'test_result_base': None}
[0.140s] INFO:colcon.colcon_core.executor:Executing jobs using 'parallel' executor
[0.141s] DEBUG:colcon.colcon_parallel_executor.executor.parallel:run_until_complete
[0.141s] INFO:colcon.colcon_ros.task.ament_cmake.build:Building ROS package in '/home/ajval/Digital-Twin-Cybersecurity/x500_physical_model/src/px4_msgs' with build type 'ament_cmake'
[0.141s] INFO:colcon.colcon_cmake.task.cmake.build:Building CMake package in '/home/ajval/Digital-Twin-Cybersecurity/x500_physical_model/src/px4_msgs'
[0.142s] INFO:colcon.colcon_core.plugin_system:Skipping extension 'colcon_core.shell.bat': Not used on non-Windows systems
[0.143s] INFO:colcon.colcon_core.shell:Skip shell extension 'powershell' for command environment: Not usable outside of PowerShell
[0.143s] DEBUG:colcon.colcon_core.shell:Skip shell extension 'dsv' for command environment
[0.145s] INFO:colcon.colcon_ros.task.ament_cmake.build:Building ROS package in '/home/ajval/Digital-Twin-Cybersecurity/x500_physical_model/src/x500_drone_description' with build type 'ament_cmake'
[0.145s] INFO:colcon.colcon_cmake.task.cmake.build:Building CMake package in '/home/ajval/Digital-Twin-Cybersecurity/x500_physical_model/src/x500_drone_description'
[0.145s] INFO:colcon.colcon_core.shell:Skip shell extension 'powershell' for command environment: Not usable outside of PowerShell
[0.145s] DEBUG:colcon.colcon_core.shell:Skip shell extension 'dsv' for command environment
[0.154s] DEBUG:colcon.colcon_core.event_handler.log_command:Invoking command in '/home/ajval/Digital-Twin-Cybersecurity/x500_physical_model/build/px4_msgs': CMAKE_PREFIX_PATH=${CMAKE_PREFIX_PATH}:/home/ajval/Digital-Twin-Cybersecurity/x500_physical_model/install/px4_offboard:/opt/ros/jazzy DEBUGINFOD_URLS=https://debuginfod.ubuntu.com /usr/bin/cmake --build /home/ajval/Digital-Twin-Cybersecurity/x500_physical_model/build/px4_msgs -- -j22 -l22
[0.157s] DEBUG:colcon.colcon_core.event_handler.log_command:Invoking command in '/home/ajval/Digital-Twin-Cybersecurity/x500_physical_model/build/x500_drone_description': CMAKE_PREFIX_PATH=${CMAKE_PREFIX_PATH}:/home/ajval/Digital-Twin-Cybersecurity/x500_physical_model/install/px4_offboard:/opt/ros/jazzy DEBUGINFOD_URLS=https://debuginfod.ubuntu.com /usr/bin/cmake --build /home/ajval/Digital-Twin-Cybersecurity/x500_physical_model/build/x500_drone_description -- -j22 -l22
[0.187s] DEBUG:colcon.colcon_core.event_handler.log_command:Invoked command in '/home/ajval/Digital-Twin-Cybersecurity/x500_physical_model/build/x500_drone_description' returned '0': CMAKE_PREFIX_PATH=${CMAKE_PREFIX_PATH}:/home/ajval/Digital-Twin-Cybersecurity/x500_physical_model/install/px4_offboard:/opt/ros/jazzy DEBUGINFOD_URLS=https://debuginfod.ubuntu.com /usr/bin/cmake --build /home/ajval/Digital-Twin-Cybersecurity/x500_physical_model/build/x500_drone_description -- -j22 -l22
[0.196s] DEBUG:colcon.colcon_core.event_handler.log_command:Invoking command in '/home/ajval/Digital-Twin-Cybersecurity/x500_physical_model/build/x500_drone_description': CMAKE_PREFIX_PATH=${CMAKE_PREFIX_PATH}:/home/ajval/Digital-Twin-Cybersecurity/x500_physical_model/install/px4_offboard:/opt/ros/jazzy DEBUGINFOD_URLS=https://debuginfod.ubuntu.com /usr/bin/cmake --install /home/ajval/Digital-Twin-Cybersecurity/x500_physical_model/build/x500_drone_description
[0.203s] Level 1:colcon.colcon_core.environment:create_environment_scripts_only(x500_drone_description)
[0.204s] DEBUG:colcon.colcon_core.event_handler.log_command:Invoked command in '/home/ajval/Digital-Twin-Cybersecurity/x500_physical_model/build/x500_drone_description' returned '0': CMAKE_PREFIX_PATH=${CMAKE_PREFIX_PATH}:/home/ajval/Digital-Twin-Cybersecurity/x500_physical_model/install/px4_offboard:/opt/ros/jazzy DEBUGINFOD_URLS=https://debuginfod.ubuntu.com /usr/bin/cmake --install /home/ajval/Digital-Twin-Cybersecurity/x500_physical_model/build/x500_drone_description
[0.205s] Level 1:colcon.colcon_core.environment:checking '/home/ajval/Digital-Twin-Cybersecurity/x500_physical_model/install/x500_drone_description' for CMake module files
[0.205s] Level 1:colcon.colcon_core.environment:checking '/home/ajval/Digital-Twin-Cybersecurity/x500_physical_model/install/x500_drone_description' for CMake config files
[0.205s] Level 1:colcon.colcon_core.shell:create_environment_hook('x500_drone_description', 'cmake_prefix_path')
[0.206s] INFO:colcon.colcon_core.shell:Creating environment hook '/home/ajval/Digital-Twin-Cybersecurity/x500_physical_model/install/x500_drone_description/share/x500_drone_description/hook/cmake_prefix_path.ps1'
[0.206s] INFO:colcon.colcon_core.shell:Creating environment descriptor '/home/ajval/Digital-Twin-Cybersecurity/x500_physical_model/install/x500_drone_description/share/x500_drone_description/hook/cmake_prefix_path.dsv'
[0.206s] INFO:colcon.colcon_core.shell:Creating environment hook '/home/ajval/Digital-Twin-Cybersecurity/x500_physical_model/install/x500_drone_description/share/x500_drone_description/hook/cmake_prefix_path.sh'
[0.207s] Level 1:colcon.colcon_core.environment:checking '/home/ajval/Digital-Twin-Cybersecurity/x500_physical_model/install/x500_drone_description/bin'
[0.207s] Level 1:colcon.colcon_core.environment:checking '/home/ajval/Digital-Twin-Cybersecurity/x500_physical_model/install/x500_drone_description/lib/pkgconfig/x500_drone_description.pc'
[0.207s] Level 1:colcon.colcon_core.environment:checking '/home/ajval/Digital-Twin-Cybersecurity/x500_physical_model/install/x500_drone_description/lib/python3.12/site-packages'
[0.207s] Level 1:colcon.colcon_core.environment:checking '/home/ajval/Digital-Twin-Cybersecurity/x500_physical_model/install/x500_drone_description/bin'
[0.207s] INFO:colcon.colcon_core.shell:Creating package script '/home/ajval/Digital-Twin-Cybersecurity/x500_physical_model/install/x500_drone_description/share/x500_drone_description/package.ps1'
[0.208s] INFO:colcon.colcon_core.shell:Creating package descriptor '/home/ajval/Digital-Twin-Cybersecurity/x500_physical_model/install/x500_drone_description/share/x500_drone_description/package.dsv'
[0.208s] INFO:colcon.colcon_core.shell:Creating package script '/home/ajval/Digital-Twin-Cybersecurity/x500_physical_model/install/x500_drone_description/share/x500_drone_description/package.sh'
[0.208s] INFO:colcon.colcon_core.shell:Creating package script '/home/ajval/Digital-Twin-Cybersecurity/x500_physical_model/install/x500_drone_description/share/x500_drone_description/package.bash'
[0.208s] INFO:colcon.colcon_core.shell:Creating package script '/home/ajval/Digital-Twin-Cybersecurity/x500_physical_model/install/x500_drone_description/share/x500_drone_description/package.zsh'
[0.209s] Level 1:colcon.colcon_core.environment:create_file_with_runtime_dependencies(/home/ajval/Digital-Twin-Cybersecurity/x500_physical_model/install/x500_drone_description/share/colcon-core/packages/x500_drone_description)
[0.209s] Level 1:colcon.colcon_core.environment:create_environment_scripts_only(x500_drone_description)
[0.209s] Level 1:colcon.colcon_core.environment:checking '/home/ajval/Digital-Twin-Cybersecurity/x500_physical_model/install/x500_drone_description' for CMake module files
[0.210s] Level 1:colcon.colcon_core.environment:checking '/home/ajval/Digital-Twin-Cybersecurity/x500_physical_model/install/x500_drone_description' for CMake config files
[0.210s] Level 1:colcon.colcon_core.shell:create_environment_hook('x500_drone_description', 'cmake_prefix_path')
[0.210s] INFO:colcon.colcon_core.shell:Creating environment hook '/home/ajval/Digital-Twin-Cybersecurity/x500_physical_model/install/x500_drone_description/share/x500_drone_description/hook/cmake_prefix_path.ps1'
[0.210s] INFO:colcon.colcon_core.shell:Creating environment descriptor '/home/ajval/Digital-Twin-Cybersecurity/x500_physical_model/install/x500_drone_description/share/x500_drone_description/hook/cmake_prefix_path.dsv'
[0.210s] INFO:colcon.colcon_core.shell:Creating environment hook '/home/ajval/Digital-Twin-Cybersecurity/x500_physical_model/install/x500_drone_description/share/x500_drone_description/hook/cmake_prefix_path.sh'
[0.210s] Level 1:colcon.colcon_core.environment:checking '/home/ajval/Digital-Twin-Cybersecurity/x500_physical_model/install/x500_drone_description/bin'
[0.210s] Level 1:colcon.colcon_core.environment:checking '/home/ajval/Digital-Twin-Cybersecurity/x500_physical_model/install/x500_drone_description/lib/pkgconfig/x500_drone_description.pc'
[0.211s] Level 1:colcon.colcon_core.environment:checking '/home/ajval/Digital-Twin-Cybersecurity/x500_physical_model/install/x500_drone_description/lib/python3.12/site-packages'
[0.211s] Level 1:colcon.colcon_core.environment:checking '/home/ajval/Digital-Twin-Cybersecurity/x500_physical_model/install/x500_drone_description/bin'
[0.211s] INFO:colcon.colcon_core.shell:Creating package script '/home/ajval/Digital-Twin-Cybersecurity/x500_physical_model/install/x500_drone_description/share/x500_drone_description/package.ps1'
[0.211s] INFO:colcon.colcon_core.shell:Creating package descriptor '/home/ajval/Digital-Twin-Cybersecurity/x500_physical_model/install/x500_drone_description/share/x500_drone_description/package.dsv'
[0.211s] INFO:colcon.colcon_core.shell:Creating package script '/home/ajval/Digital-Twin-Cybersecurity/x500_physical_model/install/x500_drone_description/share/x500_drone_description/package.sh'
[0.212s] INFO:colcon.colcon_core.shell:Creating package script '/home/ajval/Digital-Twin-Cybersecurity/x500_physical_model/install/x500_drone_description/share/x500_drone_description/package.bash'
[0.212s] INFO:colcon.colcon_core.shell:Creating package script '/home/ajval/Digital-Twin-Cybersecurity/x500_physical_model/install/x500_drone_description/share/x500_drone_description/package.zsh'
[0.212s] Level 1:colcon.colcon_core.environment:create_file_with_runtime_dependencies(/home/ajval/Digital-Twin-Cybersecurity/x500_physical_model/install/x500_drone_description/share/colcon-core/packages/x500_drone_description)
[1.216s] DEBUG:colcon.colcon_core.event_handler.log_command:Invoked command in '/home/ajval/Digital-Twin-Cybersecurity/x500_physical_model/build/px4_msgs' returned '0': CMAKE_PREFIX_PATH=${CMAKE_PREFIX_PATH}:/home/ajval/Digital-Twin-Cybersecurity/x500_physical_model/install/px4_offboard:/opt/ros/jazzy DEBUGINFOD_URLS=https://debuginfod.ubuntu.com /usr/bin/cmake --build /home/ajval/Digital-Twin-Cybersecurity/x500_physical_model/build/px4_msgs -- -j22 -l22
[1.216s] DEBUG:colcon.colcon_core.event_handler.log_command:Invoking command in '/home/ajval/Digital-Twin-Cybersecurity/x500_physical_model/build/px4_msgs': CMAKE_PREFIX_PATH=${CMAKE_PREFIX_PATH}:/home/ajval/Digital-Twin-Cybersecurity/x500_physical_model/install/px4_offboard:/opt/ros/jazzy DEBUGINFOD_URLS=https://debuginfod.ubuntu.com /usr/bin/cmake --install /home/ajval/Digital-Twin-Cybersecurity/x500_physical_model/build/px4_msgs
[1.478s] Level 1:colcon.colcon_core.environment:create_environment_scripts_only(px4_msgs)
[1.478s] Level 1:colcon.colcon_core.environment:checking '/home/ajval/Digital-Twin-Cybersecurity/x500_physical_model/install/px4_msgs' for CMake module files
[1.478s] DEBUG:colcon.colcon_core.event_handler.log_command:Invoked command in '/home/ajval/Digital-Twin-Cybersecurity/x500_physical_model/build/px4_msgs' returned '0': CMAKE_PREFIX_PATH=${CMAKE_PREFIX_PATH}:/home/ajval/Digital-Twin-Cybersecurity/x500_physical_model/install/px4_offboard:/opt/ros/jazzy DEBUGINFOD_URLS=https://debuginfod.ubuntu.com /usr/bin/cmake --install /home/ajval/Digital-Twin-Cybersecurity/x500_physical_model/build/px4_msgs
[1.479s] Level 1:colcon.colcon_core.environment:checking '/home/ajval/Digital-Twin-Cybersecurity/x500_physical_model/install/px4_msgs' for CMake config files
[1.479s] Level 1:colcon.colcon_core.shell:create_environment_hook('px4_msgs', 'cmake_prefix_path')
[1.479s] INFO:colcon.colcon_core.shell:Creating environment hook '/home/ajval/Digital-Twin-Cybersecurity/x500_physical_model/install/px4_msgs/share/px4_msgs/hook/cmake_prefix_path.ps1'
[1.480s] INFO:colcon.colcon_core.shell:Creating environment descriptor '/home/ajval/Digital-Twin-Cybersecurity/x500_physical_model/install/px4_msgs/share/px4_msgs/hook/cmake_prefix_path.dsv'
[1.480s] INFO:colcon.colcon_core.shell:Creating environment hook '/home/ajval/Digital-Twin-Cybersecurity/x500_physical_model/install/px4_msgs/share/px4_msgs/hook/cmake_prefix_path.sh'
[1.480s] Level 1:colcon.colcon_core.environment:checking '/home/ajval/Digital-Twin-Cybersecurity/x500_physical_model/install/px4_msgs/lib'
[1.480s] Level 1:colcon.colcon_core.shell:create_environment_hook('px4_msgs', 'ld_library_path_lib')
[1.480s] INFO:colcon.colcon_core.shell:Creating environment hook '/home/ajval/Digital-Twin-Cybersecurity/x500_physical_model/install/px4_msgs/share/px4_msgs/hook/ld_library_path_lib.ps1'
[1.481s] INFO:colcon.colcon_core.shell:Creating environment descriptor '/home/ajval/Digital-Twin-Cybersecurity/x500_physical_model/install/px4_msgs/share/px4_msgs/hook/ld_library_path_lib.dsv'
[1.481s] INFO:colcon.colcon_core.shell:Creating environment hook '/home/ajval/Digital-Twin-Cybersecurity/x500_physical_model/install/px4_msgs/share/px4_msgs/hook/ld_library_path_lib.sh'
[1.481s] Level 1:colcon.colcon_core.environment:checking '/home/ajval/Digital-Twin-Cybersecurity/x500_physical_model/install/px4_msgs/bin'
[1.481s] Level 1:colcon.colcon_core.environment:checking '/home/ajval/Digital-Twin-Cybersecurity/x500_physical_model/install/px4_msgs/lib/pkgconfig/px4_msgs.pc'
[1.481s] Level 1:colcon.colcon_core.environment:checking '/home/ajval/Digital-Twin-Cybersecurity/x500_physical_model/install/px4_msgs/lib/python3.12/site-packages'
[1.481s] Level 1:colcon.colcon_core.shell:create_environment_hook('px4_msgs', 'pythonpath')
[1.481s] INFO:colcon.colcon_core.shell:Creating environment hook '/home/ajval/Digital-Twin-Cybersecurity/x500_physical_model/install/px4_msgs/share/px4_msgs/hook/pythonpath.ps1'
[1.482s] INFO:colcon.colcon_core.shell:Creating environment descriptor '/home/ajval/Digital-Twin-Cybersecurity/x500_physical_model/install/px4_msgs/share/px4_msgs/hook/pythonpath.dsv'
[1.482s] INFO:colcon.colcon_core.shell:Creating environment hook '/home/ajval/Digital-Twin-Cybersecurity/x500_physical_model/install/px4_msgs/share/px4_msgs/hook/pythonpath.sh'
[1.482s] Level 1:colcon.colcon_core.environment:checking '/home/ajval/Digital-Twin-Cybersecurity/x500_physical_model/install/px4_msgs/bin'
[1.482s] INFO:colcon.colcon_core.shell:Creating package script '/home/ajval/Digital-Twin-Cybersecurity/x500_physical_model/install/px4_msgs/share/px4_msgs/package.ps1'
[1.482s] INFO:colcon.colcon_core.shell:Creating package descriptor '/home/ajval/Digital-Twin-Cybersecurity/x500_physical_model/install/px4_msgs/share/px4_msgs/package.dsv'
[1.483s] INFO:colcon.colcon_core.shell:Creating package script '/home/ajval/Digital-Twin-Cybersecurity/x500_physical_model/install/px4_msgs/share/px4_msgs/package.sh'
[1.483s] INFO:colcon.colcon_core.shell:Creating package script '/home/ajval/Digital-Twin-Cybersecurity/x500_physical_model/install/px4_msgs/share/px4_msgs/package.bash'
[1.483s] INFO:colcon.colcon_core.shell:Creating package script '/home/ajval/Digital-Twin-Cybersecurity/x500_physical_model/install/px4_msgs/share/px4_msgs/package.zsh'
[1.483s] Level 1:colcon.colcon_core.environment:create_file_with_runtime_dependencies(/home/ajval/Digital-Twin-Cybersecurity/x500_physical_model/install/px4_msgs/share/colcon-core/packages/px4_msgs)
[1.483s] Level 1:colcon.colcon_core.environment:create_environment_scripts_only(px4_msgs)
[1.484s] Level 1:colcon.colcon_core.environment:checking '/home/ajval/Digital-Twin-Cybersecurity/x500_physical_model/install/px4_msgs' for CMake module files
[1.484s] Level 1:colcon.colcon_core.environment:checking '/home/ajval/Digital-Twin-Cybersecurity/x500_physical_model/install/px4_msgs' for CMake config files
[1.484s] Level 1:colcon.colcon_core.shell:create_environment_hook('px4_msgs', 'cmake_prefix_path')
[1.484s] INFO:colcon.colcon_core.shell:Creating environment hook '/home/ajval/Digital-Twin-Cybersecurity/x500_physical_model/install/px4_msgs/share/px4_msgs/hook/cmake_prefix_path.ps1'
[1.484s] INFO:colcon.colcon_core.shell:Creating environment descriptor '/home/ajval/Digital-Twin-Cybersecurity/x500_physical_model/install/px4_msgs/share/px4_msgs/hook/cmake_prefix_path.dsv'
[1.484s] INFO:colcon.colcon_core.shell:Creating environment hook '/home/ajval/Digital-Twin-Cybersecurity/x500_physical_model/install/px4_msgs/share/px4_msgs/hook/cmake_prefix_path.sh'
[1.485s] Level 1:colcon.colcon_core.environment:checking '/home/ajval/Digital-Twin-Cybersecurity/x500_physical_model/install/px4_msgs/lib'
[1.485s] Level 1:colcon.colcon_core.shell:create_environment_hook('px4_msgs', 'ld_library_path_lib')
[1.485s] INFO:colcon.colcon_core.shell:Creating environment hook '/home/ajval/Digital-Twin-Cybersecurity/x500_physical_model/install/px4_msgs/share/px4_msgs/hook/ld_library_path_lib.ps1'
[1.485s] INFO:colcon.colcon_core.shell:Creating environment descriptor '/home/ajval/Digital-Twin-Cybersecurity/x500_physical_model/install/px4_msgs/share/px4_msgs/hook/ld_library_path_lib.dsv'
[1.485s] INFO:colcon.colcon_core.shell:Creating environment hook '/home/ajval/Digital-Twin-Cybersecurity/x500_physical_model/install/px4_msgs/share/px4_msgs/hook/ld_library_path_lib.sh'
[1.485s] Level 1:colcon.colcon_core.environment:checking '/home/ajval/Digital-Twin-Cybersecurity/x500_physical_model/install/px4_msgs/bin'
[1.485s] Level 1:colcon.colcon_core.environment:checking '/home/ajval/Digital-Twin-Cybersecurity/x500_physical_model/install/px4_msgs/lib/pkgconfig/px4_msgs.pc'
[1.486s] Level 1:colcon.colcon_core.environment:checking '/home/ajval/Digital-Twin-Cybersecurity/x500_physical_model/install/px4_msgs/lib/python3.12/site-packages'
[1.486s] Level 1:colcon.colcon_core.shell:create_environment_hook('px4_msgs', 'pythonpath')
[1.486s] INFO:colcon.colcon_core.shell:Creating environment hook '/home/ajval/Digital-Twin-Cybersecurity/x500_physical_model/install/px4_msgs/share/px4_msgs/hook/pythonpath.ps1'
[1.486s] INFO:colcon.colcon_core.shell:Creating environment descriptor '/home/ajval/Digital-Twin-Cybersecurity/x500_physical_model/install/px4_msgs/share/px4_msgs/hook/pythonpath.dsv'
[1.486s] INFO:colcon.colcon_core.shell:Creating environment hook '/home/ajval/Digital-Twin-Cybersecurity/x500_physical_model/install/px4_msgs/share/px4_msgs/hook/pythonpath.sh'
[1.486s] Level 1:colcon.colcon_core.environment:checking '/home/ajval/Digital-Twin-Cybersecurity/x500_physical_model/install/px4_msgs/bin'
[1.486s] INFO:colcon.colcon_core.shell:Creating package script '/home/ajval/Digital-Twin-Cybersecurity/x500_physical_model/install/px4_msgs/share/px4_msgs/package.ps1'
[1.487s] INFO:colcon.colcon_core.shell:Creating package descriptor '/home/ajval/Digital-Twin-Cybersecurity/x500_physical_model/install/px4_msgs/share/px4_msgs/package.dsv'
[1.487s] INFO:colcon.colcon_core.shell:Creating package script '/home/ajval/Digital-Twin-Cybersecurity/x500_physical_model/install/px4_msgs/share/px4_msgs/package.sh'
[1.487s] INFO:colcon.colcon_core.shell:Creating package script '/home/ajval/Digital-Twin-Cybersecurity/x500_physical_model/install/px4_msgs/share/px4_msgs/package.bash'
[1.487s] INFO:colcon.colcon_core.shell:Creating package script '/home/ajval/Digital-Twin-Cybersecurity/x500_physical_model/install/px4_msgs/share/px4_msgs/package.zsh'
[1.488s] Level 1:colcon.colcon_core.environment:create_file_with_runtime_dependencies(/home/ajval/Digital-Twin-Cybersecurity/x500_physical_model/install/px4_msgs/share/colcon-core/packages/px4_msgs)
[1.488s] INFO:colcon.colcon_ros.task.ament_python.build:Building ROS package in '/home/ajval/Digital-Twin-Cybersecurity/x500_physical_model/src/px4-offboard' with build type 'ament_python'
[1.488s] Level 1:colcon.colcon_core.shell:create_environment_hook('px4_offboard', 'ament_prefix_path')
[1.488s] INFO:colcon.colcon_core.shell:Creating environment hook '/home/ajval/Digital-Twin-Cybersecurity/x500_physical_model/install/px4_offboard/share/px4_offboard/hook/ament_prefix_path.ps1'
[1.488s] INFO:colcon.colcon_core.shell:Creating environment descriptor '/home/ajval/Digital-Twin-Cybersecurity/x500_physical_model/install/px4_offboard/share/px4_offboard/hook/ament_prefix_path.dsv'
[1.489s] INFO:colcon.colcon_core.shell:Creating environment hook '/home/ajval/Digital-Twin-Cybersecurity/x500_physical_model/install/px4_offboard/share/px4_offboard/hook/ament_prefix_path.sh'
[1.489s] INFO:colcon.colcon_core.shell:Skip shell extension 'powershell' for command environment: Not usable outside of PowerShell
[1.489s] DEBUG:colcon.colcon_core.shell:Skip shell extension 'dsv' for command environment
[1.491s] INFO:colcon.colcon_ros.task.ament_cmake.build:Building ROS package in '/home/ajval/Digital-Twin-Cybersecurity/x500_physical_model/src/px4_ros_com' with build type 'ament_cmake'
[1.491s] INFO:colcon.colcon_cmake.task.cmake.build:Building CMake package in '/home/ajval/Digital-Twin-Cybersecurity/x500_physical_model/src/px4_ros_com'
[1.491s] INFO:colcon.colcon_core.shell:Skip shell extension 'powershell' for command environment: Not usable outside of PowerShell
[1.491s] DEBUG:colcon.colcon_core.shell:Skip shell extension 'dsv' for command environment
[1.648s] INFO:colcon.colcon_core.task.python.build:Building Python package in '/home/ajval/Digital-Twin-Cybersecurity/x500_physical_model/src/px4-offboard'
[1.648s] INFO:colcon.colcon_core.shell:Skip shell extension 'powershell' for command environment: Not usable outside of PowerShell
[1.648s] DEBUG:colcon.colcon_core.shell:Skip shell extension 'dsv' for command environment
[1.654s] DEBUG:colcon.colcon_core.event_handler.log_command:Invoking command in '/home/ajval/Digital-Twin-Cybersecurity/x500_physical_model/build/px4_ros_com': CMAKE_PREFIX_PATH=/home/ajval/Digital-Twin-Cybersecurity/x500_physical_model/install/px4_msgs:/home/ajval/Digital-Twin-Cybersecurity/x500_physical_model/install/x500_drone_description:/home/ajval/Digital-Twin-Cybersecurity/x500_physical_model/install/px4_ros_com:/home/ajval/px4_ros_com_ros2/install/px4_ros_com:/home/ajval/px4_ros_com_ros2/install/px4_msgs:/opt/ros/jazzy/opt/gz_sim_vendor:/opt/ros/jazzy/opt/gz_sensors_vendor:/opt/ros/jazzy/opt/gz_physics_vendor:/opt/ros/jazzy/opt/sdformat_vendor:/opt/ros/jazzy/opt/gz_gui_vendor:/opt/ros/jazzy/opt/gz_transport_vendor:/opt/ros/jazzy/opt/gz_rendering_vendor:/opt/ros/jazzy/opt/gz_plugin_vendor:/opt/ros/jazzy/opt/gz_fuel_tools_vendor:/opt/ros/jazzy/opt/gz_msgs_vendor:/opt/ros/jazzy/opt/gz_common_vendor:/opt/ros/jazzy/opt/gz_math_vendor:/opt/ros/jazzy/opt/gz_utils_vendor:/opt/ros/jazzy/opt/gz_tools_vendor:/opt/ros/jazzy/opt/gz_ogre_next_vendor:/opt/ros/jazzy/opt/gz_dartsim_vendor:/opt/ros/jazzy/opt/gz_cmake_vendor:/home/ajval/Digital-Twin-Cybersecurity/x500_physical_model/install/px4_offboard:/opt/ros/jazzy DEBUGINFOD_URLS=https://debuginfod.ubuntu.com LD_LIBRARY_PATH=/home/ajval/Digital-Twin-Cybersecurity/x500_physical_model/install/px4_msgs/lib:/home/ajval/Digital-Twin-Cybersecurity/x500_physical_model/install/px4_ros_com/lib:/home/ajval/px4_ros_com_ros2/install/px4_ros_com/lib:/home/ajval/px4_ros_com_ros2/install/px4_msgs/lib:/opt/ros/jazzy/opt/gz_sim_vendor/lib:/opt/ros/jazzy/opt/gz_sensors_vendor/lib:/opt/ros/jazzy/opt/gz_physics_vendor/lib:/opt/ros/jazzy/opt/sdformat_vendor/lib:/opt/ros/jazzy/opt/rviz_ogre_vendor/lib:/opt/ros/jazzy/lib/x86_64-linux-gnu:/opt/ros/jazzy/opt/gz_gui_vendor/lib:/opt/ros/jazzy/opt/gz_transport_vendor/lib:/opt/ros/jazzy/opt/gz_rendering_vendor/lib:/opt/ros/jazzy/opt/gz_plugin_vendor/lib:/opt/ros/jazzy/opt/gz_fuel_tools_vendor/lib:/opt/ros/jazzy/opt/gz_msgs_vendor/lib:/opt/ros/jazzy/opt/gz_common_vendor/lib:/opt/ros/jazzy/opt/gz_math_vendor/lib:/opt/ros/jazzy/opt/gz_utils_vendor/lib:/opt/ros/jazzy/opt/gz_tools_vendor/lib:/opt/ros/jazzy/opt/gz_ogre_next_vendor/lib:/opt/ros/jazzy/opt/gz_dartsim_vendor/lib:/opt/ros/jazzy/opt/gz_cmake_vendor/lib:/opt/ros/jazzy/lib PYTHONPATH=/home/ajval/Digital-Twin-Cybersecurity/x500_physical_model/install/px4_msgs/lib/python3.12/site-packages:/home/ajval/Digital-Twin-Cybersecurity/x500_physical_model/install/px4_ros_com/lib/python3.12/site-packages:/home/ajval/Digital-Twin-Cybersecurity/x500_physical_model/install/px4_offboard/lib/python3.12/site-packages:/home/ajval/px4_ros_com_ros2/install/px4_ros_com/lib/python3.12/site-packages:/home/ajval/px4_ros_com_ros2/install/px4_msgs/lib/python3.12/site-packages:/opt/ros/jazzy/lib/python3.12/site-packages /usr/bin/cmake --build /home/ajval/Digital-Twin-Cybersecurity/x500_physical_model/build/px4_ros_com -- -j22 -l22
[1.938s] DEBUG:colcon.colcon_core.event_handler.log_command:Invoked command in '/home/ajval/Digital-Twin-Cybersecurity/x500_physical_model/build/px4_ros_com' returned '0': CMAKE_PREFIX_PATH=/home/ajval/Digital-Twin-Cybersecurity/x500_physical_model/install/px4_msgs:/home/ajval/Digital-Twin-Cybersecurity/x500_physical_model/install/x500_drone_description:/home/ajval/Digital-Twin-Cybersecurity/x500_physical_model/install/px4_ros_com:/home/ajval/px4_ros_com_ros2/install/px4_ros_com:/home/ajval/px4_ros_com_ros2/install/px4_msgs:/opt/ros/jazzy/opt/gz_sim_vendor:/opt/ros/jazzy/opt/gz_sensors_vendor:/opt/ros/jazzy/opt/gz_physics_vendor:/opt/ros/jazzy/opt/sdformat_vendor:/opt/ros/jazzy/opt/gz_gui_vendor:/opt/ros/jazzy/opt/gz_transport_vendor:/opt/ros/jazzy/opt/gz_rendering_vendor:/opt/ros/jazzy/opt/gz_plugin_vendor:/opt/ros/jazzy/opt/gz_fuel_tools_vendor:/opt/ros/jazzy/opt/gz_msgs_vendor:/opt/ros/jazzy/opt/gz_common_vendor:/opt/ros/jazzy/opt/gz_math_vendor:/opt/ros/jazzy/opt/gz_utils_vendor:/opt/ros/jazzy/opt/gz_tools_vendor:/opt/ros/jazzy/opt/gz_ogre_next_vendor:/opt/ros/jazzy/opt/gz_dartsim_vendor:/opt/ros/jazzy/opt/gz_cmake_vendor:/home/ajval/Digital-Twin-Cybersecurity/x500_physical_model/install/px4_offboard:/opt/ros/jazzy DEBUGINFOD_URLS=https://debuginfod.ubuntu.com LD_LIBRARY_PATH=/home/ajval/Digital-Twin-Cybersecurity/x500_physical_model/install/px4_msgs/lib:/home/ajval/Digital-Twin-Cybersecurity/x500_physical_model/install/px4_ros_com/lib:/home/ajval/px4_ros_com_ros2/install/px4_ros_com/lib:/home/ajval/px4_ros_com_ros2/install/px4_msgs/lib:/opt/ros/jazzy/opt/gz_sim_vendor/lib:/opt/ros/jazzy/opt/gz_sensors_vendor/lib:/opt/ros/jazzy/opt/gz_physics_vendor/lib:/opt/ros/jazzy/opt/sdformat_vendor/lib:/opt/ros/jazzy/opt/rviz_ogre_vendor/lib:/opt/ros/jazzy/lib/x86_64-linux-gnu:/opt/ros/jazzy/opt/gz_gui_vendor/lib:/opt/ros/jazzy/opt/gz_transport_vendor/lib:/opt/ros/jazzy/opt/gz_rendering_vendor/lib:/opt/ros/jazzy/opt/gz_plugin_vendor/lib:/opt/ros/jazzy/opt/gz_fuel_tools_vendor/lib:/opt/ros/jazzy/opt/gz_msgs_vendor/lib:/opt/ros/jazzy/opt/gz_common_vendor/lib:/opt/ros/jazzy/opt/gz_math_vendor/lib:/opt/ros/jazzy/opt/gz_utils_vendor/lib:/opt/ros/jazzy/opt/gz_tools_vendor/lib:/opt/ros/jazzy/opt/gz_ogre_next_vendor/lib:/opt/ros/jazzy/opt/gz_dartsim_vendor/lib:/opt/ros/jazzy/opt/gz_cmake_vendor/lib:/opt/ros/jazzy/lib PYTHONPATH=/home/ajval/Digital-Twin-Cybersecurity/x500_physical_model/install/px4_msgs/lib/python3.12/site-packages:/home/ajval/Digital-Twin-Cybersecurity/x500_physical_model/install/px4_ros_com/lib/python3.12/site-packages:/home/ajval/Digital-Twin-Cybersecurity/x500_physical_model/install/px4_offboard/lib/python3.12/site-packages:/home/ajval/px4_ros_com_ros2/install/px4_ros_com/lib/python3.12/site-packages:/home/ajval/px4_ros_com_ros2/install/px4_msgs/lib/python3.12/site-packages:/opt/ros/jazzy/lib/python3.12/site-packages /usr/bin/cmake --build /home/ajval/Digital-Twin-Cybersecurity/x500_physical_model/build/px4_ros_com -- -j22 -l22
[1.939s] DEBUG:colcon.colcon_core.event_handler.log_command:Invoking command in '/home/ajval/Digital-Twin-Cybersecurity/x500_physical_model/build/px4_ros_com': CMAKE_PREFIX_PATH=/home/ajval/Digital-Twin-Cybersecurity/x500_physical_model/install/px4_msgs:/home/ajval/Digital-Twin-Cybersecurity/x500_physical_model/install/x500_drone_description:/home/ajval/Digital-Twin-Cybersecurity/x500_physical_model/install/px4_ros_com:/home/ajval/px4_ros_com_ros2/install/px4_ros_com:/home/ajval/px4_ros_com_ros2/install/px4_msgs:/opt/ros/jazzy/opt/gz_sim_vendor:/opt/ros/jazzy/opt/gz_sensors_vendor:/opt/ros/jazzy/opt/gz_physics_vendor:/opt/ros/jazzy/opt/sdformat_vendor:/opt/ros/jazzy/opt/gz_gui_vendor:/opt/ros/jazzy/opt/gz_transport_vendor:/opt/ros/jazzy/opt/gz_rendering_vendor:/opt/ros/jazzy/opt/gz_plugin_vendor:/opt/ros/jazzy/opt/gz_fuel_tools_vendor:/opt/ros/jazzy/opt/gz_msgs_vendor:/opt/ros/jazzy/opt/gz_common_vendor:/opt/ros/jazzy/opt/gz_math_vendor:/opt/ros/jazzy/opt/gz_utils_vendor:/opt/ros/jazzy/opt/gz_tools_vendor:/opt/ros/jazzy/opt/gz_ogre_next_vendor:/opt/ros/jazzy/opt/gz_dartsim_vendor:/opt/ros/jazzy/opt/gz_cmake_vendor:/home/ajval/Digital-Twin-Cybersecurity/x500_physical_model/install/px4_offboard:/opt/ros/jazzy DEBUGINFOD_URLS=https://debuginfod.ubuntu.com LD_LIBRARY_PATH=/home/ajval/Digital-Twin-Cybersecurity/x500_physical_model/install/px4_msgs/lib:/home/ajval/Digital-Twin-Cybersecurity/x500_physical_model/install/px4_ros_com/lib:/home/ajval/px4_ros_com_ros2/install/px4_ros_com/lib:/home/ajval/px4_ros_com_ros2/install/px4_msgs/lib:/opt/ros/jazzy/opt/gz_sim_vendor/lib:/opt/ros/jazzy/opt/gz_sensors_vendor/lib:/opt/ros/jazzy/opt/gz_physics_vendor/lib:/opt/ros/jazzy/opt/sdformat_vendor/lib:/opt/ros/jazzy/opt/rviz_ogre_vendor/lib:/opt/ros/jazzy/lib/x86_64-linux-gnu:/opt/ros/jazzy/opt/gz_gui_vendor/lib:/opt/ros/jazzy/opt/gz_transport_vendor/lib:/opt/ros/jazzy/opt/gz_rendering_vendor/lib:/opt/ros/jazzy/opt/gz_plugin_vendor/lib:/opt/ros/jazzy/opt/gz_fuel_tools_vendor/lib:/opt/ros/jazzy/opt/gz_msgs_vendor/lib:/opt/ros/jazzy/opt/gz_common_vendor/lib:/opt/ros/jazzy/opt/gz_math_vendor/lib:/opt/ros/jazzy/opt/gz_utils_vendor/lib:/opt/ros/jazzy/opt/gz_tools_vendor/lib:/opt/ros/jazzy/opt/gz_ogre_next_vendor/lib:/opt/ros/jazzy/opt/gz_dartsim_vendor/lib:/opt/ros/jazzy/opt/gz_cmake_vendor/lib:/opt/ros/jazzy/lib PYTHONPATH=/home/ajval/Digital-Twin-Cybersecurity/x500_physical_model/install/px4_msgs/lib/python3.12/site-packages:/home/ajval/Digital-Twin-Cybersecurity/x500_physical_model/install/px4_ros_com/lib/python3.12/site-packages:/home/ajval/Digital-Twin-Cybersecurity/x500_physical_model/install/px4_offboard/lib/python3.12/site-packages:/home/ajval/px4_ros_com_ros2/install/px4_ros_com/lib/python3.12/site-packages:/home/ajval/px4_ros_com_ros2/install/px4_msgs/lib/python3.12/site-packages:/opt/ros/jazzy/lib/python3.12/site-packages /usr/bin/cmake --install /home/ajval/Digital-Twin-Cybersecurity/x500_physical_model/build/px4_ros_com
[1.983s] Level 1:colcon.colcon_core.environment:create_environment_scripts_only(px4_ros_com)
[1.983s] Level 1:colcon.colcon_core.environment:checking '/home/ajval/Digital-Twin-Cybersecurity/x500_physical_model/install/px4_ros_com' for CMake module files
[1.984s] DEBUG:colcon.colcon_core.event_handler.log_command:Invoked command in '/home/ajval/Digital-Twin-Cybersecurity/x500_physical_model/build/px4_ros_com' returned '0': CMAKE_PREFIX_PATH=/home/ajval/Digital-Twin-Cybersecurity/x500_physical_model/install/px4_msgs:/home/ajval/Digital-Twin-Cybersecurity/x500_physical_model/install/x500_drone_description:/home/ajval/Digital-Twin-Cybersecurity/x500_physical_model/install/px4_ros_com:/home/ajval/px4_ros_com_ros2/install/px4_ros_com:/home/ajval/px4_ros_com_ros2/install/px4_msgs:/opt/ros/jazzy/opt/gz_sim_vendor:/opt/ros/jazzy/opt/gz_sensors_vendor:/opt/ros/jazzy/opt/gz_physics_vendor:/opt/ros/jazzy/opt/sdformat_vendor:/opt/ros/jazzy/opt/gz_gui_vendor:/opt/ros/jazzy/opt/gz_transport_vendor:/opt/ros/jazzy/opt/gz_rendering_vendor:/opt/ros/jazzy/opt/gz_plugin_vendor:/opt/ros/jazzy/opt/gz_fuel_tools_vendor:/opt/ros/jazzy/opt/gz_msgs_vendor:/opt/ros/jazzy/opt/gz_common_vendor:/opt/ros/jazzy/opt/gz_math_vendor:/opt/ros/jazzy/opt/gz_utils_vendor:/opt/ros/jazzy/opt/gz_tools_vendor:/opt/ros/jazzy/opt/gz_ogre_next_vendor:/opt/ros/jazzy/opt/gz_dartsim_vendor:/opt/ros/jazzy/opt/gz_cmake_vendor:/home/ajval/Digital-Twin-Cybersecurity/x500_physical_model/install/px4_offboard:/opt/ros/jazzy DEBUGINFOD_URLS=https://debuginfod.ubuntu.com LD_LIBRARY_PATH=/home/ajval/Digital-Twin-Cybersecurity/x500_physical_model/install/px4_msgs/lib:/home/ajval/Digital-Twin-Cybersecurity/x500_physical_model/install/px4_ros_com/lib:/home/ajval/px4_ros_com_ros2/install/px4_ros_com/lib:/home/ajval/px4_ros_com_ros2/install/px4_msgs/lib:/opt/ros/jazzy/opt/gz_sim_vendor/lib:/opt/ros/jazzy/opt/gz_sensors_vendor/lib:/opt/ros/jazzy/opt/gz_physics_vendor/lib:/opt/ros/jazzy/opt/sdformat_vendor/lib:/opt/ros/jazzy/opt/rviz_ogre_vendor/lib:/opt/ros/jazzy/lib/x86_64-linux-gnu:/opt/ros/jazzy/opt/gz_gui_vendor/lib:/opt/ros/jazzy/opt/gz_transport_vendor/lib:/opt/ros/jazzy/opt/gz_rendering_vendor/lib:/opt/ros/jazzy/opt/gz_plugin_vendor/lib:/opt/ros/jazzy/opt/gz_fuel_tools_vendor/lib:/opt/ros/jazzy/opt/gz_msgs_vendor/lib:/opt/ros/jazzy/opt/gz_common_vendor/lib:/opt/ros/jazzy/opt/gz_math_vendor/lib:/opt/ros/jazzy/opt/gz_utils_vendor/lib:/opt/ros/jazzy/opt/gz_tools_vendor/lib:/opt/ros/jazzy/opt/gz_ogre_next_vendor/lib:/opt/ros/jazzy/opt/gz_dartsim_vendor/lib:/opt/ros/jazzy/opt/gz_cmake_vendor/lib:/opt/ros/jazzy/lib PYTHONPATH=/home/ajval/Digital-Twin-Cybersecurity/x500_physical_model/install/px4_msgs/lib/python3.12/site-packages:/home/ajval/Digital-Twin-Cybersecurity/x500_physical_model/install/px4_ros_com/lib/python3.12/site-packages:/home/ajval/Digital-Twin-Cybersecurity/x500_physical_model/install/px4_offboard/lib/python3.12/site-packages:/home/ajval/px4_ros_com_ros2/install/px4_ros_com/lib/python3.12/site-packages:/home/ajval/px4_ros_com_ros2/install/px4_msgs/lib/python3.12/site-packages:/opt/ros/jazzy/lib/python3.12/site-packages /usr/bin/cmake --install /home/ajval/Digital-Twin-Cybersecurity/x500_physical_model/build/px4_ros_com
[1.984s] Level 1:colcon.colcon_core.environment:checking '/home/ajval/Digital-Twin-Cybersecurity/x500_physical_model/install/px4_ros_com' for CMake config files
[1.984s] Level 1:colcon.colcon_core.shell:create_environment_hook('px4_ros_com', 'cmake_prefix_path')
[1.984s] INFO:colcon.colcon_core.shell:Creating environment hook '/home/ajval/Digital-Twin-Cybersecurity/x500_physical_model/install/px4_ros_com/share/px4_ros_com/hook/cmake_prefix_path.ps1'
[1.985s] INFO:colcon.colcon_core.shell:Creating environment descriptor '/home/ajval/Digital-Twin-Cybersecurity/x500_physical_model/install/px4_ros_com/share/px4_ros_com/hook/cmake_prefix_path.dsv'
[1.985s] INFO:colcon.colcon_core.shell:Creating environment hook '/home/ajval/Digital-Twin-Cybersecurity/x500_physical_model/install/px4_ros_com/share/px4_ros_com/hook/cmake_prefix_path.sh'
[1.985s] Level 1:colcon.colcon_core.environment:checking '/home/ajval/Digital-Twin-Cybersecurity/x500_physical_model/install/px4_ros_com/lib'
[1.985s] Level 1:colcon.colcon_core.shell:create_environment_hook('px4_ros_com', 'ld_library_path_lib')
[1.985s] INFO:colcon.colcon_core.shell:Creating environment hook '/home/ajval/Digital-Twin-Cybersecurity/x500_physical_model/install/px4_ros_com/share/px4_ros_com/hook/ld_library_path_lib.ps1'
[1.986s] INFO:colcon.colcon_core.shell:Creating environment descriptor '/home/ajval/Digital-Twin-Cybersecurity/x500_physical_model/install/px4_ros_com/share/px4_ros_com/hook/ld_library_path_lib.dsv'
[1.986s] INFO:colcon.colcon_core.shell:Creating environment hook '/home/ajval/Digital-Twin-Cybersecurity/x500_physical_model/install/px4_ros_com/share/px4_ros_com/hook/ld_library_path_lib.sh'
[1.986s] Level 1:colcon.colcon_core.environment:checking '/home/ajval/Digital-Twin-Cybersecurity/x500_physical_model/install/px4_ros_com/bin'
[1.986s] Level 1:colcon.colcon_core.environment:checking '/home/ajval/Digital-Twin-Cybersecurity/x500_physical_model/install/px4_ros_com/lib/pkgconfig/px4_ros_com.pc'
[1.986s] Level 1:colcon.colcon_core.environment:checking '/home/ajval/Digital-Twin-Cybersecurity/x500_physical_model/install/px4_ros_com/lib/python3.12/site-packages'
[1.986s] Level 1:colcon.colcon_core.shell:create_environment_hook('px4_ros_com', 'pythonpath')
[1.986s] INFO:colcon.colcon_core.shell:Creating environment hook '/home/ajval/Digital-Twin-Cybersecurity/x500_physical_model/install/px4_ros_com/share/px4_ros_com/hook/pythonpath.ps1'
[1.987s] INFO:colcon.colcon_core.shell:Creating environment descriptor '/home/ajval/Digital-Twin-Cybersecurity/x500_physical_model/install/px4_ros_com/share/px4_ros_com/hook/pythonpath.dsv'
[1.987s] INFO:colcon.colcon_core.shell:Creating environment hook '/home/ajval/Digital-Twin-Cybersecurity/x500_physical_model/install/px4_ros_com/share/px4_ros_com/hook/pythonpath.sh'
[1.987s] Level 1:colcon.colcon_core.environment:checking '/home/ajval/Digital-Twin-Cybersecurity/x500_physical_model/install/px4_ros_com/bin'
[1.987s] INFO:colcon.colcon_core.shell:Creating package script '/home/ajval/Digital-Twin-Cybersecurity/x500_physical_model/install/px4_ros_com/share/px4_ros_com/package.ps1'
[1.988s] INFO:colcon.colcon_core.shell:Creating package descriptor '/home/ajval/Digital-Twin-Cybersecurity/x500_physical_model/install/px4_ros_com/share/px4_ros_com/package.dsv'
[1.988s] INFO:colcon.colcon_core.shell:Creating package script '/home/ajval/Digital-Twin-Cybersecurity/x500_physical_model/install/px4_ros_com/share/px4_ros_com/package.sh'
[1.988s] INFO:colcon.colcon_core.shell:Creating package script '/home/ajval/Digital-Twin-Cybersecurity/x500_physical_model/install/px4_ros_com/share/px4_ros_com/package.bash'
[1.988s] INFO:colcon.colcon_core.shell:Creating package script '/home/ajval/Digital-Twin-Cybersecurity/x500_physical_model/install/px4_ros_com/share/px4_ros_com/package.zsh'
[1.989s] Level 1:colcon.colcon_core.environment:create_file_with_runtime_dependencies(/home/ajval/Digital-Twin-Cybersecurity/x500_physical_model/install/px4_ros_com/share/colcon-core/packages/px4_ros_com)
[1.989s] Level 1:colcon.colcon_core.environment:create_environment_scripts_only(px4_ros_com)
[1.989s] Level 1:colcon.colcon_core.environment:checking '/home/ajval/Digital-Twin-Cybersecurity/x500_physical_model/install/px4_ros_com' for CMake module files
[1.989s] Level 1:colcon.colcon_core.environment:checking '/home/ajval/Digital-Twin-Cybersecurity/x500_physical_model/install/px4_ros_com' for CMake config files
[1.990s] Level 1:colcon.colcon_core.shell:create_environment_hook('px4_ros_com', 'cmake_prefix_path')
[1.990s] INFO:colcon.colcon_core.shell:Creating environment hook '/home/ajval/Digital-Twin-Cybersecurity/x500_physical_model/install/px4_ros_com/share/px4_ros_com/hook/cmake_prefix_path.ps1'
[1.990s] INFO:colcon.colcon_core.shell:Creating environment descriptor '/home/ajval/Digital-Twin-Cybersecurity/x500_physical_model/install/px4_ros_com/share/px4_ros_com/hook/cmake_prefix_path.dsv'
[1.990s] INFO:colcon.colcon_core.shell:Creating environment hook '/home/ajval/Digital-Twin-Cybersecurity/x500_physical_model/install/px4_ros_com/share/px4_ros_com/hook/cmake_prefix_path.sh'
[1.990s] Level 1:colcon.colcon_core.environment:checking '/home/ajval/Digital-Twin-Cybersecurity/x500_physical_model/install/px4_ros_com/lib'
[1.990s] Level 1:colcon.colcon_core.shell:create_environment_hook('px4_ros_com', 'ld_library_path_lib')
[1.991s] INFO:colcon.colcon_core.shell:Creating environment hook '/home/ajval/Digital-Twin-Cybersecurity/x500_physical_model/install/px4_ros_com/share/px4_ros_com/hook/ld_library_path_lib.ps1'
[1.991s] INFO:colcon.colcon_core.shell:Creating environment descriptor '/home/ajval/Digital-Twin-Cybersecurity/x500_physical_model/install/px4_ros_com/share/px4_ros_com/hook/ld_library_path_lib.dsv'
[1.991s] INFO:colcon.colcon_core.shell:Creating environment hook '/home/ajval/Digital-Twin-Cybersecurity/x500_physical_model/install/px4_ros_com/share/px4_ros_com/hook/ld_library_path_lib.sh'
[1.991s] Level 1:colcon.colcon_core.environment:checking '/home/ajval/Digital-Twin-Cybersecurity/x500_physical_model/install/px4_ros_com/bin'
[1.991s] Level 1:colcon.colcon_core.environment:checking '/home/ajval/Digital-Twin-Cybersecurity/x500_physical_model/install/px4_ros_com/lib/pkgconfig/px4_ros_com.pc'
[1.991s] Level 1:colcon.colcon_core.environment:checking '/home/ajval/Digital-Twin-Cybersecurity/x500_physical_model/install/px4_ros_com/lib/python3.12/site-packages'
[1.992s] Level 1:colcon.colcon_core.shell:create_environment_hook('px4_ros_com', 'pythonpath')
[1.992s] INFO:colcon.colcon_core.shell:Creating environment hook '/home/ajval/Digital-Twin-Cybersecurity/x500_physical_model/install/px4_ros_com/share/px4_ros_com/hook/pythonpath.ps1'
[1.992s] INFO:colcon.colcon_core.shell:Creating environment descriptor '/home/ajval/Digital-Twin-Cybersecurity/x500_physical_model/install/px4_ros_com/share/px4_ros_com/hook/pythonpath.dsv'
[1.992s] INFO:colcon.colcon_core.shell:Creating environment hook '/home/ajval/Digital-Twin-Cybersecurity/x500_physical_model/install/px4_ros_com/share/px4_ros_com/hook/pythonpath.sh'
[1.992s] Level 1:colcon.colcon_core.environment:checking '/home/ajval/Digital-Twin-Cybersecurity/x500_physical_model/install/px4_ros_com/bin'
[1.993s] INFO:colcon.colcon_core.shell:Creating package script '/home/ajval/Digital-Twin-Cybersecurity/x500_physical_model/install/px4_ros_com/share/px4_ros_com/package.ps1'
[1.993s] INFO:colcon.colcon_core.shell:Creating package descriptor '/home/ajval/Digital-Twin-Cybersecurity/x500_physical_model/install/px4_ros_com/share/px4_ros_com/package.dsv'
[1.993s] INFO:colcon.colcon_core.shell:Creating package script '/home/ajval/Digital-Twin-Cybersecurity/x500_physical_model/install/px4_ros_com/share/px4_ros_com/package.sh'
[1.994s] INFO:colcon.colcon_core.shell:Creating package script '/home/ajval/Digital-Twin-Cybersecurity/x500_physical_model/install/px4_ros_com/share/px4_ros_com/package.bash'
[1.994s] INFO:colcon.colcon_core.shell:Creating package script '/home/ajval/Digital-Twin-Cybersecurity/x500_physical_model/install/px4_ros_com/share/px4_ros_com/package.zsh'
[1.994s] Level 1:colcon.colcon_core.environment:create_file_with_runtime_dependencies(/home/ajval/Digital-Twin-Cybersecurity/x500_physical_model/install/px4_ros_com/share/colcon-core/packages/px4_ros_com)
[2.023s] DEBUG:colcon.colcon_core.event_handler.log_command:Invoking command in '/home/ajval/Digital-Twin-Cybersecurity/x500_physical_model/src/px4-offboard': CMAKE_PREFIX_PATH=/home/ajval/Digital-Twin-Cybersecurity/x500_physical_model/install/px4_msgs:/home/ajval/Digital-Twin-Cybersecurity/x500_physical_model/install/x500_drone_description:/home/ajval/Digital-Twin-Cybersecurity/x500_physical_model/install/px4_ros_com:/home/ajval/px4_ros_com_ros2/install/px4_ros_com:/home/ajval/px4_ros_com_ros2/install/px4_msgs:/opt/ros/jazzy/opt/gz_sim_vendor:/opt/ros/jazzy/opt/gz_sensors_vendor:/opt/ros/jazzy/opt/gz_physics_vendor:/opt/ros/jazzy/opt/sdformat_vendor:/opt/ros/jazzy/opt/gz_gui_vendor:/opt/ros/jazzy/opt/gz_transport_vendor:/opt/ros/jazzy/opt/gz_rendering_vendor:/opt/ros/jazzy/opt/gz_plugin_vendor:/opt/ros/jazzy/opt/gz_fuel_tools_vendor:/opt/ros/jazzy/opt/gz_msgs_vendor:/opt/ros/jazzy/opt/gz_common_vendor:/opt/ros/jazzy/opt/gz_math_vendor:/opt/ros/jazzy/opt/gz_utils_vendor:/opt/ros/jazzy/opt/gz_tools_vendor:/opt/ros/jazzy/opt/gz_ogre_next_vendor:/opt/ros/jazzy/opt/gz_dartsim_vendor:/opt/ros/jazzy/opt/gz_cmake_vendor DEBUGINFOD_URLS=https://debuginfod.ubuntu.com LD_LIBRARY_PATH=/home/ajval/Digital-Twin-Cybersecurity/x500_physical_model/install/px4_msgs/lib:/home/ajval/Digital-Twin-Cybersecurity/x500_physical_model/install/px4_ros_com/lib:/home/ajval/px4_ros_com_ros2/install/px4_ros_com/lib:/home/ajval/px4_ros_com_ros2/install/px4_msgs/lib:/opt/ros/jazzy/opt/gz_sim_vendor/lib:/opt/ros/jazzy/opt/gz_sensors_vendor/lib:/opt/ros/jazzy/opt/gz_physics_vendor/lib:/opt/ros/jazzy/opt/sdformat_vendor/lib:/opt/ros/jazzy/opt/rviz_ogre_vendor/lib:/opt/ros/jazzy/lib/x86_64-linux-gnu:/opt/ros/jazzy/opt/gz_gui_vendor/lib:/opt/ros/jazzy/opt/gz_transport_vendor/lib:/opt/ros/jazzy/opt/gz_rendering_vendor/lib:/opt/ros/jazzy/opt/gz_plugin_vendor/lib:/opt/ros/jazzy/opt/gz_fuel_tools_vendor/lib:/opt/ros/jazzy/opt/gz_msgs_vendor/lib:/opt/ros/jazzy/opt/gz_common_vendor/lib:/opt/ros/jazzy/opt/gz_math_vendor/lib:/opt/ros/jazzy/opt/gz_utils_vendor/lib:/opt/ros/jazzy/opt/gz_tools_vendor/lib:/opt/ros/jazzy/opt/gz_ogre_next_vendor/lib:/opt/ros/jazzy/opt/gz_dartsim_vendor/lib:/opt/ros/jazzy/opt/gz_cmake_vendor/lib:/opt/ros/jazzy/lib PYTHONPATH=/home/ajval/Digital-Twin-Cybersecurity/x500_physical_model/build/px4_offboard/prefix_override:/usr/lib/python3/dist-packages/colcon_core/task/python/colcon_distutils_commands:/home/ajval/Digital-Twin-Cybersecurity/x500_physical_model/install/px4_offboard/lib/python3.12/site-packages:/home/ajval/Digital-Twin-Cybersecurity/x500_physical_model/install/px4_msgs/lib/python3.12/site-packages:/home/ajval/Digital-Twin-Cybersecurity/x500_physical_model/install/px4_ros_com/lib/python3.12/site-packages:/home/ajval/Digital-Twin-Cybersecurity/x500_physical_model/install/px4_offboard/lib/python3.12/site-packages:/home/ajval/px4_ros_com_ros2/install/px4_ros_com/lib/python3.12/site-packages:/home/ajval/px4_ros_com_ros2/install/px4_msgs/lib/python3.12/site-packages:/opt/ros/jazzy/lib/python3.12/site-packages /usr/bin/python3 -W ignore:setup.py install is deprecated -W ignore:easy_install command is deprecated setup.py egg_info --egg-base ../../build/px4_offboard build --build-base /home/ajval/Digital-Twin-Cybersecurity/x500_physical_model/build/px4_offboard/build install --record /home/ajval/Digital-Twin-Cybersecurity/x500_physical_model/build/px4_offboard/install.log --single-version-externally-managed install_data
[2.336s] Level 1:colcon.colcon_core.environment:checking '/home/ajval/Digital-Twin-Cybersecurity/x500_physical_model/install/px4_offboard' for CMake module files
[2.337s] DEBUG:colcon.colcon_core.event_handler.log_command:Invoked command in '/home/ajval/Digital-Twin-Cybersecurity/x500_physical_model/src/px4-offboard' returned '0': CMAKE_PREFIX_PATH=/home/ajval/Digital-Twin-Cybersecurity/x500_physical_model/install/px4_msgs:/home/ajval/Digital-Twin-Cybersecurity/x500_physical_model/install/x500_drone_description:/home/ajval/Digital-Twin-Cybersecurity/x500_physical_model/install/px4_ros_com:/home/ajval/px4_ros_com_ros2/install/px4_ros_com:/home/ajval/px4_ros_com_ros2/install/px4_msgs:/opt/ros/jazzy/opt/gz_sim_vendor:/opt/ros/jazzy/opt/gz_sensors_vendor:/opt/ros/jazzy/opt/gz_physics_vendor:/opt/ros/jazzy/opt/sdformat_vendor:/opt/ros/jazzy/opt/gz_gui_vendor:/opt/ros/jazzy/opt/gz_transport_vendor:/opt/ros/jazzy/opt/gz_rendering_vendor:/opt/ros/jazzy/opt/gz_plugin_vendor:/opt/ros/jazzy/opt/gz_fuel_tools_vendor:/opt/ros/jazzy/opt/gz_msgs_vendor:/opt/ros/jazzy/opt/gz_common_vendor:/opt/ros/jazzy/opt/gz_math_vendor:/opt/ros/jazzy/opt/gz_utils_vendor:/opt/ros/jazzy/opt/gz_tools_vendor:/opt/ros/jazzy/opt/gz_ogre_next_vendor:/opt/ros/jazzy/opt/gz_dartsim_vendor:/opt/ros/jazzy/opt/gz_cmake_vendor DEBUGINFOD_URLS=https://debuginfod.ubuntu.com LD_LIBRARY_PATH=/home/ajval/Digital-Twin-Cybersecurity/x500_physical_model/install/px4_msgs/lib:/home/ajval/Digital-Twin-Cybersecurity/x500_physical_model/install/px4_ros_com/lib:/home/ajval/px4_ros_com_ros2/install/px4_ros_com/lib:/home/ajval/px4_ros_com_ros2/install/px4_msgs/lib:/opt/ros/jazzy/opt/gz_sim_vendor/lib:/opt/ros/jazzy/opt/gz_sensors_vendor/lib:/opt/ros/jazzy/opt/gz_physics_vendor/lib:/opt/ros/jazzy/opt/sdformat_vendor/lib:/opt/ros/jazzy/opt/rviz_ogre_vendor/lib:/opt/ros/jazzy/lib/x86_64-linux-gnu:/opt/ros/jazzy/opt/gz_gui_vendor/lib:/opt/ros/jazzy/opt/gz_transport_vendor/lib:/opt/ros/jazzy/opt/gz_rendering_vendor/lib:/opt/ros/jazzy/opt/gz_plugin_vendor/lib:/opt/ros/jazzy/opt/gz_fuel_tools_vendor/lib:/opt/ros/jazzy/opt/gz_msgs_vendor/lib:/opt/ros/jazzy/opt/gz_common_vendor/lib:/opt/ros/jazzy/opt/gz_math_vendor/lib:/opt/ros/jazzy/opt/gz_utils_vendor/lib:/opt/ros/jazzy/opt/gz_tools_vendor/lib:/opt/ros/jazzy/opt/gz_ogre_next_vendor/lib:/opt/ros/jazzy/opt/gz_dartsim_vendor/lib:/opt/ros/jazzy/opt/gz_cmake_vendor/lib:/opt/ros/jazzy/lib PYTHONPATH=/home/ajval/Digital-Twin-Cybersecurity/x500_physical_model/build/px4_offboard/prefix_override:/usr/lib/python3/dist-packages/colcon_core/task/python/colcon_distutils_commands:/home/ajval/Digital-Twin-Cybersecurity/x500_physical_model/install/px4_offboard/lib/python3.12/site-packages:/home/ajval/Digital-Twin-Cybersecurity/x500_physical_model/install/px4_msgs/lib/python3.12/site-packages:/home/ajval/Digital-Twin-Cybersecurity/x500_physical_model/install/px4_ros_com/lib/python3.12/site-packages:/home/ajval/Digital-Twin-Cybersecurity/x500_physical_model/install/px4_offboard/lib/python3.12/site-packages:/home/ajval/px4_ros_com_ros2/install/px4_ros_com/lib/python3.12/site-packages:/home/ajval/px4_ros_com_ros2/install/px4_msgs/lib/python3.12/site-packages:/opt/ros/jazzy/lib/python3.12/site-packages /usr/bin/python3 -W ignore:setup.py install is deprecated -W ignore:easy_install command is deprecated setup.py egg_info --egg-base ../../build/px4_offboard build --build-base /home/ajval/Digital-Twin-Cybersecurity/x500_physical_model/build/px4_offboard/build install --record /home/ajval/Digital-Twin-Cybersecurity/x500_physical_model/build/px4_offboard/install.log --single-version-externally-managed install_data
[2.337s] Level 1:colcon.colcon_core.environment:checking '/home/ajval/Digital-Twin-Cybersecurity/x500_physical_model/install/px4_offboard' for CMake config files
[2.338s] Level 1:colcon.colcon_core.environment:checking '/home/ajval/Digital-Twin-Cybersecurity/x500_physical_model/install/px4_offboard/lib'
[2.338s] Level 1:colcon.colcon_core.environment:checking '/home/ajval/Digital-Twin-Cybersecurity/x500_physical_model/install/px4_offboard/bin'
[2.338s] Level 1:colcon.colcon_core.environment:checking '/home/ajval/Digital-Twin-Cybersecurity/x500_physical_model/install/px4_offboard/lib/pkgconfig/px4_offboard.pc'
[2.339s] Level 1:colcon.colcon_core.environment:checking '/home/ajval/Digital-Twin-Cybersecurity/x500_physical_model/install/px4_offboard/lib/python3.12/site-packages'
[2.339s] Level 1:colcon.colcon_core.shell:create_environment_hook('px4_offboard', 'pythonpath')
[2.339s] INFO:colcon.colcon_core.shell:Creating environment hook '/home/ajval/Digital-Twin-Cybersecurity/x500_physical_model/install/px4_offboard/share/px4_offboard/hook/pythonpath.ps1'
[2.340s] INFO:colcon.colcon_core.shell:Creating environment descriptor '/home/ajval/Digital-Twin-Cybersecurity/x500_physical_model/install/px4_offboard/share/px4_offboard/hook/pythonpath.dsv'
[2.340s] INFO:colcon.colcon_core.shell:Creating environment hook '/home/ajval/Digital-Twin-Cybersecurity/x500_physical_model/install/px4_offboard/share/px4_offboard/hook/pythonpath.sh'
[2.341s] Level 1:colcon.colcon_core.environment:checking '/home/ajval/Digital-Twin-Cybersecurity/x500_physical_model/install/px4_offboard/bin'
[2.341s] Level 1:colcon.colcon_core.environment:create_environment_scripts_only(px4_offboard)
[2.341s] INFO:colcon.colcon_core.shell:Creating package script '/home/ajval/Digital-Twin-Cybersecurity/x500_physical_model/install/px4_offboard/share/px4_offboard/package.ps1'
[2.342s] INFO:colcon.colcon_core.shell:Creating package descriptor '/home/ajval/Digital-Twin-Cybersecurity/x500_physical_model/install/px4_offboard/share/px4_offboard/package.dsv'
[2.342s] INFO:colcon.colcon_core.shell:Creating package script '/home/ajval/Digital-Twin-Cybersecurity/x500_physical_model/install/px4_offboard/share/px4_offboard/package.sh'
[2.342s] INFO:colcon.colcon_core.shell:Creating package script '/home/ajval/Digital-Twin-Cybersecurity/x500_physical_model/install/px4_offboard/share/px4_offboard/package.bash'
[2.343s] INFO:colcon.colcon_core.shell:Creating package script '/home/ajval/Digital-Twin-Cybersecurity/x500_physical_model/install/px4_offboard/share/px4_offboard/package.zsh'
[2.343s] Level 1:colcon.colcon_core.environment:create_file_with_runtime_dependencies(/home/ajval/Digital-Twin-Cybersecurity/x500_physical_model/install/px4_offboard/share/colcon-core/packages/px4_offboard)
[2.343s] DEBUG:colcon.colcon_parallel_executor.executor.parallel:closing loop
[2.343s] DEBUG:colcon.colcon_parallel_executor.executor.parallel:loop closed
[2.343s] DEBUG:colcon.colcon_parallel_executor.executor.parallel:run_until_complete finished with '0'
[2.343s] DEBUG:colcon.colcon_core.event_reactor:joining thread
[2.347s] INFO:colcon.colcon_core.plugin_system:Skipping extension 'colcon_notification.desktop_notification.terminal_notifier': Not used on non-Darwin systems
[2.347s] INFO:colcon.colcon_core.plugin_system:Skipping extension 'colcon_notification.desktop_notification.win32': Not used on non-Windows systems
[2.347s] INFO:colcon.colcon_notification.desktop_notification:Sending desktop notification using 'notify2'
[2.359s] DEBUG:colcon.colcon_core.event_reactor:joined thread
[2.359s] INFO:colcon.colcon_core.shell:Creating prefix script '/home/ajval/Digital-Twin-Cybersecurity/x500_physical_model/install/local_setup.ps1'
[2.360s] INFO:colcon.colcon_core.shell:Creating prefix util module '/home/ajval/Digital-Twin-Cybersecurity/x500_physical_model/install/_local_setup_util_ps1.py'
[2.360s] INFO:colcon.colcon_core.shell:Creating prefix chain script '/home/ajval/Digital-Twin-Cybersecurity/x500_physical_model/install/setup.ps1'
[2.361s] INFO:colcon.colcon_core.shell:Creating prefix script '/home/ajval/Digital-Twin-Cybersecurity/x500_physical_model/install/local_setup.sh'
[2.361s] INFO:colcon.colcon_core.shell:Creating prefix util module '/home/ajval/Digital-Twin-Cybersecurity/x500_physical_model/install/_local_setup_util_sh.py'
[2.362s] INFO:colcon.colcon_core.shell:Creating prefix chain script '/home/ajval/Digital-Twin-Cybersecurity/x500_physical_model/install/setup.sh'
[2.362s] INFO:colcon.colcon_core.shell:Creating prefix script '/home/ajval/Digital-Twin-Cybersecurity/x500_physical_model/install/local_setup.bash'
[2.363s] INFO:colcon.colcon_core.shell:Creating prefix chain script '/home/ajval/Digital-Twin-Cybersecurity/x500_physical_model/install/setup.bash'
[2.363s] INFO:colcon.colcon_core.shell:Creating prefix script '/home/ajval/Digital-Twin-Cybersecurity/x500_physical_model/install/local_setup.zsh'
[2.364s] INFO:colcon.colcon_core.shell:Creating prefix chain script '/home/ajval/Digital-Twin-Cybersecurity/x500_physical_model/install/setup.zsh'
