[0.493s] Invoking command in '/home/ajval/Digital-Twin-Cybersecurity/src/my_ros2_bridge_package': DEBUGINFOD_URLS=https://debuginfod.ubuntu.com PS1=(venv) \[\e]0;\u@\h: \w\a\]${debian_chroot:+($debian_chroot)}\[\033[01;32m\]\u@\h\[\033[00m\]:\[\033[01;34m\]\w\[\033[00m\]\$ PYTHONPATH=/home/ajval/Digital-Twin-Cybersecurity/build/my_ros2_bridge_package/prefix_override:/usr/lib/python3/dist-packages/colcon_core/task/python/colcon_distutils_commands:/home/ajval/Digital-Twin-Cybersecurity/install/my_ros2_bridge_package/lib/python3.12/site-packages:${PYTHONPATH} VIRTUAL_ENV_PROMPT=(venv) /usr/bin/python3 -W ignore:setup.py install is deprecated -W ignore:easy_install command is deprecated setup.py egg_info --egg-base ../../build/my_ros2_bridge_package build --build-base /home/ajval/Digital-Twin-Cybersecurity/build/my_ros2_bridge_package/build install --record /home/ajval/Digital-Twin-Cybersecurity/build/my_ros2_bridge_package/install.log --single-version-externally-managed install_data
[0.639s] running egg_info
[0.639s] creating ../../build/my_ros2_bridge_package/my_ros2_bridge_package.egg-info
[0.651s] writing ../../build/my_ros2_bridge_package/my_ros2_bridge_package.egg-info/PKG-INFO
[0.651s] writing dependency_links to ../../build/my_ros2_bridge_package/my_ros2_bridge_package.egg-info/dependency_links.txt
[0.651s] writing requirements to ../../build/my_ros2_bridge_package/my_ros2_bridge_package.egg-info/requires.txt
[0.651s] writing top-level names to ../../build/my_ros2_bridge_package/my_ros2_bridge_package.egg-info/top_level.txt
[0.651s] writing manifest file '../../build/my_ros2_bridge_package/my_ros2_bridge_package.egg-info/SOURCES.txt'
[0.670s] reading manifest file '../../build/my_ros2_bridge_package/my_ros2_bridge_package.egg-info/SOURCES.txt'
[0.670s] writing manifest file '../../build/my_ros2_bridge_package/my_ros2_bridge_package.egg-info/SOURCES.txt'
[0.670s] running build
[0.670s] running build_py
[0.670s] creating /home/ajval/Digital-Twin-Cybersecurity/build/my_ros2_bridge_package/build
[0.670s] creating /home/ajval/Digital-Twin-Cybersecurity/build/my_ros2_bridge_package/build/lib
[0.671s] creating /home/ajval/Digital-Twin-Cybersecurity/build/my_ros2_bridge_package/build/lib/my_ros2_bridge_package
[0.671s] copying my_ros2_bridge_package/__init__.py -> /home/ajval/Digital-Twin-Cybersecurity/build/my_ros2_bridge_package/build/lib/my_ros2_bridge_package
[0.671s] running install
[0.673s] running install_lib
[0.683s] creating /home/ajval/Digital-Twin-Cybersecurity/install/my_ros2_bridge_package/lib/python3.12/site-packages/my_ros2_bridge_package
[0.683s] copying /home/ajval/Digital-Twin-Cybersecurity/build/my_ros2_bridge_package/build/lib/my_ros2_bridge_package/__init__.py -> /home/ajval/Digital-Twin-Cybersecurity/install/my_ros2_bridge_package/lib/python3.12/site-packages/my_ros2_bridge_package
[0.683s] byte-compiling /home/ajval/Digital-Twin-Cybersecurity/install/my_ros2_bridge_package/lib/python3.12/site-packages/my_ros2_bridge_package/__init__.py to __init__.cpython-312.pyc
[0.683s] running install_data
[0.683s] creating /home/ajval/Digital-Twin-Cybersecurity/install/my_ros2_bridge_package/share/ament_index
[0.683s] creating /home/ajval/Digital-Twin-Cybersecurity/install/my_ros2_bridge_package/share/ament_index/resource_index
[0.683s] creating /home/ajval/Digital-Twin-Cybersecurity/install/my_ros2_bridge_package/share/ament_index/resource_index/packages
[0.683s] copying resource/my_ros2_bridge_package -> /home/ajval/Digital-Twin-Cybersecurity/install/my_ros2_bridge_package/share/ament_index/resource_index/packages
[0.684s] copying package.xml -> /home/ajval/Digital-Twin-Cybersecurity/install/my_ros2_bridge_package/share/my_ros2_bridge_package
[0.684s] running install_egg_info
[0.693s] Copying ../../build/my_ros2_bridge_package/my_ros2_bridge_package.egg-info to /home/ajval/Digital-Twin-Cybersecurity/install/my_ros2_bridge_package/lib/python3.12/site-packages/my_ros2_bridge_package-0.0.0-py3.12.egg-info
[0.694s] running install_scripts
[0.758s] writing list of installed files to '/home/ajval/Digital-Twin-Cybersecurity/build/my_ros2_bridge_package/install.log'
[0.772s] Invoked command in '/home/ajval/Digital-Twin-Cybersecurity/src/my_ros2_bridge_package' returned '0': DEBUGINFOD_URLS=https://debuginfod.ubuntu.com PS1=(venv) \[\e]0;\u@\h: \w\a\]${debian_chroot:+($debian_chroot)}\[\033[01;32m\]\u@\h\[\033[00m\]:\[\033[01;34m\]\w\[\033[00m\]\$ PYTHONPATH=/home/ajval/Digital-Twin-Cybersecurity/build/my_ros2_bridge_package/prefix_override:/usr/lib/python3/dist-packages/colcon_core/task/python/colcon_distutils_commands:/home/ajval/Digital-Twin-Cybersecurity/install/my_ros2_bridge_package/lib/python3.12/site-packages:${PYTHONPATH} VIRTUAL_ENV_PROMPT=(venv) /usr/bin/python3 -W ignore:setup.py install is deprecated -W ignore:easy_install command is deprecated setup.py egg_info --egg-base ../../build/my_ros2_bridge_package build --build-base /home/ajval/Digital-Twin-Cybersecurity/build/my_ros2_bridge_package/build install --record /home/ajval/Digital-Twin-Cybersecurity/build/my_ros2_bridge_package/install.log --single-version-externally-managed install_data
