[1.898s] Invoking command in '/home/ajval/Digital-Twin-Cybersecurity/src/my_ros2_bridge_package': DEBUGINFOD_URLS=https://debuginfod.ubuntu.com PYTHONPATH=/home/ajval/Digital-Twin-Cybersecurity/build/my_ros2_bridge_package/prefix_override:/usr/lib/python3/dist-packages/colcon_core/task/python/colcon_distutils_commands:/home/ajval/Digital-Twin-Cybersecurity/install/my_ros2_bridge_package/lib/python3.12/site-packages:${PYTHONPATH} /usr/bin/python3 -W ignore:setup.py install is deprecated -W ignore:easy_install command is deprecated setup.py egg_info --egg-base ../../build/my_ros2_bridge_package build --build-base /home/ajval/Digital-Twin-Cybersecurity/build/my_ros2_bridge_package/build install --record /home/ajval/Digital-Twin-Cybersecurity/build/my_ros2_bridge_package/install.log --single-version-externally-managed install_data
[2.371s] running egg_info
[2.426s] writing ../../build/my_ros2_bridge_package/my_ros2_bridge_package.egg-info/PKG-INFO
[2.426s] writing dependency_links to ../../build/my_ros2_bridge_package/my_ros2_bridge_package.egg-info/dependency_links.txt
[2.426s] writing entry points to ../../build/my_ros2_bridge_package/my_ros2_bridge_package.egg-info/entry_points.txt
[2.426s] writing requirements to ../../build/my_ros2_bridge_package/my_ros2_bridge_package.egg-info/requires.txt
[2.426s] writing top-level names to ../../build/my_ros2_bridge_package/my_ros2_bridge_package.egg-info/top_level.txt
[2.550s] reading manifest file '../../build/my_ros2_bridge_package/my_ros2_bridge_package.egg-info/SOURCES.txt'
[2.551s] writing manifest file '../../build/my_ros2_bridge_package/my_ros2_bridge_package.egg-info/SOURCES.txt'
[2.551s] running build
[2.552s] running build_py
[2.556s] running install
[2.562s] running install_lib
[2.594s] running install_data
[2.594s] running install_egg_info
[2.627s] removing '/home/ajval/Digital-Twin-Cybersecurity/install/my_ros2_bridge_package/lib/python3.12/site-packages/my_ros2_bridge_package-0.0.0-py3.12.egg-info' (and everything under it)
[2.627s] Copying ../../build/my_ros2_bridge_package/my_ros2_bridge_package.egg-info to /home/ajval/Digital-Twin-Cybersecurity/install/my_ros2_bridge_package/lib/python3.12/site-packages/my_ros2_bridge_package-0.0.0-py3.12.egg-info
[2.628s] running install_scripts
[2.834s] Installing ros2_bridge script to /home/ajval/Digital-Twin-Cybersecurity/install/my_ros2_bridge_package/lib/my_ros2_bridge_package
[2.834s] writing list of installed files to '/home/ajval/Digital-Twin-Cybersecurity/build/my_ros2_bridge_package/install.log'
[2.888s] Invoked command in '/home/ajval/Digital-Twin-Cybersecurity/src/my_ros2_bridge_package' returned '0': DEBUGINFOD_URLS=https://debuginfod.ubuntu.com PYTHONPATH=/home/ajval/Digital-Twin-Cybersecurity/build/my_ros2_bridge_package/prefix_override:/usr/lib/python3/dist-packages/colcon_core/task/python/colcon_distutils_commands:/home/ajval/Digital-Twin-Cybersecurity/install/my_ros2_bridge_package/lib/python3.12/site-packages:${PYTHONPATH} /usr/bin/python3 -W ignore:setup.py install is deprecated -W ignore:easy_install command is deprecated setup.py egg_info --egg-base ../../build/my_ros2_bridge_package build --build-base /home/ajval/Digital-Twin-Cybersecurity/build/my_ros2_bridge_package/build install --record /home/ajval/Digital-Twin-Cybersecurity/build/my_ros2_bridge_package/install.log --single-version-externally-managed install_data
